The following arguments were used to generate this output.
[-technique, parallelization, -order, original, -origOrder, /scratch/reedoei2/run-new-subjects/jackrabbit-oak-865c56c8f02fdfc7a76ac12c6ce207df42ee9d77/experiments/jackrabbit-oak-new-865c56c8f02fdfc7a76ac12c6ce207df42ee9d77/oak-solr-core/target/jackrabbit-oak-oak-solr-core-auto-order, -testInputDir, /scratch/reedoei2/run-new-subjects/jackrabbit-oak-865c56c8f02fdfc7a76ac12c6ce207df42ee9d77/experiments/jackrabbit-oak-old-cd3d6e5c89597ebc4d39e7ce9344eed7215559d7/oak-solr-core/target/sootTestOutput-auto, -filesToDelete, /scratch/reedoei2/run-new-subjects/jackrabbit-oak-865c56c8f02fdfc7a76ac12c6ce207df42ee9d77/experiments/jackrabbit-oak-new-865c56c8f02fdfc7a76ac12c6ce207df42ee9d77/oak-solr-core/target/jackrabbit-oak-oak-solr-core-env-files, -project, jackrabbit-oak-oak-solr-core, -testType, auto, -numOfMachines, 8, -outputDir, /scratch/reedoei2/run-new-subjects/jackrabbit-oak-865c56c8f02fdfc7a76ac12c6ce207df42ee9d77/experiments/parallelization-results, -timesToRun, 5, -classpath, /scratch/reedoei2/run-new-subjects/jackrabbit-oak-865c56c8f02fdfc7a76ac12c6ce207df42ee9d77/experiments/jackrabbit-oak-new-865c56c8f02fdfc7a76ac12c6ce207df42ee9d77/oak-solr-core/target/dependency/*:/scratch/reedoei2/run-new-subjects/jackrabbit-oak-865c56c8f02fdfc7a76ac12c6ce207df42ee9d77/experiments/jackrabbit-oak-new-865c56c8f02fdfc7a76ac12c6ce207df42ee9d77/oak-solr-core/target/classes:/scratch/reedoei2/run-new-subjects/jackrabbit-oak-865c56c8f02fdfc7a76ac12c6ce207df42ee9d77/experiments/jackrabbit-oak-new-865c56c8f02fdfc7a76ac12c6ce207df42ee9d77/oak-solr-core/target/randoop/bin:/scratch/reedoei2/run-new-subjects/jackrabbit-oak-865c56c8f02fdfc7a76ac12c6ce207df42ee9d77/experiments/jackrabbit-oak-new-865c56c8f02fdfc7a76ac12c6ce207df42ee9d77/oak-solr-core/target/test-classes:, -dependentTestFile, /scratch/reedoei2/run-new-subjects/jackrabbit-oak-865c56c8f02fdfc7a76ac12c6ce207df42ee9d77/experiments/scripts/data/parallelization-dt-list/parallelization-jackrabbit-oak-oak-solr-core-auto-8-original.txt]

Execution time of TLG and its time to find/nullify any DTs for 1 machine (does not include the time to run the tests in the new order): 1.677
Number of tests selected out of total in original order: 145 / 1160
Number of DTs not fixed: 0
Number of DTs fixed: 0
Execution time for executing the following testing order: 0.831

Test order list:
[RegressionTest0.test006, RegressionTest0.test005, RegressionTest0.test004, RegressionTest0.test009, RegressionTest0.test010, RegressionTest0.test001, RegressionTest0.test002, RegressionTest0.test003, RegressionTest0.test007, RegressionTest0.test008, RegressionTest0.test011, RegressionTest0.test012, RegressionTest0.test013, RegressionTest0.test014, RegressionTest0.test015, RegressionTest0.test016, RegressionTest0.test017, RegressionTest0.test018, RegressionTest0.test019, RegressionTest0.test020, RegressionTest0.test021, RegressionTest0.test022, RegressionTest0.test023, RegressionTest0.test024, RegressionTest0.test025, RegressionTest0.test026, RegressionTest0.test027, RegressionTest0.test028, RegressionTest0.test029, RegressionTest0.test030, RegressionTest0.test031, RegressionTest0.test032, RegressionTest0.test033, RegressionTest0.test034, RegressionTest0.test035, RegressionTest0.test036, RegressionTest0.test037, RegressionTest0.test038, RegressionTest0.test039, RegressionTest0.test040, RegressionTest0.test041, RegressionTest0.test042, RegressionTest0.test043, RegressionTest0.test044, RegressionTest0.test045, RegressionTest0.test046, RegressionTest0.test047, RegressionTest0.test048, RegressionTest0.test049, RegressionTest0.test050, RegressionTest0.test051, RegressionTest0.test052, RegressionTest0.test053, RegressionTest0.test054, RegressionTest0.test055, RegressionTest0.test056, RegressionTest0.test057, RegressionTest0.test058, RegressionTest0.test059, RegressionTest0.test060, RegressionTest0.test061, RegressionTest0.test062, RegressionTest0.test063, RegressionTest0.test064, RegressionTest0.test065, RegressionTest0.test066, RegressionTest0.test067, RegressionTest0.test068, RegressionTest0.test069, RegressionTest0.test070, RegressionTest0.test071, RegressionTest0.test072, RegressionTest0.test073, RegressionTest0.test074, RegressionTest0.test075, RegressionTest0.test076, RegressionTest0.test077, RegressionTest0.test078, RegressionTest0.test079, RegressionTest0.test080, RegressionTest0.test081, RegressionTest0.test082, RegressionTest0.test083, RegressionTest0.test084, RegressionTest0.test085, RegressionTest0.test086, RegressionTest0.test087, RegressionTest0.test088, RegressionTest0.test089, RegressionTest0.test090, RegressionTest0.test091, RegressionTest0.test092, RegressionTest0.test093, RegressionTest0.test094, RegressionTest0.test095, RegressionTest0.test096, RegressionTest0.test097, RegressionTest0.test098, RegressionTest0.test099, RegressionTest0.test100, RegressionTest0.test101, RegressionTest0.test102, RegressionTest0.test103, RegressionTest0.test104, RegressionTest0.test105, RegressionTest0.test106, RegressionTest0.test107, RegressionTest0.test108, RegressionTest0.test109, RegressionTest0.test110, RegressionTest0.test111, RegressionTest0.test112, RegressionTest0.test113, RegressionTest0.test114, RegressionTest0.test115, RegressionTest0.test116, RegressionTest0.test117, RegressionTest0.test118, RegressionTest0.test119, RegressionTest0.test120, RegressionTest0.test121, RegressionTest0.test122, RegressionTest0.test123, RegressionTest0.test124, RegressionTest0.test125, RegressionTest0.test126, RegressionTest0.test127, RegressionTest0.test128, RegressionTest0.test129, RegressionTest0.test130, RegressionTest0.test131, RegressionTest0.test132, RegressionTest0.test133, RegressionTest0.test134, RegressionTest0.test135, RegressionTest0.test136, RegressionTest0.test137, RegressionTest0.test138, RegressionTest0.test139, RegressionTest0.test140, RegressionTest0.test141, RegressionTest0.test142, RegressionTest0.test143, RegressionTest0.test144, RegressionTest0.test145]

Time each test takes to run in the new order:
[55377, 88891, 46342, 53831, 2770367, 2946290, 2155208, 2639569, 3092337, 2354641, 2268412, 36044, 68471, 94175, 2777638, 2180558, 107668, 56582, 52152, 115574, 129700, 955933, 1657976, 2452273, 36909, 72236, 60555, 2223399, 56127, 2443510, 56512, 3053442, 675200, 3326381, 59048, 795819, 267488658, 61333, 820786, 46706, 3181404, 46740, 593172, 87254, 143606, 2656530, 42767, 2718665, 3004854, 1509506, 55185, 666641, 68448, 534597, 1873037, 67277, 71939, 47721, 858459, 815834, 66593, 2272392, 48754, 12122085, 2503017, 91113, 103026, 51801, 4847547, 47491, 56374, 459179, 2810559, 47243, 980861, 3149259, 71353, 50039, 162083, 1578439, 55063, 7190778, 3432383, 49095, 2789963, 6038637, 2580686, 2585481, 133996, 2438051, 109600, 3348144, 3142836, 118089, 6912207, 84272, 3090798, 60401, 1638242, 2720870, 3001943, 2295645, 2839695, 77524, 3007978, 2683424, 51082, 2466259, 2133225, 2458598, 255067292, 119218, 1449194, 2696450, 601171, 53627, 53577, 2357261, 45229, 67848, 2444331, 3724006, 3424386, 54187, 2806099, 56631, 1234034, 631272, 579069, 102190835, 3116171, 49934, 65768, 144700, 1120359, 8722457, 654782, 801112, 2437946, 1831449, 817345, 43457, 91038, 698704, 58610]

Dependent test list:
[Test: RegressionTest1.test005, Intended behavior: FAILURE, when executed after: [RegressionTest0.test403], The revealed different behavior: PASS, when executed after: [], Test: RegressionTest1.test123, Intended behavior: FAILURE, when executed after: [RegressionTest1.test094], The revealed different behavior: PASS, when executed after: [], Test: RegressionTest1.test094, Intended behavior: FAILURE, when executed after: [RegressionTest0.test442], The revealed different behavior: PASS, when executed after: [], Test: RegressionTest1.test088, Intended behavior: FAILURE, when executed after: [RegressionTest0.test167], The revealed different behavior: PASS, when executed after: [], Test: RegressionTest1.test098, Intended behavior: FAILURE, when executed after: [RegressionTest1.test013], The revealed different behavior: PASS, when executed after: [], Test: RegressionTest1.test345, Intended behavior: FAILURE, when executed after: [RegressionTest1.test098], The revealed different behavior: PASS, when executed after: [], Test: RegressionTest1.test013, Intended behavior: FAILURE, when executed after: [RegressionTest1.test002], The revealed different behavior: PASS, when executed after: [], Test: RegressionTest1.test002, Intended behavior: FAILURE, when executed after: [RegressionTest1.test005], The revealed different behavior: PASS, when executed after: [], Test: RegressionTest1.test421, Intended behavior: FAILURE, when executed after: [RegressionTest1.test345], The revealed different behavior: PASS, when executed after: [], Test: RegressionTest2.test101, Intended behavior: FAILURE, when executed after: [RegressionTest1.test421], The revealed different behavior: PASS, when executed after: []]
--------------------------
Execution time of TLG and its time to find/nullify any DTs for 1 machine (does not include the time to run the tests in the new order): 1.755
Number of tests selected out of total in original order: 145 / 1160
Number of DTs not fixed: 0
Number of DTs fixed: 0
Execution time for executing the following testing order: 0.888

Test order list:
[RegressionTest0.test146, RegressionTest0.test147, RegressionTest0.test148, RegressionTest0.test149, RegressionTest0.test150, RegressionTest0.test151, RegressionTest0.test152, RegressionTest0.test153, RegressionTest0.test154, RegressionTest0.test155, RegressionTest0.test156, RegressionTest0.test157, RegressionTest0.test158, RegressionTest0.test159, RegressionTest0.test160, RegressionTest0.test161, RegressionTest0.test162, RegressionTest0.test163, RegressionTest0.test164, RegressionTest0.test165, RegressionTest0.test167, RegressionTest0.test168, RegressionTest0.test169, RegressionTest0.test170, RegressionTest0.test171, RegressionTest0.test172, RegressionTest0.test173, RegressionTest0.test174, RegressionTest0.test175, RegressionTest0.test176, RegressionTest0.test177, RegressionTest0.test178, RegressionTest0.test179, RegressionTest0.test180, RegressionTest0.test181, RegressionTest0.test182, RegressionTest0.test183, RegressionTest0.test184, RegressionTest0.test185, RegressionTest0.test186, RegressionTest0.test187, RegressionTest0.test188, RegressionTest0.test189, RegressionTest0.test190, RegressionTest0.test191, RegressionTest0.test192, RegressionTest0.test193, RegressionTest0.test194, RegressionTest0.test195, RegressionTest0.test196, RegressionTest0.test197, RegressionTest0.test198, RegressionTest0.test199, RegressionTest0.test200, RegressionTest0.test201, RegressionTest0.test202, RegressionTest0.test203, RegressionTest0.test204, RegressionTest0.test205, RegressionTest0.test206, RegressionTest0.test207, RegressionTest0.test208, RegressionTest0.test209, RegressionTest0.test210, RegressionTest0.test211, RegressionTest0.test212, RegressionTest0.test213, RegressionTest0.test214, RegressionTest0.test215, RegressionTest0.test216, RegressionTest0.test217, RegressionTest0.test218, RegressionTest0.test219, RegressionTest0.test220, RegressionTest0.test221, RegressionTest0.test223, RegressionTest0.test224, RegressionTest0.test225, RegressionTest0.test226, RegressionTest0.test227, RegressionTest0.test228, RegressionTest0.test229, RegressionTest0.test230, RegressionTest0.test231, RegressionTest0.test232, RegressionTest0.test233, RegressionTest0.test234, RegressionTest0.test235, RegressionTest0.test236, RegressionTest0.test237, RegressionTest0.test238, RegressionTest0.test239, RegressionTest0.test240, RegressionTest0.test241, RegressionTest0.test242, RegressionTest0.test243, RegressionTest0.test244, RegressionTest0.test245, RegressionTest0.test246, RegressionTest0.test247, RegressionTest0.test248, RegressionTest0.test249, RegressionTest0.test250, RegressionTest0.test251, RegressionTest0.test252, RegressionTest0.test253, RegressionTest0.test254, RegressionTest0.test255, RegressionTest0.test256, RegressionTest0.test257, RegressionTest0.test258, RegressionTest0.test259, RegressionTest0.test260, RegressionTest0.test261, RegressionTest0.test262, RegressionTest0.test263, RegressionTest0.test264, RegressionTest0.test265, RegressionTest0.test266, RegressionTest0.test267, RegressionTest0.test268, RegressionTest0.test269, RegressionTest0.test270, RegressionTest0.test271, RegressionTest0.test272, RegressionTest0.test273, RegressionTest0.test274, RegressionTest0.test275, RegressionTest0.test276, RegressionTest0.test277, RegressionTest0.test278, RegressionTest0.test279, RegressionTest0.test280, RegressionTest0.test281, RegressionTest0.test282, RegressionTest0.test283, RegressionTest0.test284, RegressionTest0.test285, RegressionTest0.test286, RegressionTest0.test287, RegressionTest0.test288, RegressionTest0.test289, RegressionTest0.test290, RegressionTest0.test291, RegressionTest0.test292]

Time each test takes to run in the new order:
[4988666, 134267, 2214093, 112365, 456056, 3231345, 3548489, 144237, 4460696, 1062778, 2942751, 100441, 1664135, 1042651, 2339066, 118075, 100094, 1381223, 2032663, 491667, 2801004, 4747066, 497817, 2699051, 2414560, 8072943, 76639, 4037561, 2647434, 45168, 914557, 3494106, 1975606, 3392310, 1451003, 2098344, 101952, 2479532, 82664, 5131805, 105765, 2686496, 1753451, 100314, 1153382, 899939, 590599, 104984, 2179741, 69880, 41658, 2464685, 2315343, 2073456, 3152097, 2826644, 1510213, 3308477, 1399282, 1945797, 117101, 46049, 3167695, 713732, 8471858, 84119, 3655381, 600376278, 60844, 778782, 2340689, 3085379, 4455753, 2973613, 2086115, 3232286, 133313, 2555876, 2556021, 3069825, 8176637, 2052996, 2454340, 3284408, 2850940, 787037, 2110273, 2523480, 195948, 2918338, 2217078, 1325935, 62616, 1441854, 1815675, 1509200, 546966, 1248640, 93833, 3530148, 941028, 101522, 3435843, 2734889, 1865851, 2246401, 2436326, 3789512, 69348, 11442307, 669566, 546818, 2644801, 75944, 2304960, 1591092, 48382, 127606, 1383890, 3819608, 2383121, 1971774, 5766812, 115149, 44326, 2466606, 6106059, 61447, 74289, 2295998, 2188070, 2268190, 1282588, 4298088, 79310, 3086630, 1348260, 97776, 3812592, 44786, 47808, 2515018, 782520, 4088271, 1451278]

Dependent test list:
[Test: RegressionTest1.test005, Intended behavior: FAILURE, when executed after: [RegressionTest0.test403], The revealed different behavior: PASS, when executed after: [], Test: RegressionTest1.test123, Intended behavior: FAILURE, when executed after: [RegressionTest1.test094], The revealed different behavior: PASS, when executed after: [], Test: RegressionTest1.test094, Intended behavior: FAILURE, when executed after: [RegressionTest0.test442], The revealed different behavior: PASS, when executed after: [], Test: RegressionTest1.test088, Intended behavior: FAILURE, when executed after: [RegressionTest0.test167], The revealed different behavior: PASS, when executed after: [], Test: RegressionTest1.test098, Intended behavior: FAILURE, when executed after: [RegressionTest1.test013], The revealed different behavior: PASS, when executed after: [], Test: RegressionTest1.test345, Intended behavior: FAILURE, when executed after: [RegressionTest1.test098], The revealed different behavior: PASS, when executed after: [], Test: RegressionTest1.test013, Intended behavior: FAILURE, when executed after: [RegressionTest1.test002], The revealed different behavior: PASS, when executed after: [], Test: RegressionTest1.test002, Intended behavior: FAILURE, when executed after: [RegressionTest1.test005], The revealed different behavior: PASS, when executed after: [], Test: RegressionTest1.test421, Intended behavior: FAILURE, when executed after: [RegressionTest1.test345], The revealed different behavior: PASS, when executed after: [], Test: RegressionTest2.test101, Intended behavior: FAILURE, when executed after: [RegressionTest1.test421], The revealed different behavior: PASS, when executed after: []]
--------------------------
Execution time of TLG and its time to find/nullify any DTs for 1 machine (does not include the time to run the tests in the new order): 3.166
Number of tests selected out of total in original order: 145 / 1160
Number of DTs not fixed: 0
Number of DTs fixed: 0
Execution time for executing the following testing order: 2.505

Test order list:
[RegressionTest0.test293, RegressionTest0.test294, RegressionTest0.test295, RegressionTest0.test296, RegressionTest0.test297, RegressionTest0.test298, RegressionTest0.test299, RegressionTest0.test300, RegressionTest0.test301, RegressionTest0.test302, RegressionTest0.test303, RegressionTest0.test304, RegressionTest0.test305, RegressionTest0.test306, RegressionTest0.test307, RegressionTest0.test308, RegressionTest0.test309, RegressionTest0.test310, RegressionTest0.test311, RegressionTest0.test312, RegressionTest0.test313, RegressionTest0.test314, RegressionTest0.test315, RegressionTest0.test316, RegressionTest0.test317, RegressionTest0.test318, RegressionTest0.test319, RegressionTest0.test320, RegressionTest0.test321, RegressionTest0.test322, RegressionTest0.test323, RegressionTest0.test324, RegressionTest0.test325, RegressionTest0.test326, RegressionTest0.test327, RegressionTest0.test328, RegressionTest0.test329, RegressionTest0.test330, RegressionTest0.test331, RegressionTest0.test332, RegressionTest0.test333, RegressionTest0.test334, RegressionTest0.test335, RegressionTest0.test336, RegressionTest0.test337, RegressionTest0.test338, RegressionTest0.test339, RegressionTest0.test340, RegressionTest0.test341, RegressionTest0.test342, RegressionTest0.test343, RegressionTest0.test344, RegressionTest0.test345, RegressionTest0.test346, RegressionTest0.test347, RegressionTest0.test348, RegressionTest0.test349, RegressionTest0.test350, RegressionTest0.test351, RegressionTest0.test352, RegressionTest0.test353, RegressionTest0.test354, RegressionTest0.test355, RegressionTest0.test356, RegressionTest0.test357, RegressionTest0.test358, RegressionTest0.test359, RegressionTest0.test360, RegressionTest0.test361, RegressionTest0.test362, RegressionTest0.test363, RegressionTest0.test364, RegressionTest0.test365, RegressionTest0.test366, RegressionTest0.test367, RegressionTest0.test368, RegressionTest0.test369, RegressionTest0.test370, RegressionTest0.test371, RegressionTest0.test372, RegressionTest0.test373, RegressionTest0.test374, RegressionTest0.test375, RegressionTest0.test376, RegressionTest0.test377, RegressionTest0.test378, RegressionTest0.test379, RegressionTest0.test380, RegressionTest0.test381, RegressionTest0.test382, RegressionTest0.test383, RegressionTest0.test384, RegressionTest0.test385, RegressionTest0.test386, RegressionTest0.test387, RegressionTest0.test388, RegressionTest0.test389, RegressionTest0.test390, RegressionTest0.test391, RegressionTest0.test392, RegressionTest0.test393, RegressionTest0.test394, RegressionTest0.test395, RegressionTest0.test396, RegressionTest0.test397, RegressionTest0.test398, RegressionTest0.test399, RegressionTest0.test400, RegressionTest0.test401, RegressionTest0.test402, RegressionTest0.test403, RegressionTest0.test404, RegressionTest0.test405, RegressionTest0.test406, RegressionTest0.test407, RegressionTest0.test408, RegressionTest0.test409, RegressionTest0.test410, RegressionTest0.test411, RegressionTest0.test412, RegressionTest0.test413, RegressionTest0.test414, RegressionTest0.test415, RegressionTest0.test416, RegressionTest0.test417, RegressionTest0.test418, RegressionTest0.test419, RegressionTest0.test420, RegressionTest0.test421, RegressionTest0.test422, RegressionTest0.test423, RegressionTest0.test424, RegressionTest0.test425, RegressionTest0.test426, RegressionTest0.test427, RegressionTest0.test428, RegressionTest0.test429, RegressionTest0.test430, RegressionTest0.test431, RegressionTest0.test432, RegressionTest0.test433, RegressionTest0.test434, RegressionTest0.test435, RegressionTest0.test436, RegressionTest0.test437]

Time each test takes to run in the new order:
[4907321, 2771152, 4094951, 1104795, 2257988, 2299232, 2301114, 4413800, 4238696, 2235464, 2064013, 5889606, 13136042, 653504, 2383062, 783245, 554307, 2974639, 2740031, 76205, 500396, 5782449, 57074, 3601971, 740565, 2406735, 6897125, 135105, 2001686, 2951302, 3005864, 2567815, 4960327, 3445457, 1454516, 1070616, 4014175, 899425, 1220013, 2129689, 2258609, 964927, 3639994, 61439, 764149, 1001400, 96961, 2530034, 613721, 2415128, 907513, 3022171, 72915, 79532, 3053624, 1324249, 3036793, 3344888, 1853837, 4287324, 50723, 2618639, 8978371, 2545831, 2969712, 2980629, 3360692, 3303264, 2452335, 2367715, 4287299, 3355716, 1323435, 2234918, 3129313, 4299788, 1395757, 2916644, 1347228, 2306697, 3645644, 3279108, 892532, 5263607, 2765248, 1168981, 2172199, 2993074, 2753239, 2257006, 2809096, 4789303, 1359605, 13541083, 90444, 2054922, 5220083, 2959180, 2572316, 1557138, 3673741, 1950814, 678319, 87288, 2355684, 1253673, 141495, 1022615, 2497157, 1348768, 1513427615, 929315, 4154768, 2338485, 91219, 64616, 427839, 3144869, 10624625, 543029, 1188912, 2788400, 523911, 2537950, 4541214, 3040763, 2811298, 69715, 544545, 702790, 1221818, 2708292, 639446958, 1212129, 3191752, 4821559, 933623, 2211187, 509558, 2706210, 2280093, 4068342, 59519, 84051, 468035]

Dependent test list:
[Test: RegressionTest1.test005, Intended behavior: FAILURE, when executed after: [RegressionTest0.test403], The revealed different behavior: PASS, when executed after: [], Test: RegressionTest1.test123, Intended behavior: FAILURE, when executed after: [RegressionTest1.test094], The revealed different behavior: PASS, when executed after: [], Test: RegressionTest1.test094, Intended behavior: FAILURE, when executed after: [RegressionTest0.test442], The revealed different behavior: PASS, when executed after: [], Test: RegressionTest1.test088, Intended behavior: FAILURE, when executed after: [RegressionTest0.test167], The revealed different behavior: PASS, when executed after: [], Test: RegressionTest1.test098, Intended behavior: FAILURE, when executed after: [RegressionTest1.test013], The revealed different behavior: PASS, when executed after: [], Test: RegressionTest1.test345, Intended behavior: FAILURE, when executed after: [RegressionTest1.test098], The revealed different behavior: PASS, when executed after: [], Test: RegressionTest1.test013, Intended behavior: FAILURE, when executed after: [RegressionTest1.test002], The revealed different behavior: PASS, when executed after: [], Test: RegressionTest1.test002, Intended behavior: FAILURE, when executed after: [RegressionTest1.test005], The revealed different behavior: PASS, when executed after: [], Test: RegressionTest1.test421, Intended behavior: FAILURE, when executed after: [RegressionTest1.test345], The revealed different behavior: PASS, when executed after: [], Test: RegressionTest2.test101, Intended behavior: FAILURE, when executed after: [RegressionTest1.test421], The revealed different behavior: PASS, when executed after: []]
--------------------------
Execution time of TLG and its time to find/nullify any DTs for 1 machine (does not include the time to run the tests in the new order): 3.845
Number of tests selected out of total in original order: 146 / 1160
Number of DTs not fixed: 0
Number of DTs fixed: 0
Execution time for executing the following testing order: 2.744

Test order list:
[RegressionTest0.test438, RegressionTest0.test439, RegressionTest0.test440, RegressionTest0.test441, RegressionTest0.test442, RegressionTest0.test443, RegressionTest0.test444, RegressionTest0.test445, RegressionTest0.test446, RegressionTest0.test447, RegressionTest0.test448, RegressionTest0.test449, RegressionTest0.test450, RegressionTest0.test451, RegressionTest0.test452, RegressionTest0.test453, RegressionTest0.test454, RegressionTest0.test455, RegressionTest0.test456, RegressionTest0.test457, RegressionTest0.test458, RegressionTest0.test459, RegressionTest0.test460, RegressionTest0.test461, RegressionTest0.test462, RegressionTest0.test463, RegressionTest0.test464, RegressionTest0.test465, RegressionTest0.test466, RegressionTest0.test467, RegressionTest0.test468, RegressionTest0.test469, RegressionTest0.test470, RegressionTest0.test471, RegressionTest0.test472, RegressionTest0.test473, RegressionTest0.test474, RegressionTest0.test475, RegressionTest0.test476, RegressionTest0.test477, RegressionTest0.test478, RegressionTest0.test479, RegressionTest0.test480, RegressionTest0.test481, RegressionTest0.test482, RegressionTest0.test483, RegressionTest0.test484, RegressionTest0.test485, RegressionTest0.test486, RegressionTest0.test487, RegressionTest0.test488, RegressionTest0.test489, RegressionTest0.test490, RegressionTest0.test491, RegressionTest0.test492, RegressionTest0.test493, RegressionTest0.test494, RegressionTest0.test495, RegressionTest0.test496, RegressionTest0.test497, RegressionTest0.test498, RegressionTest0.test499, RegressionTest0.test500, RegressionTest1.test006, RegressionTest0.test403, RegressionTest1.test005, RegressionTest1.test004, RegressionTest1.test009, RegressionTest1.test010, RegressionTest1.test001, RegressionTest1.test002, RegressionTest1.test003, RegressionTest1.test007, RegressionTest1.test008, RegressionTest1.test011, RegressionTest1.test012, RegressionTest1.test013, RegressionTest1.test014, RegressionTest1.test015, RegressionTest1.test016, RegressionTest1.test017, RegressionTest1.test018, RegressionTest1.test019, RegressionTest1.test020, RegressionTest1.test021, RegressionTest1.test022, RegressionTest1.test023, RegressionTest1.test024, RegressionTest1.test025, RegressionTest1.test026, RegressionTest1.test027, RegressionTest1.test028, RegressionTest1.test029, RegressionTest1.test030, RegressionTest1.test031, RegressionTest1.test032, RegressionTest1.test033, RegressionTest1.test034, RegressionTest1.test035, RegressionTest1.test036, RegressionTest1.test037, RegressionTest1.test038, RegressionTest1.test039, RegressionTest1.test040, RegressionTest1.test041, RegressionTest1.test042, RegressionTest1.test043, RegressionTest1.test044, RegressionTest1.test045, RegressionTest1.test046, RegressionTest1.test047, RegressionTest1.test048, RegressionTest1.test049, RegressionTest1.test050, RegressionTest1.test051, RegressionTest1.test052, RegressionTest1.test053, RegressionTest1.test054, RegressionTest1.test055, RegressionTest1.test056, RegressionTest1.test057, RegressionTest1.test058, RegressionTest1.test059, RegressionTest1.test060, RegressionTest1.test061, RegressionTest1.test062, RegressionTest1.test063, RegressionTest1.test064, RegressionTest1.test065, RegressionTest1.test066, RegressionTest1.test067, RegressionTest1.test068, RegressionTest1.test069, RegressionTest1.test070, RegressionTest1.test071, RegressionTest1.test072, RegressionTest1.test073, RegressionTest1.test074, RegressionTest1.test075, RegressionTest1.test076, RegressionTest1.test077, RegressionTest1.test078, RegressionTest1.test079, RegressionTest1.test081, RegressionTest1.test082, RegressionTest1.test083]

Time each test takes to run in the new order:
[3038097, 2622448, 83953, 84254, 97736, 1148726, 1869162, 2200222, 148052, 89914, 2690171, 1904161, 1244919, 1387568, 3010272, 997958, 1567002, 148491, 3145256, 73757, 3662699, 3465494, 2835045, 102934, 92457, 1502312, 73588, 598212, 2909901, 1178921, 112405, 78044, 1993279, 2204674, 1394181, 1860620, 2826221, 39934, 2007698, 1390358, 737887, 1610984, 3508671, 913041, 5429526, 17532809, 432638, 2613406, 4772192, 2730731, 1907657, 128196, 1227207, 3276145, 109097, 558195, 73239, 1213709, 1426546, 4150884, 70098, 2031254, 7197880, 1792179, 2282132, 1724012, 3388324, 3434348, 118791, 192270670, 1341600, 143094, 2398826, 3302866, 3873976, 5757115, 2162605, 1050884, 1374039, 1561213, 964612, 1309799, 3867801, 953572, 3778627, 1921173, 161983, 2094150, 1212161, 4631710, 622233, 3278840, 804952, 4261613, 156362730, 63181, 471182, 1957381, 205534, 819541, 877750, 2391791, 122904, 1317494, 2714782, 3665446, 619605078, 2512537, 2342445, 2428637, 2081722, 2303488, 100060, 1071224, 3484119, 649799, 167401, 2120316, 5527653, 118237, 2892868, 1470741374, 233771, 3712305, 2909415, 2180728, 3100664, 2273469, 2071937, 2209333, 85646, 3373363, 3224829, 5803950, 3317888, 4638954, 2507831, 7722881, 3762720, 110472, 3140165, 2159550, 687134, 623244, 15188388, 97776]

Dependent test list:
[Test: RegressionTest1.test005, Intended behavior: FAILURE, when executed after: [RegressionTest0.test403], The revealed different behavior: PASS, when executed after: [], Test: RegressionTest1.test123, Intended behavior: FAILURE, when executed after: [RegressionTest1.test094], The revealed different behavior: PASS, when executed after: [], Test: RegressionTest1.test094, Intended behavior: FAILURE, when executed after: [RegressionTest0.test442], The revealed different behavior: PASS, when executed after: [], Test: RegressionTest1.test088, Intended behavior: FAILURE, when executed after: [RegressionTest0.test167], The revealed different behavior: PASS, when executed after: [], Test: RegressionTest1.test098, Intended behavior: FAILURE, when executed after: [RegressionTest1.test013], The revealed different behavior: PASS, when executed after: [], Test: RegressionTest1.test345, Intended behavior: FAILURE, when executed after: [RegressionTest1.test098], The revealed different behavior: PASS, when executed after: [], Test: RegressionTest1.test013, Intended behavior: FAILURE, when executed after: [RegressionTest1.test002], The revealed different behavior: PASS, when executed after: [], Test: RegressionTest1.test002, Intended behavior: FAILURE, when executed after: [RegressionTest1.test005], The revealed different behavior: PASS, when executed after: [], Test: RegressionTest1.test421, Intended behavior: FAILURE, when executed after: [RegressionTest1.test345], The revealed different behavior: PASS, when executed after: [], Test: RegressionTest2.test101, Intended behavior: FAILURE, when executed after: [RegressionTest1.test421], The revealed different behavior: PASS, when executed after: []]
--------------------------
Execution time of TLG and its time to find/nullify any DTs for 1 machine (does not include the time to run the tests in the new order): 4.563
Number of tests selected out of total in original order: 151 / 1160
Number of DTs not fixed: 0
Number of DTs fixed: 0
Execution time for executing the following testing order: 3.627

Test order list:
[RegressionTest1.test084, RegressionTest1.test085, RegressionTest1.test086, RegressionTest1.test087, RegressionTest0.test167, RegressionTest1.test088, RegressionTest1.test089, RegressionTest1.test090, RegressionTest1.test091, RegressionTest1.test092, RegressionTest1.test093, RegressionTest0.test442, RegressionTest1.test094, RegressionTest1.test095, RegressionTest1.test096, RegressionTest1.test097, RegressionTest0.test403, RegressionTest1.test005, RegressionTest1.test002, RegressionTest1.test013, RegressionTest1.test098, RegressionTest1.test099, RegressionTest1.test100, RegressionTest1.test101, RegressionTest1.test102, RegressionTest1.test103, RegressionTest1.test104, RegressionTest1.test105, RegressionTest1.test106, RegressionTest1.test107, RegressionTest1.test108, RegressionTest1.test109, RegressionTest1.test110, RegressionTest1.test111, RegressionTest1.test112, RegressionTest1.test113, RegressionTest1.test114, RegressionTest1.test115, RegressionTest1.test116, RegressionTest1.test117, RegressionTest1.test118, RegressionTest1.test119, RegressionTest1.test120, RegressionTest1.test121, RegressionTest1.test122, RegressionTest1.test123, RegressionTest1.test124, RegressionTest1.test125, RegressionTest1.test126, RegressionTest1.test127, RegressionTest1.test128, RegressionTest1.test129, RegressionTest1.test130, RegressionTest1.test131, RegressionTest1.test132, RegressionTest1.test133, RegressionTest1.test134, RegressionTest1.test135, RegressionTest1.test136, RegressionTest1.test137, RegressionTest1.test138, RegressionTest1.test139, RegressionTest1.test140, RegressionTest1.test141, RegressionTest1.test142, RegressionTest1.test143, RegressionTest1.test144, RegressionTest1.test145, RegressionTest1.test146, RegressionTest1.test147, RegressionTest1.test148, RegressionTest1.test149, RegressionTest1.test150, RegressionTest1.test151, RegressionTest1.test152, RegressionTest1.test153, RegressionTest1.test154, RegressionTest1.test155, RegressionTest1.test156, RegressionTest1.test157, RegressionTest1.test158, RegressionTest1.test159, RegressionTest1.test160, RegressionTest1.test161, RegressionTest1.test162, RegressionTest1.test163, RegressionTest1.test164, RegressionTest1.test165, RegressionTest1.test166, RegressionTest1.test167, RegressionTest1.test168, RegressionTest1.test169, RegressionTest1.test170, RegressionTest1.test171, RegressionTest1.test172, RegressionTest1.test173, RegressionTest1.test174, RegressionTest1.test175, RegressionTest1.test176, RegressionTest1.test177, RegressionTest1.test178, RegressionTest1.test179, RegressionTest1.test180, RegressionTest1.test181, RegressionTest1.test182, RegressionTest1.test183, RegressionTest1.test184, RegressionTest1.test185, RegressionTest1.test186, RegressionTest1.test187, RegressionTest1.test188, RegressionTest1.test189, RegressionTest1.test190, RegressionTest1.test191, RegressionTest1.test192, RegressionTest1.test193, RegressionTest1.test194, RegressionTest1.test195, RegressionTest1.test196, RegressionTest1.test197, RegressionTest1.test198, RegressionTest1.test199, RegressionTest1.test200, RegressionTest1.test201, RegressionTest1.test202, RegressionTest1.test203, RegressionTest1.test204, RegressionTest1.test205, RegressionTest1.test206, RegressionTest1.test207, RegressionTest1.test208, RegressionTest1.test209, RegressionTest1.test210, RegressionTest1.test211, RegressionTest1.test212, RegressionTest1.test213, RegressionTest1.test214, RegressionTest1.test215, RegressionTest1.test216, RegressionTest1.test217, RegressionTest1.test218, RegressionTest1.test219, RegressionTest1.test220, RegressionTest1.test221, RegressionTest1.test222, RegressionTest1.test223, RegressionTest1.test224, RegressionTest1.test225, RegressionTest1.test226, RegressionTest1.test227, RegressionTest1.test228]

Time each test takes to run in the new order:
[95810, 48854, 2022172, 2974800, 805636, 175131628, 11943404, 1589713, 3288095, 68549, 100505, 75945, 88022, 3512762, 2376983, 681557, 2092685, 1532351, 98469, 1905881, 1235279, 1703748, 1256216, 6756047, 778181, 92030, 66799, 1270427, 87829, 3388359, 2182588, 3204227, 2300725, 70407, 2093629, 3591128, 1685192, 193672161, 64536, 2792713, 115653, 2380772, 476825, 2329741, 3017052, 2317027, 135453503, 3455217, 3170582, 19570541, 2098092, 7639047, 13514062, 1482850, 713573024, 3623792, 1309507, 133157, 1395889, 3409146, 2866251, 3062445, 4656167, 1317186, 87676, 253596, 5669350, 11162253, 4917888, 2148493, 2422325, 144276543, 2007730, 3312929, 2636002, 2719772, 50220, 6562622, 137473135, 493896, 748918, 1983956, 2191211, 1232647, 2114180, 2680020, 3118685, 1023658, 49139, 2725779, 69198, 5247383, 2812145, 4188754, 2175589, 2406999, 4151298, 1399182, 163312238, 4883587, 107406, 2178774, 1383013, 2926987, 3819164, 2150845, 3539780, 3352952, 5247236, 2029371, 2122990, 1498040370, 2560702, 2421198, 109113, 189156, 2063126, 120877, 2855722, 1809683, 2393857, 61608, 64986, 1427599, 1208940, 2075724, 3257480, 94897, 741684, 104452, 63893, 3469340, 3749285, 1947761, 70710, 2783137, 44919, 7827545, 1373739, 43141, 140330978, 3393293, 127986, 69702, 2082782, 1936948, 124571, 455520, 106989, 87322, 1068683]

Dependent test list:
[Test: RegressionTest1.test005, Intended behavior: FAILURE, when executed after: [RegressionTest0.test403], The revealed different behavior: PASS, when executed after: [], Test: RegressionTest1.test123, Intended behavior: FAILURE, when executed after: [RegressionTest1.test094], The revealed different behavior: PASS, when executed after: [], Test: RegressionTest1.test094, Intended behavior: FAILURE, when executed after: [RegressionTest0.test442], The revealed different behavior: PASS, when executed after: [], Test: RegressionTest1.test088, Intended behavior: FAILURE, when executed after: [RegressionTest0.test167], The revealed different behavior: PASS, when executed after: [], Test: RegressionTest1.test098, Intended behavior: FAILURE, when executed after: [RegressionTest1.test013], The revealed different behavior: PASS, when executed after: [], Test: RegressionTest1.test345, Intended behavior: FAILURE, when executed after: [RegressionTest1.test098], The revealed different behavior: PASS, when executed after: [], Test: RegressionTest1.test013, Intended behavior: FAILURE, when executed after: [RegressionTest1.test002], The revealed different behavior: PASS, when executed after: [], Test: RegressionTest1.test002, Intended behavior: FAILURE, when executed after: [RegressionTest1.test005], The revealed different behavior: PASS, when executed after: [], Test: RegressionTest1.test421, Intended behavior: FAILURE, when executed after: [RegressionTest1.test345], The revealed different behavior: PASS, when executed after: [], Test: RegressionTest2.test101, Intended behavior: FAILURE, when executed after: [RegressionTest1.test421], The revealed different behavior: PASS, when executed after: []]
--------------------------
Execution time of TLG and its time to find/nullify any DTs for 1 machine (does not include the time to run the tests in the new order): 4.702
Number of tests selected out of total in original order: 150 / 1160
Number of DTs not fixed: 0
Number of DTs fixed: 0
Execution time for executing the following testing order: 3.424

Test order list:
[RegressionTest1.test229, RegressionTest1.test230, RegressionTest1.test231, RegressionTest1.test232, RegressionTest1.test233, RegressionTest1.test234, RegressionTest1.test235, RegressionTest1.test236, RegressionTest1.test237, RegressionTest1.test238, RegressionTest1.test239, RegressionTest1.test240, RegressionTest1.test241, RegressionTest1.test242, RegressionTest1.test243, RegressionTest1.test244, RegressionTest1.test245, RegressionTest1.test246, RegressionTest1.test247, RegressionTest1.test248, RegressionTest1.test249, RegressionTest1.test250, RegressionTest1.test251, RegressionTest1.test252, RegressionTest1.test253, RegressionTest1.test254, RegressionTest1.test255, RegressionTest1.test256, RegressionTest1.test257, RegressionTest1.test258, RegressionTest1.test259, RegressionTest1.test260, RegressionTest1.test261, RegressionTest1.test262, RegressionTest1.test263, RegressionTest1.test264, RegressionTest1.test265, RegressionTest1.test266, RegressionTest1.test267, RegressionTest1.test268, RegressionTest1.test269, RegressionTest1.test270, RegressionTest1.test271, RegressionTest1.test272, RegressionTest1.test273, RegressionTest1.test274, RegressionTest1.test275, RegressionTest1.test276, RegressionTest1.test277, RegressionTest1.test278, RegressionTest1.test279, RegressionTest1.test280, RegressionTest1.test281, RegressionTest1.test282, RegressionTest1.test283, RegressionTest1.test284, RegressionTest1.test285, RegressionTest1.test286, RegressionTest1.test287, RegressionTest1.test288, RegressionTest1.test289, RegressionTest1.test290, RegressionTest1.test291, RegressionTest1.test292, RegressionTest1.test293, RegressionTest1.test294, RegressionTest1.test295, RegressionTest1.test296, RegressionTest1.test297, RegressionTest1.test298, RegressionTest1.test299, RegressionTest1.test300, RegressionTest1.test301, RegressionTest1.test302, RegressionTest1.test303, RegressionTest1.test304, RegressionTest1.test305, RegressionTest1.test306, RegressionTest1.test307, RegressionTest1.test308, RegressionTest1.test309, RegressionTest1.test310, RegressionTest1.test311, RegressionTest1.test312, RegressionTest1.test313, RegressionTest1.test314, RegressionTest1.test315, RegressionTest1.test316, RegressionTest1.test317, RegressionTest1.test318, RegressionTest1.test319, RegressionTest1.test320, RegressionTest1.test321, RegressionTest1.test322, RegressionTest1.test323, RegressionTest1.test324, RegressionTest1.test325, RegressionTest1.test326, RegressionTest1.test327, RegressionTest1.test328, RegressionTest1.test329, RegressionTest1.test330, RegressionTest1.test331, RegressionTest1.test332, RegressionTest1.test333, RegressionTest1.test334, RegressionTest1.test335, RegressionTest1.test336, RegressionTest1.test337, RegressionTest1.test338, RegressionTest1.test339, RegressionTest1.test340, RegressionTest1.test341, RegressionTest1.test342, RegressionTest1.test343, RegressionTest1.test344, RegressionTest0.test403, RegressionTest1.test005, RegressionTest1.test002, RegressionTest1.test013, RegressionTest1.test098, RegressionTest1.test345, RegressionTest1.test346, RegressionTest1.test347, RegressionTest1.test348, RegressionTest1.test349, RegressionTest1.test350, RegressionTest1.test351, RegressionTest1.test352, RegressionTest1.test353, RegressionTest1.test354, RegressionTest1.test355, RegressionTest1.test356, RegressionTest1.test357, RegressionTest1.test358, RegressionTest1.test359, RegressionTest1.test360, RegressionTest1.test361, RegressionTest1.test362, RegressionTest1.test363, RegressionTest1.test364, RegressionTest1.test365, RegressionTest1.test366, RegressionTest1.test367, RegressionTest1.test368, RegressionTest1.test369, RegressionTest1.test370, RegressionTest1.test371, RegressionTest1.test372, RegressionTest1.test373]

Time each test takes to run in the new order:
[4520660, 104541, 137690, 65924, 207650018, 4498420, 3202296, 589868720, 2659539, 1948597, 83848, 156773, 193193926, 9972402, 3365351, 3184910, 60509665, 85637, 63905, 3151767, 486924, 1379127, 68909, 2666571, 800429, 1626487, 1100507, 538093, 3366967, 3198397, 106760, 56199, 1144895, 74048, 2490787, 2044166, 6261687, 2607829, 1484746, 2777240, 47430, 2744916, 73616, 3286696, 2508410, 2240052, 2008683, 4979510, 1784842, 128115, 2753720, 3222729, 2728370, 849186, 78084, 3508945, 855965, 56069, 112002, 8153914, 15935192, 1642693580, 121996, 3177635, 1121715, 242197405, 864709, 1559899, 3055229, 597816, 657429, 80799, 147968, 54789, 125949, 4033719, 79533, 113032, 533066, 1166566, 3324421, 5191470, 3019718, 58595, 1274276, 2177466, 3363411, 58599, 1551711, 3595321, 97858, 74023, 72049, 3548733, 3700289, 2995637, 189748655, 65183, 2440203, 75317, 4576329, 3817042, 2583072, 71072, 1591541, 42774, 62554, 2572025, 3113951, 115198, 65652, 627983, 70240, 59783, 2643392, 119471, 619829, 5198315, 3634498, 6807222, 1681936, 57557, 1593960, 2206073, 69819, 975384, 2185800, 1169032, 47225, 1048418, 4442636, 3155255, 3313729, 89214, 147223, 1155422, 2481432, 2796478, 63566, 143314, 88495, 1694602, 4553335, 3088079, 69380, 53147, 584462, 85841, 1979427, 34807964]

Dependent test list:
[Test: RegressionTest1.test005, Intended behavior: FAILURE, when executed after: [RegressionTest0.test403], The revealed different behavior: PASS, when executed after: [], Test: RegressionTest1.test123, Intended behavior: FAILURE, when executed after: [RegressionTest1.test094], The revealed different behavior: PASS, when executed after: [], Test: RegressionTest1.test094, Intended behavior: FAILURE, when executed after: [RegressionTest0.test442], The revealed different behavior: PASS, when executed after: [], Test: RegressionTest1.test088, Intended behavior: FAILURE, when executed after: [RegressionTest0.test167], The revealed different behavior: PASS, when executed after: [], Test: RegressionTest1.test098, Intended behavior: FAILURE, when executed after: [RegressionTest1.test013], The revealed different behavior: PASS, when executed after: [], Test: RegressionTest1.test345, Intended behavior: FAILURE, when executed after: [RegressionTest1.test098], The revealed different behavior: PASS, when executed after: [], Test: RegressionTest1.test013, Intended behavior: FAILURE, when executed after: [RegressionTest1.test002], The revealed different behavior: PASS, when executed after: [], Test: RegressionTest1.test002, Intended behavior: FAILURE, when executed after: [RegressionTest1.test005], The revealed different behavior: PASS, when executed after: [], Test: RegressionTest1.test421, Intended behavior: FAILURE, when executed after: [RegressionTest1.test345], The revealed different behavior: PASS, when executed after: [], Test: RegressionTest2.test101, Intended behavior: FAILURE, when executed after: [RegressionTest1.test421], The revealed different behavior: PASS, when executed after: []]
--------------------------
Execution time of TLG and its time to find/nullify any DTs for 1 machine (does not include the time to run the tests in the new order): 4.676
Number of tests selected out of total in original order: 151 / 1160
Number of DTs not fixed: 0
Number of DTs fixed: 0
Execution time for executing the following testing order: 3.654

Test order list:
[RegressionTest1.test374, RegressionTest1.test375, RegressionTest1.test376, RegressionTest1.test377, RegressionTest1.test378, RegressionTest1.test379, RegressionTest1.test380, RegressionTest1.test381, RegressionTest1.test382, RegressionTest1.test383, RegressionTest1.test384, RegressionTest1.test385, RegressionTest1.test386, RegressionTest1.test387, RegressionTest1.test388, RegressionTest1.test389, RegressionTest1.test390, RegressionTest1.test391, RegressionTest1.test392, RegressionTest1.test393, RegressionTest1.test394, RegressionTest1.test395, RegressionTest1.test396, RegressionTest1.test397, RegressionTest1.test398, RegressionTest1.test399, RegressionTest1.test400, RegressionTest1.test401, RegressionTest1.test402, RegressionTest1.test403, RegressionTest1.test404, RegressionTest1.test405, RegressionTest1.test406, RegressionTest1.test407, RegressionTest1.test408, RegressionTest1.test409, RegressionTest1.test410, RegressionTest1.test411, RegressionTest1.test412, RegressionTest1.test413, RegressionTest1.test414, RegressionTest1.test415, RegressionTest1.test416, RegressionTest1.test417, RegressionTest1.test418, RegressionTest1.test419, RegressionTest1.test420, RegressionTest0.test403, RegressionTest1.test005, RegressionTest1.test002, RegressionTest1.test013, RegressionTest1.test098, RegressionTest1.test345, RegressionTest1.test421, RegressionTest1.test422, RegressionTest1.test423, RegressionTest1.test424, RegressionTest1.test425, RegressionTest1.test426, RegressionTest1.test427, RegressionTest1.test428, RegressionTest1.test429, RegressionTest1.test430, RegressionTest1.test431, RegressionTest1.test432, RegressionTest1.test433, RegressionTest1.test434, RegressionTest1.test435, RegressionTest1.test436, RegressionTest1.test437, RegressionTest1.test438, RegressionTest1.test439, RegressionTest1.test440, RegressionTest1.test441, RegressionTest1.test442, RegressionTest1.test443, RegressionTest1.test444, RegressionTest1.test445, RegressionTest1.test446, RegressionTest1.test447, RegressionTest1.test448, RegressionTest1.test449, RegressionTest1.test450, RegressionTest1.test451, RegressionTest1.test452, RegressionTest1.test453, RegressionTest1.test454, RegressionTest1.test455, RegressionTest1.test456, RegressionTest1.test457, RegressionTest1.test458, RegressionTest1.test459, RegressionTest1.test460, RegressionTest1.test461, RegressionTest1.test462, RegressionTest1.test463, RegressionTest1.test464, RegressionTest1.test465, RegressionTest1.test466, RegressionTest1.test467, RegressionTest1.test468, RegressionTest1.test469, RegressionTest1.test470, RegressionTest1.test471, RegressionTest1.test472, RegressionTest1.test473, RegressionTest1.test474, RegressionTest1.test475, RegressionTest1.test476, RegressionTest1.test477, RegressionTest1.test478, RegressionTest1.test479, RegressionTest1.test480, RegressionTest1.test481, RegressionTest1.test482, RegressionTest1.test483, RegressionTest1.test484, RegressionTest1.test485, RegressionTest1.test486, RegressionTest1.test487, RegressionTest1.test488, RegressionTest1.test489, RegressionTest1.test490, RegressionTest1.test491, RegressionTest1.test492, RegressionTest1.test493, RegressionTest1.test494, RegressionTest1.test495, RegressionTest1.test496, RegressionTest1.test497, RegressionTest1.test498, RegressionTest1.test499, RegressionTest1.test500, RegressionTest2.test006, RegressionTest2.test005, RegressionTest2.test004, RegressionTest2.test009, RegressionTest2.test010, RegressionTest2.test001, RegressionTest2.test002, RegressionTest2.test003, RegressionTest2.test007, RegressionTest2.test008, RegressionTest2.test011, RegressionTest2.test012, RegressionTest2.test013, RegressionTest2.test014, RegressionTest2.test015, RegressionTest2.test016, RegressionTest2.test017, RegressionTest2.test018]

Time each test takes to run in the new order:
[2014455, 2196311, 3480314, 93797, 79329, 483656, 3468300, 65704, 2205956, 927571, 75094, 2413269, 135994, 175436455, 3325785, 9105267, 7503440, 4304320, 1190389, 77508, 2507564, 4255765, 559398, 68948, 1828532, 3091872, 52876, 2695419, 86407, 72993, 173970947, 101821099, 763514, 1224872, 877335, 3959155, 2404595, 973871, 602007, 4105859, 74221, 979029, 82604, 2634382, 821209, 659759, 4399388, 1561779, 155225, 4935041, 534811, 2523716, 222106168, 2718579, 1544286, 100209, 1623808, 98779, 95084, 67764, 153585, 186950, 93143, 138608, 183632, 4981565, 1802318, 1597062, 133201, 2341561, 4968644, 2758390, 85211, 513994, 2910657, 8701783, 86674, 5005923, 597717, 6561899, 2659790, 3316466, 3049829, 1421935, 91501, 86369, 86835, 197378371, 3314722, 1097573, 335719, 107921, 3379516, 56188, 220808060, 257549, 3319607, 658138, 943155, 1721383, 1349556, 1285384, 1980871, 1115227, 153611, 93853, 117720, 2902458, 5046111, 126314, 2287418, 158578, 3573615, 141527, 118775, 1163326, 2608885, 54368, 582789, 2746229, 77354, 6448220, 3905256, 71129, 107791, 8878626, 2263640, 2358770, 1236238, 2443982, 2185011, 3137718, 1326096, 1226076, 1738324852, 2796892, 1260658, 3668914, 1743432, 3091235, 562648143, 1449835, 4001305, 2623795, 109323, 76659, 889745, 3182956, 706162, 3647410, 648220]

Dependent test list:
[Test: RegressionTest1.test005, Intended behavior: FAILURE, when executed after: [RegressionTest0.test403], The revealed different behavior: PASS, when executed after: [], Test: RegressionTest1.test123, Intended behavior: FAILURE, when executed after: [RegressionTest1.test094], The revealed different behavior: PASS, when executed after: [], Test: RegressionTest1.test094, Intended behavior: FAILURE, when executed after: [RegressionTest0.test442], The revealed different behavior: PASS, when executed after: [], Test: RegressionTest1.test088, Intended behavior: FAILURE, when executed after: [RegressionTest0.test167], The revealed different behavior: PASS, when executed after: [], Test: RegressionTest1.test098, Intended behavior: FAILURE, when executed after: [RegressionTest1.test013], The revealed different behavior: PASS, when executed after: [], Test: RegressionTest1.test345, Intended behavior: FAILURE, when executed after: [RegressionTest1.test098], The revealed different behavior: PASS, when executed after: [], Test: RegressionTest1.test013, Intended behavior: FAILURE, when executed after: [RegressionTest1.test002], The revealed different behavior: PASS, when executed after: [], Test: RegressionTest1.test002, Intended behavior: FAILURE, when executed after: [RegressionTest1.test005], The revealed different behavior: PASS, when executed after: [], Test: RegressionTest1.test421, Intended behavior: FAILURE, when executed after: [RegressionTest1.test345], The revealed different behavior: PASS, when executed after: [], Test: RegressionTest2.test101, Intended behavior: FAILURE, when executed after: [RegressionTest1.test421], The revealed different behavior: PASS, when executed after: []]
--------------------------
Execution time of TLG and its time to find/nullify any DTs for 1 machine (does not include the time to run the tests in the new order): 5.040
Number of tests selected out of total in original order: 152 / 1160
Number of DTs not fixed: 0
Number of DTs fixed: 0
Execution time for executing the following testing order: 4.241

Test order list:
[RegressionTest2.test019, RegressionTest2.test020, RegressionTest2.test021, RegressionTest2.test022, RegressionTest2.test023, RegressionTest2.test024, RegressionTest2.test025, RegressionTest2.test026, RegressionTest2.test027, RegressionTest2.test028, RegressionTest2.test029, RegressionTest2.test030, RegressionTest2.test031, RegressionTest2.test032, RegressionTest2.test033, RegressionTest2.test034, RegressionTest2.test035, RegressionTest2.test036, RegressionTest2.test037, RegressionTest2.test038, RegressionTest2.test039, RegressionTest2.test040, RegressionTest2.test041, RegressionTest2.test042, RegressionTest2.test043, RegressionTest2.test044, RegressionTest2.test045, RegressionTest2.test046, RegressionTest2.test047, RegressionTest2.test048, RegressionTest2.test049, RegressionTest2.test050, RegressionTest2.test051, RegressionTest2.test052, RegressionTest2.test053, RegressionTest2.test054, RegressionTest2.test055, RegressionTest2.test056, RegressionTest2.test057, RegressionTest2.test058, RegressionTest2.test059, RegressionTest2.test060, RegressionTest2.test061, RegressionTest2.test062, RegressionTest2.test063, RegressionTest2.test064, RegressionTest2.test065, RegressionTest2.test066, RegressionTest2.test067, RegressionTest2.test068, RegressionTest2.test069, RegressionTest2.test070, RegressionTest2.test071, RegressionTest2.test072, RegressionTest2.test073, RegressionTest2.test074, RegressionTest2.test075, RegressionTest2.test076, RegressionTest2.test077, RegressionTest2.test078, RegressionTest2.test079, RegressionTest2.test080, RegressionTest2.test081, RegressionTest2.test082, RegressionTest2.test083, RegressionTest2.test084, RegressionTest2.test085, RegressionTest2.test086, RegressionTest2.test087, RegressionTest2.test088, RegressionTest2.test089, RegressionTest2.test090, RegressionTest2.test091, RegressionTest2.test092, RegressionTest2.test093, RegressionTest2.test094, RegressionTest2.test095, RegressionTest2.test096, RegressionTest2.test097, RegressionTest2.test098, RegressionTest2.test099, RegressionTest2.test100, RegressionTest0.test403, RegressionTest1.test005, RegressionTest1.test002, RegressionTest1.test013, RegressionTest1.test098, RegressionTest1.test345, RegressionTest1.test421, RegressionTest2.test101, RegressionTest2.test102, RegressionTest2.test103, RegressionTest2.test104, RegressionTest2.test105, RegressionTest2.test106, RegressionTest2.test107, RegressionTest2.test108, RegressionTest2.test109, RegressionTest2.test110, RegressionTest2.test111, RegressionTest2.test112, RegressionTest2.test113, RegressionTest2.test114, RegressionTest2.test115, RegressionTest2.test116, RegressionTest2.test117, RegressionTest2.test118, RegressionTest2.test119, RegressionTest2.test120, RegressionTest2.test121, RegressionTest2.test122, RegressionTest2.test123, RegressionTest2.test124, RegressionTest2.test125, RegressionTest2.test126, RegressionTest2.test127, RegressionTest2.test128, RegressionTest2.test129, RegressionTest2.test130, RegressionTest2.test131, RegressionTest2.test132, RegressionTest2.test133, RegressionTest2.test134, RegressionTest2.test135, RegressionTest2.test136, RegressionTest2.test137, RegressionTest2.test138, RegressionTest2.test139, RegressionTest2.test140, RegressionTest2.test141, RegressionTest2.test142, RegressionTest2.test143, RegressionTest2.test144, RegressionTest2.test145, RegressionTest2.test146, RegressionTest2.test147, RegressionTest2.test148, RegressionTest2.test149, RegressionTest2.test150, RegressionTest2.test151, RegressionTest2.test152, RegressionTest2.test153, RegressionTest2.test154, RegressionTest2.test155, RegressionTest2.test156, RegressionTest2.test157, RegressionTest2.test158, RegressionTest2.test159, RegressionTest2.test160, RegressionTest2.test161, RegressionTest2.test162, RegressionTest2.test163]

Time each test takes to run in the new order:
[2567545, 78204, 5236523, 250581688, 71576, 3460216, 73584, 81119, 191510062, 2756299, 624981, 4555720, 1197310, 64871, 1365770, 8151626, 663302, 103627, 896475, 4353572, 201110, 170989, 69719, 199832624, 2811245, 378269, 147806, 143186, 717962, 102533, 28924117, 1645068, 4441103, 107198, 2064636, 6425545, 3099030, 148954, 3971161, 160787516, 4093751, 1229100, 143926, 3187826, 3746047, 4586637, 235315, 1965832, 3350442, 251208167, 4184066, 4605619, 1082681, 764254, 2567351, 1908754, 1465687, 207447, 133307, 2314660, 99026, 98457, 13784836, 605756959, 3878264, 766549, 5095618, 7146143, 4132011, 1640131, 70813, 916047, 1656791, 228142, 2777396, 4489748, 1390347, 1715320, 3873752, 306583613, 1581945, 99400032, 1556879, 3271637, 69173, 100741, 5088972, 2270467, 2537938, 90747, 174452, 74959, 4094569, 3389497, 83665, 103145, 1860291, 5571315, 63203, 3085516, 1005835, 3646522, 3812260, 73611, 2843432, 2148527, 1628405, 4603117, 73214, 5570048, 1139779, 105062, 165185, 133217, 7430179, 114504, 2435746, 1135419, 1676708, 79046, 1361671, 743785, 106411, 4354118, 70802, 134895, 2783139, 1553669709, 80938, 4910481, 3355203, 3750035, 54199, 1167256, 5680433, 1200607, 1208252, 710551, 2356919, 663839, 168771415, 425633, 70440, 1240012, 147513792, 138699, 3613839, 2399522, 100077, 168062, 132823, 101306]

Dependent test list:
[Test: RegressionTest1.test005, Intended behavior: FAILURE, when executed after: [RegressionTest0.test403], The revealed different behavior: PASS, when executed after: [], Test: RegressionTest1.test123, Intended behavior: FAILURE, when executed after: [RegressionTest1.test094], The revealed different behavior: PASS, when executed after: [], Test: RegressionTest1.test094, Intended behavior: FAILURE, when executed after: [RegressionTest0.test442], The revealed different behavior: PASS, when executed after: [], Test: RegressionTest1.test088, Intended behavior: FAILURE, when executed after: [RegressionTest0.test167], The revealed different behavior: PASS, when executed after: [], Test: RegressionTest1.test098, Intended behavior: FAILURE, when executed after: [RegressionTest1.test013], The revealed different behavior: PASS, when executed after: [], Test: RegressionTest1.test345, Intended behavior: FAILURE, when executed after: [RegressionTest1.test098], The revealed different behavior: PASS, when executed after: [], Test: RegressionTest1.test013, Intended behavior: FAILURE, when executed after: [RegressionTest1.test002], The revealed different behavior: PASS, when executed after: [], Test: RegressionTest1.test002, Intended behavior: FAILURE, when executed after: [RegressionTest1.test005], The revealed different behavior: PASS, when executed after: [], Test: RegressionTest1.test421, Intended behavior: FAILURE, when executed after: [RegressionTest1.test345], The revealed different behavior: PASS, when executed after: [], Test: RegressionTest2.test101, Intended behavior: FAILURE, when executed after: [RegressionTest1.test421], The revealed different behavior: PASS, when executed after: []]
--------------------------
Total time (of all machines and iterations plus initial TestListGenerator): 22.027
New order time: 4.241
Total number of tests executed in all machines out of total in original order: 1185 / 1160