The following arguments were used to generate this output.
[-technique, parallelization, -order, original, -origOrder, /scratch/reedoei2/run-new-subjects/jackrabbit-oak-865c56c8f02fdfc7a76ac12c6ce207df42ee9d77/experiments/jackrabbit-oak-new-865c56c8f02fdfc7a76ac12c6ce207df42ee9d77/oak-solr-core/target/jackrabbit-oak-oak-solr-core-auto-order, -testInputDir, /scratch/reedoei2/run-new-subjects/jackrabbit-oak-865c56c8f02fdfc7a76ac12c6ce207df42ee9d77/experiments/jackrabbit-oak-old-cd3d6e5c89597ebc4d39e7ce9344eed7215559d7/oak-solr-core/target/sootTestOutput-auto, -filesToDelete, /scratch/reedoei2/run-new-subjects/jackrabbit-oak-865c56c8f02fdfc7a76ac12c6ce207df42ee9d77/experiments/jackrabbit-oak-new-865c56c8f02fdfc7a76ac12c6ce207df42ee9d77/oak-solr-core/target/jackrabbit-oak-oak-solr-core-env-files, -project, jackrabbit-oak-oak-solr-core, -testType, auto, -numOfMachines, 16, -outputDir, /scratch/reedoei2/run-new-subjects/jackrabbit-oak-865c56c8f02fdfc7a76ac12c6ce207df42ee9d77/experiments/parallelization-results, -timesToRun, 5, -classpath, /scratch/reedoei2/run-new-subjects/jackrabbit-oak-865c56c8f02fdfc7a76ac12c6ce207df42ee9d77/experiments/jackrabbit-oak-new-865c56c8f02fdfc7a76ac12c6ce207df42ee9d77/oak-solr-core/target/dependency/*:/scratch/reedoei2/run-new-subjects/jackrabbit-oak-865c56c8f02fdfc7a76ac12c6ce207df42ee9d77/experiments/jackrabbit-oak-new-865c56c8f02fdfc7a76ac12c6ce207df42ee9d77/oak-solr-core/target/classes:/scratch/reedoei2/run-new-subjects/jackrabbit-oak-865c56c8f02fdfc7a76ac12c6ce207df42ee9d77/experiments/jackrabbit-oak-new-865c56c8f02fdfc7a76ac12c6ce207df42ee9d77/oak-solr-core/target/randoop/bin:/scratch/reedoei2/run-new-subjects/jackrabbit-oak-865c56c8f02fdfc7a76ac12c6ce207df42ee9d77/experiments/jackrabbit-oak-new-865c56c8f02fdfc7a76ac12c6ce207df42ee9d77/oak-solr-core/target/test-classes:, -dependentTestFile, /scratch/reedoei2/run-new-subjects/jackrabbit-oak-865c56c8f02fdfc7a76ac12c6ce207df42ee9d77/experiments/scripts/data/parallelization-dt-list/parallelization-jackrabbit-oak-oak-solr-core-auto-16-original.txt]

Execution time of TLG and its time to find/nullify any DTs for 1 machine (does not include the time to run the tests in the new order): 1.424
Number of tests selected out of total in original order: 73 / 1160
Number of DTs not fixed: 0
Number of DTs fixed: 0
Execution time for executing the following testing order: 0.673

Test order list:
[RegressionTest0.test006, RegressionTest0.test005, RegressionTest0.test004, RegressionTest0.test009, RegressionTest0.test010, RegressionTest0.test001, RegressionTest0.test002, RegressionTest0.test003, RegressionTest0.test007, RegressionTest0.test008, RegressionTest0.test011, RegressionTest0.test012, RegressionTest0.test013, RegressionTest0.test014, RegressionTest0.test015, RegressionTest0.test016, RegressionTest0.test017, RegressionTest0.test018, RegressionTest0.test019, RegressionTest0.test020, RegressionTest0.test021, RegressionTest0.test022, RegressionTest0.test023, RegressionTest0.test024, RegressionTest0.test025, RegressionTest0.test026, RegressionTest0.test027, RegressionTest0.test028, RegressionTest0.test029, RegressionTest0.test030, RegressionTest0.test031, RegressionTest0.test032, RegressionTest0.test033, RegressionTest0.test034, RegressionTest0.test035, RegressionTest0.test036, RegressionTest0.test037, RegressionTest0.test038, RegressionTest0.test039, RegressionTest0.test040, RegressionTest0.test041, RegressionTest0.test042, RegressionTest0.test043, RegressionTest0.test044, RegressionTest0.test045, RegressionTest0.test046, RegressionTest0.test047, RegressionTest0.test048, RegressionTest0.test049, RegressionTest0.test050, RegressionTest0.test051, RegressionTest0.test052, RegressionTest0.test053, RegressionTest0.test054, RegressionTest0.test055, RegressionTest0.test056, RegressionTest0.test057, RegressionTest0.test058, RegressionTest0.test059, RegressionTest0.test060, RegressionTest0.test061, RegressionTest0.test062, RegressionTest0.test063, RegressionTest0.test064, RegressionTest0.test065, RegressionTest0.test066, RegressionTest0.test067, RegressionTest0.test068, RegressionTest0.test069, RegressionTest0.test070, RegressionTest0.test071, RegressionTest0.test072, RegressionTest0.test073]

Time each test takes to run in the new order:
[72551, 63955, 49318, 47011, 53268, 9353287, 61795, 718303, 647396, 61388, 124478, 246735342, 55786, 3927711, 4236650, 76424, 72894, 66203, 120833, 90469727, 128153, 75547, 61913, 1662214, 55913, 56993, 73072, 59915, 61352, 835418, 50126, 2742294, 4074716, 95076, 125853, 6758659, 1421547, 61138, 74988, 125959, 1968420, 45800, 65295, 55697, 116454, 4352077, 3424878, 79771, 2969976, 11045439, 704708, 82730, 54749, 58290, 3482575, 7870427, 5395875, 4511562, 50625, 53254, 85738, 66740, 2273914, 396432, 641807, 1595948, 68587, 245803773, 67219, 172724, 89038, 77292, 55114]

Dependent test list:
[Test: RegressionTest1.test005, Intended behavior: FAILURE, when executed after: [RegressionTest0.test403], The revealed different behavior: PASS, when executed after: [], Test: RegressionTest1.test123, Intended behavior: FAILURE, when executed after: [RegressionTest1.test094], The revealed different behavior: PASS, when executed after: [], Test: RegressionTest1.test094, Intended behavior: FAILURE, when executed after: [RegressionTest0.test442], The revealed different behavior: PASS, when executed after: [], Test: RegressionTest1.test088, Intended behavior: FAILURE, when executed after: [RegressionTest0.test167], The revealed different behavior: PASS, when executed after: [], Test: RegressionTest1.test098, Intended behavior: FAILURE, when executed after: [RegressionTest1.test013], The revealed different behavior: PASS, when executed after: [], Test: RegressionTest1.test184, Intended behavior: FAILURE, when executed after: [RegressionTest1.test098], The revealed different behavior: PASS, when executed after: [], Test: RegressionTest1.test165, Intended behavior: FAILURE, when executed after: [RegressionTest1.test123], The revealed different behavior: PASS, when executed after: [], Test: RegressionTest1.test345, Intended behavior: FAILURE, when executed after: [RegressionTest1.test184], The revealed different behavior: PASS, when executed after: [], Test: RegressionTest1.test013, Intended behavior: FAILURE, when executed after: [RegressionTest1.test002], The revealed different behavior: PASS, when executed after: [], Test: RegressionTest1.test002, Intended behavior: FAILURE, when executed after: [RegressionTest1.test005], The revealed different behavior: PASS, when executed after: [], Test: RegressionTest1.test319, Intended behavior: FAILURE, when executed after: [RegressionTest1.test165], The revealed different behavior: PASS, when executed after: [], Test: RegressionTest1.test421, Intended behavior: FAILURE, when executed after: [RegressionTest1.test345], The revealed different behavior: PASS, when executed after: [], Test: RegressionTest1.test465, Intended behavior: FAILURE, when executed after: [RegressionTest1.test319], The revealed different behavior: PASS, when executed after: [], Test: RegressionTest2.test101, Intended behavior: FAILURE, when executed after: [RegressionTest1.test421], The revealed different behavior: PASS, when executed after: []]
--------------------------
Execution time of TLG and its time to find/nullify any DTs for 1 machine (does not include the time to run the tests in the new order): 1.493
Number of tests selected out of total in original order: 73 / 1160
Number of DTs not fixed: 0
Number of DTs fixed: 0
Execution time for executing the following testing order: 0.772

Test order list:
[RegressionTest0.test074, RegressionTest0.test075, RegressionTest0.test076, RegressionTest0.test077, RegressionTest0.test078, RegressionTest0.test079, RegressionTest0.test080, RegressionTest0.test081, RegressionTest0.test082, RegressionTest0.test083, RegressionTest0.test084, RegressionTest0.test085, RegressionTest0.test086, RegressionTest0.test087, RegressionTest0.test088, RegressionTest0.test089, RegressionTest0.test090, RegressionTest0.test091, RegressionTest0.test092, RegressionTest0.test093, RegressionTest0.test094, RegressionTest0.test095, RegressionTest0.test096, RegressionTest0.test097, RegressionTest0.test098, RegressionTest0.test099, RegressionTest0.test100, RegressionTest0.test101, RegressionTest0.test102, RegressionTest0.test103, RegressionTest0.test104, RegressionTest0.test105, RegressionTest0.test106, RegressionTest0.test107, RegressionTest0.test108, RegressionTest0.test109, RegressionTest0.test110, RegressionTest0.test111, RegressionTest0.test112, RegressionTest0.test113, RegressionTest0.test114, RegressionTest0.test115, RegressionTest0.test116, RegressionTest0.test117, RegressionTest0.test118, RegressionTest0.test119, RegressionTest0.test120, RegressionTest0.test121, RegressionTest0.test122, RegressionTest0.test123, RegressionTest0.test124, RegressionTest0.test125, RegressionTest0.test126, RegressionTest0.test127, RegressionTest0.test128, RegressionTest0.test129, RegressionTest0.test130, RegressionTest0.test131, RegressionTest0.test132, RegressionTest0.test133, RegressionTest0.test134, RegressionTest0.test135, RegressionTest0.test136, RegressionTest0.test137, RegressionTest0.test138, RegressionTest0.test139, RegressionTest0.test140, RegressionTest0.test141, RegressionTest0.test142, RegressionTest0.test143, RegressionTest0.test144, RegressionTest0.test145, RegressionTest0.test146]

Time each test takes to run in the new order:
[14881680, 1272780, 1343423, 5105803, 909589, 967368, 77859, 3324793, 577801167, 61546, 92742, 137284, 3395595, 15068746, 2891893, 4221644, 2379652, 3119059, 3223255, 2658260, 3059256, 1924782, 92634, 2988398, 2855642, 65507, 2611845, 4940989, 74441, 2874917, 2335815, 1438449, 3382808, 145683, 2723247, 52457, 2388589, 3469828, 3299738, 2983715, 819410, 2930619, 1425388, 905583, 94312, 12267958, 10212832, 50123, 4555311, 106222, 4971154, 1068457, 2938664, 2245621, 3628262, 132059, 3458936, 2352181, 3645221, 3548478, 54935, 746118, 98662, 640584, 1778149, 3376686, 3666371, 856084, 1618908, 3591873, 3006139, 1750602, 2383694]

Dependent test list:
[Test: RegressionTest1.test005, Intended behavior: FAILURE, when executed after: [RegressionTest0.test403], The revealed different behavior: PASS, when executed after: [], Test: RegressionTest1.test123, Intended behavior: FAILURE, when executed after: [RegressionTest1.test094], The revealed different behavior: PASS, when executed after: [], Test: RegressionTest1.test094, Intended behavior: FAILURE, when executed after: [RegressionTest0.test442], The revealed different behavior: PASS, when executed after: [], Test: RegressionTest1.test088, Intended behavior: FAILURE, when executed after: [RegressionTest0.test167], The revealed different behavior: PASS, when executed after: [], Test: RegressionTest1.test098, Intended behavior: FAILURE, when executed after: [RegressionTest1.test013], The revealed different behavior: PASS, when executed after: [], Test: RegressionTest1.test184, Intended behavior: FAILURE, when executed after: [RegressionTest1.test098], The revealed different behavior: PASS, when executed after: [], Test: RegressionTest1.test165, Intended behavior: FAILURE, when executed after: [RegressionTest1.test123], The revealed different behavior: PASS, when executed after: [], Test: RegressionTest1.test345, Intended behavior: FAILURE, when executed after: [RegressionTest1.test184], The revealed different behavior: PASS, when executed after: [], Test: RegressionTest1.test013, Intended behavior: FAILURE, when executed after: [RegressionTest1.test002], The revealed different behavior: PASS, when executed after: [], Test: RegressionTest1.test002, Intended behavior: FAILURE, when executed after: [RegressionTest1.test005], The revealed different behavior: PASS, when executed after: [], Test: RegressionTest1.test319, Intended behavior: FAILURE, when executed after: [RegressionTest1.test165], The revealed different behavior: PASS, when executed after: [], Test: RegressionTest1.test421, Intended behavior: FAILURE, when executed after: [RegressionTest1.test345], The revealed different behavior: PASS, when executed after: [], Test: RegressionTest1.test465, Intended behavior: FAILURE, when executed after: [RegressionTest1.test319], The revealed different behavior: PASS, when executed after: [], Test: RegressionTest2.test101, Intended behavior: FAILURE, when executed after: [RegressionTest1.test421], The revealed different behavior: PASS, when executed after: []]
--------------------------
Execution time of TLG and its time to find/nullify any DTs for 1 machine (does not include the time to run the tests in the new order): 1.535
Number of tests selected out of total in original order: 73 / 1160
Number of DTs not fixed: 0
Number of DTs fixed: 0
Execution time for executing the following testing order: 0.807

Test order list:
[RegressionTest0.test147, RegressionTest0.test148, RegressionTest0.test149, RegressionTest0.test150, RegressionTest0.test151, RegressionTest0.test152, RegressionTest0.test153, RegressionTest0.test154, RegressionTest0.test155, RegressionTest0.test156, RegressionTest0.test157, RegressionTest0.test158, RegressionTest0.test159, RegressionTest0.test160, RegressionTest0.test161, RegressionTest0.test162, RegressionTest0.test163, RegressionTest0.test164, RegressionTest0.test165, RegressionTest0.test167, RegressionTest0.test168, RegressionTest0.test169, RegressionTest0.test170, RegressionTest0.test171, RegressionTest0.test172, RegressionTest0.test173, RegressionTest0.test174, RegressionTest0.test175, RegressionTest0.test176, RegressionTest0.test177, RegressionTest0.test178, RegressionTest0.test179, RegressionTest0.test180, RegressionTest0.test181, RegressionTest0.test182, RegressionTest0.test183, RegressionTest0.test184, RegressionTest0.test185, RegressionTest0.test186, RegressionTest0.test187, RegressionTest0.test188, RegressionTest0.test189, RegressionTest0.test190, RegressionTest0.test191, RegressionTest0.test192, RegressionTest0.test193, RegressionTest0.test194, RegressionTest0.test195, RegressionTest0.test196, RegressionTest0.test197, RegressionTest0.test198, RegressionTest0.test199, RegressionTest0.test200, RegressionTest0.test201, RegressionTest0.test202, RegressionTest0.test203, RegressionTest0.test204, RegressionTest0.test205, RegressionTest0.test206, RegressionTest0.test207, RegressionTest0.test208, RegressionTest0.test209, RegressionTest0.test210, RegressionTest0.test211, RegressionTest0.test212, RegressionTest0.test213, RegressionTest0.test214, RegressionTest0.test215, RegressionTest0.test216, RegressionTest0.test217, RegressionTest0.test218, RegressionTest0.test219, RegressionTest0.test220]

Time each test takes to run in the new order:
[106776, 1416808, 3161091, 3550677, 3175697, 90380, 2735915, 6325324, 2354726, 94117, 625465, 3262843, 3117148, 2720543, 2689295, 4023170, 3074179, 589398078, 5873568, 2823108, 3072583, 2310448, 1948458, 58088, 1723659, 652654, 2794921, 7525411, 3204747, 2728649, 1150411, 2317329, 1902923, 700391, 1388202, 7849364, 1712782, 142218, 3097284, 537925, 1362793, 119988, 104533, 3726951, 4620247, 3348567, 74284, 1525885, 5286767, 2506907, 951535, 3102990, 3349605, 146100, 2573132, 1687821, 3819192, 8166441, 5236693, 13372433, 62613, 3540759, 118725, 2990196, 2204668, 2576052, 6897152, 1443235, 809244, 31103258, 169177, 2521356, 123949]

Dependent test list:
[Test: RegressionTest1.test005, Intended behavior: FAILURE, when executed after: [RegressionTest0.test403], The revealed different behavior: PASS, when executed after: [], Test: RegressionTest1.test123, Intended behavior: FAILURE, when executed after: [RegressionTest1.test094], The revealed different behavior: PASS, when executed after: [], Test: RegressionTest1.test094, Intended behavior: FAILURE, when executed after: [RegressionTest0.test442], The revealed different behavior: PASS, when executed after: [], Test: RegressionTest1.test088, Intended behavior: FAILURE, when executed after: [RegressionTest0.test167], The revealed different behavior: PASS, when executed after: [], Test: RegressionTest1.test098, Intended behavior: FAILURE, when executed after: [RegressionTest1.test013], The revealed different behavior: PASS, when executed after: [], Test: RegressionTest1.test184, Intended behavior: FAILURE, when executed after: [RegressionTest1.test098], The revealed different behavior: PASS, when executed after: [], Test: RegressionTest1.test165, Intended behavior: FAILURE, when executed after: [RegressionTest1.test123], The revealed different behavior: PASS, when executed after: [], Test: RegressionTest1.test345, Intended behavior: FAILURE, when executed after: [RegressionTest1.test184], The revealed different behavior: PASS, when executed after: [], Test: RegressionTest1.test013, Intended behavior: FAILURE, when executed after: [RegressionTest1.test002], The revealed different behavior: PASS, when executed after: [], Test: RegressionTest1.test002, Intended behavior: FAILURE, when executed after: [RegressionTest1.test005], The revealed different behavior: PASS, when executed after: [], Test: RegressionTest1.test319, Intended behavior: FAILURE, when executed after: [RegressionTest1.test165], The revealed different behavior: PASS, when executed after: [], Test: RegressionTest1.test421, Intended behavior: FAILURE, when executed after: [RegressionTest1.test345], The revealed different behavior: PASS, when executed after: [], Test: RegressionTest1.test465, Intended behavior: FAILURE, when executed after: [RegressionTest1.test319], The revealed different behavior: PASS, when executed after: [], Test: RegressionTest2.test101, Intended behavior: FAILURE, when executed after: [RegressionTest1.test421], The revealed different behavior: PASS, when executed after: []]
--------------------------
Execution time of TLG and its time to find/nullify any DTs for 1 machine (does not include the time to run the tests in the new order): 1.504
Number of tests selected out of total in original order: 73 / 1160
Number of DTs not fixed: 0
Number of DTs fixed: 0
Execution time for executing the following testing order: 0.769

Test order list:
[RegressionTest0.test221, RegressionTest0.test223, RegressionTest0.test224, RegressionTest0.test225, RegressionTest0.test226, RegressionTest0.test227, RegressionTest0.test228, RegressionTest0.test229, RegressionTest0.test230, RegressionTest0.test231, RegressionTest0.test232, RegressionTest0.test233, RegressionTest0.test234, RegressionTest0.test235, RegressionTest0.test236, RegressionTest0.test237, RegressionTest0.test238, RegressionTest0.test239, RegressionTest0.test240, RegressionTest0.test241, RegressionTest0.test242, RegressionTest0.test243, RegressionTest0.test244, RegressionTest0.test245, RegressionTest0.test246, RegressionTest0.test247, RegressionTest0.test248, RegressionTest0.test249, RegressionTest0.test250, RegressionTest0.test251, RegressionTest0.test252, RegressionTest0.test253, RegressionTest0.test254, RegressionTest0.test255, RegressionTest0.test256, RegressionTest0.test257, RegressionTest0.test258, RegressionTest0.test259, RegressionTest0.test260, RegressionTest0.test261, RegressionTest0.test262, RegressionTest0.test263, RegressionTest0.test264, RegressionTest0.test265, RegressionTest0.test266, RegressionTest0.test267, RegressionTest0.test268, RegressionTest0.test269, RegressionTest0.test270, RegressionTest0.test271, RegressionTest0.test272, RegressionTest0.test273, RegressionTest0.test274, RegressionTest0.test275, RegressionTest0.test276, RegressionTest0.test277, RegressionTest0.test278, RegressionTest0.test279, RegressionTest0.test280, RegressionTest0.test281, RegressionTest0.test282, RegressionTest0.test283, RegressionTest0.test284, RegressionTest0.test285, RegressionTest0.test286, RegressionTest0.test287, RegressionTest0.test288, RegressionTest0.test289, RegressionTest0.test290, RegressionTest0.test291, RegressionTest0.test292, RegressionTest0.test293, RegressionTest0.test294]

Time each test takes to run in the new order:
[4611492, 330063, 87066, 1335217, 63605, 3963152, 90489627, 141389, 60199, 101740, 802326, 692000, 154469, 2824510, 4466793, 1413928, 9888816, 1511002, 262758367, 7220220, 2608820, 192358, 96297, 91367, 2897603, 2420585, 3355942, 7858012, 3321296, 96596, 2900698, 139770, 737098, 94093, 2984206, 1707491, 4400171, 2722600, 3847525, 1713018, 4121864, 3442615, 4324343, 2162154, 116917, 764500, 10628748, 2965103, 1639327, 2876738, 253363117, 1079560, 1651342, 2173907, 4543144, 2514305, 79030, 917792, 64461, 1331129, 2374133, 2914509, 2023297, 4090828, 90873, 1817027, 3342499, 59913, 3032597, 3514281, 3668615, 87623, 4006407]

Dependent test list:
[Test: RegressionTest1.test005, Intended behavior: FAILURE, when executed after: [RegressionTest0.test403], The revealed different behavior: PASS, when executed after: [], Test: RegressionTest1.test123, Intended behavior: FAILURE, when executed after: [RegressionTest1.test094], The revealed different behavior: PASS, when executed after: [], Test: RegressionTest1.test094, Intended behavior: FAILURE, when executed after: [RegressionTest0.test442], The revealed different behavior: PASS, when executed after: [], Test: RegressionTest1.test088, Intended behavior: FAILURE, when executed after: [RegressionTest0.test167], The revealed different behavior: PASS, when executed after: [], Test: RegressionTest1.test098, Intended behavior: FAILURE, when executed after: [RegressionTest1.test013], The revealed different behavior: PASS, when executed after: [], Test: RegressionTest1.test184, Intended behavior: FAILURE, when executed after: [RegressionTest1.test098], The revealed different behavior: PASS, when executed after: [], Test: RegressionTest1.test165, Intended behavior: FAILURE, when executed after: [RegressionTest1.test123], The revealed different behavior: PASS, when executed after: [], Test: RegressionTest1.test345, Intended behavior: FAILURE, when executed after: [RegressionTest1.test184], The revealed different behavior: PASS, when executed after: [], Test: RegressionTest1.test013, Intended behavior: FAILURE, when executed after: [RegressionTest1.test002], The revealed different behavior: PASS, when executed after: [], Test: RegressionTest1.test002, Intended behavior: FAILURE, when executed after: [RegressionTest1.test005], The revealed different behavior: PASS, when executed after: [], Test: RegressionTest1.test319, Intended behavior: FAILURE, when executed after: [RegressionTest1.test165], The revealed different behavior: PASS, when executed after: [], Test: RegressionTest1.test421, Intended behavior: FAILURE, when executed after: [RegressionTest1.test345], The revealed different behavior: PASS, when executed after: [], Test: RegressionTest1.test465, Intended behavior: FAILURE, when executed after: [RegressionTest1.test319], The revealed different behavior: PASS, when executed after: [], Test: RegressionTest2.test101, Intended behavior: FAILURE, when executed after: [RegressionTest1.test421], The revealed different behavior: PASS, when executed after: []]
--------------------------
Execution time of TLG and its time to find/nullify any DTs for 1 machine (does not include the time to run the tests in the new order): 1.570
Number of tests selected out of total in original order: 73 / 1160
Number of DTs not fixed: 0
Number of DTs fixed: 0
Execution time for executing the following testing order: 0.869

Test order list:
[RegressionTest0.test295, RegressionTest0.test296, RegressionTest0.test297, RegressionTest0.test298, RegressionTest0.test299, RegressionTest0.test300, RegressionTest0.test301, RegressionTest0.test302, RegressionTest0.test303, RegressionTest0.test304, RegressionTest0.test305, RegressionTest0.test306, RegressionTest0.test307, RegressionTest0.test308, RegressionTest0.test309, RegressionTest0.test310, RegressionTest0.test311, RegressionTest0.test312, RegressionTest0.test313, RegressionTest0.test314, RegressionTest0.test315, RegressionTest0.test316, RegressionTest0.test317, RegressionTest0.test318, RegressionTest0.test319, RegressionTest0.test320, RegressionTest0.test321, RegressionTest0.test322, RegressionTest0.test323, RegressionTest0.test324, RegressionTest0.test325, RegressionTest0.test326, RegressionTest0.test327, RegressionTest0.test328, RegressionTest0.test329, RegressionTest0.test330, RegressionTest0.test331, RegressionTest0.test332, RegressionTest0.test333, RegressionTest0.test334, RegressionTest0.test335, RegressionTest0.test336, RegressionTest0.test337, RegressionTest0.test338, RegressionTest0.test339, RegressionTest0.test340, RegressionTest0.test341, RegressionTest0.test342, RegressionTest0.test343, RegressionTest0.test344, RegressionTest0.test345, RegressionTest0.test346, RegressionTest0.test347, RegressionTest0.test348, RegressionTest0.test349, RegressionTest0.test350, RegressionTest0.test351, RegressionTest0.test352, RegressionTest0.test353, RegressionTest0.test354, RegressionTest0.test355, RegressionTest0.test356, RegressionTest0.test357, RegressionTest0.test358, RegressionTest0.test359, RegressionTest0.test360, RegressionTest0.test361, RegressionTest0.test362, RegressionTest0.test363, RegressionTest0.test364, RegressionTest0.test365, RegressionTest0.test366, RegressionTest0.test367]

Time each test takes to run in the new order:
[2636737, 3311631, 800896, 510916, 2293588, 3357301, 540977612, 6294994, 2203334, 565257, 4158478, 2809140, 2273088, 2728250, 110640, 3159492, 1727257, 2926622, 2029595, 4317533, 108695154, 1109417, 5748601, 1305024, 1497740, 4369876, 63987, 586636, 80787, 4259424, 14236804, 2516905, 2874638, 5649821, 5693509, 1202380, 7544935, 2945695, 211805, 125822, 778917, 873944, 2886701, 4509596, 1531921, 4466287, 3163064, 3282048, 3223947, 4061711, 86762, 2773886, 4998724, 2549226, 3958594, 2456256, 11172662, 3320639, 3443812, 2979452, 5116903, 603277, 4436790, 4219748, 2010431, 6627761, 84380, 1291777, 4599036, 876628, 5620649, 4720668, 2820728]

Dependent test list:
[Test: RegressionTest1.test005, Intended behavior: FAILURE, when executed after: [RegressionTest0.test403], The revealed different behavior: PASS, when executed after: [], Test: RegressionTest1.test123, Intended behavior: FAILURE, when executed after: [RegressionTest1.test094], The revealed different behavior: PASS, when executed after: [], Test: RegressionTest1.test094, Intended behavior: FAILURE, when executed after: [RegressionTest0.test442], The revealed different behavior: PASS, when executed after: [], Test: RegressionTest1.test088, Intended behavior: FAILURE, when executed after: [RegressionTest0.test167], The revealed different behavior: PASS, when executed after: [], Test: RegressionTest1.test098, Intended behavior: FAILURE, when executed after: [RegressionTest1.test013], The revealed different behavior: PASS, when executed after: [], Test: RegressionTest1.test184, Intended behavior: FAILURE, when executed after: [RegressionTest1.test098], The revealed different behavior: PASS, when executed after: [], Test: RegressionTest1.test165, Intended behavior: FAILURE, when executed after: [RegressionTest1.test123], The revealed different behavior: PASS, when executed after: [], Test: RegressionTest1.test345, Intended behavior: FAILURE, when executed after: [RegressionTest1.test184], The revealed different behavior: PASS, when executed after: [], Test: RegressionTest1.test013, Intended behavior: FAILURE, when executed after: [RegressionTest1.test002], The revealed different behavior: PASS, when executed after: [], Test: RegressionTest1.test002, Intended behavior: FAILURE, when executed after: [RegressionTest1.test005], The revealed different behavior: PASS, when executed after: [], Test: RegressionTest1.test319, Intended behavior: FAILURE, when executed after: [RegressionTest1.test165], The revealed different behavior: PASS, when executed after: [], Test: RegressionTest1.test421, Intended behavior: FAILURE, when executed after: [RegressionTest1.test345], The revealed different behavior: PASS, when executed after: [], Test: RegressionTest1.test465, Intended behavior: FAILURE, when executed after: [RegressionTest1.test319], The revealed different behavior: PASS, when executed after: [], Test: RegressionTest2.test101, Intended behavior: FAILURE, when executed after: [RegressionTest1.test421], The revealed different behavior: PASS, when executed after: []]
--------------------------
Execution time of TLG and its time to find/nullify any DTs for 1 machine (does not include the time to run the tests in the new order): 3.122
Number of tests selected out of total in original order: 73 / 1160
Number of DTs not fixed: 0
Number of DTs fixed: 0
Execution time for executing the following testing order: 2.327

Test order list:
[RegressionTest0.test368, RegressionTest0.test369, RegressionTest0.test370, RegressionTest0.test371, RegressionTest0.test372, RegressionTest0.test373, RegressionTest0.test374, RegressionTest0.test375, RegressionTest0.test376, RegressionTest0.test377, RegressionTest0.test378, RegressionTest0.test379, RegressionTest0.test380, RegressionTest0.test381, RegressionTest0.test382, RegressionTest0.test383, RegressionTest0.test384, RegressionTest0.test385, RegressionTest0.test386, RegressionTest0.test387, RegressionTest0.test388, RegressionTest0.test389, RegressionTest0.test390, RegressionTest0.test391, RegressionTest0.test392, RegressionTest0.test393, RegressionTest0.test394, RegressionTest0.test395, RegressionTest0.test396, RegressionTest0.test397, RegressionTest0.test398, RegressionTest0.test399, RegressionTest0.test400, RegressionTest0.test401, RegressionTest0.test402, RegressionTest0.test403, RegressionTest0.test404, RegressionTest0.test405, RegressionTest0.test406, RegressionTest0.test407, RegressionTest0.test408, RegressionTest0.test409, RegressionTest0.test410, RegressionTest0.test411, RegressionTest0.test412, RegressionTest0.test413, RegressionTest0.test414, RegressionTest0.test415, RegressionTest0.test416, RegressionTest0.test417, RegressionTest0.test418, RegressionTest0.test419, RegressionTest0.test420, RegressionTest0.test421, RegressionTest0.test422, RegressionTest0.test423, RegressionTest0.test424, RegressionTest0.test425, RegressionTest0.test426, RegressionTest0.test427, RegressionTest0.test428, RegressionTest0.test429, RegressionTest0.test430, RegressionTest0.test431, RegressionTest0.test432, RegressionTest0.test433, RegressionTest0.test434, RegressionTest0.test435, RegressionTest0.test436, RegressionTest0.test437, RegressionTest0.test438, RegressionTest0.test439, RegressionTest0.test440]

Time each test takes to run in the new order:
[160972, 4929099, 14054708, 7635685, 5434285, 2497449, 2289590, 1677522, 4350451, 92575, 2072585, 3300278, 3982897, 8063739, 188784, 3517520, 2138640, 4424443, 5217063, 4769221, 4546704, 801306, 2701637, 10760295, 1675509, 1598367, 73617, 13333653, 513698938, 1332063, 1493458765, 1136812, 143807, 902002, 188378, 2978151, 3310820, 656802, 3328662, 4906302, 1047992, 508263, 61460, 3039897, 5026694, 654274, 4432078, 1175745, 93511460, 4773450, 1865362, 1262364, 5064820, 2397344, 1005379, 5302578, 3978874, 2358667, 1495687, 4417760, 1022903, 2128351, 2970656, 3709927, 7883475, 547562, 2330610, 2933689, 2608468, 6769375, 2854097, 2431191, 3462263]

Dependent test list:
[Test: RegressionTest1.test005, Intended behavior: FAILURE, when executed after: [RegressionTest0.test403], The revealed different behavior: PASS, when executed after: [], Test: RegressionTest1.test123, Intended behavior: FAILURE, when executed after: [RegressionTest1.test094], The revealed different behavior: PASS, when executed after: [], Test: RegressionTest1.test094, Intended behavior: FAILURE, when executed after: [RegressionTest0.test442], The revealed different behavior: PASS, when executed after: [], Test: RegressionTest1.test088, Intended behavior: FAILURE, when executed after: [RegressionTest0.test167], The revealed different behavior: PASS, when executed after: [], Test: RegressionTest1.test098, Intended behavior: FAILURE, when executed after: [RegressionTest1.test013], The revealed different behavior: PASS, when executed after: [], Test: RegressionTest1.test184, Intended behavior: FAILURE, when executed after: [RegressionTest1.test098], The revealed different behavior: PASS, when executed after: [], Test: RegressionTest1.test165, Intended behavior: FAILURE, when executed after: [RegressionTest1.test123], The revealed different behavior: PASS, when executed after: [], Test: RegressionTest1.test345, Intended behavior: FAILURE, when executed after: [RegressionTest1.test184], The revealed different behavior: PASS, when executed after: [], Test: RegressionTest1.test013, Intended behavior: FAILURE, when executed after: [RegressionTest1.test002], The revealed different behavior: PASS, when executed after: [], Test: RegressionTest1.test002, Intended behavior: FAILURE, when executed after: [RegressionTest1.test005], The revealed different behavior: PASS, when executed after: [], Test: RegressionTest1.test319, Intended behavior: FAILURE, when executed after: [RegressionTest1.test165], The revealed different behavior: PASS, when executed after: [], Test: RegressionTest1.test421, Intended behavior: FAILURE, when executed after: [RegressionTest1.test345], The revealed different behavior: PASS, when executed after: [], Test: RegressionTest1.test465, Intended behavior: FAILURE, when executed after: [RegressionTest1.test319], The revealed different behavior: PASS, when executed after: [], Test: RegressionTest2.test101, Intended behavior: FAILURE, when executed after: [RegressionTest1.test421], The revealed different behavior: PASS, when executed after: []]
--------------------------
Execution time of TLG and its time to find/nullify any DTs for 1 machine (does not include the time to run the tests in the new order): 3.340
Number of tests selected out of total in original order: 74 / 1160
Number of DTs not fixed: 0
Number of DTs fixed: 0
Execution time for executing the following testing order: 2.654

Test order list:
[RegressionTest0.test441, RegressionTest0.test442, RegressionTest0.test443, RegressionTest0.test444, RegressionTest0.test445, RegressionTest0.test446, RegressionTest0.test447, RegressionTest0.test448, RegressionTest0.test449, RegressionTest0.test450, RegressionTest0.test451, RegressionTest0.test452, RegressionTest0.test453, RegressionTest0.test454, RegressionTest0.test455, RegressionTest0.test456, RegressionTest0.test457, RegressionTest0.test458, RegressionTest0.test459, RegressionTest0.test460, RegressionTest0.test461, RegressionTest0.test462, RegressionTest0.test463, RegressionTest0.test464, RegressionTest0.test465, RegressionTest0.test466, RegressionTest0.test467, RegressionTest0.test468, RegressionTest0.test469, RegressionTest0.test470, RegressionTest0.test471, RegressionTest0.test472, RegressionTest0.test473, RegressionTest0.test474, RegressionTest0.test475, RegressionTest0.test476, RegressionTest0.test477, RegressionTest0.test478, RegressionTest0.test479, RegressionTest0.test480, RegressionTest0.test481, RegressionTest0.test482, RegressionTest0.test483, RegressionTest0.test484, RegressionTest0.test485, RegressionTest0.test486, RegressionTest0.test487, RegressionTest0.test488, RegressionTest0.test489, RegressionTest0.test490, RegressionTest0.test491, RegressionTest0.test492, RegressionTest0.test493, RegressionTest0.test494, RegressionTest0.test495, RegressionTest0.test496, RegressionTest0.test497, RegressionTest0.test498, RegressionTest0.test499, RegressionTest0.test500, RegressionTest1.test006, RegressionTest0.test403, RegressionTest1.test005, RegressionTest1.test004, RegressionTest1.test009, RegressionTest1.test010, RegressionTest1.test001, RegressionTest1.test002, RegressionTest1.test003, RegressionTest1.test007, RegressionTest1.test008, RegressionTest1.test011, RegressionTest1.test012, RegressionTest1.test013]

Time each test takes to run in the new order:
[1711037, 211139, 3332240, 80717, 3419517, 74917, 4269449, 120326, 2362247, 3060300, 2681625, 642169939, 6407808, 2943139, 1173482, 2078845, 2410395, 2564967, 116350, 1149086, 2759599, 13132639, 2794529, 126906, 3503065, 601516, 2176273, 1827470, 2611910, 1403891, 3172855, 549653, 812080, 1767986, 3230718, 3122411, 3403010, 685475, 7829478, 4489956, 1479400170, 11627089, 162974480, 3636301, 2920399, 2944525, 2975284, 6472547, 3896348, 2094332, 3029074, 6862148, 165304, 5967893, 3108691, 668943, 175721, 2700383, 67250, 164211, 6328162, 3163808, 188859, 125889, 69384, 1269994, 2852414, 3366355, 169783128, 3504354, 4251570, 3034721, 2815951, 8819701]

Dependent test list:
[Test: RegressionTest1.test005, Intended behavior: FAILURE, when executed after: [RegressionTest0.test403], The revealed different behavior: PASS, when executed after: [], Test: RegressionTest1.test123, Intended behavior: FAILURE, when executed after: [RegressionTest1.test094], The revealed different behavior: PASS, when executed after: [], Test: RegressionTest1.test094, Intended behavior: FAILURE, when executed after: [RegressionTest0.test442], The revealed different behavior: PASS, when executed after: [], Test: RegressionTest1.test088, Intended behavior: FAILURE, when executed after: [RegressionTest0.test167], The revealed different behavior: PASS, when executed after: [], Test: RegressionTest1.test098, Intended behavior: FAILURE, when executed after: [RegressionTest1.test013], The revealed different behavior: PASS, when executed after: [], Test: RegressionTest1.test184, Intended behavior: FAILURE, when executed after: [RegressionTest1.test098], The revealed different behavior: PASS, when executed after: [], Test: RegressionTest1.test165, Intended behavior: FAILURE, when executed after: [RegressionTest1.test123], The revealed different behavior: PASS, when executed after: [], Test: RegressionTest1.test345, Intended behavior: FAILURE, when executed after: [RegressionTest1.test184], The revealed different behavior: PASS, when executed after: [], Test: RegressionTest1.test013, Intended behavior: FAILURE, when executed after: [RegressionTest1.test002], The revealed different behavior: PASS, when executed after: [], Test: RegressionTest1.test002, Intended behavior: FAILURE, when executed after: [RegressionTest1.test005], The revealed different behavior: PASS, when executed after: [], Test: RegressionTest1.test319, Intended behavior: FAILURE, when executed after: [RegressionTest1.test165], The revealed different behavior: PASS, when executed after: [], Test: RegressionTest1.test421, Intended behavior: FAILURE, when executed after: [RegressionTest1.test345], The revealed different behavior: PASS, when executed after: [], Test: RegressionTest1.test465, Intended behavior: FAILURE, when executed after: [RegressionTest1.test319], The revealed different behavior: PASS, when executed after: [], Test: RegressionTest2.test101, Intended behavior: FAILURE, when executed after: [RegressionTest1.test421], The revealed different behavior: PASS, when executed after: []]
--------------------------
Execution time of TLG and its time to find/nullify any DTs for 1 machine (does not include the time to run the tests in the new order): 1.549
Number of tests selected out of total in original order: 73 / 1160
Number of DTs not fixed: 0
Number of DTs fixed: 0
Execution time for executing the following testing order: 0.840

Test order list:
[RegressionTest1.test014, RegressionTest1.test015, RegressionTest1.test016, RegressionTest1.test017, RegressionTest1.test018, RegressionTest1.test019, RegressionTest1.test020, RegressionTest1.test021, RegressionTest1.test022, RegressionTest1.test023, RegressionTest1.test024, RegressionTest1.test025, RegressionTest1.test026, RegressionTest1.test027, RegressionTest1.test028, RegressionTest1.test029, RegressionTest1.test030, RegressionTest1.test031, RegressionTest1.test032, RegressionTest1.test033, RegressionTest1.test034, RegressionTest1.test035, RegressionTest1.test036, RegressionTest1.test037, RegressionTest1.test038, RegressionTest1.test039, RegressionTest1.test040, RegressionTest1.test041, RegressionTest1.test042, RegressionTest1.test043, RegressionTest1.test044, RegressionTest1.test045, RegressionTest1.test046, RegressionTest1.test047, RegressionTest1.test048, RegressionTest1.test049, RegressionTest1.test050, RegressionTest1.test051, RegressionTest1.test052, RegressionTest1.test053, RegressionTest1.test054, RegressionTest1.test055, RegressionTest1.test056, RegressionTest1.test057, RegressionTest1.test058, RegressionTest1.test059, RegressionTest1.test060, RegressionTest1.test061, RegressionTest1.test062, RegressionTest1.test063, RegressionTest1.test064, RegressionTest1.test065, RegressionTest1.test066, RegressionTest1.test067, RegressionTest1.test068, RegressionTest1.test069, RegressionTest1.test070, RegressionTest1.test071, RegressionTest1.test072, RegressionTest1.test073, RegressionTest1.test074, RegressionTest1.test075, RegressionTest1.test076, RegressionTest1.test077, RegressionTest1.test078, RegressionTest1.test079, RegressionTest1.test081, RegressionTest1.test082, RegressionTest1.test083, RegressionTest1.test084, RegressionTest1.test085, RegressionTest1.test086, RegressionTest1.test087]

Time each test takes to run in the new order:
[2400301, 2919349, 3359694, 76942, 5647597, 84974, 3142858, 1874887, 338420, 134659, 5989280, 3415317, 982790, 1752017, 713071, 4349448, 531939, 573102, 82604, 2801363, 2394303, 999602, 3620543, 4821483, 1743251, 1359809, 3995514, 4241942, 1869224, 10003725, 3036542, 99384131, 1781706, 3235251, 6648695, 552056627, 53466, 2754974, 73582, 5670575, 775320, 4546554, 86077, 804467, 1757844, 1217710, 890665, 3870920, 3707927, 722585, 87182, 1568871, 4405074, 3922376, 1615946, 69105, 2548773, 2002587, 231842, 2801058, 2111844, 11430763, 3372083, 2406500, 3102195, 4504613, 1824169, 1427802, 160233, 671162, 2930882, 15036729, 2816875]

Dependent test list:
[Test: RegressionTest1.test005, Intended behavior: FAILURE, when executed after: [RegressionTest0.test403], The revealed different behavior: PASS, when executed after: [], Test: RegressionTest1.test123, Intended behavior: FAILURE, when executed after: [RegressionTest1.test094], The revealed different behavior: PASS, when executed after: [], Test: RegressionTest1.test094, Intended behavior: FAILURE, when executed after: [RegressionTest0.test442], The revealed different behavior: PASS, when executed after: [], Test: RegressionTest1.test088, Intended behavior: FAILURE, when executed after: [RegressionTest0.test167], The revealed different behavior: PASS, when executed after: [], Test: RegressionTest1.test098, Intended behavior: FAILURE, when executed after: [RegressionTest1.test013], The revealed different behavior: PASS, when executed after: [], Test: RegressionTest1.test184, Intended behavior: FAILURE, when executed after: [RegressionTest1.test098], The revealed different behavior: PASS, when executed after: [], Test: RegressionTest1.test165, Intended behavior: FAILURE, when executed after: [RegressionTest1.test123], The revealed different behavior: PASS, when executed after: [], Test: RegressionTest1.test345, Intended behavior: FAILURE, when executed after: [RegressionTest1.test184], The revealed different behavior: PASS, when executed after: [], Test: RegressionTest1.test013, Intended behavior: FAILURE, when executed after: [RegressionTest1.test002], The revealed different behavior: PASS, when executed after: [], Test: RegressionTest1.test002, Intended behavior: FAILURE, when executed after: [RegressionTest1.test005], The revealed different behavior: PASS, when executed after: [], Test: RegressionTest1.test319, Intended behavior: FAILURE, when executed after: [RegressionTest1.test165], The revealed different behavior: PASS, when executed after: [], Test: RegressionTest1.test421, Intended behavior: FAILURE, when executed after: [RegressionTest1.test345], The revealed different behavior: PASS, when executed after: [], Test: RegressionTest1.test465, Intended behavior: FAILURE, when executed after: [RegressionTest1.test319], The revealed different behavior: PASS, when executed after: [], Test: RegressionTest2.test101, Intended behavior: FAILURE, when executed after: [RegressionTest1.test421], The revealed different behavior: PASS, when executed after: []]
--------------------------
Execution time of TLG and its time to find/nullify any DTs for 1 machine (does not include the time to run the tests in the new order): 3.862
Number of tests selected out of total in original order: 78 / 1160
Number of DTs not fixed: 0
Number of DTs fixed: 0
Execution time for executing the following testing order: 2.943

Test order list:
[RegressionTest0.test167, RegressionTest1.test088, RegressionTest1.test089, RegressionTest1.test090, RegressionTest1.test091, RegressionTest1.test092, RegressionTest1.test093, RegressionTest0.test442, RegressionTest1.test094, RegressionTest1.test095, RegressionTest1.test096, RegressionTest1.test097, RegressionTest0.test403, RegressionTest1.test005, RegressionTest1.test002, RegressionTest1.test013, RegressionTest1.test098, RegressionTest1.test099, RegressionTest1.test100, RegressionTest1.test101, RegressionTest1.test102, RegressionTest1.test103, RegressionTest1.test104, RegressionTest1.test105, RegressionTest1.test106, RegressionTest1.test107, RegressionTest1.test108, RegressionTest1.test109, RegressionTest1.test110, RegressionTest1.test111, RegressionTest1.test112, RegressionTest1.test113, RegressionTest1.test114, RegressionTest1.test115, RegressionTest1.test116, RegressionTest1.test117, RegressionTest1.test118, RegressionTest1.test119, RegressionTest1.test120, RegressionTest1.test121, RegressionTest1.test122, RegressionTest1.test123, RegressionTest1.test124, RegressionTest1.test125, RegressionTest1.test126, RegressionTest1.test127, RegressionTest1.test128, RegressionTest1.test129, RegressionTest1.test130, RegressionTest1.test131, RegressionTest1.test132, RegressionTest1.test133, RegressionTest1.test134, RegressionTest1.test135, RegressionTest1.test136, RegressionTest1.test137, RegressionTest1.test138, RegressionTest1.test139, RegressionTest1.test140, RegressionTest1.test141, RegressionTest1.test142, RegressionTest1.test143, RegressionTest1.test144, RegressionTest1.test145, RegressionTest1.test146, RegressionTest1.test147, RegressionTest1.test148, RegressionTest1.test149, RegressionTest1.test150, RegressionTest1.test151, RegressionTest1.test152, RegressionTest1.test153, RegressionTest1.test154, RegressionTest1.test155, RegressionTest1.test156, RegressionTest1.test157, RegressionTest1.test158, RegressionTest1.test159]

Time each test takes to run in the new order:
[2077835, 58844, 1173426, 1458412, 2829834, 7678557, 2025114, 1532959398, 2515485, 88493, 2925276, 718223, 2927861, 2804896, 2864411, 2211477, 120680, 2600404, 12628911, 2349709, 160465981, 1953591, 159097714, 11957240, 134920613, 3653330, 1331070, 3347522, 84719, 132577, 1112965, 179182, 2184485, 166240, 3709785, 5963778, 2840874, 82044, 2094637, 1164020, 1973389, 2217924, 6472182, 149283, 2444290, 2865843, 3283735, 773293, 3283973, 210761, 59943, 2469916, 57079, 70762, 62425, 532637, 2661583, 575629376, 7785465, 8954340, 1146591, 3267858, 453083, 87996, 1908000, 58886, 58432, 3335548, 3137919, 2944497, 997920, 2389192, 2145556, 192210148, 3159483, 1758394, 1224265, 19744241]

Dependent test list:
[Test: RegressionTest1.test005, Intended behavior: FAILURE, when executed after: [RegressionTest0.test403], The revealed different behavior: PASS, when executed after: [], Test: RegressionTest1.test123, Intended behavior: FAILURE, when executed after: [RegressionTest1.test094], The revealed different behavior: PASS, when executed after: [], Test: RegressionTest1.test094, Intended behavior: FAILURE, when executed after: [RegressionTest0.test442], The revealed different behavior: PASS, when executed after: [], Test: RegressionTest1.test088, Intended behavior: FAILURE, when executed after: [RegressionTest0.test167], The revealed different behavior: PASS, when executed after: [], Test: RegressionTest1.test098, Intended behavior: FAILURE, when executed after: [RegressionTest1.test013], The revealed different behavior: PASS, when executed after: [], Test: RegressionTest1.test184, Intended behavior: FAILURE, when executed after: [RegressionTest1.test098], The revealed different behavior: PASS, when executed after: [], Test: RegressionTest1.test165, Intended behavior: FAILURE, when executed after: [RegressionTest1.test123], The revealed different behavior: PASS, when executed after: [], Test: RegressionTest1.test345, Intended behavior: FAILURE, when executed after: [RegressionTest1.test184], The revealed different behavior: PASS, when executed after: [], Test: RegressionTest1.test013, Intended behavior: FAILURE, when executed after: [RegressionTest1.test002], The revealed different behavior: PASS, when executed after: [], Test: RegressionTest1.test002, Intended behavior: FAILURE, when executed after: [RegressionTest1.test005], The revealed different behavior: PASS, when executed after: [], Test: RegressionTest1.test319, Intended behavior: FAILURE, when executed after: [RegressionTest1.test165], The revealed different behavior: PASS, when executed after: [], Test: RegressionTest1.test421, Intended behavior: FAILURE, when executed after: [RegressionTest1.test345], The revealed different behavior: PASS, when executed after: [], Test: RegressionTest1.test465, Intended behavior: FAILURE, when executed after: [RegressionTest1.test319], The revealed different behavior: PASS, when executed after: [], Test: RegressionTest2.test101, Intended behavior: FAILURE, when executed after: [RegressionTest1.test421], The revealed different behavior: PASS, when executed after: []]
--------------------------
Execution time of TLG and its time to find/nullify any DTs for 1 machine (does not include the time to run the tests in the new order): 4.146
Number of tests selected out of total in original order: 80 / 1160
Number of DTs not fixed: 0
Number of DTs fixed: 0
Execution time for executing the following testing order: 3.240

Test order list:
[RegressionTest1.test160, RegressionTest1.test161, RegressionTest1.test162, RegressionTest1.test163, RegressionTest1.test164, RegressionTest0.test442, RegressionTest1.test094, RegressionTest1.test123, RegressionTest1.test165, RegressionTest1.test166, RegressionTest1.test167, RegressionTest1.test168, RegressionTest1.test169, RegressionTest1.test170, RegressionTest1.test171, RegressionTest1.test172, RegressionTest1.test173, RegressionTest1.test174, RegressionTest1.test175, RegressionTest1.test176, RegressionTest1.test177, RegressionTest1.test178, RegressionTest1.test179, RegressionTest1.test180, RegressionTest1.test181, RegressionTest1.test182, RegressionTest1.test183, RegressionTest0.test403, RegressionTest1.test005, RegressionTest1.test002, RegressionTest1.test013, RegressionTest1.test098, RegressionTest1.test184, RegressionTest1.test185, RegressionTest1.test186, RegressionTest1.test187, RegressionTest1.test188, RegressionTest1.test189, RegressionTest1.test190, RegressionTest1.test191, RegressionTest1.test192, RegressionTest1.test193, RegressionTest1.test194, RegressionTest1.test195, RegressionTest1.test196, RegressionTest1.test197, RegressionTest1.test198, RegressionTest1.test199, RegressionTest1.test200, RegressionTest1.test201, RegressionTest1.test202, RegressionTest1.test203, RegressionTest1.test204, RegressionTest1.test205, RegressionTest1.test206, RegressionTest1.test207, RegressionTest1.test208, RegressionTest1.test209, RegressionTest1.test210, RegressionTest1.test211, RegressionTest1.test212, RegressionTest1.test213, RegressionTest1.test214, RegressionTest1.test215, RegressionTest1.test216, RegressionTest1.test217, RegressionTest1.test218, RegressionTest1.test219, RegressionTest1.test220, RegressionTest1.test221, RegressionTest1.test222, RegressionTest1.test223, RegressionTest1.test224, RegressionTest1.test225, RegressionTest1.test226, RegressionTest1.test227, RegressionTest1.test228, RegressionTest1.test229, RegressionTest1.test230, RegressionTest1.test231]

Time each test takes to run in the new order:
[3438519, 168213, 5914038, 39114411, 2978237, 1394631, 4776232, 128981, 15040713, 78770, 67442, 140376, 2172392, 2689721, 196376689, 1631144, 2549888, 945942, 3131747, 1606217, 959636, 1352825, 2415481, 882728, 4415565, 1430516, 125727, 933376, 4994801, 125166, 5336343, 122242, 4393811, 3099193, 1045445, 145241548, 159747, 74963, 2594947, 2325935, 6598807, 1215750, 170108415, 63266499, 2580729, 105943, 9564979, 2846381, 3814155, 1431157366, 646109, 546452582, 680507, 58467, 7241026, 1994323, 2189337, 71309, 1996285, 2860939, 539726, 5423826, 2404966, 66310, 2305483, 2066509, 928800, 3832589, 183944318, 3617337, 134576524, 736245, 6102565, 5978908, 2653570, 2136467, 2610854, 2246666, 1270921, 154235248]

Dependent test list:
[Test: RegressionTest1.test005, Intended behavior: FAILURE, when executed after: [RegressionTest0.test403], The revealed different behavior: PASS, when executed after: [], Test: RegressionTest1.test123, Intended behavior: FAILURE, when executed after: [RegressionTest1.test094], The revealed different behavior: PASS, when executed after: [], Test: RegressionTest1.test094, Intended behavior: FAILURE, when executed after: [RegressionTest0.test442], The revealed different behavior: PASS, when executed after: [], Test: RegressionTest1.test088, Intended behavior: FAILURE, when executed after: [RegressionTest0.test167], The revealed different behavior: PASS, when executed after: [], Test: RegressionTest1.test098, Intended behavior: FAILURE, when executed after: [RegressionTest1.test013], The revealed different behavior: PASS, when executed after: [], Test: RegressionTest1.test184, Intended behavior: FAILURE, when executed after: [RegressionTest1.test098], The revealed different behavior: PASS, when executed after: [], Test: RegressionTest1.test165, Intended behavior: FAILURE, when executed after: [RegressionTest1.test123], The revealed different behavior: PASS, when executed after: [], Test: RegressionTest1.test345, Intended behavior: FAILURE, when executed after: [RegressionTest1.test184], The revealed different behavior: PASS, when executed after: [], Test: RegressionTest1.test013, Intended behavior: FAILURE, when executed after: [RegressionTest1.test002], The revealed different behavior: PASS, when executed after: [], Test: RegressionTest1.test002, Intended behavior: FAILURE, when executed after: [RegressionTest1.test005], The revealed different behavior: PASS, when executed after: [], Test: RegressionTest1.test319, Intended behavior: FAILURE, when executed after: [RegressionTest1.test165], The revealed different behavior: PASS, when executed after: [], Test: RegressionTest1.test421, Intended behavior: FAILURE, when executed after: [RegressionTest1.test345], The revealed different behavior: PASS, when executed after: [], Test: RegressionTest1.test465, Intended behavior: FAILURE, when executed after: [RegressionTest1.test319], The revealed different behavior: PASS, when executed after: [], Test: RegressionTest2.test101, Intended behavior: FAILURE, when executed after: [RegressionTest1.test421], The revealed different behavior: PASS, when executed after: []]
--------------------------
Execution time of TLG and its time to find/nullify any DTs for 1 machine (does not include the time to run the tests in the new order): 1.491
Number of tests selected out of total in original order: 72 / 1160
Number of DTs not fixed: 0
Number of DTs fixed: 0
Execution time for executing the following testing order: 0.784

Test order list:
[RegressionTest1.test232, RegressionTest1.test233, RegressionTest1.test234, RegressionTest1.test235, RegressionTest1.test236, RegressionTest1.test237, RegressionTest1.test238, RegressionTest1.test239, RegressionTest1.test240, RegressionTest1.test241, RegressionTest1.test242, RegressionTest1.test243, RegressionTest1.test244, RegressionTest1.test245, RegressionTest1.test246, RegressionTest1.test247, RegressionTest1.test248, RegressionTest1.test249, RegressionTest1.test250, RegressionTest1.test251, RegressionTest1.test252, RegressionTest1.test253, RegressionTest1.test254, RegressionTest1.test255, RegressionTest1.test256, RegressionTest1.test257, RegressionTest1.test258, RegressionTest1.test259, RegressionTest1.test260, RegressionTest1.test261, RegressionTest1.test262, RegressionTest1.test263, RegressionTest1.test264, RegressionTest1.test265, RegressionTest1.test266, RegressionTest1.test267, RegressionTest1.test268, RegressionTest1.test269, RegressionTest1.test270, RegressionTest1.test271, RegressionTest1.test272, RegressionTest1.test273, RegressionTest1.test274, RegressionTest1.test275, RegressionTest1.test276, RegressionTest1.test277, RegressionTest1.test278, RegressionTest1.test279, RegressionTest1.test280, RegressionTest1.test281, RegressionTest1.test282, RegressionTest1.test283, RegressionTest1.test284, RegressionTest1.test285, RegressionTest1.test286, RegressionTest1.test287, RegressionTest1.test288, RegressionTest1.test289, RegressionTest1.test290, RegressionTest1.test291, RegressionTest1.test292, RegressionTest1.test293, RegressionTest1.test294, RegressionTest1.test295, RegressionTest1.test296, RegressionTest1.test297, RegressionTest1.test298, RegressionTest1.test299, RegressionTest1.test300, RegressionTest1.test301, RegressionTest1.test302, RegressionTest1.test303]

Time each test takes to run in the new order:
[66246, 187993, 1538431, 3469405, 4529285, 2155768, 137655, 3249284, 56728, 100237, 6009292, 3429721, 80304, 70869, 53170, 3790885, 793554, 2548292, 89807, 70959, 149273, 3102454, 585027713, 116491, 2220494, 153755, 58302, 4533333, 2781416, 132903, 5920679, 194418, 667421, 3285140, 3854500, 694113, 2295622, 7855836, 1177719, 3488861, 101508, 70958, 51339, 54826, 3593523, 1068477, 3677576, 10537244, 3152704, 4930161, 4486292, 5403144, 3008141, 1104084, 2525960, 101226, 1582447, 14651498, 64438, 2993819, 3721077, 2062478, 77454, 1645385, 1189291, 1016677, 44655054, 200095, 77728, 1372109, 81806, 4681275]

Dependent test list:
[Test: RegressionTest1.test005, Intended behavior: FAILURE, when executed after: [RegressionTest0.test403], The revealed different behavior: PASS, when executed after: [], Test: RegressionTest1.test123, Intended behavior: FAILURE, when executed after: [RegressionTest1.test094], The revealed different behavior: PASS, when executed after: [], Test: RegressionTest1.test094, Intended behavior: FAILURE, when executed after: [RegressionTest0.test442], The revealed different behavior: PASS, when executed after: [], Test: RegressionTest1.test088, Intended behavior: FAILURE, when executed after: [RegressionTest0.test167], The revealed different behavior: PASS, when executed after: [], Test: RegressionTest1.test098, Intended behavior: FAILURE, when executed after: [RegressionTest1.test013], The revealed different behavior: PASS, when executed after: [], Test: RegressionTest1.test184, Intended behavior: FAILURE, when executed after: [RegressionTest1.test098], The revealed different behavior: PASS, when executed after: [], Test: RegressionTest1.test165, Intended behavior: FAILURE, when executed after: [RegressionTest1.test123], The revealed different behavior: PASS, when executed after: [], Test: RegressionTest1.test345, Intended behavior: FAILURE, when executed after: [RegressionTest1.test184], The revealed different behavior: PASS, when executed after: [], Test: RegressionTest1.test013, Intended behavior: FAILURE, when executed after: [RegressionTest1.test002], The revealed different behavior: PASS, when executed after: [], Test: RegressionTest1.test002, Intended behavior: FAILURE, when executed after: [RegressionTest1.test005], The revealed different behavior: PASS, when executed after: [], Test: RegressionTest1.test319, Intended behavior: FAILURE, when executed after: [RegressionTest1.test165], The revealed different behavior: PASS, when executed after: [], Test: RegressionTest1.test421, Intended behavior: FAILURE, when executed after: [RegressionTest1.test345], The revealed different behavior: PASS, when executed after: [], Test: RegressionTest1.test465, Intended behavior: FAILURE, when executed after: [RegressionTest1.test319], The revealed different behavior: PASS, when executed after: [], Test: RegressionTest2.test101, Intended behavior: FAILURE, when executed after: [RegressionTest1.test421], The revealed different behavior: PASS, when executed after: []]
--------------------------
Execution time of TLG and its time to find/nullify any DTs for 1 machine (does not include the time to run the tests in the new order): 4.097
Number of tests selected out of total in original order: 82 / 1160
Number of DTs not fixed: 0
Number of DTs fixed: 0
Execution time for executing the following testing order: 3.138

Test order list:
[RegressionTest1.test304, RegressionTest1.test305, RegressionTest1.test306, RegressionTest1.test307, RegressionTest1.test308, RegressionTest1.test309, RegressionTest1.test310, RegressionTest1.test311, RegressionTest1.test312, RegressionTest1.test313, RegressionTest1.test314, RegressionTest1.test315, RegressionTest1.test316, RegressionTest1.test317, RegressionTest1.test318, RegressionTest0.test442, RegressionTest1.test094, RegressionTest1.test123, RegressionTest1.test165, RegressionTest1.test319, RegressionTest1.test320, RegressionTest1.test321, RegressionTest1.test322, RegressionTest1.test323, RegressionTest1.test324, RegressionTest1.test325, RegressionTest1.test326, RegressionTest1.test327, RegressionTest1.test328, RegressionTest1.test329, RegressionTest1.test330, RegressionTest1.test331, RegressionTest1.test332, RegressionTest1.test333, RegressionTest1.test334, RegressionTest1.test335, RegressionTest1.test336, RegressionTest1.test337, RegressionTest1.test338, RegressionTest1.test339, RegressionTest1.test340, RegressionTest1.test341, RegressionTest1.test342, RegressionTest1.test343, RegressionTest1.test344, RegressionTest0.test403, RegressionTest1.test005, RegressionTest1.test002, RegressionTest1.test013, RegressionTest1.test098, RegressionTest1.test184, RegressionTest1.test345, RegressionTest1.test346, RegressionTest1.test347, RegressionTest1.test348, RegressionTest1.test349, RegressionTest1.test350, RegressionTest1.test351, RegressionTest1.test352, RegressionTest1.test353, RegressionTest1.test354, RegressionTest1.test355, RegressionTest1.test356, RegressionTest1.test357, RegressionTest1.test358, RegressionTest1.test359, RegressionTest1.test360, RegressionTest1.test361, RegressionTest1.test362, RegressionTest1.test363, RegressionTest1.test364, RegressionTest1.test365, RegressionTest1.test366, RegressionTest1.test367, RegressionTest1.test368, RegressionTest1.test369, RegressionTest1.test370, RegressionTest1.test371, RegressionTest1.test372, RegressionTest1.test373, RegressionTest1.test374, RegressionTest1.test375]

Time each test takes to run in the new order:
[3803118, 3926232, 4179394, 14180525, 1439709, 83493, 1241212, 8071280, 2640426, 905753, 3816072, 1889796, 68163, 2778675, 4821781, 4817470, 86195, 91094, 2038109, 950283, 1026069, 1956078, 3820523, 4779236, 607774, 149537992, 3637080, 2911655, 3733696, 580500588, 77128, 77451, 78443, 95067, 142364131, 2481204, 4806858, 2958626, 4457936, 222168381, 29135960, 52734, 2950555, 74068, 153413851, 3763232, 2017196, 7355629, 4318705, 1020255, 3263958, 4613054, 2888615, 126612, 92472, 3747858, 113334, 67464, 107725, 3403788, 2171930, 2093369, 1744676, 4405936, 3382817, 76164, 4293939, 1906297, 206304, 78784, 14098956, 994706, 5194287, 2563102, 2281541, 1071006, 89713, 1487944125, 170156, 100885, 186361609, 213502]

Dependent test list:
[Test: RegressionTest1.test005, Intended behavior: FAILURE, when executed after: [RegressionTest0.test403], The revealed different behavior: PASS, when executed after: [], Test: RegressionTest1.test123, Intended behavior: FAILURE, when executed after: [RegressionTest1.test094], The revealed different behavior: PASS, when executed after: [], Test: RegressionTest1.test094, Intended behavior: FAILURE, when executed after: [RegressionTest0.test442], The revealed different behavior: PASS, when executed after: [], Test: RegressionTest1.test088, Intended behavior: FAILURE, when executed after: [RegressionTest0.test167], The revealed different behavior: PASS, when executed after: [], Test: RegressionTest1.test098, Intended behavior: FAILURE, when executed after: [RegressionTest1.test013], The revealed different behavior: PASS, when executed after: [], Test: RegressionTest1.test184, Intended behavior: FAILURE, when executed after: [RegressionTest1.test098], The revealed different behavior: PASS, when executed after: [], Test: RegressionTest1.test165, Intended behavior: FAILURE, when executed after: [RegressionTest1.test123], The revealed different behavior: PASS, when executed after: [], Test: RegressionTest1.test345, Intended behavior: FAILURE, when executed after: [RegressionTest1.test184], The revealed different behavior: PASS, when executed after: [], Test: RegressionTest1.test013, Intended behavior: FAILURE, when executed after: [RegressionTest1.test002], The revealed different behavior: PASS, when executed after: [], Test: RegressionTest1.test002, Intended behavior: FAILURE, when executed after: [RegressionTest1.test005], The revealed different behavior: PASS, when executed after: [], Test: RegressionTest1.test319, Intended behavior: FAILURE, when executed after: [RegressionTest1.test165], The revealed different behavior: PASS, when executed after: [], Test: RegressionTest1.test421, Intended behavior: FAILURE, when executed after: [RegressionTest1.test345], The revealed different behavior: PASS, when executed after: [], Test: RegressionTest1.test465, Intended behavior: FAILURE, when executed after: [RegressionTest1.test319], The revealed different behavior: PASS, when executed after: [], Test: RegressionTest2.test101, Intended behavior: FAILURE, when executed after: [RegressionTest1.test421], The revealed different behavior: PASS, when executed after: []]
--------------------------
Execution time of TLG and its time to find/nullify any DTs for 1 machine (does not include the time to run the tests in the new order): 4.173
Number of tests selected out of total in original order: 79 / 1160
Number of DTs not fixed: 0
Number of DTs fixed: 0
Execution time for executing the following testing order: 3.245

Test order list:
[RegressionTest1.test376, RegressionTest1.test377, RegressionTest1.test378, RegressionTest1.test379, RegressionTest1.test380, RegressionTest1.test381, RegressionTest1.test382, RegressionTest1.test383, RegressionTest1.test384, RegressionTest1.test385, RegressionTest1.test386, RegressionTest1.test387, RegressionTest1.test388, RegressionTest1.test389, RegressionTest1.test390, RegressionTest1.test391, RegressionTest1.test392, RegressionTest1.test393, RegressionTest1.test394, RegressionTest1.test395, RegressionTest1.test396, RegressionTest1.test397, RegressionTest1.test398, RegressionTest1.test399, RegressionTest1.test400, RegressionTest1.test401, RegressionTest1.test402, RegressionTest1.test403, RegressionTest1.test404, RegressionTest1.test405, RegressionTest1.test406, RegressionTest1.test407, RegressionTest1.test408, RegressionTest1.test409, RegressionTest1.test410, RegressionTest1.test411, RegressionTest1.test412, RegressionTest1.test413, RegressionTest1.test414, RegressionTest1.test415, RegressionTest1.test416, RegressionTest1.test417, RegressionTest1.test418, RegressionTest1.test419, RegressionTest1.test420, RegressionTest0.test403, RegressionTest1.test005, RegressionTest1.test002, RegressionTest1.test013, RegressionTest1.test098, RegressionTest1.test184, RegressionTest1.test345, RegressionTest1.test421, RegressionTest1.test422, RegressionTest1.test423, RegressionTest1.test424, RegressionTest1.test425, RegressionTest1.test426, RegressionTest1.test427, RegressionTest1.test428, RegressionTest1.test429, RegressionTest1.test430, RegressionTest1.test431, RegressionTest1.test432, RegressionTest1.test433, RegressionTest1.test434, RegressionTest1.test435, RegressionTest1.test436, RegressionTest1.test437, RegressionTest1.test438, RegressionTest1.test439, RegressionTest1.test440, RegressionTest1.test441, RegressionTest1.test442, RegressionTest1.test443, RegressionTest1.test444, RegressionTest1.test445, RegressionTest1.test446, RegressionTest1.test447]

Time each test takes to run in the new order:
[3385996, 998212, 2746230, 732366, 102121, 1357258, 4668352, 1361049, 97450393, 2485165, 114219, 4180288, 591209, 1586388, 2687185, 408717, 2731737, 82169, 599870, 549159, 9633982, 1504479131, 144670788, 87925, 11100091, 72630, 55520, 55807, 1061608, 133074750, 3875717, 1562519, 1807504, 1003009, 92325, 528433312, 66835, 73909, 152694503, 201925332, 147978, 6774788, 170888922, 1260967, 1013212, 96970, 78304, 3744544, 3543134, 2871510, 4306754, 156733138, 1360366, 3942495, 2569280, 7677734, 2679427, 4113513, 6545847, 2614686, 76589, 6622064, 3954182, 86594, 1904622, 1725529, 1109754, 1155334, 1501053, 137338, 2827232, 6155007, 59311, 2841433, 1823711, 136860, 92241, 1160992, 4102572]

Dependent test list:
[Test: RegressionTest1.test005, Intended behavior: FAILURE, when executed after: [RegressionTest0.test403], The revealed different behavior: PASS, when executed after: [], Test: RegressionTest1.test123, Intended behavior: FAILURE, when executed after: [RegressionTest1.test094], The revealed different behavior: PASS, when executed after: [], Test: RegressionTest1.test094, Intended behavior: FAILURE, when executed after: [RegressionTest0.test442], The revealed different behavior: PASS, when executed after: [], Test: RegressionTest1.test088, Intended behavior: FAILURE, when executed after: [RegressionTest0.test167], The revealed different behavior: PASS, when executed after: [], Test: RegressionTest1.test098, Intended behavior: FAILURE, when executed after: [RegressionTest1.test013], The revealed different behavior: PASS, when executed after: [], Test: RegressionTest1.test184, Intended behavior: FAILURE, when executed after: [RegressionTest1.test098], The revealed different behavior: PASS, when executed after: [], Test: RegressionTest1.test165, Intended behavior: FAILURE, when executed after: [RegressionTest1.test123], The revealed different behavior: PASS, when executed after: [], Test: RegressionTest1.test345, Intended behavior: FAILURE, when executed after: [RegressionTest1.test184], The revealed different behavior: PASS, when executed after: [], Test: RegressionTest1.test013, Intended behavior: FAILURE, when executed after: [RegressionTest1.test002], The revealed different behavior: PASS, when executed after: [], Test: RegressionTest1.test002, Intended behavior: FAILURE, when executed after: [RegressionTest1.test005], The revealed different behavior: PASS, when executed after: [], Test: RegressionTest1.test319, Intended behavior: FAILURE, when executed after: [RegressionTest1.test165], The revealed different behavior: PASS, when executed after: [], Test: RegressionTest1.test421, Intended behavior: FAILURE, when executed after: [RegressionTest1.test345], The revealed different behavior: PASS, when executed after: [], Test: RegressionTest1.test465, Intended behavior: FAILURE, when executed after: [RegressionTest1.test319], The revealed different behavior: PASS, when executed after: [], Test: RegressionTest2.test101, Intended behavior: FAILURE, when executed after: [RegressionTest1.test421], The revealed different behavior: PASS, when executed after: []]
--------------------------
Execution time of TLG and its time to find/nullify any DTs for 1 machine (does not include the time to run the tests in the new order): 1.622
Number of tests selected out of total in original order: 77 / 1160
Number of DTs not fixed: 0
Number of DTs fixed: 0
Execution time for executing the following testing order: 0.812

Test order list:
[RegressionTest1.test448, RegressionTest1.test449, RegressionTest1.test450, RegressionTest1.test451, RegressionTest1.test452, RegressionTest1.test453, RegressionTest1.test454, RegressionTest1.test455, RegressionTest1.test456, RegressionTest1.test457, RegressionTest1.test458, RegressionTest1.test459, RegressionTest1.test460, RegressionTest1.test461, RegressionTest1.test462, RegressionTest1.test463, RegressionTest1.test464, RegressionTest0.test442, RegressionTest1.test094, RegressionTest1.test123, RegressionTest1.test165, RegressionTest1.test319, RegressionTest1.test465, RegressionTest1.test466, RegressionTest1.test467, RegressionTest1.test468, RegressionTest1.test469, RegressionTest1.test470, RegressionTest1.test471, RegressionTest1.test472, RegressionTest1.test473, RegressionTest1.test474, RegressionTest1.test475, RegressionTest1.test476, RegressionTest1.test477, RegressionTest1.test478, RegressionTest1.test479, RegressionTest1.test480, RegressionTest1.test481, RegressionTest1.test482, RegressionTest1.test483, RegressionTest1.test484, RegressionTest1.test485, RegressionTest1.test486, RegressionTest1.test487, RegressionTest1.test488, RegressionTest1.test489, RegressionTest1.test490, RegressionTest1.test491, RegressionTest1.test492, RegressionTest1.test493, RegressionTest1.test494, RegressionTest1.test495, RegressionTest1.test496, RegressionTest1.test497, RegressionTest1.test498, RegressionTest1.test499, RegressionTest1.test500, RegressionTest2.test006, RegressionTest2.test005, RegressionTest2.test004, RegressionTest2.test009, RegressionTest2.test010, RegressionTest2.test001, RegressionTest2.test002, RegressionTest2.test003, RegressionTest2.test007, RegressionTest2.test008, RegressionTest2.test011, RegressionTest2.test012, RegressionTest2.test013, RegressionTest2.test014, RegressionTest2.test015, RegressionTest2.test016, RegressionTest2.test017, RegressionTest2.test018, RegressionTest2.test019]

Time each test takes to run in the new order:
[1689341, 671927, 80344, 154477, 71011, 2790343, 3399639, 16006367, 5695717, 5281977, 3754478, 5097600, 3370178, 107219, 3578799, 1885020, 4541870, 3155468, 197338, 4487123, 3682002, 1016209, 930884, 2452391, 27049659, 69091, 10650459, 64241, 155609, 994203, 141164, 3784596, 5235192, 1311656, 2292689, 3021246, 3426425, 9199636, 81355, 929754, 174828, 71534, 312551, 1337244, 5508707, 66384, 2084860, 126195, 2108452, 75761, 629514, 731842, 2169994, 84019, 1614771, 3388705, 3648778, 7377983, 6989048, 1951188, 60637, 231008, 4123889, 562214, 1515085, 828422, 1250022, 3482018, 3636944, 1891042, 3225291, 599995168, 4052058, 147427, 148293, 139015, 3454065]

Dependent test list:
[Test: RegressionTest1.test005, Intended behavior: FAILURE, when executed after: [RegressionTest0.test403], The revealed different behavior: PASS, when executed after: [], Test: RegressionTest1.test123, Intended behavior: FAILURE, when executed after: [RegressionTest1.test094], The revealed different behavior: PASS, when executed after: [], Test: RegressionTest1.test094, Intended behavior: FAILURE, when executed after: [RegressionTest0.test442], The revealed different behavior: PASS, when executed after: [], Test: RegressionTest1.test088, Intended behavior: FAILURE, when executed after: [RegressionTest0.test167], The revealed different behavior: PASS, when executed after: [], Test: RegressionTest1.test098, Intended behavior: FAILURE, when executed after: [RegressionTest1.test013], The revealed different behavior: PASS, when executed after: [], Test: RegressionTest1.test184, Intended behavior: FAILURE, when executed after: [RegressionTest1.test098], The revealed different behavior: PASS, when executed after: [], Test: RegressionTest1.test165, Intended behavior: FAILURE, when executed after: [RegressionTest1.test123], The revealed different behavior: PASS, when executed after: [], Test: RegressionTest1.test345, Intended behavior: FAILURE, when executed after: [RegressionTest1.test184], The revealed different behavior: PASS, when executed after: [], Test: RegressionTest1.test013, Intended behavior: FAILURE, when executed after: [RegressionTest1.test002], The revealed different behavior: PASS, when executed after: [], Test: RegressionTest1.test002, Intended behavior: FAILURE, when executed after: [RegressionTest1.test005], The revealed different behavior: PASS, when executed after: [], Test: RegressionTest1.test319, Intended behavior: FAILURE, when executed after: [RegressionTest1.test165], The revealed different behavior: PASS, when executed after: [], Test: RegressionTest1.test421, Intended behavior: FAILURE, when executed after: [RegressionTest1.test345], The revealed different behavior: PASS, when executed after: [], Test: RegressionTest1.test465, Intended behavior: FAILURE, when executed after: [RegressionTest1.test319], The revealed different behavior: PASS, when executed after: [], Test: RegressionTest2.test101, Intended behavior: FAILURE, when executed after: [RegressionTest1.test421], The revealed different behavior: PASS, when executed after: []]
--------------------------
Execution time of TLG and its time to find/nullify any DTs for 1 machine (does not include the time to run the tests in the new order): 1.607
Number of tests selected out of total in original order: 72 / 1160
Number of DTs not fixed: 0
Number of DTs fixed: 0
Execution time for executing the following testing order: 0.998

Test order list:
[RegressionTest2.test020, RegressionTest2.test021, RegressionTest2.test022, RegressionTest2.test023, RegressionTest2.test024, RegressionTest2.test025, RegressionTest2.test026, RegressionTest2.test027, RegressionTest2.test028, RegressionTest2.test029, RegressionTest2.test030, RegressionTest2.test031, RegressionTest2.test032, RegressionTest2.test033, RegressionTest2.test034, RegressionTest2.test035, RegressionTest2.test036, RegressionTest2.test037, RegressionTest2.test038, RegressionTest2.test039, RegressionTest2.test040, RegressionTest2.test041, RegressionTest2.test042, RegressionTest2.test043, RegressionTest2.test044, RegressionTest2.test045, RegressionTest2.test046, RegressionTest2.test047, RegressionTest2.test048, RegressionTest2.test049, RegressionTest2.test050, RegressionTest2.test051, RegressionTest2.test052, RegressionTest2.test053, RegressionTest2.test054, RegressionTest2.test055, RegressionTest2.test056, RegressionTest2.test057, RegressionTest2.test058, RegressionTest2.test059, RegressionTest2.test060, RegressionTest2.test061, RegressionTest2.test062, RegressionTest2.test063, RegressionTest2.test064, RegressionTest2.test065, RegressionTest2.test066, RegressionTest2.test067, RegressionTest2.test068, RegressionTest2.test069, RegressionTest2.test070, RegressionTest2.test071, RegressionTest2.test072, RegressionTest2.test073, RegressionTest2.test074, RegressionTest2.test075, RegressionTest2.test076, RegressionTest2.test077, RegressionTest2.test078, RegressionTest2.test079, RegressionTest2.test080, RegressionTest2.test081, RegressionTest2.test082, RegressionTest2.test083, RegressionTest2.test084, RegressionTest2.test085, RegressionTest2.test086, RegressionTest2.test087, RegressionTest2.test088, RegressionTest2.test089, RegressionTest2.test090, RegressionTest2.test091]

Time each test takes to run in the new order:
[149426, 56150, 3710388, 171570, 3640943, 709240, 3558831, 93828197, 578075, 90119, 504155, 1006273, 4210723, 659525, 241897174, 1129449, 159909, 1039033, 1817713, 7076787, 1527154, 4238426, 2673151, 3460861, 172700, 2627916, 77853, 1205373, 251380314, 3282186, 71329, 79764, 7365749, 79118, 17449188, 796174, 77288, 85973, 1108464, 3598338, 933723, 269611328, 2404976, 109225, 2562076, 132530, 1070796, 4374089, 8363550, 4193156, 1714342, 62057, 3148160, 707576, 4146424, 4869603, 619830, 48782, 96073, 3032456, 68172, 80044, 99713, 6330005, 2575568, 2743933, 170411, 92221, 2167251, 1149743, 3179664, 146199]

Dependent test list:
[Test: RegressionTest1.test005, Intended behavior: FAILURE, when executed after: [RegressionTest0.test403], The revealed different behavior: PASS, when executed after: [], Test: RegressionTest1.test123, Intended behavior: FAILURE, when executed after: [RegressionTest1.test094], The revealed different behavior: PASS, when executed after: [], Test: RegressionTest1.test094, Intended behavior: FAILURE, when executed after: [RegressionTest0.test442], The revealed different behavior: PASS, when executed after: [], Test: RegressionTest1.test088, Intended behavior: FAILURE, when executed after: [RegressionTest0.test167], The revealed different behavior: PASS, when executed after: [], Test: RegressionTest1.test098, Intended behavior: FAILURE, when executed after: [RegressionTest1.test013], The revealed different behavior: PASS, when executed after: [], Test: RegressionTest1.test184, Intended behavior: FAILURE, when executed after: [RegressionTest1.test098], The revealed different behavior: PASS, when executed after: [], Test: RegressionTest1.test165, Intended behavior: FAILURE, when executed after: [RegressionTest1.test123], The revealed different behavior: PASS, when executed after: [], Test: RegressionTest1.test345, Intended behavior: FAILURE, when executed after: [RegressionTest1.test184], The revealed different behavior: PASS, when executed after: [], Test: RegressionTest1.test013, Intended behavior: FAILURE, when executed after: [RegressionTest1.test002], The revealed different behavior: PASS, when executed after: [], Test: RegressionTest1.test002, Intended behavior: FAILURE, when executed after: [RegressionTest1.test005], The revealed different behavior: PASS, when executed after: [], Test: RegressionTest1.test319, Intended behavior: FAILURE, when executed after: [RegressionTest1.test165], The revealed different behavior: PASS, when executed after: [], Test: RegressionTest1.test421, Intended behavior: FAILURE, when executed after: [RegressionTest1.test345], The revealed different behavior: PASS, when executed after: [], Test: RegressionTest1.test465, Intended behavior: FAILURE, when executed after: [RegressionTest1.test319], The revealed different behavior: PASS, when executed after: [], Test: RegressionTest2.test101, Intended behavior: FAILURE, when executed after: [RegressionTest1.test421], The revealed different behavior: PASS, when executed after: []]
--------------------------
Execution time of TLG and its time to find/nullify any DTs for 1 machine (does not include the time to run the tests in the new order): 4.507
Number of tests selected out of total in original order: 80 / 1160
Number of DTs not fixed: 0
Number of DTs fixed: 0
Execution time for executing the following testing order: 3.679

Test order list:
[RegressionTest2.test092, RegressionTest2.test093, RegressionTest2.test094, RegressionTest2.test095, RegressionTest2.test096, RegressionTest2.test097, RegressionTest2.test098, RegressionTest2.test099, RegressionTest2.test100, RegressionTest0.test403, RegressionTest1.test005, RegressionTest1.test002, RegressionTest1.test013, RegressionTest1.test098, RegressionTest1.test184, RegressionTest1.test345, RegressionTest1.test421, RegressionTest2.test101, RegressionTest2.test102, RegressionTest2.test103, RegressionTest2.test104, RegressionTest2.test105, RegressionTest2.test106, RegressionTest2.test107, RegressionTest2.test108, RegressionTest2.test109, RegressionTest2.test110, RegressionTest2.test111, RegressionTest2.test112, RegressionTest2.test113, RegressionTest2.test114, RegressionTest2.test115, RegressionTest2.test116, RegressionTest2.test117, RegressionTest2.test118, RegressionTest2.test119, RegressionTest2.test120, RegressionTest2.test121, RegressionTest2.test122, RegressionTest2.test123, RegressionTest2.test124, RegressionTest2.test125, RegressionTest2.test126, RegressionTest2.test127, RegressionTest2.test128, RegressionTest2.test129, RegressionTest2.test130, RegressionTest2.test131, RegressionTest2.test132, RegressionTest2.test133, RegressionTest2.test134, RegressionTest2.test135, RegressionTest2.test136, RegressionTest2.test137, RegressionTest2.test138, RegressionTest2.test139, RegressionTest2.test140, RegressionTest2.test141, RegressionTest2.test142, RegressionTest2.test143, RegressionTest2.test144, RegressionTest2.test145, RegressionTest2.test146, RegressionTest2.test147, RegressionTest2.test148, RegressionTest2.test149, RegressionTest2.test150, RegressionTest2.test151, RegressionTest2.test152, RegressionTest2.test153, RegressionTest2.test154, RegressionTest2.test155, RegressionTest2.test156, RegressionTest2.test157, RegressionTest2.test158, RegressionTest2.test159, RegressionTest2.test160, RegressionTest2.test161, RegressionTest2.test162, RegressionTest2.test163]

Time each test takes to run in the new order:
[80682, 76100, 143337314, 2371941, 2719533, 513743, 4046210, 2968469, 2611964, 75922, 774792, 983046, 89508, 718550, 3410580, 1217861, 134379954, 926723, 137861263, 4335072, 931296, 99913, 1548259, 4699761, 2030065, 1513927, 119149, 58558, 2312867, 773158, 58580, 2612210, 5620347, 2951020, 10900165, 112531, 631620060, 1101474, 3597734, 87525, 210564, 3523161, 194165924, 130333, 946984, 2274556, 10276505, 67967, 1429460, 2291592, 185566298, 142409211, 2263173, 82548, 894006, 87393, 2390819, 1629316, 986095, 173421415, 85493, 1507717468, 3037863, 121436, 1740622, 71873, 3535635, 968491, 2195254, 2436732, 26592281, 2891586, 3442592, 127327767, 7656292, 1599364, 212701, 81223, 104395, 146004796]

Dependent test list:
[Test: RegressionTest1.test005, Intended behavior: FAILURE, when executed after: [RegressionTest0.test403], The revealed different behavior: PASS, when executed after: [], Test: RegressionTest1.test123, Intended behavior: FAILURE, when executed after: [RegressionTest1.test094], The revealed different behavior: PASS, when executed after: [], Test: RegressionTest1.test094, Intended behavior: FAILURE, when executed after: [RegressionTest0.test442], The revealed different behavior: PASS, when executed after: [], Test: RegressionTest1.test088, Intended behavior: FAILURE, when executed after: [RegressionTest0.test167], The revealed different behavior: PASS, when executed after: [], Test: RegressionTest1.test098, Intended behavior: FAILURE, when executed after: [RegressionTest1.test013], The revealed different behavior: PASS, when executed after: [], Test: RegressionTest1.test184, Intended behavior: FAILURE, when executed after: [RegressionTest1.test098], The revealed different behavior: PASS, when executed after: [], Test: RegressionTest1.test165, Intended behavior: FAILURE, when executed after: [RegressionTest1.test123], The revealed different behavior: PASS, when executed after: [], Test: RegressionTest1.test345, Intended behavior: FAILURE, when executed after: [RegressionTest1.test184], The revealed different behavior: PASS, when executed after: [], Test: RegressionTest1.test013, Intended behavior: FAILURE, when executed after: [RegressionTest1.test002], The revealed different behavior: PASS, when executed after: [], Test: RegressionTest1.test002, Intended behavior: FAILURE, when executed after: [RegressionTest1.test005], The revealed different behavior: PASS, when executed after: [], Test: RegressionTest1.test319, Intended behavior: FAILURE, when executed after: [RegressionTest1.test165], The revealed different behavior: PASS, when executed after: [], Test: RegressionTest1.test421, Intended behavior: FAILURE, when executed after: [RegressionTest1.test345], The revealed different behavior: PASS, when executed after: [], Test: RegressionTest1.test465, Intended behavior: FAILURE, when executed after: [RegressionTest1.test319], The revealed different behavior: PASS, when executed after: [], Test: RegressionTest2.test101, Intended behavior: FAILURE, when executed after: [RegressionTest1.test421], The revealed different behavior: PASS, when executed after: []]
--------------------------
Total time (of all machines and iterations plus initial TestListGenerator): 28.691
New order time: 3.679
Total number of tests executed in all machines out of total in original order: 1205 / 1160