The following arguments were used to generate this output.
[-technique, parallelization, -order, original, -origOrder, /boom/scratch/reedoei2/dt-tools/run-new-subjects/Photoplatform_Angular_Spring-3a7d9e7/experiments/Photoplatform_Angular_Spring-old-83d49399648b81fbc134fd4d329d575907ffc788/target/Photoplatform_Angular_Spring-orig-order, -testInputDir, /boom/scratch/reedoei2/dt-tools/run-new-subjects/Photoplatform_Angular_Spring-3a7d9e7/experiments/Photoplatform_Angular_Spring-old-83d49399648b81fbc134fd4d329d575907ffc788/target/sootTestOutput-orig, -filesToDelete, /boom/scratch/reedoei2/dt-tools/run-new-subjects/Photoplatform_Angular_Spring-3a7d9e7/experiments/Photoplatform_Angular_Spring-old-83d49399648b81fbc134fd4d329d575907ffc788/target/Photoplatform_Angular_Spring-env-files, -project, Photoplatform_Angular_Spring, -testType, orig, -numOfMachines, 8, -outputDir, /scratch/reedoei2/dt-tools/run-new-subjects/Photoplatform_Angular_Spring-3a7d9e7/experiments/parallelization-results, -timesToRun, 5, -classpath, /boom/scratch/reedoei2/dt-tools/run-new-subjects/Photoplatform_Angular_Spring-3a7d9e7/experiments/Photoplatform_Angular_Spring-old-83d49399648b81fbc134fd4d329d575907ffc788/target/dependency/*:/boom/scratch/reedoei2/dt-tools/run-new-subjects/Photoplatform_Angular_Spring-3a7d9e7/experiments/Photoplatform_Angular_Spring-old-83d49399648b81fbc134fd4d329d575907ffc788/target/classes:/boom/scratch/reedoei2/dt-tools/run-new-subjects/Photoplatform_Angular_Spring-3a7d9e7/experiments/Photoplatform_Angular_Spring-old-83d49399648b81fbc134fd4d329d575907ffc788/target/randoop/bin:/boom/scratch/reedoei2/dt-tools/run-new-subjects/Photoplatform_Angular_Spring-3a7d9e7/experiments/Photoplatform_Angular_Spring-old-83d49399648b81fbc134fd4d329d575907ffc788/target/test-classes:, -resolveDependences, /scratch/reedoei2/dt-tools/run-new-subjects/Photoplatform_Angular_Spring-3a7d9e7/experiments/scripts/data/parallelization-dt-list/parallelization-Photoplatform_Angular_Spring-orig-8-original.txt]

Execution time of TLG and its time to find/nullify any DTs for 1 machine (does not include the time to run the tests in the new order): 19.054
Number of tests selected out of total in original order: 2 / 15
Number of DTs not fixed: 0
Number of DTs fixed: 0
Execution time for executing the following testing order: 18.395

Test order list:
[de.htw.sdf.photoplatform.repository.CategoryDAOTest.testBasic, de.htw.sdf.photoplatform.repository.CollectionDAOTest.testGetByUser]

Time each test takes to run in the new order:
[18371582732, 23623184]
--------------------------
Execution time of TLG and its time to find/nullify any DTs for 1 machine (does not include the time to run the tests in the new order): 13.502
Number of tests selected out of total in original order: 2 / 15
Number of DTs not fixed: 0
Number of DTs fixed: 0
Execution time for executing the following testing order: 17.543

Test order list:
[de.htw.sdf.photoplatform.repository.CollectionDAOTest.testBasic, de.htw.sdf.photoplatform.repository.CollectionDAOTest.testGetCategories]

Time each test takes to run in the new order:
[16818581, 17526479363]
--------------------------
Execution time of TLG and its time to find/nullify any DTs for 1 machine (does not include the time to run the tests in the new order): 21.140
Number of tests selected out of total in original order: 2 / 15
Number of DTs not fixed: 0
Number of DTs fixed: 0
Execution time for executing the following testing order: 17.901

Test order list:
[de.htw.sdf.photoplatform.repository.CollectionDAOTest.testGetImages, de.htw.sdf.photoplatform.repository.UserImageDAOTest.testGetUserImagesBy]

Time each test takes to run in the new order:
[25621843, 17875491967]
--------------------------
Execution time of TLG and its time to find/nullify any DTs for 1 machine (does not include the time to run the tests in the new order): 179.320
Number of tests selected out of total in original order: 3 / 15
Number of DTs not fixed: 0
Number of DTs fixed: 1

Average time to find one dependency: 137.007375097
Execution time for executing the following testing order: 17.672

Test order list:
[de.htw.sdf.photoplatform.repository.UserImageDAOTest.testGetUserImagesBy, de.htw.sdf.photoplatform.repository.ImageDAOTest.testBasic, de.htw.sdf.photoplatform.repository.ImageDAOTest.testGetPublicImages]

Time each test takes to run in the new order:
[42733851, 17557081428, 72449467]

Dependent test list:
[Test: de.htw.sdf.photoplatform.repository.ImageDAOTest.testBasic, Intended behavior: FAILURE, when executed after: [de.htw.sdf.photoplatform.repository.UserImageDAOTest.testGetUserImagesBy], The revealed different behavior: PASS, when executed after: []]
--------------------------
Execution time of TLG and its time to find/nullify any DTs for 1 machine (does not include the time to run the tests in the new order): 177.475
Number of tests selected out of total in original order: 4 / 15
Number of DTs not fixed: 0
Number of DTs fixed: 1

Average time to find one dependency: 136.315870416
Execution time for executing the following testing order: 16.940

Test order list:
[de.htw.sdf.photoplatform.repository.UserImageDAOTest.testGetUserImagesBy, de.htw.sdf.photoplatform.repository.ImageDAOTest.testBasic, de.htw.sdf.photoplatform.repository.RoleDAOTest.findTest, de.htw.sdf.photoplatform.repository.CollectionCategoryDAOTest.testGetCollectionCategoryBy]

Time each test takes to run in the new order:
[36154366, 67317043, 225910505, 16611079703]

Dependent test list:
[Test: de.htw.sdf.photoplatform.repository.ImageDAOTest.testBasic, Intended behavior: FAILURE, when executed after: [de.htw.sdf.photoplatform.repository.UserImageDAOTest.testGetUserImagesBy], The revealed different behavior: PASS, when executed after: [], Test: de.htw.sdf.photoplatform.repository.RoleDAOTest.findTest, Intended behavior: FAILURE, when executed after: [de.htw.sdf.photoplatform.repository.ImageDAOTest.testBasic], The revealed different behavior: PASS, when executed after: []]
--------------------------
Execution time of TLG and its time to find/nullify any DTs for 1 machine (does not include the time to run the tests in the new order): 346.554
Number of tests selected out of total in original order: 5 / 15
Number of DTs not fixed: 0
Number of DTs fixed: 2

Average time to find one dependency: 142.0930285365
Execution time for executing the following testing order: 17.236

Test order list:
[de.htw.sdf.photoplatform.repository.UserImageDAOTest.testGetUserImagesBy, de.htw.sdf.photoplatform.repository.ImageDAOTest.testBasic, de.htw.sdf.photoplatform.repository.RoleDAOTest.findTest, de.htw.sdf.photoplatform.common.ImportSQLTester.test1InitSqlData, de.htw.sdf.photoplatform.webservice.PhotographerControllerTest.testGetPhotographersImages]

Time each test takes to run in the new order:
[16714132886, 43651041, 362114917, 80907271, 35205475]

Dependent test list:
[Test: de.htw.sdf.photoplatform.repository.ImageDAOTest.testBasic, Intended behavior: FAILURE, when executed after: [de.htw.sdf.photoplatform.repository.UserImageDAOTest.testGetUserImagesBy], The revealed different behavior: PASS, when executed after: [], Test: de.htw.sdf.photoplatform.repository.RoleDAOTest.findTest, Intended behavior: FAILURE, when executed after: [de.htw.sdf.photoplatform.repository.ImageDAOTest.testBasic], The revealed different behavior: PASS, when executed after: [], Test: de.htw.sdf.photoplatform.webservice.PhotographerControllerTest.testGetPhotographersImages, Intended behavior: FAILURE, when executed after: [de.htw.sdf.photoplatform.common.ImportSQLTester.test1InitSqlData], The revealed different behavior: PASS, when executed after: [], Test: de.htw.sdf.photoplatform.common.ImportSQLTester.test1InitSqlData, Intended behavior: FAILURE, when executed after: [de.htw.sdf.photoplatform.repository.RoleDAOTest.findTest], The revealed different behavior: PASS, when executed after: []]
--------------------------
Execution time of TLG and its time to find/nullify any DTs for 1 machine (does not include the time to run the tests in the new order): 216.456
Number of tests selected out of total in original order: 7 / 15
Number of DTs not fixed: 0
Number of DTs fixed: 1

Average time to find one dependency: 172.779410092
Execution time for executing the following testing order: 19.602

Test order list:
[de.htw.sdf.photoplatform.repository.UserImageDAOTest.testGetUserImagesBy, de.htw.sdf.photoplatform.repository.ImageDAOTest.testBasic, de.htw.sdf.photoplatform.repository.RoleDAOTest.findTest, de.htw.sdf.photoplatform.common.ImportSQLTester.test1InitSqlData, de.htw.sdf.photoplatform.webservice.PhotographerControllerTest.testGetPhotographersImages, de.htw.sdf.photoplatform.webservice.PhotographerControllerTest.testCreateCollection, de.htw.sdf.photoplatform.webservice.PhotographerControllerTest.testBasicCollectionsServices]

Time each test takes to run in the new order:
[39524965, 32332962, 80061366, 246170537, 281328823, 18359883494, 562301733]

Dependent test list:
[Test: de.htw.sdf.photoplatform.repository.ImageDAOTest.testBasic, Intended behavior: FAILURE, when executed after: [de.htw.sdf.photoplatform.repository.UserImageDAOTest.testGetUserImagesBy], The revealed different behavior: PASS, when executed after: [], Test: de.htw.sdf.photoplatform.repository.RoleDAOTest.findTest, Intended behavior: FAILURE, when executed after: [de.htw.sdf.photoplatform.repository.ImageDAOTest.testBasic], The revealed different behavior: PASS, when executed after: [], Test: de.htw.sdf.photoplatform.webservice.PhotographerControllerTest.testGetPhotographersImages, Intended behavior: FAILURE, when executed after: [de.htw.sdf.photoplatform.common.ImportSQLTester.test1InitSqlData], The revealed different behavior: PASS, when executed after: [], Test: de.htw.sdf.photoplatform.common.ImportSQLTester.test1InitSqlData, Intended behavior: FAILURE, when executed after: [de.htw.sdf.photoplatform.repository.RoleDAOTest.findTest], The revealed different behavior: PASS, when executed after: [], Test: de.htw.sdf.photoplatform.webservice.PhotographerControllerTest.testCreateCollection, Intended behavior: FAILURE, when executed after: [de.htw.sdf.photoplatform.webservice.PhotographerControllerTest.testGetPhotographersImages], The revealed different behavior: PASS, when executed after: []]
--------------------------
Execution time of TLG and its time to find/nullify any DTs for 1 machine (does not include the time to run the tests in the new order): 20.921
Number of tests selected out of total in original order: 1 / 15
Number of DTs not fixed: 0
Number of DTs fixed: 0
Execution time for executing the following testing order: 18.729

Test order list:
[de.htw.sdf.photoplatform.webservice.util.UserUtilityTest.testValidateProfileData]

Time each test takes to run in the new order:
[18729390167]

Dependent test list:
[Test: de.htw.sdf.photoplatform.repository.ImageDAOTest.testBasic, Intended behavior: FAILURE, when executed after: [de.htw.sdf.photoplatform.repository.UserImageDAOTest.testGetUserImagesBy], The revealed different behavior: PASS, when executed after: [], Test: de.htw.sdf.photoplatform.repository.RoleDAOTest.findTest, Intended behavior: FAILURE, when executed after: [de.htw.sdf.photoplatform.repository.ImageDAOTest.testBasic], The revealed different behavior: PASS, when executed after: [], Test: de.htw.sdf.photoplatform.webservice.PhotographerControllerTest.testGetPhotographersImages, Intended behavior: FAILURE, when executed after: [de.htw.sdf.photoplatform.common.ImportSQLTester.test1InitSqlData], The revealed different behavior: PASS, when executed after: [], Test: de.htw.sdf.photoplatform.common.ImportSQLTester.test1InitSqlData, Intended behavior: FAILURE, when executed after: [de.htw.sdf.photoplatform.repository.RoleDAOTest.findTest], The revealed different behavior: PASS, when executed after: [], Test: de.htw.sdf.photoplatform.webservice.PhotographerControllerTest.testCreateCollection, Intended behavior: FAILURE, when executed after: [de.htw.sdf.photoplatform.webservice.PhotographerControllerTest.testGetPhotographersImages], The revealed different behavior: PASS, when executed after: []]
--------------------------
Total time (of all machines and iterations plus initial TestListGenerator): 144.030
New order time: 19.602
Total number of tests executed in all machines out of total in original order: 26 / 15