The following arguments were used to generate this output.
[-technique, parallelization, -order, time, -timeOrder, /scratch/reedoei2/dt-tools/run-new-subjects/camel/experiments/camel-old-8013229758c2ec46e00fe392f08f90a42f98af3e/components/camel-cache/target/camel-camel-cache-orig-time.txt, -origOrder, /scratch/reedoei2/dt-tools/run-new-subjects/camel/experiments/camel-old-8013229758c2ec46e00fe392f08f90a42f98af3e/components/camel-cache/target/camel-camel-cache-orig-order, -testInputDir, /scratch/reedoei2/dt-tools/run-new-subjects/camel/experiments/camel-old-8013229758c2ec46e00fe392f08f90a42f98af3e/components/camel-cache/target/sootTestOutput-orig, -filesToDelete, /scratch/reedoei2/dt-tools/run-new-subjects/camel/experiments/camel-old-8013229758c2ec46e00fe392f08f90a42f98af3e/components/camel-cache/target/camel-camel-cache-env-files, -numOfMachines, 8, -project, camel-camel-cache, -testType, orig, -timesToRun, 5, -outputDir, /scratch/reedoei2/dt-tools/run-new-subjects/camel/experiments/parallelization-results, -classpath, /scratch/reedoei2/dt-tools/run-new-subjects/camel/experiments/camel-old-8013229758c2ec46e00fe392f08f90a42f98af3e/components/camel-cache/target/dependency/*:/scratch/reedoei2/dt-tools/run-new-subjects/camel/experiments/camel-old-8013229758c2ec46e00fe392f08f90a42f98af3e/components/camel-cache/target/classes:/scratch/reedoei2/dt-tools/run-new-subjects/camel/experiments/camel-old-8013229758c2ec46e00fe392f08f90a42f98af3e/components/camel-cache/target/randoop/bin:/scratch/reedoei2/dt-tools/run-new-subjects/camel/experiments/camel-old-8013229758c2ec46e00fe392f08f90a42f98af3e/components/camel-cache/target/test-classes:, -resolveDependences, /scratch/reedoei2/dt-tools/run-new-subjects/camel/experiments/scripts/data/parallelization-dt-list/parallelization-camel-camel-cache-orig-8-time.txt]

Execution time of TLG and its time to find/nullify any DTs for 1 machine (does not include the time to run the tests in the new order): 2.586
Number of tests selected out of total in original order: 6 / 31
Number of DTs not fixed: 0
Number of DTs fixed: 0
Execution time for executing the following testing order: 1.699

Test order list:
[org.apache.camel.component.cache.EHCacheUtilTest.testCreateCacheManagers, org.apache.camel.component.cache.CacheProducerTest.testUpdatingDataInCache, org.apache.camel.component.cache.CacheProducerTest.testQueringDataFromCache, org.apache.camel.component.cache.CacheProducerTest.testCheckDataFromCache, org.apache.camel.component.cache.CacheProducerTest.testCheckDataFromCacheNegativeTest, org.apache.camel.component.cache.CacheProducerTest.testQueringDataFromCacheUsingUrlParameters]

Time each test takes to run in the new order:
[284816848, 144735578, 264012381, 78163315, 838192460, 88870684]
--------------------------
Execution time of TLG and its time to find/nullify any DTs for 1 machine (does not include the time to run the tests in the new order): 3.315
Number of tests selected out of total in original order: 5 / 31
Number of DTs not fixed: 0
Number of DTs fixed: 0
Execution time for executing the following testing order: 1.713

Test order list:
[org.apache.camel.component.cache.CacheProducerTest.testAddingDataElementEternal, org.apache.camel.component.cache.CacheProducerTest.testAddingDataElementIdle, org.apache.camel.component.cache.CacheProducerTest.testUnknownOperationDoesNotFailOnEmptyBody, org.apache.camel.component.cache.CacheProducerTest.testDeletingAllDataFromCacheDoesNotFailOnEmptyBody, org.apache.camel.component.cache.CacheProducerTest.testQueringDataFromCacheUsingUrlParametersOverrided]

Time each test takes to run in the new order:
[1028430595, 104316736, 97499126, 403119237, 79533122]
--------------------------
Execution time of TLG and its time to find/nullify any DTs for 1 machine (does not include the time to run the tests in the new order): 197.467
Number of tests selected out of total in original order: 6 / 31
Number of DTs not fixed: 0
Number of DTs fixed: 1

Average time to find one dependency: 129.34494961
Execution time for executing the following testing order: 62.103

Test order list:
[org.apache.camel.component.cache.CacheRoutesManagementTest.testConfig, org.apache.camel.component.cache.DefaultCacheManagerFactoryTest.testEHCacheCompatiblity, org.apache.camel.component.cache.CacheProducerTest.testAddingDataToCacheDoesFailOnEmptyBody, org.apache.camel.component.cache.CacheProducerTest.testUpdatingDataInCacheDoesFailOnEmptyBody, org.apache.camel.component.cache.CacheProducerTest.testUnknownOperation, org.apache.camel.component.cache.CacheProducerTest.testQueringDataFromCacheUsingUrlParametersMixed]

Time each test takes to run in the new order:
[22351478, 97856191, 61051897316, 177236280, 572159485, 181082400]

Dependent test list:
[Test: org.apache.camel.component.cache.DefaultCacheManagerFactoryTest.testEHCacheCompatiblity, Intended behavior: FAILURE, when executed after: [org.apache.camel.component.cache.CacheRoutesManagementTest.testConfig], The revealed different behavior: PASS, when executed after: []]
--------------------------
Execution time of TLG and its time to find/nullify any DTs for 1 machine (does not include the time to run the tests in the new order): 4.371
Number of tests selected out of total in original order: 6 / 31
Number of DTs not fixed: 0
Number of DTs fixed: 0
Execution time for executing the following testing order: 1.979

Test order list:
[org.apache.camel.component.cache.DefaultCacheManagerFactoryTest.testNoProvidedConfiguration, org.apache.camel.component.cache.DefaultCacheManagerFactoryTest.testFailSafeEHCacheManager, org.apache.camel.component.cache.CacheProducerTest.testAddingDataToCacheWithNonStringCacheKey, org.apache.camel.component.cache.CacheProducerTest.testAddingDataToCache, org.apache.camel.component.cache.CacheProducerTest.testAddingDataElementTimeToLive, org.apache.camel.component.cache.CacheProducerTest.testDeletingDataFromCache]

Time each test takes to run in the new order:
[108377349, 274286132, 1206222508, 217081556, 18450301, 154304011]

Dependent test list:
[Test: org.apache.camel.component.cache.DefaultCacheManagerFactoryTest.testEHCacheCompatiblity, Intended behavior: FAILURE, when executed after: [org.apache.camel.component.cache.CacheRoutesManagementTest.testConfig], The revealed different behavior: PASS, when executed after: []]
--------------------------
Execution time of TLG and its time to find/nullify any DTs for 1 machine (does not include the time to run the tests in the new order): 5.653
Number of tests selected out of total in original order: 6 / 31
Number of DTs not fixed: 0
Number of DTs fixed: 0
Execution time for executing the following testing order: 3.135

Test order list:
[org.apache.camel.component.cache.CacheProducerTest.testAddingSerializableDataToCache, org.apache.camel.component.cache.CacheProducerTest.testDeletingDataFromCacheDoesNotFailOnEmptyBody, org.apache.camel.component.cache.CacheProducerTest.testDeletingAllDataFromCache, org.apache.camel.component.cache.CacheProducerTest.testQueringNonExistingDataFromCache, org.apache.camel.component.cache.CacheProducerTest.testQueringNonExistingDataFromCacheDoesNotFailOnEmptyBody, org.apache.camel.component.cache.CacheProducerTest.testCheckExpiredDataFromCache]

Time each test takes to run in the new order:
[282903496, 154147646, 202568841, 222683170, 1658253095, 614244771]

Dependent test list:
[Test: org.apache.camel.component.cache.DefaultCacheManagerFactoryTest.testEHCacheCompatiblity, Intended behavior: FAILURE, when executed after: [org.apache.camel.component.cache.CacheRoutesManagementTest.testConfig], The revealed different behavior: PASS, when executed after: []]
--------------------------
Execution time of TLG and its time to find/nullify any DTs for 1 machine (does not include the time to run the tests in the new order): 2.492
Number of tests selected out of total in original order: 1 / 31
Number of DTs not fixed: 0
Number of DTs fixed: 0
Execution time for executing the following testing order: 1.556

Test order list:
[org.apache.camel.component.cache.ObjectCacheProducerTest.testAddingMultipleDataInCacheAndGettingBack]

Time each test takes to run in the new order:
[1555798076]

Dependent test list:
[Test: org.apache.camel.component.cache.DefaultCacheManagerFactoryTest.testEHCacheCompatiblity, Intended behavior: FAILURE, when executed after: [org.apache.camel.component.cache.CacheRoutesManagementTest.testConfig], The revealed different behavior: PASS, when executed after: []]
--------------------------
Execution time of TLG and its time to find/nullify any DTs for 1 machine (does not include the time to run the tests in the new order): 1.345
Number of tests selected out of total in original order: 1 / 31
Number of DTs not fixed: 0
Number of DTs fixed: 0
Execution time for executing the following testing order: 1.093

Test order list:
[org.apache.camel.component.cache.CacheConfigurationTest.doURICheck]

Time each test takes to run in the new order:
[1092932260]

Dependent test list:
[Test: org.apache.camel.component.cache.DefaultCacheManagerFactoryTest.testEHCacheCompatiblity, Intended behavior: FAILURE, when executed after: [org.apache.camel.component.cache.CacheRoutesManagementTest.testConfig], The revealed different behavior: PASS, when executed after: []]
--------------------------
Execution time of TLG and its time to find/nullify any DTs for 1 machine (does not include the time to run the tests in the new order): 64.125
Number of tests selected out of total in original order: 1 / 31
Number of DTs not fixed: 0
Number of DTs fixed: 0
Execution time for executing the following testing order: 61.192

Test order list:
[org.apache.camel.component.cache.CacheRoutesManagementTest.testConfig]

Time each test takes to run in the new order:
[61192027205]

Dependent test list:
[Test: org.apache.camel.component.cache.DefaultCacheManagerFactoryTest.testEHCacheCompatiblity, Intended behavior: FAILURE, when executed after: [org.apache.camel.component.cache.CacheRoutesManagementTest.testConfig], The revealed different behavior: PASS, when executed after: []]
--------------------------
Total time (of all machines and iterations plus initial TestListGenerator): 134.502
New order time: 62.103
Total number of tests executed in all machines out of total in original order: 32 / 31