Test: org.apache.jackrabbit.oak.plugins.blob.datastore.BlobIdTrackerClusterSharedTest.addRetrieveCluster
Intended behavior: FAILURE
when executed after: [org.apache.jackrabbit.oak.plugins.blob.datastore.DataStoreUtils.testPropertySetup]
The revealed different behavior: PASS
when executed after: []

Test: org.apache.jackrabbit.oak.plugins.blob.datastore.BlobIdTrackerClusterSharedTest.addRetrieveShared
Intended behavior: FAILURE
when executed after: [org.apache.jackrabbit.oak.plugins.blob.datastore.BlobIdTrackerClusterSharedTest.addRetrieveCluster]
The revealed different behavior: PASS
when executed after: []

Test: org.apache.jackrabbit.oak.plugins.blob.datastore.BlobIdTrackerTest.addSnapshot
Intended behavior: FAILURE
when executed after: [org.apache.jackrabbit.oak.plugins.blob.datastore.BlobIdTrackerClusterSharedTest.addRetrieveShared]
The revealed different behavior: PASS
when executed after: []

Test: org.apache.jackrabbit.oak.plugins.blob.datastore.BlobIdTrackerTest.snapshotExecuteAfterRemove
Intended behavior: FAILURE
when executed after: [org.apache.jackrabbit.oak.plugins.blob.datastore.BlobIdTrackerTest.addSnapshot]
The revealed different behavior: PASS
when executed after: []

Test: org.apache.jackrabbit.oak.plugins.blob.SharedDataStoreUtilsTest.test
Intended behavior: FAILURE
when executed after: [org.apache.jackrabbit.oak.plugins.blob.SharedDataStoreUtilsTest.testAddMetadata]
The revealed different behavior: PASS
when executed after: []

Test: org.apache.jackrabbit.oak.plugins.blob.SharedDataStoreUtilsTest.testAddMetadata
Intended behavior: FAILURE
when executed after: [org.apache.jackrabbit.oak.plugins.blob.datastore.BlobIdTrackerTest.snapshotExecuteAfterRemove]
The revealed different behavior: PASS
when executed after: []

