Test: RegressionTest3.test051
Intended behavior: FAILURE
when executed after: [RegressionTest2.test283]
The revealed different behavior: PASS
when executed after: []

Test: RegressionTest2.test283
Intended behavior: FAILURE
when executed after: [RegressionTest0.test012]
The revealed different behavior: PASS
when executed after: []

