Test: randoop.jodatime.RandoopTest3.test195
Intended behavior: FAILURE
when executed after: [randoop.jodatime.RandoopTest3.test193]
The revealed different behavior: PASS
when executed after: []

Test: randoop.jodatime.RandoopTest2.test487
Intended behavior: FAILURE
when executed after: [randoop.jodatime.RandoopTest2.test376]
The revealed different behavior: PASS
when executed after: []

Test: randoop.jodatime.RandoopTest2.test490
Intended behavior: FAILURE
when executed after: [randoop.jodatime.RandoopTest2.test487]
The revealed different behavior: PASS
when executed after: []

Test: randoop.jodatime.RandoopTest3.test389
Intended behavior: FAILURE
when executed after: [randoop.jodatime.RandoopTest3.test383]
The revealed different behavior: PASS
when executed after: []

Test: randoop.jodatime.RandoopTest3.test383
Intended behavior: FAILURE
when executed after: [randoop.jodatime.RandoopTest3.test382]
The revealed different behavior: PASS
when executed after: []

Test: randoop.jodatime.RandoopTest0.test152
Intended behavior: FAILURE
when executed after: [randoop.jodatime.RandoopTest0.test146]
The revealed different behavior: PASS
when executed after: []

Test: randoop.jodatime.RandoopTest0.test450
Intended behavior: FAILURE
when executed after: [randoop.jodatime.RandoopTest0.test406]
The revealed different behavior: PASS
when executed after: []

Test: randoop.jodatime.RandoopTest0.test395
Intended behavior: FAILURE
when executed after: [randoop.jodatime.RandoopTest0.test390]
The revealed different behavior: PASS
when executed after: []

Test: randoop.jodatime.RandoopTest0.test144
Intended behavior: FAILURE
when executed after: [randoop.jodatime.RandoopTest0.test141]
The revealed different behavior: PASS
when executed after: []

Test: randoop.jodatime.RandoopTest0.test146
Intended behavior: FAILURE
when executed after: [randoop.jodatime.RandoopTest0.test144]
The revealed different behavior: PASS
when executed after: []

Test: randoop.jodatime.RandoopTest3.test398
Intended behavior: FAILURE
when executed after: [randoop.jodatime.RandoopTest3.test389]
The revealed different behavior: PASS
when executed after: []

Test: randoop.jodatime.RandoopTest3.test193
Intended behavior: FAILURE
when executed after: [randoop.jodatime.RandoopTest3.test189]
The revealed different behavior: PASS
when executed after: []

Test: randoop.jodatime.RandoopTest2.test493
Intended behavior: FAILURE
when executed after: [randoop.jodatime.RandoopTest2.test490]
The revealed different behavior: PASS
when executed after: []

Test: randoop.jodatime.RandoopTest0.test498
Intended behavior: FAILURE
when executed after: [randoop.jodatime.RandoopTest0.test450]
The revealed different behavior: PASS
when executed after: []

Test: randoop.jodatime.RandoopTest1.test168
Intended behavior: FAILURE
when executed after: [randoop.jodatime.RandoopTest0.test498]
The revealed different behavior: PASS
when executed after: []

Test: randoop.jodatime.RandoopTest0.test165
Intended behavior: FAILURE
when executed after: [randoop.jodatime.RandoopTest0.test159]
The revealed different behavior: PASS
when executed after: []

Test: randoop.jodatime.RandoopTest3.test98
Intended behavior: FAILURE
when executed after: [randoop.jodatime.RandoopTest3.test96]
The revealed different behavior: PASS
when executed after: []

Test: randoop.jodatime.RandoopTest0.test159
Intended behavior: FAILURE
when executed after: [randoop.jodatime.RandoopTest0.test152]
The revealed different behavior: PASS
when executed after: []

Test: randoop.jodatime.RandoopTest3.test199
Intended behavior: FAILURE
when executed after: [randoop.jodatime.RandoopTest3.test196]
The revealed different behavior: PASS
when executed after: []

Test: randoop.jodatime.RandoopTest0.test172
Intended behavior: FAILURE
when executed after: [randoop.jodatime.RandoopTest0.test165]
The revealed different behavior: PASS
when executed after: []

Test: randoop.jodatime.RandoopTest0.test182
Intended behavior: FAILURE
when executed after: [randoop.jodatime.RandoopTest0.test181]
The revealed different behavior: PASS
when executed after: []

Test: randoop.jodatime.RandoopTest0.test181
Intended behavior: FAILURE
when executed after: [randoop.jodatime.RandoopTest0.test172]
The revealed different behavior: PASS
when executed after: []

Test: randoop.jodatime.RandoopTest1.test475
Intended behavior: FAILURE
when executed after: [randoop.jodatime.RandoopTest1.test467]
The revealed different behavior: PASS
when executed after: []

Test: randoop.jodatime.RandoopTest0.test196
Intended behavior: FAILURE
when executed after: [randoop.jodatime.RandoopTest0.test192]
The revealed different behavior: PASS
when executed after: []

Test: randoop.jodatime.RandoopTest0.test386
Intended behavior: FAILURE
when executed after: [randoop.jodatime.RandoopTest0.test378]
The revealed different behavior: PASS
when executed after: []

Test: randoop.jodatime.RandoopTest0.test387
Intended behavior: FAILURE
when executed after: [randoop.jodatime.RandoopTest0.test386]
The revealed different behavior: PASS
when executed after: []

Test: randoop.jodatime.RandoopTest0.test192
Intended behavior: FAILURE
when executed after: [randoop.jodatime.RandoopTest0.test188]
The revealed different behavior: PASS
when executed after: []

Test: randoop.jodatime.RandoopTest0.test389
Intended behavior: FAILURE
when executed after: [randoop.jodatime.RandoopTest0.test387]
The revealed different behavior: PASS
when executed after: []

Test: randoop.jodatime.RandoopTest0.test293
Intended behavior: FAILURE
when executed after: [randoop.jodatime.RandoopTest0.test283]
The revealed different behavior: PASS
when executed after: []

Test: randoop.jodatime.RandoopTest4.test315
Intended behavior: FAILURE
when executed after: [randoop.jodatime.RandoopTest4.test138]
The revealed different behavior: PASS
when executed after: []

Test: randoop.jodatime.RandoopTest4.test13
Intended behavior: FAILURE
when executed after: [randoop.jodatime.RandoopTest4.test5]
The revealed different behavior: PASS
when executed after: []

Test: randoop.jodatime.RandoopTest3.test189
Intended behavior: FAILURE
when executed after: [randoop.jodatime.RandoopTest3.test185]
The revealed different behavior: PASS
when executed after: []

Test: randoop.jodatime.RandoopTest3.test95
Intended behavior: FAILURE
when executed after: [randoop.jodatime.RandoopTest3.test92]
The revealed different behavior: PASS
when executed after: []

Test: randoop.jodatime.RandoopTest0.test297
Intended behavior: FAILURE
when executed after: [randoop.jodatime.RandoopTest0.test293]
The revealed different behavior: PASS
when executed after: []

Test: randoop.jodatime.RandoopTest0.test390
Intended behavior: FAILURE
when executed after: [randoop.jodatime.RandoopTest0.test389]
The revealed different behavior: PASS
when executed after: []

Test: randoop.jodatime.RandoopTest0.test188
Intended behavior: FAILURE
when executed after: [randoop.jodatime.RandoopTest0.test182]
The revealed different behavior: PASS
when executed after: []

Test: randoop.jodatime.RandoopTest3.test288
Intended behavior: FAILURE
when executed after: [randoop.jodatime.RandoopTest3.test280]
The revealed different behavior: PASS
when executed after: []

Test: randoop.jodatime.RandoopTest2.test58
Intended behavior: FAILURE
when executed after: [randoop.jodatime.RandoopTest1.test475]
The revealed different behavior: PASS
when executed after: []

Test: randoop.jodatime.RandoopTest4.test138
Intended behavior: FAILURE
when executed after: [randoop.jodatime.RandoopTest4.test13]
The revealed different behavior: PASS
when executed after: []

Test: randoop.jodatime.RandoopTest3.test411
Intended behavior: FAILURE
when executed after: [randoop.jodatime.RandoopTest3.test409]
The revealed different behavior: PASS
when executed after: []

Test: randoop.jodatime.RandoopTest3.test419
Intended behavior: FAILURE
when executed after: [randoop.jodatime.RandoopTest3.test418]
The revealed different behavior: PASS
when executed after: []

Test: randoop.jodatime.RandoopTest3.test407
Intended behavior: FAILURE
when executed after: [randoop.jodatime.RandoopTest3.test403]
The revealed different behavior: PASS
when executed after: []

Test: randoop.jodatime.RandoopTest3.test299
Intended behavior: FAILURE
when executed after: [randoop.jodatime.RandoopTest3.test297]
The revealed different behavior: PASS
when executed after: []

Test: randoop.jodatime.RandoopTest0.test267
Intended behavior: FAILURE
when executed after: [randoop.jodatime.RandoopTest0.test260]
The revealed different behavior: PASS
when executed after: []

Test: randoop.jodatime.RandoopTest4.test434
Intended behavior: FAILURE
when executed after: [randoop.jodatime.RandoopTest4.test315]
The revealed different behavior: PASS
when executed after: []

Test: randoop.jodatime.RandoopTest3.test185
Intended behavior: FAILURE
when executed after: [randoop.jodatime.RandoopTest3.test184]
The revealed different behavior: PASS
when executed after: []

Test: randoop.jodatime.RandoopTest3.test99
Intended behavior: FAILURE
when executed after: [randoop.jodatime.RandoopTest3.test98]
The revealed different behavior: PASS
when executed after: []

Test: randoop.jodatime.RandoopTest3.test84
Intended behavior: FAILURE
when executed after: [randoop.jodatime.RandoopTest3.test81]
The revealed different behavior: PASS
when executed after: []

Test: randoop.jodatime.RandoopTest3.test294
Intended behavior: FAILURE
when executed after: [randoop.jodatime.RandoopTest3.test292]
The revealed different behavior: PASS
when executed after: []

Test: randoop.jodatime.RandoopTest3.test292
Intended behavior: FAILURE
when executed after: [randoop.jodatime.RandoopTest3.test288]
The revealed different behavior: PASS
when executed after: []

Test: randoop.jodatime.RandoopTest3.test144
Intended behavior: FAILURE
when executed after: [randoop.jodatime.RandoopTest3.test142]
The revealed different behavior: PASS
when executed after: []

Test: randoop.jodatime.RandoopTest3.test409
Intended behavior: FAILURE
when executed after: [randoop.jodatime.RandoopTest3.test407]
The revealed different behavior: PASS
when executed after: []

Test: randoop.jodatime.RandoopTest3.test161
Intended behavior: FAILURE
when executed after: [randoop.jodatime.RandoopTest3.test159]
The revealed different behavior: PASS
when executed after: []

Test: randoop.jodatime.RandoopTest3.test159
Intended behavior: FAILURE
when executed after: [randoop.jodatime.RandoopTest3.test152]
The revealed different behavior: PASS
when executed after: []

Test: randoop.jodatime.RandoopTest3.test170
Intended behavior: FAILURE
when executed after: [randoop.jodatime.RandoopTest3.test166]
The revealed different behavior: PASS
when executed after: []

Test: randoop.jodatime.RandoopTest3.test163
Intended behavior: FAILURE
when executed after: [randoop.jodatime.RandoopTest3.test161]
The revealed different behavior: PASS
when executed after: []

Test: randoop.jodatime.RandoopTest3.test269
Intended behavior: FAILURE
when executed after: [randoop.jodatime.RandoopTest3.test266]
The revealed different behavior: PASS
when executed after: []

Test: randoop.jodatime.RandoopTest3.test266
Intended behavior: FAILURE
when executed after: [randoop.jodatime.RandoopTest3.test263]
The revealed different behavior: PASS
when executed after: []

Test: randoop.jodatime.RandoopTest3.test263
Intended behavior: FAILURE
when executed after: [randoop.jodatime.RandoopTest3.test262]
The revealed different behavior: PASS
when executed after: []

Test: randoop.jodatime.RandoopTest5.test35
Intended behavior: FAILURE
when executed after: [randoop.jodatime.RandoopTest4.test434]
The revealed different behavior: PASS
when executed after: []

Test: randoop.jodatime.RandoopTest3.test196
Intended behavior: FAILURE
when executed after: [randoop.jodatime.RandoopTest3.test195]
The revealed different behavior: PASS
when executed after: []

Test: randoop.jodatime.RandoopTest2.test495
Intended behavior: FAILURE
when executed after: [randoop.jodatime.RandoopTest2.test493]
The revealed different behavior: PASS
when executed after: []

Test: randoop.jodatime.RandoopTest3.test87
Intended behavior: FAILURE
when executed after: [randoop.jodatime.RandoopTest3.test84]
The revealed different behavior: PASS
when executed after: []

Test: randoop.jodatime.RandoopTest3.test150
Intended behavior: FAILURE
when executed after: [randoop.jodatime.RandoopTest3.test148]
The revealed different behavior: PASS
when executed after: []

Test: randoop.jodatime.RandoopTest3.test413
Intended behavior: FAILURE
when executed after: [randoop.jodatime.RandoopTest3.test411]
The revealed different behavior: PASS
when executed after: []

Test: randoop.jodatime.RandoopTest3.test148
Intended behavior: FAILURE
when executed after: [randoop.jodatime.RandoopTest3.test144]
The revealed different behavior: PASS
when executed after: []

Test: randoop.jodatime.RandoopTest3.test142
Intended behavior: FAILURE
when executed after: [randoop.jodatime.RandoopTest3.test138]
The revealed different behavior: PASS
when executed after: []

Test: randoop.jodatime.RandoopTest3.test403
Intended behavior: FAILURE
when executed after: [randoop.jodatime.RandoopTest3.test398]
The revealed different behavior: PASS
when executed after: []

Test: randoop.jodatime.RandoopTest2.test500
Intended behavior: FAILURE
when executed after: [randoop.jodatime.RandoopTest2.test495]
The revealed different behavior: PASS
when executed after: []

Test: randoop.jodatime.RandoopTest3.test152
Intended behavior: FAILURE
when executed after: [randoop.jodatime.RandoopTest3.test151]
The revealed different behavior: PASS
when executed after: []

Test: randoop.jodatime.RandoopTest3.test297
Intended behavior: FAILURE
when executed after: [randoop.jodatime.RandoopTest3.test294]
The revealed different behavior: PASS
when executed after: []

Test: randoop.jodatime.RandoopTest3.test166
Intended behavior: FAILURE
when executed after: [randoop.jodatime.RandoopTest3.test163]
The revealed different behavior: PASS
when executed after: []

Test: randoop.jodatime.RandoopTest3.test262
Intended behavior: FAILURE
when executed after: [randoop.jodatime.RandoopTest3.test259]
The revealed different behavior: PASS
when executed after: []

Test: randoop.jodatime.RandoopTest3.test184
Intended behavior: FAILURE
when executed after: [randoop.jodatime.RandoopTest3.test182]
The revealed different behavior: PASS
when executed after: []

Test: randoop.jodatime.RandoopTest3.test176
Intended behavior: FAILURE
when executed after: [randoop.jodatime.RandoopTest3.test173]
The revealed different behavior: PASS
when executed after: []

Test: randoop.jodatime.RandoopTest0.test283
Intended behavior: FAILURE
when executed after: [randoop.jodatime.RandoopTest0.test282]
The revealed different behavior: PASS
when executed after: []

Test: randoop.jodatime.RandoopTest0.test282
Intended behavior: FAILURE
when executed after: [randoop.jodatime.RandoopTest0.test267]
The revealed different behavior: PASS
when executed after: []

Test: randoop.jodatime.RandoopTest3.test277
Intended behavior: FAILURE
when executed after: [randoop.jodatime.RandoopTest3.test275]
The revealed different behavior: PASS
when executed after: []

Test: randoop.jodatime.RandoopTest3.test274
Intended behavior: FAILURE
when executed after: [randoop.jodatime.RandoopTest3.test272]
The revealed different behavior: PASS
when executed after: []

Test: randoop.jodatime.RandoopTest3.test275
Intended behavior: FAILURE
when executed after: [randoop.jodatime.RandoopTest3.test274]
The revealed different behavior: PASS
when executed after: []

Test: randoop.jodatime.RandoopTest3.test242
Intended behavior: FAILURE
when executed after: [randoop.jodatime.RandoopTest3.test241]
The revealed different behavior: PASS
when executed after: []

Test: randoop.jodatime.RandoopTest3.test105
Intended behavior: FAILURE
when executed after: [randoop.jodatime.RandoopTest3.test102]
The revealed different behavior: PASS
when executed after: []

Test: randoop.jodatime.RandoopTest0.test360
Intended behavior: FAILURE
when executed after: [randoop.jodatime.RandoopTest0.test347]
The revealed different behavior: PASS
when executed after: []

Test: randoop.jodatime.RandoopTest0.test361
Intended behavior: FAILURE
when executed after: [randoop.jodatime.RandoopTest0.test360]
The revealed different behavior: PASS
when executed after: []

Test: randoop.jodatime.RandoopTest3.test106
Intended behavior: FAILURE
when executed after: [randoop.jodatime.RandoopTest3.test105]
The revealed different behavior: PASS
when executed after: []

Test: randoop.jodatime.RandoopTest3.test107
Intended behavior: FAILURE
when executed after: [randoop.jodatime.RandoopTest3.test106]
The revealed different behavior: PASS
when executed after: []

Test: randoop.jodatime.RandoopTest3.test246
Intended behavior: FAILURE
when executed after: [randoop.jodatime.RandoopTest3.test242]
The revealed different behavior: PASS
when executed after: []

Test: randoop.jodatime.RandoopTest3.test108
Intended behavior: FAILURE
when executed after: [randoop.jodatime.RandoopTest3.test107]
The revealed different behavior: PASS
when executed after: []

Test: randoop.jodatime.RandoopTest3.test247
Intended behavior: FAILURE
when executed after: [randoop.jodatime.RandoopTest3.test246]
The revealed different behavior: PASS
when executed after: []

Test: randoop.jodatime.RandoopTest3.test34
Intended behavior: FAILURE
when executed after: [randoop.jodatime.RandoopTest3.test32]
The revealed different behavior: PASS
when executed after: []

Test: randoop.jodatime.RandoopTest3.test102
Intended behavior: FAILURE
when executed after: [randoop.jodatime.RandoopTest3.test99]
The revealed different behavior: PASS
when executed after: []

Test: randoop.jodatime.RandoopTest0.test260
Intended behavior: FAILURE
when executed after: [randoop.jodatime.RandoopTest0.test258]
The revealed different behavior: PASS
when executed after: []

Test: randoop.jodatime.RandoopTest3.test447
Intended behavior: FAILURE
when executed after: [randoop.jodatime.RandoopTest3.test446]
The revealed different behavior: PASS
when executed after: []

Test: randoop.jodatime.RandoopTest0.test258
Intended behavior: FAILURE
when executed after: [randoop.jodatime.RandoopTest0.test252]
The revealed different behavior: PASS
when executed after: []

Test: randoop.jodatime.RandoopTest3.test301
Intended behavior: FAILURE
when executed after: [randoop.jodatime.RandoopTest3.test300]
The revealed different behavior: PASS
when executed after: []

Test: randoop.jodatime.RandoopTest3.test308
Intended behavior: FAILURE
when executed after: [randoop.jodatime.RandoopTest3.test304]
The revealed different behavior: PASS
when executed after: []

Test: randoop.jodatime.RandoopTest3.test441
Intended behavior: FAILURE
when executed after: [randoop.jodatime.RandoopTest3.test435]
The revealed different behavior: PASS
when executed after: []

Test: randoop.jodatime.RandoopTest3.test309
Intended behavior: FAILURE
when executed after: [randoop.jodatime.RandoopTest3.test308]
The revealed different behavior: PASS
when executed after: []

Test: randoop.jodatime.RandoopTest3.test304
Intended behavior: FAILURE
when executed after: [randoop.jodatime.RandoopTest3.test301]
The revealed different behavior: PASS
when executed after: []

Test: randoop.jodatime.RandoopTest3.test445
Intended behavior: FAILURE
when executed after: [randoop.jodatime.RandoopTest3.test442]
The revealed different behavior: PASS
when executed after: []

Test: randoop.jodatime.RandoopTest3.test252
Intended behavior: FAILURE
when executed after: [randoop.jodatime.RandoopTest3.test249]
The revealed different behavior: PASS
when executed after: []

Test: randoop.jodatime.RandoopTest3.test118
Intended behavior: FAILURE
when executed after: [randoop.jodatime.RandoopTest3.test116]
The revealed different behavior: PASS
when executed after: []

Test: randoop.jodatime.RandoopTest3.test258
Intended behavior: FAILURE
when executed after: [randoop.jodatime.RandoopTest3.test257]
The revealed different behavior: PASS
when executed after: []

Test: randoop.jodatime.RandoopTest0.test252
Intended behavior: FAILURE
when executed after: [randoop.jodatime.RandoopTest0.test251]
The revealed different behavior: PASS
when executed after: []

Test: randoop.jodatime.RandoopTest3.test115
Intended behavior: FAILURE
when executed after: [randoop.jodatime.RandoopTest3.test113]
The revealed different behavior: PASS
when executed after: []

Test: randoop.jodatime.RandoopTest0.test251
Intended behavior: FAILURE
when executed after: [randoop.jodatime.RandoopTest0.test247]
The revealed different behavior: PASS
when executed after: []

Test: randoop.jodatime.RandoopTest3.test313
Intended behavior: FAILURE
when executed after: [randoop.jodatime.RandoopTest3.test312]
The revealed different behavior: PASS
when executed after: []

Test: randoop.jodatime.RandoopTest3.test312
Intended behavior: FAILURE
when executed after: [randoop.jodatime.RandoopTest3.test309]
The revealed different behavior: PASS
when executed after: []

Test: randoop.jodatime.RandoopTest0.test247
Intended behavior: FAILURE
when executed after: [randoop.jodatime.RandoopTest0.test246]
The revealed different behavior: PASS
when executed after: []

Test: randoop.jodatime.RandoopTest0.test246
Intended behavior: FAILURE
when executed after: [randoop.jodatime.RandoopTest0.test235]
The revealed different behavior: PASS
when executed after: []

Test: randoop.jodatime.RandoopTest3.test46
Intended behavior: FAILURE
when executed after: [randoop.jodatime.RandoopTest3.test40]
The revealed different behavior: PASS
when executed after: []

Test: randoop.jodatime.RandoopTest3.test452
Intended behavior: FAILURE
when executed after: [randoop.jodatime.RandoopTest3.test451]
The revealed different behavior: PASS
when executed after: []

Test: randoop.jodatime.RandoopTest3.test451
Intended behavior: FAILURE
when executed after: [randoop.jodatime.RandoopTest3.test447]
The revealed different behavior: PASS
when executed after: []

Test: randoop.jodatime.RandoopTest3.test316
Intended behavior: FAILURE
when executed after: [randoop.jodatime.RandoopTest3.test313]
The revealed different behavior: PASS
when executed after: []

Test: randoop.jodatime.RandoopTest3.test455
Intended behavior: FAILURE
when executed after: [randoop.jodatime.RandoopTest3.test454]
The revealed different behavior: PASS
when executed after: []

Test: randoop.jodatime.RandoopTest0.test347
Intended behavior: FAILURE
when executed after: [randoop.jodatime.RandoopTest0.test346]
The revealed different behavior: PASS
when executed after: []

Test: randoop.jodatime.RandoopTest3.test454
Intended behavior: FAILURE
when executed after: [randoop.jodatime.RandoopTest3.test452]
The revealed different behavior: PASS
when executed after: []

Test: randoop.jodatime.RandoopTest0.test346
Intended behavior: FAILURE
when executed after: [randoop.jodatime.RandoopTest0.test338]
The revealed different behavior: PASS
when executed after: []

Test: randoop.jodatime.RandoopTest3.test223
Intended behavior: FAILURE
when executed after: [randoop.jodatime.RandoopTest3.test220]
The revealed different behavior: PASS
when executed after: []

Test: randoop.jodatime.RandoopTest3.test128
Intended behavior: FAILURE
when executed after: [randoop.jodatime.RandoopTest3.test125]
The revealed different behavior: PASS
when executed after: []

Test: randoop.jodatime.RandoopTest3.test129
Intended behavior: FAILURE
when executed after: [randoop.jodatime.RandoopTest3.test128]
The revealed different behavior: PASS
when executed after: []

Test: randoop.jodatime.RandoopTest3.test220
Intended behavior: FAILURE
when executed after: [randoop.jodatime.RandoopTest3.test219]
The revealed different behavior: PASS
when executed after: []

Test: randoop.jodatime.RandoopTest3.test121
Intended behavior: FAILURE
when executed after: [randoop.jodatime.RandoopTest3.test118]
The revealed different behavior: PASS
when executed after: []

Test: randoop.jodatime.RandoopTest3.test226
Intended behavior: FAILURE
when executed after: [randoop.jodatime.RandoopTest3.test223]
The revealed different behavior: PASS
when executed after: []

Test: randoop.jodatime.RandoopTest3.test124
Intended behavior: FAILURE
when executed after: [randoop.jodatime.RandoopTest3.test121]
The revealed different behavior: PASS
when executed after: []

Test: randoop.jodatime.RandoopTest3.test125
Intended behavior: FAILURE
when executed after: [randoop.jodatime.RandoopTest3.test124]
The revealed different behavior: PASS
when executed after: []

Test: randoop.jodatime.RandoopTest1.test354
Intended behavior: FAILURE
when executed after: [randoop.jodatime.RandoopTest1.test168]
The revealed different behavior: PASS
when executed after: []

Test: randoop.jodatime.RandoopTest3.test320
Intended behavior: FAILURE
when executed after: [randoop.jodatime.RandoopTest3.test316]
The revealed different behavior: PASS
when executed after: []

Test: randoop.jodatime.RandoopTest3.test57
Intended behavior: FAILURE
when executed after: [randoop.jodatime.RandoopTest3.test56]
The revealed different behavior: PASS
when executed after: []

Test: randoop.jodatime.RandoopTest0.test235
Intended behavior: FAILURE
when executed after: [randoop.jodatime.RandoopTest0.test229]
The revealed different behavior: PASS
when executed after: []

Test: randoop.jodatime.RandoopTest3.test424
Intended behavior: FAILURE
when executed after: [randoop.jodatime.RandoopTest3.test420]
The revealed different behavior: PASS
when executed after: []

Test: randoop.jodatime.RandoopTest3.test324
Intended behavior: FAILURE
when executed after: [randoop.jodatime.RandoopTest3.test320]
The revealed different behavior: PASS
when executed after: []

Test: randoop.jodatime.RandoopTest3.test426
Intended behavior: FAILURE
when executed after: [randoop.jodatime.RandoopTest3.test424]
The revealed different behavior: PASS
when executed after: []

Test: randoop.jodatime.RandoopTest3.test327
Intended behavior: FAILURE
when executed after: [randoop.jodatime.RandoopTest3.test326]
The revealed different behavior: PASS
when executed after: []

Test: randoop.jodatime.RandoopTest0.test376
Intended behavior: FAILURE
when executed after: [randoop.jodatime.RandoopTest0.test370]
The revealed different behavior: PASS
when executed after: []

Test: randoop.jodatime.RandoopTest0.test378
Intended behavior: FAILURE
when executed after: [randoop.jodatime.RandoopTest0.test376]
The revealed different behavior: PASS
when executed after: []

Test: randoop.jodatime.RandoopTest3.test138
Intended behavior: FAILURE
when executed after: [randoop.jodatime.RandoopTest3.test132]
The revealed different behavior: PASS
when executed after: []

Test: randoop.jodatime.RandoopTest3.test233
Intended behavior: FAILURE
when executed after: [randoop.jodatime.RandoopTest3.test232]
The revealed different behavior: PASS
when executed after: []

Test: randoop.jodatime.RandoopTest0.test370
Intended behavior: FAILURE
when executed after: [randoop.jodatime.RandoopTest0.test369]
The revealed different behavior: PASS
when executed after: []

Test: randoop.jodatime.RandoopTest3.test232
Intended behavior: FAILURE
when executed after: [randoop.jodatime.RandoopTest3.test226]
The revealed different behavior: PASS
when executed after: []

Test: randoop.jodatime.RandoopTest3.test132
Intended behavior: FAILURE
when executed after: [randoop.jodatime.RandoopTest3.test130]
The revealed different behavior: PASS
when executed after: []

Test: randoop.jodatime.RandoopTest3.test130
Intended behavior: FAILURE
when executed after: [randoop.jodatime.RandoopTest3.test129]
The revealed different behavior: PASS
when executed after: []

Test: randoop.jodatime.RandoopTest3.test239
Intended behavior: FAILURE
when executed after: [randoop.jodatime.RandoopTest3.test233]
The revealed different behavior: PASS
when executed after: []

Test: randoop.jodatime.RandoopTest3.test330
Intended behavior: FAILURE
when executed after: [randoop.jodatime.RandoopTest3.test327]
The revealed different behavior: PASS
when executed after: []

Test: randoop.jodatime.RandoopTest3.test333
Intended behavior: FAILURE
when executed after: [randoop.jodatime.RandoopTest3.test332]
The revealed different behavior: PASS
when executed after: []

Test: randoop.jodatime.RandoopTest0.test226
Intended behavior: FAILURE
when executed after: [randoop.jodatime.RandoopTest0.test208]
The revealed different behavior: PASS
when executed after: []

Test: randoop.jodatime.RandoopTest3.test332
Intended behavior: FAILURE
when executed after: [randoop.jodatime.RandoopTest3.test330]
The revealed different behavior: PASS
when executed after: []

Test: randoop.jodatime.RandoopTest3.test435
Intended behavior: FAILURE
when executed after: [randoop.jodatime.RandoopTest3.test434]
The revealed different behavior: PASS
when executed after: []

Test: randoop.jodatime.RandoopTest3.test434
Intended behavior: FAILURE
when executed after: [randoop.jodatime.RandoopTest3.test432]
The revealed different behavior: PASS
when executed after: []

Test: randoop.jodatime.RandoopTest3.test338
Intended behavior: FAILURE
when executed after: [randoop.jodatime.RandoopTest3.test336]
The revealed different behavior: PASS
when executed after: []

Test: randoop.jodatime.RandoopTest0.test369
Intended behavior: FAILURE
when executed after: [randoop.jodatime.RandoopTest0.test361]
The revealed different behavior: PASS
when executed after: []

Test: randoop.jodatime.RandoopTest3.test336
Intended behavior: FAILURE
when executed after: [randoop.jodatime.RandoopTest3.test333]
The revealed different behavior: PASS
when executed after: []

Test: randoop.jodatime.RandoopTest0.test229
Intended behavior: FAILURE
when executed after: [randoop.jodatime.RandoopTest0.test226]
The revealed different behavior: PASS
when executed after: []

Test: randoop.jodatime.RandoopTest3.test205
Intended behavior: FAILURE
when executed after: [randoop.jodatime.RandoopTest3.test201]
The revealed different behavior: PASS
when executed after: []

Test: randoop.jodatime.RandoopTest3.test201
Intended behavior: FAILURE
when executed after: [randoop.jodatime.RandoopTest3.test199]
The revealed different behavior: PASS
when executed after: []

Test: randoop.jodatime.RandoopTest0.test135
Intended behavior: FAILURE
when executed after: [randoop.jodatime.RandoopTest0.test115]
The revealed different behavior: PASS
when executed after: []

Test: randoop.jodatime.RandoopTest3.test492
Intended behavior: FAILURE
when executed after: [randoop.jodatime.RandoopTest3.test487]
The revealed different behavior: PASS
when executed after: []

Test: randoop.jodatime.RandoopTest0.test314
Intended behavior: FAILURE
when executed after: [randoop.jodatime.RandoopTest0.test306]
The revealed different behavior: PASS
when executed after: []

Test: randoop.jodatime.RandoopTest3.test487
Intended behavior: FAILURE
when executed after: [randoop.jodatime.RandoopTest3.test481]
The revealed different behavior: PASS
when executed after: []

Test: randoop.jodatime.RandoopTest3.test345
Intended behavior: FAILURE
when executed after: [randoop.jodatime.RandoopTest3.test338]
The revealed different behavior: PASS
when executed after: []

Test: randoop.jodatime.RandoopTest0.test406
Intended behavior: FAILURE
when executed after: [randoop.jodatime.RandoopTest0.test395]
The revealed different behavior: PASS
when executed after: []

Test: randoop.jodatime.RandoopTest3.test219
Intended behavior: FAILURE
when executed after: [randoop.jodatime.RandoopTest3.test210]
The revealed different behavior: PASS
when executed after: []

Test: randoop.jodatime.RandoopTest3.test210
Intended behavior: FAILURE
when executed after: [randoop.jodatime.RandoopTest3.test208]
The revealed different behavior: PASS
when executed after: []

Test: randoop.jodatime.RandoopTest3.test496
Intended behavior: FAILURE
when executed after: [randoop.jodatime.RandoopTest3.test492]
The revealed different behavior: PASS
when executed after: []

Test: randoop.jodatime.RandoopTest0.test304
Intended behavior: FAILURE
when executed after: [randoop.jodatime.RandoopTest0.test297]
The revealed different behavior: PASS
when executed after: []

Test: randoop.jodatime.RandoopTest3.test497
Intended behavior: FAILURE
when executed after: [randoop.jodatime.RandoopTest3.test496]
The revealed different behavior: PASS
when executed after: []

Test: randoop.jodatime.RandoopTest3.test498
Intended behavior: FAILURE
when executed after: [randoop.jodatime.RandoopTest3.test497]
The revealed different behavior: PASS
when executed after: []

Test: randoop.jodatime.RandoopTest0.test208
Intended behavior: FAILURE
when executed after: [randoop.jodatime.RandoopTest0.test196]
The revealed different behavior: PASS
when executed after: []

Test: randoop.jodatime.RandoopTest3.test356
Intended behavior: FAILURE
when executed after: [randoop.jodatime.RandoopTest3.test352]
The revealed different behavior: PASS
when executed after: []

Test: randoop.jodatime.RandoopTest0.test306
Intended behavior: FAILURE
when executed after: [randoop.jodatime.RandoopTest0.test304]
The revealed different behavior: PASS
when executed after: []

Test: randoop.jodatime.RandoopTest3.test352
Intended behavior: FAILURE
when executed after: [randoop.jodatime.RandoopTest3.test347]
The revealed different behavior: PASS
when executed after: []

Test: randoop.jodatime.RandoopTest3.test8
Intended behavior: FAILURE
when executed after: [randoop.jodatime.RandoopTest3.test7]
The revealed different behavior: PASS
when executed after: []

Test: randoop.jodatime.RandoopTest3.test7
Intended behavior: FAILURE
when executed after: [randoop.jodatime.RandoopTest3.test1]
The revealed different behavior: PASS
when executed after: []

Test: randoop.jodatime.RandoopTest3.test12
Intended behavior: FAILURE
when executed after: [randoop.jodatime.RandoopTest3.test9]
The revealed different behavior: PASS
when executed after: []

Test: randoop.jodatime.RandoopTest3.test470
Intended behavior: FAILURE
when executed after: [randoop.jodatime.RandoopTest3.test467]
The revealed different behavior: PASS
when executed after: []

Test: randoop.jodatime.RandoopTest0.test141
Intended behavior: FAILURE
when executed after: [randoop.jodatime.RandoopTest0.test135]
The revealed different behavior: PASS
when executed after: []

Test: randoop.jodatime.RandoopTest0.test338
Intended behavior: FAILURE
when executed after: [randoop.jodatime.RandoopTest0.test325]
The revealed different behavior: PASS
when executed after: []

Test: randoop.jodatime.RandoopTest3.test462
Intended behavior: FAILURE
when executed after: [randoop.jodatime.RandoopTest3.test457]
The revealed different behavior: PASS
when executed after: []

Test: randoop.jodatime.RandoopTest3.test14
Intended behavior: FAILURE
when executed after: [randoop.jodatime.RandoopTest3.test12]
The revealed different behavior: PASS
when executed after: []

Test: randoop.jodatime.RandoopTest3.test365
Intended behavior: FAILURE
when executed after: [randoop.jodatime.RandoopTest3.test356]
The revealed different behavior: PASS
when executed after: []

Test: randoop.jodatime.RandoopTest3.test382
Intended behavior: FAILURE
when executed after: [randoop.jodatime.RandoopTest3.test381]
The revealed different behavior: PASS
when executed after: []

Test: randoop.jodatime.RandoopTest3.test381
Intended behavior: FAILURE
when executed after: [randoop.jodatime.RandoopTest3.test380]
The revealed different behavior: PASS
when executed after: []

Test: randoop.jodatime.RandoopTest3.test22
Intended behavior: FAILURE
when executed after: [randoop.jodatime.RandoopTest3.test16]
The revealed different behavior: PASS
when executed after: []

Test: randoop.jodatime.RandoopTest3.test380
Intended behavior: FAILURE
when executed after: [randoop.jodatime.RandoopTest3.test376]
The revealed different behavior: PASS
when executed after: []

Test: randoop.jodatime.RandoopTest3.test481
Intended behavior: FAILURE
when executed after: [randoop.jodatime.RandoopTest3.test471]
The revealed different behavior: PASS
when executed after: []

Test: randoop.jodatime.RandoopTest0.test325
Intended behavior: FAILURE
when executed after: [randoop.jodatime.RandoopTest0.test320]
The revealed different behavior: PASS
when executed after: []

Test: randoop.jodatime.RandoopTest0.test320
Intended behavior: FAILURE
when executed after: [randoop.jodatime.RandoopTest0.test314]
The revealed different behavior: PASS
when executed after: []

Test: randoop.jodatime.RandoopTest3.test471
Intended behavior: FAILURE
when executed after: [randoop.jodatime.RandoopTest3.test470]
The revealed different behavior: PASS
when executed after: []

Test: randoop.jodatime.RandoopTest3.test375
Intended behavior: FAILURE
when executed after: [randoop.jodatime.RandoopTest3.test365]
The revealed different behavior: PASS
when executed after: []

Test: randoop.jodatime.RandoopTest3.test29
Intended behavior: FAILURE
when executed after: [randoop.jodatime.RandoopTest3.test28]
The revealed different behavior: PASS
when executed after: []

Test: randoop.jodatime.RandoopTest3.test28
Intended behavior: FAILURE
when executed after: [randoop.jodatime.RandoopTest3.test22]
The revealed different behavior: PASS
when executed after: []

Test: randoop.jodatime.RandoopTest3.test376
Intended behavior: FAILURE
when executed after: [randoop.jodatime.RandoopTest3.test375]
The revealed different behavior: PASS
when executed after: []

Test: randoop.jodatime.RandoopTest3.test241
Intended behavior: FAILURE
when executed after: [randoop.jodatime.RandoopTest3.test239]
The revealed different behavior: PASS
when executed after: []

Test: randoop.jodatime.RandoopTest3.test272
Intended behavior: FAILURE
when executed after: [randoop.jodatime.RandoopTest3.test270]
The revealed different behavior: PASS
when executed after: []

Test: randoop.jodatime.RandoopTest2.test85
Intended behavior: FAILURE
when executed after: [randoop.jodatime.RandoopTest2.test58]
The revealed different behavior: PASS
when executed after: []

Test: randoop.jodatime.RandoopTest3.test270
Intended behavior: FAILURE
when executed after: [randoop.jodatime.RandoopTest3.test269]
The revealed different behavior: PASS
when executed after: []

Test: randoop.jodatime.RandoopTest3.test208
Intended behavior: FAILURE
when executed after: [randoop.jodatime.RandoopTest3.test205]
The revealed different behavior: PASS
when executed after: []

Test: randoop.jodatime.RandoopTest3.test81
Intended behavior: FAILURE
when executed after: [randoop.jodatime.RandoopTest3.test65]
The revealed different behavior: PASS
when executed after: []

Test: randoop.jodatime.RandoopTest3.test52
Intended behavior: FAILURE
when executed after: [randoop.jodatime.RandoopTest3.test46]
The revealed different behavior: PASS
when executed after: []

Test: randoop.jodatime.RandoopTest3.test417
Intended behavior: FAILURE
when executed after: [randoop.jodatime.RandoopTest3.test413]
The revealed different behavior: PASS
when executed after: []

Test: randoop.jodatime.RandoopTest3.test249
Intended behavior: FAILURE
when executed after: [randoop.jodatime.RandoopTest3.test247]
The revealed different behavior: PASS
when executed after: []

Test: randoop.jodatime.RandoopTest3.test151
Intended behavior: FAILURE
when executed after: [randoop.jodatime.RandoopTest3.test150]
The revealed different behavior: PASS
when executed after: []

Test: randoop.jodatime.RandoopTest3.test418
Intended behavior: FAILURE
when executed after: [randoop.jodatime.RandoopTest3.test417]
The revealed different behavior: PASS
when executed after: []

Test: randoop.jodatime.RandoopTest3.test32
Intended behavior: FAILURE
when executed after: [randoop.jodatime.RandoopTest3.test29]
The revealed different behavior: PASS
when executed after: []

Test: randoop.jodatime.RandoopTest3.test56
Intended behavior: FAILURE
when executed after: [randoop.jodatime.RandoopTest3.test54]
The revealed different behavior: PASS
when executed after: []

Test: randoop.jodatime.RandoopTest3.test173
Intended behavior: FAILURE
when executed after: [randoop.jodatime.RandoopTest3.test170]
The revealed different behavior: PASS
when executed after: []

Test: randoop.jodatime.RandoopTest3.test54
Intended behavior: FAILURE
when executed after: [randoop.jodatime.RandoopTest3.test52]
The revealed different behavior: PASS
when executed after: []

Test: randoop.jodatime.RandoopTest3.test300
Intended behavior: FAILURE
when executed after: [randoop.jodatime.RandoopTest3.test299]
The revealed different behavior: PASS
when executed after: []

Test: randoop.jodatime.RandoopTest3.test446
Intended behavior: FAILURE
when executed after: [randoop.jodatime.RandoopTest3.test445]
The revealed different behavior: PASS
when executed after: []

Test: randoop.jodatime.RandoopTest3.test58
Intended behavior: FAILURE
when executed after: [randoop.jodatime.RandoopTest3.test57]
The revealed different behavior: PASS
when executed after: []

Test: randoop.jodatime.RandoopTest3.test467
Intended behavior: FAILURE
when executed after: [randoop.jodatime.RandoopTest3.test462]
The revealed different behavior: PASS
when executed after: []

Test: randoop.jodatime.RandoopTest3.test347
Intended behavior: FAILURE
when executed after: [randoop.jodatime.RandoopTest3.test346]
The revealed different behavior: PASS
when executed after: []

Test: randoop.jodatime.RandoopTest3.test36
Intended behavior: FAILURE
when executed after: [randoop.jodatime.RandoopTest3.test34]
The revealed different behavior: PASS
when executed after: []

Test: randoop.jodatime.RandoopTest3.test326
Intended behavior: FAILURE
when executed after: [randoop.jodatime.RandoopTest3.test324]
The revealed different behavior: PASS
when executed after: []

Test: randoop.jodatime.RandoopTest3.test16
Intended behavior: FAILURE
when executed after: [randoop.jodatime.RandoopTest3.test14]
The revealed different behavior: PASS
when executed after: []

Test: randoop.jodatime.RandoopTest3.test420
Intended behavior: FAILURE
when executed after: [randoop.jodatime.RandoopTest3.test419]
The revealed different behavior: PASS
when executed after: []

Test: randoop.jodatime.RandoopTest3.test346
Intended behavior: FAILURE
when executed after: [randoop.jodatime.RandoopTest3.test345]
The revealed different behavior: PASS
when executed after: []

Test: randoop.jodatime.RandoopTest3.test442
Intended behavior: FAILURE
when executed after: [randoop.jodatime.RandoopTest3.test441]
The revealed different behavior: PASS
when executed after: []

Test: randoop.jodatime.RandoopTest3.test280
Intended behavior: FAILURE
when executed after: [randoop.jodatime.RandoopTest3.test277]
The revealed different behavior: PASS
when executed after: []

Test: randoop.jodatime.RandoopTest3.test92
Intended behavior: FAILURE
when executed after: [randoop.jodatime.RandoopTest3.test87]
The revealed different behavior: PASS
when executed after: []

Test: randoop.jodatime.RandoopTest3.test257
Intended behavior: FAILURE
when executed after: [randoop.jodatime.RandoopTest3.test252]
The revealed different behavior: PASS
when executed after: []

Test: randoop.jodatime.RandoopTest4.test4
Intended behavior: FAILURE
when executed after: [randoop.jodatime.RandoopTest3.test498]
The revealed different behavior: PASS
when executed after: []

Test: randoop.jodatime.RandoopTest3.test116
Intended behavior: FAILURE
when executed after: [randoop.jodatime.RandoopTest3.test115]
The revealed different behavior: PASS
when executed after: []

Test: randoop.jodatime.RandoopTest3.test259
Intended behavior: FAILURE
when executed after: [randoop.jodatime.RandoopTest3.test258]
The revealed different behavior: PASS
when executed after: []

Test: randoop.jodatime.RandoopTest4.test5
Intended behavior: FAILURE
when executed after: [randoop.jodatime.RandoopTest4.test4]
The revealed different behavior: PASS
when executed after: []

Test: randoop.jodatime.RandoopTest3.test113
Intended behavior: FAILURE
when executed after: [randoop.jodatime.RandoopTest3.test108]
The revealed different behavior: PASS
when executed after: []

Test: randoop.jodatime.RandoopTest3.test65
Intended behavior: FAILURE
when executed after: [randoop.jodatime.RandoopTest3.test58]
The revealed different behavior: PASS
when executed after: []

Test: randoop.jodatime.RandoopTest3.test182
Intended behavior: FAILURE
when executed after: [randoop.jodatime.RandoopTest3.test176]
The revealed different behavior: PASS
when executed after: []

Test: randoop.jodatime.RandoopTest3.test40
Intended behavior: FAILURE
when executed after: [randoop.jodatime.RandoopTest3.test36]
The revealed different behavior: PASS
when executed after: []

Test: randoop.jodatime.RandoopTest3.test96
Intended behavior: FAILURE
when executed after: [randoop.jodatime.RandoopTest3.test95]
The revealed different behavior: PASS
when executed after: []

Test: randoop.jodatime.RandoopTest3.test457
Intended behavior: FAILURE
when executed after: [randoop.jodatime.RandoopTest3.test455]
The revealed different behavior: PASS
when executed after: []

Test: randoop.jodatime.RandoopTest2.test376
Intended behavior: FAILURE
when executed after: [randoop.jodatime.RandoopTest2.test310]
The revealed different behavior: PASS
when executed after: []

Test: randoop.jodatime.RandoopTest1.test467
Intended behavior: FAILURE
when executed after: [randoop.jodatime.RandoopTest1.test354]
The revealed different behavior: PASS
when executed after: []

Test: randoop.jodatime.RandoopTest2.test212
Intended behavior: FAILURE
when executed after: [randoop.jodatime.RandoopTest2.test85]
The revealed different behavior: PASS
when executed after: []

Test: randoop.jodatime.RandoopTest2.test269
Intended behavior: FAILURE
when executed after: [randoop.jodatime.RandoopTest2.test216]
The revealed different behavior: PASS
when executed after: []

Test: randoop.jodatime.RandoopTest2.test216
Intended behavior: FAILURE
when executed after: [randoop.jodatime.RandoopTest2.test212]
The revealed different behavior: PASS
when executed after: []

Test: randoop.jodatime.RandoopTest2.test289
Intended behavior: FAILURE
when executed after: [randoop.jodatime.RandoopTest2.test269]
The revealed different behavior: PASS
when executed after: []

Test: randoop.jodatime.RandoopTest3.test1
Intended behavior: FAILURE
when executed after: [randoop.jodatime.RandoopTest2.test500]
The revealed different behavior: PASS
when executed after: []

Test: randoop.jodatime.RandoopTest2.test310
Intended behavior: FAILURE
when executed after: [randoop.jodatime.RandoopTest2.test289]
The revealed different behavior: PASS
when executed after: []

Test: randoop.jodatime.RandoopTest3.test432
Intended behavior: FAILURE
when executed after: [randoop.jodatime.RandoopTest3.test426]
The revealed different behavior: PASS
when executed after: []

Test: randoop.jodatime.RandoopTest3.test9
Intended behavior: FAILURE
when executed after: [randoop.jodatime.RandoopTest3.test8]
The revealed different behavior: PASS
when executed after: []

