Test: de.htw.sdf.photoplatform.repository.ImageDAOTest.testBasic
Intended behavior: FAILURE
when executed after: [de.htw.sdf.photoplatform.repository.UserImageDAOTest.testGetUserImagesBy]
The revealed different behavior: PASS
when executed after: []

Test: de.htw.sdf.photoplatform.repository.RoleDAOTest.findTest
Intended behavior: FAILURE
when executed after: [de.htw.sdf.photoplatform.repository.ImageDAOTest.testBasic]
The revealed different behavior: PASS
when executed after: []

Test: de.htw.sdf.photoplatform.webservice.PhotographerControllerTest.testGetPhotographersImages
Intended behavior: FAILURE
when executed after: [de.htw.sdf.photoplatform.common.ImportSQLTester.test1InitSqlData]
The revealed different behavior: PASS
when executed after: []

Test: de.htw.sdf.photoplatform.common.ImportSQLTester.test1InitSqlData
Intended behavior: FAILURE
when executed after: [de.htw.sdf.photoplatform.repository.RoleDAOTest.findTest]
The revealed different behavior: PASS
when executed after: []

Test: de.htw.sdf.photoplatform.webservice.PhotographerControllerTest.testCreateCollection
Intended behavior: FAILURE
when executed after: [de.htw.sdf.photoplatform.webservice.PhotographerControllerTest.testGetPhotographersImages]
The revealed different behavior: PASS
when executed after: []

