Test: RegressionTest0.test464
Intended behavior: FAILURE
when executed after: [RegressionTest0.test167]
The revealed different behavior: PASS
when executed after: []

Test: RegressionTest1.test345
Intended behavior: FAILURE
when executed after: [RegressionTest1.test294]
The revealed different behavior: PASS
when executed after: []

Test: RegressionTest1.test013
Intended behavior: FAILURE
when executed after: [RegressionTest1.test002]
The revealed different behavior: PASS
when executed after: []

Test: RegressionTest2.test018
Intended behavior: FAILURE
when executed after: [RegressionTest1.test498]
The revealed different behavior: PASS
when executed after: []

Test: RegressionTest1.test437
Intended behavior: FAILURE
when executed after: [RegressionTest1.test375]
The revealed different behavior: PASS
when executed after: []

Test: RegressionTest1.test466
Intended behavior: FAILURE
when executed after: [RegressionTest1.test465]
The revealed different behavior: PASS
when executed after: []

Test: RegressionTest1.test171
Intended behavior: FAILURE
when executed after: [RegressionTest1.test118]
The revealed different behavior: PASS
when executed after: []

Test: RegressionTest0.test184
Intended behavior: FAILURE
when executed after: [RegressionTest0.test176]
The revealed different behavior: PASS
when executed after: []

Test: RegressionTest0.test228
Intended behavior: FAILURE
when executed after: [RegressionTest0.test184]
The revealed different behavior: PASS
when executed after: []

Test: RegressionTest0.test230
Intended behavior: FAILURE
when executed after: [RegressionTest0.test228]
The revealed different behavior: PASS
when executed after: []

Test: RegressionTest0.test273
Intended behavior: FAILURE
when executed after: [RegressionTest0.test230]
The revealed different behavior: PASS
when executed after: []

Test: RegressionTest0.test298
Intended behavior: FAILURE
when executed after: [RegressionTest0.test273]
The revealed different behavior: PASS
when executed after: []

Test: RegressionTest0.test321
Intended behavior: FAILURE
when executed after: [RegressionTest0.test298]
The revealed different behavior: PASS
when executed after: []

Test: RegressionTest0.test379
Intended behavior: FAILURE
when executed after: [RegressionTest0.test321]
The revealed different behavior: PASS
when executed after: []

Test: RegressionTest0.test382
Intended behavior: FAILURE
when executed after: [RegressionTest0.test379]
The revealed different behavior: PASS
when executed after: []

Test: RegressionTest0.test395
Intended behavior: FAILURE
when executed after: [RegressionTest0.test382]
The revealed different behavior: PASS
when executed after: []

Test: RegressionTest0.test411
Intended behavior: FAILURE
when executed after: [RegressionTest0.test395]
The revealed different behavior: PASS
when executed after: []

Test: RegressionTest0.test413
Intended behavior: FAILURE
when executed after: [RegressionTest0.test411]
The revealed different behavior: PASS
when executed after: []

Test: RegressionTest0.test429
Intended behavior: FAILURE
when executed after: [RegressionTest0.test413]
The revealed different behavior: PASS
when executed after: []

Test: RegressionTest0.test456
Intended behavior: FAILURE
when executed after: [RegressionTest0.test429]
The revealed different behavior: PASS
when executed after: []

Test: RegressionTest1.test015
Intended behavior: FAILURE
when executed after: [RegressionTest0.test486]
The revealed different behavior: PASS
when executed after: []

Test: RegressionTest1.test039
Intended behavior: FAILURE
when executed after: [RegressionTest1.test015]
The revealed different behavior: PASS
when executed after: []

Test: RegressionTest1.test052
Intended behavior: FAILURE
when executed after: [RegressionTest1.test039]
The revealed different behavior: PASS
when executed after: []

Test: RegressionTest1.test064
Intended behavior: FAILURE
when executed after: [RegressionTest1.test052]
The revealed different behavior: PASS
when executed after: []

Test: RegressionTest1.test212
Intended behavior: FAILURE
when executed after: [RegressionTest1.test198]
The revealed different behavior: PASS
when executed after: []

Test: RegressionTest1.test244
Intended behavior: FAILURE
when executed after: [RegressionTest1.test242]
The revealed different behavior: PASS
when executed after: []

Test: RegressionTest1.test240
Intended behavior: FAILURE
when executed after: [RegressionTest1.test212]
The revealed different behavior: PASS
when executed after: []

Test: RegressionTest1.test242
Intended behavior: FAILURE
when executed after: [RegressionTest1.test240]
The revealed different behavior: PASS
when executed after: []

Test: RegressionTest1.test248
Intended behavior: FAILURE
when executed after: [RegressionTest1.test244]
The revealed different behavior: PASS
when executed after: []

Test: RegressionTest1.test249
Intended behavior: FAILURE
when executed after: [RegressionTest1.test248]
The revealed different behavior: PASS
when executed after: []

Test: RegressionTest1.test452
Intended behavior: FAILURE
when executed after: [RegressionTest1.test249]
The revealed different behavior: PASS
when executed after: []

Test: RegressionTest1.test465
Intended behavior: FAILURE
when executed after: [RegressionTest1.test453]
The revealed different behavior: PASS
when executed after: []

Test: RegressionTest0.test486
Intended behavior: FAILURE
when executed after: [RegressionTest0.test483]
The revealed different behavior: PASS
when executed after: []

Test: RegressionTest2.test023
Intended behavior: FAILURE
when executed after: [RegressionTest1.test466]
The revealed different behavior: PASS
when executed after: []

Test: RegressionTest1.test257
Intended behavior: FAILURE
when executed after: [RegressionTest1.test216]
The revealed different behavior: PASS
when executed after: []

Test: RegressionTest1.test216
Intended behavior: FAILURE
when executed after: [RegressionTest1.test013]
The revealed different behavior: PASS
when executed after: []

Test: RegressionTest1.test294
Intended behavior: FAILURE
when executed after: [RegressionTest1.test257]
The revealed different behavior: PASS
when executed after: []

Test: RegressionTest0.test483
Intended behavior: FAILURE
when executed after: [RegressionTest0.test470]
The revealed different behavior: PASS
when executed after: []

Test: RegressionTest0.test470
Intended behavior: FAILURE
when executed after: [RegressionTest0.test456]
The revealed different behavior: PASS
when executed after: []

Test: RegressionTest1.test453
Intended behavior: FAILURE
when executed after: [RegressionTest1.test452]
The revealed different behavior: PASS
when executed after: []

Test: RegressionTest1.test118
Intended behavior: FAILURE
when executed after: [RegressionTest1.test094]
The revealed different behavior: PASS
when executed after: []

Test: RegressionTest1.test094
Intended behavior: FAILURE
when executed after: [RegressionTest1.test064]
The revealed different behavior: PASS
when executed after: []

Test: RegressionTest2.test109
Intended behavior: FAILURE
when executed after: [RegressionTest2.test032]
The revealed different behavior: PASS
when executed after: []

Test: RegressionTest2.test032
Intended behavior: FAILURE
when executed after: [RegressionTest2.test023]
The revealed different behavior: PASS
when executed after: []

Test: RegressionTest2.test137
Intended behavior: FAILURE
when executed after: [RegressionTest2.test109]
The revealed different behavior: PASS
when executed after: []

Test: RegressionTest1.test133
Intended behavior: FAILURE
when executed after: [RegressionTest0.test442]
The revealed different behavior: PASS
when executed after: []

Test: RegressionTest1.test441
Intended behavior: FAILURE
when executed after: [RegressionTest1.test437]
The revealed different behavior: PASS
when executed after: []

Test: RegressionTest2.test148
Intended behavior: FAILURE
when executed after: [RegressionTest2.test018]
The revealed different behavior: PASS
when executed after: []

Test: RegressionTest1.test498
Intended behavior: FAILURE
when executed after: [RegressionTest1.test441]
The revealed different behavior: PASS
when executed after: []

Test: RegressionTest0.test442
Intended behavior: FAILURE
when executed after: [RegressionTest0.test403]
The revealed different behavior: PASS
when executed after: []

Test: RegressionTest1.test198
Intended behavior: FAILURE
when executed after: [RegressionTest1.test171]
The revealed different behavior: PASS
when executed after: []

Test: RegressionTest1.test351
Intended behavior: FAILURE
when executed after: [RegressionTest1.test350]
The revealed different behavior: PASS
when executed after: []

Test: RegressionTest1.test350
Intended behavior: FAILURE
when executed after: [RegressionTest1.test345]
The revealed different behavior: PASS
when executed after: []

Test: RegressionTest1.test430
Intended behavior: FAILURE
when executed after: [RegressionTest1.test351]
The revealed different behavior: PASS
when executed after: []

