The following arguments were used to generate this output.
[-technique, parallelization, -order, time, -timeOrder, /scratch/reedoei2/elastic-job-lite/experiments/elastic-job-lite-old-c38c35ac31ce5ae935d5466d904c6670d1017743/elastic-job-common/elastic-job-common-core/target/elastic-job-lite-elastic-job-common-core-orig-time.txt, -origOrder, /scratch/reedoei2/elastic-job-lite/experiments/elastic-job-lite-new-8dacc40b895d9f8adca224e7a026d7d0deadfd91/elastic-job-common/elastic-job-common-core/target/elastic-job-lite-elastic-job-common-core-orig-order, -testInputDir, /scratch/reedoei2/elastic-job-lite/experiments/elastic-job-lite-old-c38c35ac31ce5ae935d5466d904c6670d1017743/elastic-job-common/elastic-job-common-core/target/sootTestOutput-orig, -filesToDelete, /scratch/reedoei2/elastic-job-lite/experiments/elastic-job-lite-new-8dacc40b895d9f8adca224e7a026d7d0deadfd91/elastic-job-common/elastic-job-common-core/target/elastic-job-lite-elastic-job-common-core-env-files, -numOfMachines, 8, -project, elastic-job-lite-elastic-job-common-core, -testType, orig, -timesToRun, 5, -outputDir, /scratch/reedoei2/elastic-job-lite/experiments/parallelization-results, -classpath, /scratch/reedoei2/elastic-job-lite/experiments/elastic-job-lite-new-8dacc40b895d9f8adca224e7a026d7d0deadfd91/elastic-job-common/elastic-job-common-core/target/dependency/*:/scratch/reedoei2/elastic-job-lite/experiments/elastic-job-lite-new-8dacc40b895d9f8adca224e7a026d7d0deadfd91/elastic-job-common/elastic-job-common-core/target/classes:/scratch/reedoei2/elastic-job-lite/experiments/elastic-job-lite-new-8dacc40b895d9f8adca224e7a026d7d0deadfd91/elastic-job-common/elastic-job-common-core/target/randoop/bin:/scratch/reedoei2/elastic-job-lite/experiments/elastic-job-lite-new-8dacc40b895d9f8adca224e7a026d7d0deadfd91/elastic-job-common/elastic-job-common-core/target/test-classes:, -dependentTestFile, /scratch/reedoei2/elastic-job-lite/experiments/scripts/data/parallelization-dt-list/parallelization-elastic-job-lite-elastic-job-common-core-orig-8-time.txt]

Execution time of TLG and its time to find/nullify any DTs for 1 machine (does not include the time to run the tests in the new order): 7.616
Number of tests selected out of total in original order: 37 / 183
Number of DTs not fixed: 1
Number of DTs fixed: 0
Execution time for executing the following testing order: 6.756

Test order list:
[com.dangdang.ddframe.job.exception.JobSystemExceptionTest.assertGetCause, com.dangdang.ddframe.job.executor.type.DataflowJobExecutorTest.assertExecuteWhenFetchDataIsNotEmptyAndIsEligibleForJobRunningForStreamingProcess, com.dangdang.ddframe.job.executor.type.ScriptJobExecutorTest.assertExecuteWhenExecuteFailureForSingleShardingItems, com.dangdang.ddframe.job.executor.type.SimpleJobExecutorTest.assertExecuteWhenCheckMaxTimeDiffSecondsIntolerable, com.dangdang.ddframe.job.executor.type.SimpleJobExecutorTest.assertExecuteWhenRunOnceSuccessForSingleShardingItems, com.dangdang.ddframe.job.executor.type.SimpleJobExecutorTest.assertExecuteWhenRunOnceWithMisfireIsEmpty, com.dangdang.ddframe.job.executor.type.SimpleJobExecutorTest.assertExecuteWhenRunOnceWithMisfireIsNotEmptyButIsNotEligibleForJobRunning, com.dangdang.ddframe.job.executor.type.SimpleJobExecutorTest.assertBeforeJobExecutedFailure, com.dangdang.ddframe.job.executor.handler.JobPropertiesTest.assertJson, com.dangdang.ddframe.job.executor.handler.JobPropertiesTest.assertJobPropertiesEnumFromInvalidValue, com.dangdang.ddframe.job.executor.JobExecutorFactoryTest.assertGetJobExecutorForScriptJob, com.dangdang.ddframe.job.executor.JobExecutorFactoryTest.assertGetJobExecutorWhenJobClassWhenUnsupportedJob, com.dangdang.ddframe.job.executor.JobExecutorFactoryTest.assertGetJobExecutorTwice, com.dangdang.ddframe.job.util.config.ShardingItemsTest.assertToItemsString, com.dangdang.ddframe.job.reg.zookeeper.ZookeeperRegistryCenterQueryWithoutCacheTest.assertGetNumChildren, com.dangdang.ddframe.job.reg.zookeeper.ZookeeperRegistryCenterModifyTest.assertRemove, com.dangdang.ddframe.job.reg.zookeeper.ZookeeperRegistryCenterModifyTest.assertPersistEphemeral, com.dangdang.ddframe.job.reg.zookeeper.ZookeeperRegistryCenterModifyTest.assertPersistSequential, com.dangdang.ddframe.job.reg.exception.RegExceptionHandlerTest.assertHandleExceptionWithOtherException, com.dangdang.ddframe.job.reg.exception.RegExceptionHandlerTest.assertHandleExceptionWithCausedNoNodeException, com.dangdang.ddframe.job.event.rdb.JobEventRdbIdentityTest.assertGetIdentity, com.dangdang.ddframe.job.statistics.rdb.StatisticRdbRepositoryTest.assertFindJobRegisterStatisticsWhenTableIsEmpty, com.dangdang.ddframe.job.util.digest.EncryptionTest.assertMd5, com.dangdang.ddframe.job.util.json.GsonFactoryTest.assertGetGson, com.dangdang.ddframe.job.exception.ExceptionUtilTest.assertTransformWithNull, com.dangdang.ddframe.job.exception.JobConfigurationExceptionTest.assertGetCause, com.dangdang.ddframe.job.exception.JobConfigurationExceptionTest.assertGetMessage, com.dangdang.ddframe.job.event.rdb.JobEventRdbStorageTest.assertUpdateJobExecutionEventWhenSuccess, com.dangdang.ddframe.job.event.rdb.JobEventRdbSearchTest.assertFindJobExecutionEventsWithTime, com.dangdang.ddframe.job.event.rdb.JobEventRdbSearchTest.assertFindJobExecutionEventsWithFields, com.dangdang.ddframe.job.event.rdb.JobEventRdbSearchTest.assertFindJobStatusTraceEventsWithPageSizeAndNumber, com.dangdang.ddframe.job.event.rdb.JobEventRdbStorageTest.assertAddJobExecutionEvent, com.dangdang.ddframe.job.api.ShardingContextTest.assertToString, com.dangdang.ddframe.job.statistics.rdb.StatisticRdbRepositoryTest.assertGetSummedTaskResultStatistics, com.dangdang.ddframe.job.statistics.rdb.StatisticRdbRepositoryTest.assertFindLatestTaskResultStatisticsWhenTableIsEmpty, com.dangdang.ddframe.job.statistics.rdb.StatisticRdbRepositoryTest.assertFindTaskRunningStatisticsWhenTableIsEmpty, com.dangdang.ddframe.job.context.TaskContextTest.assertMetaInfoFromWithTaskIdWithoutShardingItems]

Time each test takes to run in the new order:
[1099730, 20035155, 346970233, 144724, 211137, 317953683, 1077786828, 2220900, 89492, 2604457698, 3704775, 167747, 211468, 14175626, 1942109, 105049, 10658087, 10079107, 764025, 383008673, 4963916, 12040715, 11759200, 8289754, 1413009, 270280, 579592374, 632169, 32100585, 1088824331, 4727662, 6561519, 7185162, 10563354, 188092066, 1046553, 1687245]

DTs not fixed are:
[com.dangdang.ddframe.job.event.rdb.JobEventRdbSearchTest.assertFindJobExecutionEventsWithTime]

Dependent test list:
[Test: com.dangdang.ddframe.job.reg.zookeeper.ZookeeperRegistryCenterModifyTest.assertPersistEphemeralSequential, Intended behavior: FAILURE, when executed after: [com.dangdang.ddframe.job.reg.zookeeper.ZookeeperRegistryCenterModifyTest.assertPersistSequential], The revealed different behavior: PASS, when executed after: [], Test: com.dangdang.ddframe.job.event.rdb.JobEventRdbSearchTest.assertFindJobExecutionEventsWithTime, Intended behavior: FAILURE, when executed after: [com.dangdang.ddframe.job.event.rdb.JobEventRdbStorageTest.assertUpdateJobExecutionEventWhenSuccess], The revealed different behavior: PASS, when executed after: [], Test: com.dangdang.ddframe.job.exception.JobConfigurationExceptionTest.assertGetCause, Intended behavior: FAILURE, when executed after: [com.dangdang.ddframe.job.exception.ExceptionUtilTest.assertTransformWithNull], The revealed different behavior: PASS, when executed after: [], Test: com.dangdang.ddframe.job.exception.ExceptionUtilTest.assertTransformWithNull, Intended behavior: FAILURE, when executed after: [com.dangdang.ddframe.job.util.json.GsonFactoryTest.assertGetGson], The revealed different behavior: PASS, when executed after: [], Test: com.dangdang.ddframe.job.util.json.GsonFactoryTest.assertGetGson, Intended behavior: FAILURE, when executed after: [com.dangdang.ddframe.job.util.digest.EncryptionTest.assertMd5], The revealed different behavior: PASS, when executed after: [], Test: com.dangdang.ddframe.job.util.digest.EncryptionTest.assertMd5, Intended behavior: FAILURE, when executed after: [com.dangdang.ddframe.job.statistics.rdb.StatisticRdbRepositoryTest.assertFindJobRegisterStatisticsWhenTableIsEmpty], The revealed different behavior: PASS, when executed after: [], Test: com.dangdang.ddframe.job.event.rdb.JobEventRdbStorageTest.assertUpdateJobExecutionEventWhenSuccess, Intended behavior: FAILURE, when executed after: [com.dangdang.ddframe.job.exception.JobConfigurationExceptionTest.assertGetMessage], The revealed different behavior: PASS, when executed after: [], Test: com.dangdang.ddframe.job.exception.JobConfigurationExceptionTest.assertGetMessage, Intended behavior: FAILURE, when executed after: [com.dangdang.ddframe.job.exception.JobConfigurationExceptionTest.assertGetCause], The revealed different behavior: PASS, when executed after: []]
--------------------------
Execution time of TLG and its time to find/nullify any DTs for 1 machine (does not include the time to run the tests in the new order): 5.708
Number of tests selected out of total in original order: 32 / 183
Number of DTs not fixed: 0
Number of DTs fixed: 0
Execution time for executing the following testing order: 5.028

Test order list:
[com.dangdang.ddframe.job.statistics.rdb.StatisticRdbRepositoryTest.assertFindJobRegisterStatisticsWhenTableIsEmpty, com.dangdang.ddframe.job.util.digest.EncryptionTest.assertMd5, com.dangdang.ddframe.job.util.json.GsonFactoryTest.assertGetGson, com.dangdang.ddframe.job.exception.ExceptionUtilTest.assertTransformWithNull, com.dangdang.ddframe.job.exception.JobConfigurationExceptionTest.assertGetCause, com.dangdang.ddframe.job.exception.JobStatisticExceptionTest.assertGetCause, com.dangdang.ddframe.job.executor.type.DataflowJobExecutorTest.assertExecuteWhenFetchDataIsNotEmptyForUnStreamingProcessAndSingleShardingItem, com.dangdang.ddframe.job.executor.type.DataflowJobExecutorTest.assertExecuteWhenFetchDataIsNotEmptyForStreamingProcessAndMultipleShardingItems, com.dangdang.ddframe.job.executor.type.WrongJobExecutorTest.assertWrongJobExecutorWithMultipleItems, com.dangdang.ddframe.job.executor.type.ScriptJobExecutorTest.assertExecuteSuccessForMultipleShardingItems, com.dangdang.ddframe.job.executor.type.SimpleJobExecutorTest.assertExecuteWhenShardingItemsIsEmpty, com.dangdang.ddframe.job.executor.type.SimpleJobExecutorTest.assertExecuteWhenRunOnceWithMisfire, com.dangdang.ddframe.job.executor.handler.ExecutorServiceHandlerRegistryTest.assertGetExecutorServiceHandlerForSameThread, com.dangdang.ddframe.job.util.config.ShardingItemsTest.assertToItemsStringWhenEmpty, com.dangdang.ddframe.job.util.json.JobConfigurationGsonTypeAdapterTest.assertToScriptJobJson, com.dangdang.ddframe.job.reg.zookeeper.ZookeeperRegistryCenterQueryWithoutCacheTest.assertGetChildrenKeys, com.dangdang.ddframe.job.reg.zookeeper.ZookeeperRegistryCenterMiscellaneousTest.assertGetRawClient, com.dangdang.ddframe.job.reg.exception.RegExceptionHandlerTest.assertHandleExceptionWithCausedConnectionLossException, com.dangdang.ddframe.job.reg.exception.RegExceptionHandlerTest.assertHandleExceptionWithCausedNoNodeExistsException, com.dangdang.ddframe.job.event.rdb.JobEventRdbSearchTest.assertFindJobExecutionEventsWithSort, com.dangdang.ddframe.job.event.rdb.JobEventRdbSearchTest.assertFindJobStatusTraceEventsWithErrorSort, com.dangdang.ddframe.job.event.rdb.JobEventRdbSearchTest.assertFindJobStatusTraceEventsWithErrorFields, com.dangdang.ddframe.job.exception.JobConfigurationExceptionTest.assertGetMessage, com.dangdang.ddframe.job.event.rdb.JobEventRdbStorageTest.assertUpdateJobExecutionEventWhenSuccess, com.dangdang.ddframe.job.event.rdb.JobEventRdbStorageTest.assertAddJobStatusTraceEventWhenFailoverWithTaskStagingState, com.dangdang.ddframe.job.event.JobEventBusTest.assertRegisterFailure, com.dangdang.ddframe.job.config.JobCoreConfigurationTest.assertBuildWhenCronIsNull, com.dangdang.ddframe.job.api.ShardingContextTest.assertNew, com.dangdang.ddframe.job.statistics.rdb.StatisticRdbRepositoryTest.assertFindJobRunningStatisticsWhenTableIsEmpty, com.dangdang.ddframe.job.statistics.rdb.StatisticRdbRepositoryTest.assertFindJobRegisterStatisticsWithDifferentFromDate, com.dangdang.ddframe.job.context.TaskContextTest.assertNewWithoutSlaveId, com.dangdang.ddframe.job.context.TaskContextTest.assertTaskContextFrom]

Time each test takes to run in the new order:
[407621, 16672306, 4414602, 386185, 1332758, 401254736, 395555, 148795, 1034900659, 12213208, 500995, 17071032, 1396845, 20337749, 8482724, 4406911, 409145, 2896575, 1203272, 2733291825, 50706731, 157786, 31424701, 1410532, 23280116, 9393092, 213585, 16193232, 508062756, 2722779, 11643751, 110537388]

Dependent test list:
[Test: com.dangdang.ddframe.job.reg.zookeeper.ZookeeperRegistryCenterModifyTest.assertPersistEphemeralSequential, Intended behavior: FAILURE, when executed after: [com.dangdang.ddframe.job.reg.zookeeper.ZookeeperRegistryCenterModifyTest.assertPersistSequential], The revealed different behavior: PASS, when executed after: [], Test: com.dangdang.ddframe.job.event.rdb.JobEventRdbSearchTest.assertFindJobExecutionEventsWithTime, Intended behavior: FAILURE, when executed after: [com.dangdang.ddframe.job.event.rdb.JobEventRdbStorageTest.assertUpdateJobExecutionEventWhenSuccess], The revealed different behavior: PASS, when executed after: [], Test: com.dangdang.ddframe.job.exception.JobConfigurationExceptionTest.assertGetCause, Intended behavior: FAILURE, when executed after: [com.dangdang.ddframe.job.exception.ExceptionUtilTest.assertTransformWithNull], The revealed different behavior: PASS, when executed after: [], Test: com.dangdang.ddframe.job.exception.ExceptionUtilTest.assertTransformWithNull, Intended behavior: FAILURE, when executed after: [com.dangdang.ddframe.job.util.json.GsonFactoryTest.assertGetGson], The revealed different behavior: PASS, when executed after: [], Test: com.dangdang.ddframe.job.util.json.GsonFactoryTest.assertGetGson, Intended behavior: FAILURE, when executed after: [com.dangdang.ddframe.job.util.digest.EncryptionTest.assertMd5], The revealed different behavior: PASS, when executed after: [], Test: com.dangdang.ddframe.job.util.digest.EncryptionTest.assertMd5, Intended behavior: FAILURE, when executed after: [com.dangdang.ddframe.job.statistics.rdb.StatisticRdbRepositoryTest.assertFindJobRegisterStatisticsWhenTableIsEmpty], The revealed different behavior: PASS, when executed after: [], Test: com.dangdang.ddframe.job.event.rdb.JobEventRdbStorageTest.assertUpdateJobExecutionEventWhenSuccess, Intended behavior: FAILURE, when executed after: [com.dangdang.ddframe.job.exception.JobConfigurationExceptionTest.assertGetMessage], The revealed different behavior: PASS, when executed after: [], Test: com.dangdang.ddframe.job.exception.JobConfigurationExceptionTest.assertGetMessage, Intended behavior: FAILURE, when executed after: [com.dangdang.ddframe.job.exception.JobConfigurationExceptionTest.assertGetCause], The revealed different behavior: PASS, when executed after: []]
--------------------------
Execution time of TLG and its time to find/nullify any DTs for 1 machine (does not include the time to run the tests in the new order): 7.842
Number of tests selected out of total in original order: 33 / 183
Number of DTs not fixed: 0
Number of DTs fixed: 0
Execution time for executing the following testing order: 7.193

Test order list:
[com.dangdang.ddframe.job.exception.ExceptionUtilTest.assertTransformWithError, com.dangdang.ddframe.job.statistics.rdb.StatisticRdbRepositoryTest.assertFindJobRegisterStatisticsWhenTableIsEmpty, com.dangdang.ddframe.job.util.digest.EncryptionTest.assertMd5, com.dangdang.ddframe.job.util.json.GsonFactoryTest.assertGetGson, com.dangdang.ddframe.job.exception.ExceptionUtilTest.assertTransformWithNull, com.dangdang.ddframe.job.exception.JobConfigurationExceptionTest.assertGetCause, com.dangdang.ddframe.job.exception.JobConfigurationExceptionTest.assertGetMessage, com.dangdang.ddframe.job.executor.type.DataflowJobExecutorTest.assertExecuteWhenFetchDataIsNullAndEmpty, com.dangdang.ddframe.job.executor.type.WrongJobExecutorTest.assertWrongJobExecutorWithSingleItem, com.dangdang.ddframe.job.executor.type.ScriptJobExecutorTest.assertExecuteWhenExecuteFailureForMultipleShardingItems, com.dangdang.ddframe.job.executor.type.ScriptJobExecutorTest.assertExecuteWhenCommandLineIsEmpty, com.dangdang.ddframe.job.executor.type.SimpleJobExecutorTest.assertAfterJobExecutedFailure, com.dangdang.ddframe.job.executor.handler.ExecutorServiceHandlerRegistryTest.assertRemove, com.dangdang.ddframe.job.executor.handler.JobPropertiesTest.assertPutInvalidKey, com.dangdang.ddframe.job.executor.handler.JobPropertiesTest.assertGetWhenValueIsEmpty, com.dangdang.ddframe.job.executor.handler.JobPropertiesTest.assertJobPropertiesEnumFromValidValue, com.dangdang.ddframe.job.util.config.ShardingItemParametersTest.assertNewWhenItemIsNotNumber, com.dangdang.ddframe.job.util.json.JobConfigurationGsonTypeAdapterTest.assertFromDataflowJobJson, com.dangdang.ddframe.job.util.json.JobConfigurationGsonTypeAdapterTest.assertFromSimpleJobJson, com.dangdang.ddframe.job.reg.zookeeper.ZookeeperRegistryCenterQueryWithCacheTest.assertGetFromCache, com.dangdang.ddframe.job.reg.zookeeper.ZookeeperRegistryCenterModifyTest.assertPersist, com.dangdang.ddframe.job.reg.zookeeper.ZookeeperRegistryCenterForAuthTest.assertInitWithDigestSuccess, com.dangdang.ddframe.job.reg.zookeeper.ZookeeperRegistryCenterMiscellaneousTest.assertGetZkConfig, com.dangdang.ddframe.job.event.rdb.JobEventRdbSearchTest.assertFindJobStatusTraceEventsWithFields, com.dangdang.ddframe.job.config.JobCoreConfigurationTest.assertBuildWhenTotalSHardingCountIsNegative, com.dangdang.ddframe.job.statistics.rdb.StatisticRdbRepositoryTest.assertFindTaskResultStatisticsWhenTableIsEmpty, com.dangdang.ddframe.job.statistics.rdb.StatisticRdbRepositoryTest.assertFindLatestTaskRunningStatisticsWhenTableIsEmpty, com.dangdang.ddframe.job.statistics.rdb.StatisticRdbRepositoryTest.assertFindLatestTaskRunningStatistics, com.dangdang.ddframe.job.statistics.rdb.StatisticRdbRepositoryTest.assertFindJobRunningStatisticsWithDifferentFromDate, com.dangdang.ddframe.job.statistics.rdb.StatisticRdbRepositoryTest.assertFindLatestJobRunningStatistics, com.dangdang.ddframe.job.statistics.rdb.StatisticRdbRepositoryTest.assertFindLatestJobRegisterStatisticsWhenTableIsEmpty, com.dangdang.ddframe.job.context.TaskContextTest.assertGetIdForUnassignedSlave, com.dangdang.ddframe.job.context.TaskContextTest.assertGetTaskName]

Time each test takes to run in the new order:
[39326781, 4231472, 2753783890, 10451505, 1318241, 191027, 8136365, 1026394775, 17597110, 227485, 69132316, 14755091, 1073750584, 134457, 8209844, 2602620, 1141356, 9329302, 518880816, 12663388, 117524477, 15316214, 1082566310, 12581017, 366446604, 2318833, 4192254, 1458034, 144516, 9349856, 1708622, 6948664, 216021]

Dependent test list:
[Test: com.dangdang.ddframe.job.reg.zookeeper.ZookeeperRegistryCenterModifyTest.assertPersistEphemeralSequential, Intended behavior: FAILURE, when executed after: [com.dangdang.ddframe.job.reg.zookeeper.ZookeeperRegistryCenterModifyTest.assertPersistSequential], The revealed different behavior: PASS, when executed after: [], Test: com.dangdang.ddframe.job.event.rdb.JobEventRdbSearchTest.assertFindJobExecutionEventsWithTime, Intended behavior: FAILURE, when executed after: [com.dangdang.ddframe.job.event.rdb.JobEventRdbStorageTest.assertUpdateJobExecutionEventWhenSuccess], The revealed different behavior: PASS, when executed after: [], Test: com.dangdang.ddframe.job.exception.JobConfigurationExceptionTest.assertGetCause, Intended behavior: FAILURE, when executed after: [com.dangdang.ddframe.job.exception.ExceptionUtilTest.assertTransformWithNull], The revealed different behavior: PASS, when executed after: [], Test: com.dangdang.ddframe.job.exception.ExceptionUtilTest.assertTransformWithNull, Intended behavior: FAILURE, when executed after: [com.dangdang.ddframe.job.util.json.GsonFactoryTest.assertGetGson], The revealed different behavior: PASS, when executed after: [], Test: com.dangdang.ddframe.job.util.json.GsonFactoryTest.assertGetGson, Intended behavior: FAILURE, when executed after: [com.dangdang.ddframe.job.util.digest.EncryptionTest.assertMd5], The revealed different behavior: PASS, when executed after: [], Test: com.dangdang.ddframe.job.util.digest.EncryptionTest.assertMd5, Intended behavior: FAILURE, when executed after: [com.dangdang.ddframe.job.statistics.rdb.StatisticRdbRepositoryTest.assertFindJobRegisterStatisticsWhenTableIsEmpty], The revealed different behavior: PASS, when executed after: [], Test: com.dangdang.ddframe.job.event.rdb.JobEventRdbStorageTest.assertUpdateJobExecutionEventWhenSuccess, Intended behavior: FAILURE, when executed after: [com.dangdang.ddframe.job.exception.JobConfigurationExceptionTest.assertGetMessage], The revealed different behavior: PASS, when executed after: [], Test: com.dangdang.ddframe.job.exception.JobConfigurationExceptionTest.assertGetMessage, Intended behavior: FAILURE, when executed after: [com.dangdang.ddframe.job.exception.JobConfigurationExceptionTest.assertGetCause], The revealed different behavior: PASS, when executed after: []]
--------------------------
Execution time of TLG and its time to find/nullify any DTs for 1 machine (does not include the time to run the tests in the new order): 6.973
Number of tests selected out of total in original order: 31 / 183
Number of DTs not fixed: 0
Number of DTs fixed: 0
Execution time for executing the following testing order: 6.399

Test order list:
[com.dangdang.ddframe.job.exception.ExceptionUtilTest.assertTransformWithException, com.dangdang.ddframe.job.executor.type.DataflowJobExecutorTest.assertExecuteWhenFetchDataIsNotEmptyAndIsNotEligibleForJobRunningForStreamingProcess, com.dangdang.ddframe.job.executor.type.ScriptJobExecutorTest.assertExecuteSuccessForSingleShardingItems, com.dangdang.ddframe.job.executor.handler.ExecutorServiceHandlerRegistryTest.assertGetExecutorServiceHandlerForConcurrent, com.dangdang.ddframe.job.executor.handler.JobPropertiesTest.assertGetWhenValueIsNotEmpty, com.dangdang.ddframe.job.util.env.HostExceptionTest.assertGetCause, com.dangdang.ddframe.job.util.concurrent.ExecutorServiceObjectTest.assertCreateExecutorService, com.dangdang.ddframe.job.util.config.ShardingItemsTest.assertTtoItemListWhenNull, com.dangdang.ddframe.job.util.config.ShardingItemsTest.assertToItemListWhenEmpty, com.dangdang.ddframe.job.util.config.ShardingItemsTest.assertToItemListForDuplicated, com.dangdang.ddframe.job.util.config.ShardingItemParametersTest.assertNewWhenPairFormatInvalid, com.dangdang.ddframe.job.util.json.JobConfigurationGsonTypeAdapterTest.assertToDataflowJobJson, com.dangdang.ddframe.job.reg.zookeeper.ZookeeperRegistryCenterQueryWithoutCacheTest.assertGetRegistryCenterTime, com.dangdang.ddframe.job.reg.zookeeper.ZookeeperRegistryCenterModifyTest.assertPersistSequential, com.dangdang.ddframe.job.reg.zookeeper.ZookeeperRegistryCenterModifyTest.assertPersistEphemeralSequential, com.dangdang.ddframe.job.reg.zookeeper.ZookeeperRegistryCenterMiscellaneousTest.assertGetRawCache, com.dangdang.ddframe.job.reg.exception.RegExceptionHandlerTest.assertHandleExceptionWithNoNodeException, com.dangdang.ddframe.job.reg.exception.RegExceptionHandlerTest.assertHandleExceptionWithNoNodeExistsException, com.dangdang.ddframe.job.event.rdb.JobEventRdbSearchTest.assertFindJobExecutionEventsWithErrorSort, com.dangdang.ddframe.job.event.rdb.JobEventRdbSearchTest.assertFindJobExecutionEventsWithErrorFields, com.dangdang.ddframe.job.event.rdb.JobEventRdbSearchTest.assertFindJobStatusTraceEventsWithSort, com.dangdang.ddframe.job.event.rdb.JobEventRdbStorageTest.assertAddJobStatusTraceEvent, com.dangdang.ddframe.job.event.JobExecutionEventTest.assertNewJobExecutionEvent, com.dangdang.ddframe.job.event.JobEventBusTest.assertPostWithoutListener, com.dangdang.ddframe.job.config.JobCoreConfigurationTest.assertBuildWhenJobNameIsNull, com.dangdang.ddframe.job.statistics.rdb.StatisticRdbRepositoryTest.assertAddJobRunningStatistics, com.dangdang.ddframe.job.statistics.rdb.StatisticRdbRepositoryTest.assertFindLatestJobRunningStatisticsWhenTableIsEmpty, com.dangdang.ddframe.job.statistics.rdb.StatisticRdbRepositoryTest.assertFindLatestJobRegisterStatistics, com.dangdang.ddframe.job.context.TaskContextTest.assertNew, com.dangdang.ddframe.job.context.TaskContextTest.assertMetaInfoFromWithMetaInfoWithoutShardingItems, com.dangdang.ddframe.job.context.TaskContextTest.assertSetSlaveId]

Time each test takes to run in the new order:
[546443467, 2122631, 7528879, 12980297, 5287253, 36787651, 326280890, 2630721903, 2077725, 1444177, 65756945, 254015, 591004054, 2302284, 12471211, 820971, 225427, 5618877, 272127, 1483854, 16432938, 702812543, 1084569886, 265139, 116371, 205623496, 318883, 325573, 6381816, 344547, 130308152]

Dependent test list:
[Test: com.dangdang.ddframe.job.reg.zookeeper.ZookeeperRegistryCenterModifyTest.assertPersistEphemeralSequential, Intended behavior: FAILURE, when executed after: [com.dangdang.ddframe.job.reg.zookeeper.ZookeeperRegistryCenterModifyTest.assertPersistSequential], The revealed different behavior: PASS, when executed after: [], Test: com.dangdang.ddframe.job.event.rdb.JobEventRdbSearchTest.assertFindJobExecutionEventsWithTime, Intended behavior: FAILURE, when executed after: [com.dangdang.ddframe.job.event.rdb.JobEventRdbStorageTest.assertUpdateJobExecutionEventWhenSuccess], The revealed different behavior: PASS, when executed after: [], Test: com.dangdang.ddframe.job.exception.JobConfigurationExceptionTest.assertGetCause, Intended behavior: FAILURE, when executed after: [com.dangdang.ddframe.job.exception.ExceptionUtilTest.assertTransformWithNull], The revealed different behavior: PASS, when executed after: [], Test: com.dangdang.ddframe.job.exception.ExceptionUtilTest.assertTransformWithNull, Intended behavior: FAILURE, when executed after: [com.dangdang.ddframe.job.util.json.GsonFactoryTest.assertGetGson], The revealed different behavior: PASS, when executed after: [], Test: com.dangdang.ddframe.job.util.json.GsonFactoryTest.assertGetGson, Intended behavior: FAILURE, when executed after: [com.dangdang.ddframe.job.util.digest.EncryptionTest.assertMd5], The revealed different behavior: PASS, when executed after: [], Test: com.dangdang.ddframe.job.util.digest.EncryptionTest.assertMd5, Intended behavior: FAILURE, when executed after: [com.dangdang.ddframe.job.statistics.rdb.StatisticRdbRepositoryTest.assertFindJobRegisterStatisticsWhenTableIsEmpty], The revealed different behavior: PASS, when executed after: [], Test: com.dangdang.ddframe.job.event.rdb.JobEventRdbStorageTest.assertUpdateJobExecutionEventWhenSuccess, Intended behavior: FAILURE, when executed after: [com.dangdang.ddframe.job.exception.JobConfigurationExceptionTest.assertGetMessage], The revealed different behavior: PASS, when executed after: [], Test: com.dangdang.ddframe.job.exception.JobConfigurationExceptionTest.assertGetMessage, Intended behavior: FAILURE, when executed after: [com.dangdang.ddframe.job.exception.JobConfigurationExceptionTest.assertGetCause], The revealed different behavior: PASS, when executed after: []]
--------------------------
Execution time of TLG and its time to find/nullify any DTs for 1 machine (does not include the time to run the tests in the new order): 5.629
Number of tests selected out of total in original order: 31 / 183
Number of DTs not fixed: 0
Number of DTs fixed: 0
Execution time for executing the following testing order: 4.991

Test order list:
[com.dangdang.ddframe.job.exception.JobSystemExceptionTest.assertGetMessage, com.dangdang.ddframe.job.executor.type.DataflowJobExecutorTest.assertExecuteWhenFetchDataIsNotEmptyForStreamingProcessAndSingleShardingItem, com.dangdang.ddframe.job.executor.type.SimpleJobExecutorTest.assertNewExecutorWithDefaultHandlers, com.dangdang.ddframe.job.executor.type.SimpleJobExecutorTest.assertExecuteWhenPreviousJobStillRunning, com.dangdang.ddframe.job.executor.type.SimpleJobExecutorTest.assertExecuteWhenRunOnceAndThrowExceptionForSingleShardingItem, com.dangdang.ddframe.job.executor.handler.JobPropertiesTest.assertPutSuccess, com.dangdang.ddframe.job.util.env.TimeServiceTest.assertGetCurrentMillis, com.dangdang.ddframe.job.util.config.ShardingItemsTest.assertToItemList, com.dangdang.ddframe.job.util.config.ShardingItemParametersTest.assertGetMapWhenIsEmpty, com.dangdang.ddframe.job.util.config.ShardingItemParametersTest.assertGetMap, com.dangdang.ddframe.job.util.json.JobConfigurationGsonTypeAdapterTest.assertToSimpleJobJson, com.dangdang.ddframe.job.reg.zookeeper.ZookeeperConfigurationTest.assertNewZookeeperConfigurationForServerListsAndNamespace, com.dangdang.ddframe.job.reg.zookeeper.ZookeeperRegistryCenterModifyTest.assertUpdate, com.dangdang.ddframe.job.reg.zookeeper.ZookeeperRegistryCenterForAuthTest.assertInitWithDigestFailure, com.dangdang.ddframe.job.event.rdb.JobEventRdbConfigurationTest.assertCreateJobEventListenerFailure, com.dangdang.ddframe.job.event.rdb.JobEventRdbSearchTest.assertFindJobExecutionEventsWithPageSizeAndNumber, com.dangdang.ddframe.job.event.rdb.JobEventRdbSearchTest.assertFindJobExecutionEventsWithErrorPageSizeAndNumber, com.dangdang.ddframe.job.event.rdb.JobEventRdbSearchTest.assertFindJobStatusTraceEventsWithErrorPageSizeAndNumber, com.dangdang.ddframe.job.event.rdb.JobEventRdbStorageTest.assertUpdateJobExecutionEventWhenFailure, com.dangdang.ddframe.job.event.rdb.JobEventRdbStorageTest.assertUpdateJobExecutionEventWhenFailureAndConflict, com.dangdang.ddframe.job.event.rdb.JobEventRdbStorageTest.assertFindJobExecutionEvent, com.dangdang.ddframe.job.event.JobExecutionEventTest.assertExecutionSuccess, com.dangdang.ddframe.job.config.JobCoreConfigurationTest.assertBuildWhenOptionalParametersIsNull, com.dangdang.ddframe.job.statistics.rdb.StatisticRdbRepositoryTest.assertAddTaskResultStatistics, com.dangdang.ddframe.job.statistics.rdb.StatisticRdbRepositoryTest.assertAddJobRegisterStatistics, com.dangdang.ddframe.job.statistics.rdb.StatisticRdbRepositoryTest.assertFindTaskResultStatisticsWithDifferentFromDate, com.dangdang.ddframe.job.statistics.rdb.StatisticRdbRepositoryTest.assertGetSummedTaskResultStatisticsWhenTableIsEmpty, com.dangdang.ddframe.job.statistics.rdb.StatisticRdbRepositoryTest.assertFindTaskRunningStatisticsWithDifferentFromDate, com.dangdang.ddframe.job.context.TaskContextTest.assertGetMetaInfo, com.dangdang.ddframe.job.context.TaskContextTest.assertMetaInfoFromWithMetaInfo, com.dangdang.ddframe.job.context.TaskContextTest.assertGetExecutorId]

Time each test takes to run in the new order:
[1082944, 1963331, 313144, 40747009, 16279286, 2680146526, 15239997, 269672130, 178478, 2650910, 8281585, 6091494, 14041302, 8558052, 11103892, 1087205988, 1453577, 276029, 1050790, 2206434, 22015800, 36949928, 565632, 1750244, 5942625, 20186089, 558920, 162210, 1441033, 723731642, 9211284]

Dependent test list:
[Test: com.dangdang.ddframe.job.reg.zookeeper.ZookeeperRegistryCenterModifyTest.assertPersistEphemeralSequential, Intended behavior: FAILURE, when executed after: [com.dangdang.ddframe.job.reg.zookeeper.ZookeeperRegistryCenterModifyTest.assertPersistSequential], The revealed different behavior: PASS, when executed after: [], Test: com.dangdang.ddframe.job.event.rdb.JobEventRdbSearchTest.assertFindJobExecutionEventsWithTime, Intended behavior: FAILURE, when executed after: [com.dangdang.ddframe.job.event.rdb.JobEventRdbStorageTest.assertUpdateJobExecutionEventWhenSuccess], The revealed different behavior: PASS, when executed after: [], Test: com.dangdang.ddframe.job.exception.JobConfigurationExceptionTest.assertGetCause, Intended behavior: FAILURE, when executed after: [com.dangdang.ddframe.job.exception.ExceptionUtilTest.assertTransformWithNull], The revealed different behavior: PASS, when executed after: [], Test: com.dangdang.ddframe.job.exception.ExceptionUtilTest.assertTransformWithNull, Intended behavior: FAILURE, when executed after: [com.dangdang.ddframe.job.util.json.GsonFactoryTest.assertGetGson], The revealed different behavior: PASS, when executed after: [], Test: com.dangdang.ddframe.job.util.json.GsonFactoryTest.assertGetGson, Intended behavior: FAILURE, when executed after: [com.dangdang.ddframe.job.util.digest.EncryptionTest.assertMd5], The revealed different behavior: PASS, when executed after: [], Test: com.dangdang.ddframe.job.util.digest.EncryptionTest.assertMd5, Intended behavior: FAILURE, when executed after: [com.dangdang.ddframe.job.statistics.rdb.StatisticRdbRepositoryTest.assertFindJobRegisterStatisticsWhenTableIsEmpty], The revealed different behavior: PASS, when executed after: [], Test: com.dangdang.ddframe.job.event.rdb.JobEventRdbStorageTest.assertUpdateJobExecutionEventWhenSuccess, Intended behavior: FAILURE, when executed after: [com.dangdang.ddframe.job.exception.JobConfigurationExceptionTest.assertGetMessage], The revealed different behavior: PASS, when executed after: [], Test: com.dangdang.ddframe.job.exception.JobConfigurationExceptionTest.assertGetMessage, Intended behavior: FAILURE, when executed after: [com.dangdang.ddframe.job.exception.JobConfigurationExceptionTest.assertGetCause], The revealed different behavior: PASS, when executed after: []]
--------------------------
Execution time of TLG and its time to find/nullify any DTs for 1 machine (does not include the time to run the tests in the new order): 6.537
Number of tests selected out of total in original order: 31 / 183
Number of DTs not fixed: 1
Number of DTs fixed: 0
Execution time for executing the following testing order: 5.732

Test order list:
[com.dangdang.ddframe.job.exception.JobExecutionEnvironmentExceptionTest.assertGetMessage, com.dangdang.ddframe.job.executor.type.DataflowJobExecutorTest.assertExecuteWhenFetchDataIsNotEmptyForUnStreamingProcessAndMultipleShardingItems, com.dangdang.ddframe.job.executor.type.DataflowJobExecutorTest.assertExecuteWhenFetchDataIsNotEmptyAndProcessFailureWithExceptionForStreamingProcess, com.dangdang.ddframe.job.executor.type.SimpleJobExecutorTest.assertExecuteWhenRunOnceAndThrowExceptionForMultipleShardingItems, com.dangdang.ddframe.job.executor.type.SimpleJobExecutorTest.assertExecuteWhenRunOnceSuccessForMultipleShardingItems, com.dangdang.ddframe.job.executor.handler.impl.DefaultJobExceptionHandlerTest.assertHandleException, com.dangdang.ddframe.job.executor.handler.JobPropertiesTest.assertPutNullValue, com.dangdang.ddframe.job.executor.JobExecutorFactoryTest.assertGetJobExecutorForSimpleJob, com.dangdang.ddframe.job.executor.JobExecutorFactoryTest.assertGetJobExecutorForDataflowJob, com.dangdang.ddframe.job.util.json.GsonFactoryTest.assertRegisterTypeAdapter, com.dangdang.ddframe.job.util.json.JobConfigurationGsonTypeAdapterTest.assertFromScriptJobJson, com.dangdang.ddframe.job.reg.zookeeper.ZookeeperRegistryCenterQueryWithCacheTest.assertGetWithoutValue, com.dangdang.ddframe.job.reg.zookeeper.ZookeeperRegistryCenterQueryWithoutCacheTest.assertIsExisted, com.dangdang.ddframe.job.reg.zookeeper.ZookeeperRegistryCenterQueryWithoutCacheTest.assertGetWithoutNode, com.dangdang.ddframe.job.reg.exception.RegExceptionHandlerTest.assertHandleExceptionWithConnectionLossException, com.dangdang.ddframe.job.event.rdb.JobEventRdbConfigurationTest.assertGetDataSource, com.dangdang.ddframe.job.event.rdb.JobEventRdbConfigurationTest.assertCreateJobEventListenerSuccess, com.dangdang.ddframe.job.event.rdb.JobEventRdbSearchTest.assertFindJobStatusTraceEventsWithTime, com.dangdang.ddframe.job.event.rdb.JobEventRdbStorageTest.assertAddJobStatusTraceEventWhenFailoverWithTaskFailedState, com.dangdang.ddframe.job.event.rdb.JobEventRdbStorageTest.assertUpdateJobExecutionEventWhenSuccessAndConflict, com.dangdang.ddframe.job.event.rdb.JobEventRdbStorageTest.assertUpdateJobExecutionEventWhenFailureAndMessageExceed, com.dangdang.ddframe.job.event.rdb.JobEventRdbListenerTest.assertPostJobExecutionEvent, com.dangdang.ddframe.job.event.rdb.JobEventRdbListenerTest.assertPostJobStatusTraceEvent, com.dangdang.ddframe.job.event.JobExecutionEventTest.assertExecutionFailure, com.dangdang.ddframe.job.event.JobEventBusTest.assertPost, com.dangdang.ddframe.job.config.JobCoreConfigurationTest.assertBuildAllProperties, com.dangdang.ddframe.job.config.JobCoreConfigurationTest.assertBuildRequiredProperties, com.dangdang.ddframe.job.statistics.rdb.StatisticRdbRepositoryTest.assertAddTaskRunningStatistics, com.dangdang.ddframe.job.statistics.rdb.StatisticRdbRepositoryTest.assertFindLatestTaskResultStatistics, com.dangdang.ddframe.job.context.TaskContextTest.assertMetaInfoFromWithTaskId, com.dangdang.ddframe.job.context.TaskContextTest.assertSetIdle]

Time each test takes to run in the new order:
[40246410, 8521826, 823147, 301062, 15633688, 221327718, 15312909, 1140250, 7451874, 3295386, 445081817, 14489712, 104751929, 34210641, 356099, 1565605, 14171423, 6688141, 337544607, 368013, 10785324, 2754884865, 49175027, 2510242, 749742, 571425243, 7265938, 6707147, 129810, 17886087, 1037179005]

DTs not fixed are:
[com.dangdang.ddframe.job.event.rdb.JobEventRdbSearchTest.assertFindJobStatusTraceEventsWithTime]

Dependent test list:
[Test: com.dangdang.ddframe.job.reg.zookeeper.ZookeeperRegistryCenterModifyTest.assertPersistEphemeralSequential, Intended behavior: FAILURE, when executed after: [com.dangdang.ddframe.job.reg.zookeeper.ZookeeperRegistryCenterModifyTest.assertPersistSequential], The revealed different behavior: PASS, when executed after: [], Test: com.dangdang.ddframe.job.event.rdb.JobEventRdbSearchTest.assertFindJobExecutionEventsWithTime, Intended behavior: FAILURE, when executed after: [com.dangdang.ddframe.job.event.rdb.JobEventRdbStorageTest.assertUpdateJobExecutionEventWhenSuccess], The revealed different behavior: PASS, when executed after: [], Test: com.dangdang.ddframe.job.exception.JobConfigurationExceptionTest.assertGetCause, Intended behavior: FAILURE, when executed after: [com.dangdang.ddframe.job.exception.ExceptionUtilTest.assertTransformWithNull], The revealed different behavior: PASS, when executed after: [], Test: com.dangdang.ddframe.job.exception.ExceptionUtilTest.assertTransformWithNull, Intended behavior: FAILURE, when executed after: [com.dangdang.ddframe.job.util.json.GsonFactoryTest.assertGetGson], The revealed different behavior: PASS, when executed after: [], Test: com.dangdang.ddframe.job.util.json.GsonFactoryTest.assertGetGson, Intended behavior: FAILURE, when executed after: [com.dangdang.ddframe.job.util.digest.EncryptionTest.assertMd5], The revealed different behavior: PASS, when executed after: [], Test: com.dangdang.ddframe.job.util.digest.EncryptionTest.assertMd5, Intended behavior: FAILURE, when executed after: [com.dangdang.ddframe.job.statistics.rdb.StatisticRdbRepositoryTest.assertFindJobRegisterStatisticsWhenTableIsEmpty], The revealed different behavior: PASS, when executed after: [], Test: com.dangdang.ddframe.job.event.rdb.JobEventRdbStorageTest.assertUpdateJobExecutionEventWhenSuccess, Intended behavior: FAILURE, when executed after: [com.dangdang.ddframe.job.exception.JobConfigurationExceptionTest.assertGetMessage], The revealed different behavior: PASS, when executed after: [], Test: com.dangdang.ddframe.job.exception.JobConfigurationExceptionTest.assertGetMessage, Intended behavior: FAILURE, when executed after: [com.dangdang.ddframe.job.exception.JobConfigurationExceptionTest.assertGetCause], The revealed different behavior: PASS, when executed after: []]
--------------------------
Execution time of TLG and its time to find/nullify any DTs for 1 machine (does not include the time to run the tests in the new order): 3.292
Number of tests selected out of total in original order: 1 / 183
Number of DTs not fixed: 0
Number of DTs fixed: 0
Execution time for executing the following testing order: 3.024

Test order list:
[com.dangdang.ddframe.job.reg.zookeeper.ZookeeperRegistryCenterQueryWithoutCacheTest.assertGetFromServer]

Time each test takes to run in the new order:
[3023738405]

Dependent test list:
[Test: com.dangdang.ddframe.job.reg.zookeeper.ZookeeperRegistryCenterModifyTest.assertPersistEphemeralSequential, Intended behavior: FAILURE, when executed after: [com.dangdang.ddframe.job.reg.zookeeper.ZookeeperRegistryCenterModifyTest.assertPersistSequential], The revealed different behavior: PASS, when executed after: [], Test: com.dangdang.ddframe.job.event.rdb.JobEventRdbSearchTest.assertFindJobExecutionEventsWithTime, Intended behavior: FAILURE, when executed after: [com.dangdang.ddframe.job.event.rdb.JobEventRdbStorageTest.assertUpdateJobExecutionEventWhenSuccess], The revealed different behavior: PASS, when executed after: [], Test: com.dangdang.ddframe.job.exception.JobConfigurationExceptionTest.assertGetCause, Intended behavior: FAILURE, when executed after: [com.dangdang.ddframe.job.exception.ExceptionUtilTest.assertTransformWithNull], The revealed different behavior: PASS, when executed after: [], Test: com.dangdang.ddframe.job.exception.ExceptionUtilTest.assertTransformWithNull, Intended behavior: FAILURE, when executed after: [com.dangdang.ddframe.job.util.json.GsonFactoryTest.assertGetGson], The revealed different behavior: PASS, when executed after: [], Test: com.dangdang.ddframe.job.util.json.GsonFactoryTest.assertGetGson, Intended behavior: FAILURE, when executed after: [com.dangdang.ddframe.job.util.digest.EncryptionTest.assertMd5], The revealed different behavior: PASS, when executed after: [], Test: com.dangdang.ddframe.job.util.digest.EncryptionTest.assertMd5, Intended behavior: FAILURE, when executed after: [com.dangdang.ddframe.job.statistics.rdb.StatisticRdbRepositoryTest.assertFindJobRegisterStatisticsWhenTableIsEmpty], The revealed different behavior: PASS, when executed after: [], Test: com.dangdang.ddframe.job.event.rdb.JobEventRdbStorageTest.assertUpdateJobExecutionEventWhenSuccess, Intended behavior: FAILURE, when executed after: [com.dangdang.ddframe.job.exception.JobConfigurationExceptionTest.assertGetMessage], The revealed different behavior: PASS, when executed after: [], Test: com.dangdang.ddframe.job.exception.JobConfigurationExceptionTest.assertGetMessage, Intended behavior: FAILURE, when executed after: [com.dangdang.ddframe.job.exception.JobConfigurationExceptionTest.assertGetCause], The revealed different behavior: PASS, when executed after: []]
--------------------------
Execution time of TLG and its time to find/nullify any DTs for 1 machine (does not include the time to run the tests in the new order): 10.666
Number of tests selected out of total in original order: 1 / 183
Number of DTs not fixed: 0
Number of DTs fixed: 0
Execution time for executing the following testing order: 10.249

Test order list:
[com.dangdang.ddframe.job.reg.zookeeper.ZookeeperRegistryCenterInitFailureTest.assertInitFailure]

Time each test takes to run in the new order:
[10249178132]

Dependent test list:
[Test: com.dangdang.ddframe.job.reg.zookeeper.ZookeeperRegistryCenterModifyTest.assertPersistEphemeralSequential, Intended behavior: FAILURE, when executed after: [com.dangdang.ddframe.job.reg.zookeeper.ZookeeperRegistryCenterModifyTest.assertPersistSequential], The revealed different behavior: PASS, when executed after: [], Test: com.dangdang.ddframe.job.event.rdb.JobEventRdbSearchTest.assertFindJobExecutionEventsWithTime, Intended behavior: FAILURE, when executed after: [com.dangdang.ddframe.job.event.rdb.JobEventRdbStorageTest.assertUpdateJobExecutionEventWhenSuccess], The revealed different behavior: PASS, when executed after: [], Test: com.dangdang.ddframe.job.exception.JobConfigurationExceptionTest.assertGetCause, Intended behavior: FAILURE, when executed after: [com.dangdang.ddframe.job.exception.ExceptionUtilTest.assertTransformWithNull], The revealed different behavior: PASS, when executed after: [], Test: com.dangdang.ddframe.job.exception.ExceptionUtilTest.assertTransformWithNull, Intended behavior: FAILURE, when executed after: [com.dangdang.ddframe.job.util.json.GsonFactoryTest.assertGetGson], The revealed different behavior: PASS, when executed after: [], Test: com.dangdang.ddframe.job.util.json.GsonFactoryTest.assertGetGson, Intended behavior: FAILURE, when executed after: [com.dangdang.ddframe.job.util.digest.EncryptionTest.assertMd5], The revealed different behavior: PASS, when executed after: [], Test: com.dangdang.ddframe.job.util.digest.EncryptionTest.assertMd5, Intended behavior: FAILURE, when executed after: [com.dangdang.ddframe.job.statistics.rdb.StatisticRdbRepositoryTest.assertFindJobRegisterStatisticsWhenTableIsEmpty], The revealed different behavior: PASS, when executed after: [], Test: com.dangdang.ddframe.job.event.rdb.JobEventRdbStorageTest.assertUpdateJobExecutionEventWhenSuccess, Intended behavior: FAILURE, when executed after: [com.dangdang.ddframe.job.exception.JobConfigurationExceptionTest.assertGetMessage], The revealed different behavior: PASS, when executed after: [], Test: com.dangdang.ddframe.job.exception.JobConfigurationExceptionTest.assertGetMessage, Intended behavior: FAILURE, when executed after: [com.dangdang.ddframe.job.exception.JobConfigurationExceptionTest.assertGetCause], The revealed different behavior: PASS, when executed after: []]
--------------------------
Total time (of all machines and iterations plus initial TestListGenerator): 49.476
New order time: 10.249
Total number of tests executed in all machines out of total in original order: 197 / 183