The following arguments were used to generate this output.
[-technique, parallelization, -order, time, -timeOrder, /scratch/reedoei2/elastic-job-lite/experiments/elastic-job-lite-old-c38c35ac31ce5ae935d5466d904c6670d1017743/elastic-job-common/elastic-job-common-core/target/elastic-job-lite-elastic-job-common-core-orig-time.txt, -origOrder, /scratch/reedoei2/elastic-job-lite/experiments/elastic-job-lite-new-8dacc40b895d9f8adca224e7a026d7d0deadfd91/elastic-job-common/elastic-job-common-core/target/elastic-job-lite-elastic-job-common-core-orig-order, -testInputDir, /scratch/reedoei2/elastic-job-lite/experiments/elastic-job-lite-old-c38c35ac31ce5ae935d5466d904c6670d1017743/elastic-job-common/elastic-job-common-core/target/sootTestOutput-orig, -filesToDelete, /scratch/reedoei2/elastic-job-lite/experiments/elastic-job-lite-new-8dacc40b895d9f8adca224e7a026d7d0deadfd91/elastic-job-common/elastic-job-common-core/target/elastic-job-lite-elastic-job-common-core-env-files, -numOfMachines, 16, -project, elastic-job-lite-elastic-job-common-core, -testType, orig, -timesToRun, 5, -outputDir, /scratch/reedoei2/elastic-job-lite/experiments/parallelization-results, -classpath, /scratch/reedoei2/elastic-job-lite/experiments/elastic-job-lite-new-8dacc40b895d9f8adca224e7a026d7d0deadfd91/elastic-job-common/elastic-job-common-core/target/dependency/*:/scratch/reedoei2/elastic-job-lite/experiments/elastic-job-lite-new-8dacc40b895d9f8adca224e7a026d7d0deadfd91/elastic-job-common/elastic-job-common-core/target/classes:/scratch/reedoei2/elastic-job-lite/experiments/elastic-job-lite-new-8dacc40b895d9f8adca224e7a026d7d0deadfd91/elastic-job-common/elastic-job-common-core/target/randoop/bin:/scratch/reedoei2/elastic-job-lite/experiments/elastic-job-lite-new-8dacc40b895d9f8adca224e7a026d7d0deadfd91/elastic-job-common/elastic-job-common-core/target/test-classes:, -dependentTestFile, /scratch/reedoei2/elastic-job-lite/experiments/scripts/data/parallelization-dt-list/parallelization-elastic-job-lite-elastic-job-common-core-orig-16-time.txt]

Execution time of TLG and its time to find/nullify any DTs for 1 machine (does not include the time to run the tests in the new order): 5.554
Number of tests selected out of total in original order: 15 / 183
Number of DTs not fixed: 0
Number of DTs fixed: 0
Execution time for executing the following testing order: 4.939

Test order list:
[com.dangdang.ddframe.job.exception.ExceptionUtilTest.assertTransformWithNull, com.dangdang.ddframe.job.exception.JobStatisticExceptionTest.assertGetCause, com.dangdang.ddframe.job.executor.type.SimpleJobExecutorTest.assertExecuteWhenRunOnceWithMisfireIsNotEmptyButIsNotEligibleForJobRunning, com.dangdang.ddframe.job.executor.type.SimpleJobExecutorTest.assertAfterJobExecutedFailure, com.dangdang.ddframe.job.executor.handler.ExecutorServiceHandlerRegistryTest.assertRemove, com.dangdang.ddframe.job.executor.handler.JobPropertiesTest.assertJobPropertiesEnumFromInvalidValue, com.dangdang.ddframe.job.util.config.ShardingItemsTest.assertToItemListWhenEmpty, com.dangdang.ddframe.job.reg.zookeeper.ZookeeperRegistryCenterQueryWithoutCacheTest.assertGetWithoutNode, com.dangdang.ddframe.job.reg.zookeeper.ZookeeperRegistryCenterModifyTest.assertPersist, com.dangdang.ddframe.job.reg.exception.RegExceptionHandlerTest.assertHandleExceptionWithConnectionLossException, com.dangdang.ddframe.job.event.rdb.JobEventRdbSearchTest.assertFindJobStatusTraceEventsWithFields, com.dangdang.ddframe.job.statistics.rdb.StatisticRdbRepositoryTest.assertAddTaskResultStatistics, com.dangdang.ddframe.job.statistics.rdb.StatisticRdbRepositoryTest.assertAddJobRunningStatistics, com.dangdang.ddframe.job.statistics.rdb.StatisticRdbRepositoryTest.assertFindJobRunningStatisticsWhenTableIsEmpty, com.dangdang.ddframe.job.context.TaskContextTest.assertGetTaskName]

Time each test takes to run in the new order:
[797614, 126433, 144265472, 579057, 6223293, 599791047, 5965954, 315312454, 2389996, 1098486868, 2719935613, 17178441, 13033258, 14574176, 351065]

Dependent test list:
[Test: com.dangdang.ddframe.job.event.rdb.JobEventRdbSearchTest.assertFindJobStatusTraceEventsWithTime, Intended behavior: FAILURE, when executed after: [com.dangdang.ddframe.job.event.rdb.JobEventRdbSearchTest.assertFindJobExecutionEventsWithPageSizeAndNumber], The revealed different behavior: PASS, when executed after: [], Test: com.dangdang.ddframe.job.statistics.rdb.StatisticRdbRepositoryTest.assertFindJobRegisterStatisticsWithDifferentFromDate, Intended behavior: FAILURE, when executed after: [com.dangdang.ddframe.job.statistics.rdb.StatisticRdbRepositoryTest.assertFindJobRegisterStatisticsWhenTableIsEmpty], The revealed different behavior: PASS, when executed after: [], Test: com.dangdang.ddframe.job.statistics.rdb.StatisticRdbRepositoryTest.assertFindJobRegisterStatisticsWhenTableIsEmpty, Intended behavior: FAILURE, when executed after: [com.dangdang.ddframe.job.statistics.rdb.StatisticRdbRepositoryTest.assertFindJobRunningStatisticsWithDifferentFromDate], The revealed different behavior: PASS, when executed after: [], Test: com.dangdang.ddframe.job.statistics.rdb.StatisticRdbRepositoryTest.assertFindJobRunningStatisticsWithDifferentFromDate, Intended behavior: FAILURE, when executed after: [com.dangdang.ddframe.job.statistics.rdb.StatisticRdbRepositoryTest.assertFindLatestTaskResultStatistics], The revealed different behavior: PASS, when executed after: [], Test: com.dangdang.ddframe.job.statistics.rdb.StatisticRdbRepositoryTest.assertFindLatestTaskResultStatistics, Intended behavior: FAILURE, when executed after: [com.dangdang.ddframe.job.statistics.rdb.StatisticRdbRepositoryTest.assertFindLatestTaskResultStatisticsWhenTableIsEmpty], The revealed different behavior: PASS, when executed after: [], Test: com.dangdang.ddframe.job.statistics.rdb.StatisticRdbRepositoryTest.assertFindLatestTaskResultStatisticsWhenTableIsEmpty, Intended behavior: FAILURE, when executed after: [com.dangdang.ddframe.job.statistics.rdb.StatisticRdbRepositoryTest.assertGetSummedTaskResultStatistics], The revealed different behavior: PASS, when executed after: [], Test: com.dangdang.ddframe.job.statistics.rdb.StatisticRdbRepositoryTest.assertGetSummedTaskResultStatistics, Intended behavior: FAILURE, when executed after: [com.dangdang.ddframe.job.statistics.rdb.StatisticRdbRepositoryTest.assertAddJobRunningStatistics], The revealed different behavior: PASS, when executed after: [], Test: com.dangdang.ddframe.job.statistics.rdb.StatisticRdbRepositoryTest.assertAddJobRunningStatistics, Intended behavior: FAILURE, when executed after: [com.dangdang.ddframe.job.statistics.rdb.StatisticRdbRepositoryTest.assertAddTaskResultStatistics], The revealed different behavior: PASS, when executed after: [], Test: com.dangdang.ddframe.job.event.rdb.JobEventRdbSearchTest.assertFindJobExecutionEventsWithPageSizeAndNumber, Intended behavior: FAILURE, when executed after: [com.dangdang.ddframe.job.statistics.rdb.StatisticRdbRepositoryTest.assertFindJobRegisterStatisticsWithDifferentFromDate], The revealed different behavior: PASS, when executed after: [], Test: com.dangdang.ddframe.job.event.rdb.JobEventRdbSearchTest.assertFindJobExecutionEventsWithTime, Intended behavior: FAILURE, when executed after: [com.dangdang.ddframe.job.statistics.rdb.StatisticRdbRepositoryTest.assertFindTaskRunningStatisticsWithDifferentFromDate], The revealed different behavior: PASS, when executed after: [], Test: com.dangdang.ddframe.job.reg.zookeeper.ZookeeperRegistryCenterModifyTest.assertPersistEphemeralSequential, Intended behavior: FAILURE, when executed after: [com.dangdang.ddframe.job.reg.zookeeper.ZookeeperRegistryCenterModifyTest.assertPersistSequential], The revealed different behavior: PASS, when executed after: []]
--------------------------
Execution time of TLG and its time to find/nullify any DTs for 1 machine (does not include the time to run the tests in the new order): 5.586
Number of tests selected out of total in original order: 14 / 183
Number of DTs not fixed: 0
Number of DTs fixed: 0
Execution time for executing the following testing order: 4.951

Test order list:
[com.dangdang.ddframe.job.executor.type.DataflowJobExecutorTest.assertExecuteWhenFetchDataIsNotEmptyAndIsNotEligibleForJobRunningForStreamingProcess, com.dangdang.ddframe.job.executor.handler.impl.DefaultJobExceptionHandlerTest.assertHandleException, com.dangdang.ddframe.job.executor.JobExecutorFactoryTest.assertGetJobExecutorForDataflowJob, com.dangdang.ddframe.job.util.json.JobConfigurationGsonTypeAdapterTest.assertFromScriptJobJson, com.dangdang.ddframe.job.util.digest.EncryptionTest.assertMd5, com.dangdang.ddframe.job.reg.zookeeper.ZookeeperRegistryCenterQueryWithoutCacheTest.assertGetChildrenKeys, com.dangdang.ddframe.job.reg.zookeeper.ZookeeperRegistryCenterModifyTest.assertPersistSequential, com.dangdang.ddframe.job.event.rdb.JobEventRdbSearchTest.assertFindJobExecutionEventsWithErrorPageSizeAndNumber, com.dangdang.ddframe.job.event.rdb.JobEventRdbStorageTest.assertUpdateJobExecutionEventWhenFailure, com.dangdang.ddframe.job.event.rdb.JobEventRdbStorageTest.assertFindJobExecutionEvent, com.dangdang.ddframe.job.statistics.rdb.StatisticRdbRepositoryTest.assertGetSummedTaskResultStatisticsWhenTableIsEmpty, com.dangdang.ddframe.job.statistics.rdb.StatisticRdbRepositoryTest.assertFindLatestJobRunningStatisticsWhenTableIsEmpty, com.dangdang.ddframe.job.context.TaskContextTest.assertSetSlaveId, com.dangdang.ddframe.job.context.TaskContextTest.assertGetIdForUnassignedSlave]

Time each test takes to run in the new order:
[36678920, 2892397, 905755, 718511806, 17489734, 2564800, 48420610, 2017568, 1079831596, 2721220654, 4381849, 4764578, 18419099, 293003902]

Dependent test list:
[Test: com.dangdang.ddframe.job.event.rdb.JobEventRdbSearchTest.assertFindJobStatusTraceEventsWithTime, Intended behavior: FAILURE, when executed after: [com.dangdang.ddframe.job.event.rdb.JobEventRdbSearchTest.assertFindJobExecutionEventsWithPageSizeAndNumber], The revealed different behavior: PASS, when executed after: [], Test: com.dangdang.ddframe.job.statistics.rdb.StatisticRdbRepositoryTest.assertFindJobRegisterStatisticsWithDifferentFromDate, Intended behavior: FAILURE, when executed after: [com.dangdang.ddframe.job.statistics.rdb.StatisticRdbRepositoryTest.assertFindJobRegisterStatisticsWhenTableIsEmpty], The revealed different behavior: PASS, when executed after: [], Test: com.dangdang.ddframe.job.statistics.rdb.StatisticRdbRepositoryTest.assertFindJobRegisterStatisticsWhenTableIsEmpty, Intended behavior: FAILURE, when executed after: [com.dangdang.ddframe.job.statistics.rdb.StatisticRdbRepositoryTest.assertFindJobRunningStatisticsWithDifferentFromDate], The revealed different behavior: PASS, when executed after: [], Test: com.dangdang.ddframe.job.statistics.rdb.StatisticRdbRepositoryTest.assertFindJobRunningStatisticsWithDifferentFromDate, Intended behavior: FAILURE, when executed after: [com.dangdang.ddframe.job.statistics.rdb.StatisticRdbRepositoryTest.assertFindLatestTaskResultStatistics], The revealed different behavior: PASS, when executed after: [], Test: com.dangdang.ddframe.job.statistics.rdb.StatisticRdbRepositoryTest.assertFindLatestTaskResultStatistics, Intended behavior: FAILURE, when executed after: [com.dangdang.ddframe.job.statistics.rdb.StatisticRdbRepositoryTest.assertFindLatestTaskResultStatisticsWhenTableIsEmpty], The revealed different behavior: PASS, when executed after: [], Test: com.dangdang.ddframe.job.statistics.rdb.StatisticRdbRepositoryTest.assertFindLatestTaskResultStatisticsWhenTableIsEmpty, Intended behavior: FAILURE, when executed after: [com.dangdang.ddframe.job.statistics.rdb.StatisticRdbRepositoryTest.assertGetSummedTaskResultStatistics], The revealed different behavior: PASS, when executed after: [], Test: com.dangdang.ddframe.job.statistics.rdb.StatisticRdbRepositoryTest.assertGetSummedTaskResultStatistics, Intended behavior: FAILURE, when executed after: [com.dangdang.ddframe.job.statistics.rdb.StatisticRdbRepositoryTest.assertAddJobRunningStatistics], The revealed different behavior: PASS, when executed after: [], Test: com.dangdang.ddframe.job.statistics.rdb.StatisticRdbRepositoryTest.assertAddJobRunningStatistics, Intended behavior: FAILURE, when executed after: [com.dangdang.ddframe.job.statistics.rdb.StatisticRdbRepositoryTest.assertAddTaskResultStatistics], The revealed different behavior: PASS, when executed after: [], Test: com.dangdang.ddframe.job.event.rdb.JobEventRdbSearchTest.assertFindJobExecutionEventsWithPageSizeAndNumber, Intended behavior: FAILURE, when executed after: [com.dangdang.ddframe.job.statistics.rdb.StatisticRdbRepositoryTest.assertFindJobRegisterStatisticsWithDifferentFromDate], The revealed different behavior: PASS, when executed after: [], Test: com.dangdang.ddframe.job.event.rdb.JobEventRdbSearchTest.assertFindJobExecutionEventsWithTime, Intended behavior: FAILURE, when executed after: [com.dangdang.ddframe.job.statistics.rdb.StatisticRdbRepositoryTest.assertFindTaskRunningStatisticsWithDifferentFromDate], The revealed different behavior: PASS, when executed after: [], Test: com.dangdang.ddframe.job.reg.zookeeper.ZookeeperRegistryCenterModifyTest.assertPersistEphemeralSequential, Intended behavior: FAILURE, when executed after: [com.dangdang.ddframe.job.reg.zookeeper.ZookeeperRegistryCenterModifyTest.assertPersistSequential], The revealed different behavior: PASS, when executed after: []]
--------------------------
Execution time of TLG and its time to find/nullify any DTs for 1 machine (does not include the time to run the tests in the new order): 5.138
Number of tests selected out of total in original order: 15 / 183
Number of DTs not fixed: 0
Number of DTs fixed: 0
Execution time for executing the following testing order: 4.467

Test order list:
[com.dangdang.ddframe.job.executor.type.DataflowJobExecutorTest.assertExecuteWhenFetchDataIsNotEmptyAndProcessFailureWithExceptionForStreamingProcess, com.dangdang.ddframe.job.executor.type.ScriptJobExecutorTest.assertExecuteWhenCommandLineIsEmpty, com.dangdang.ddframe.job.executor.handler.ExecutorServiceHandlerRegistryTest.assertGetExecutorServiceHandlerForSameThread, com.dangdang.ddframe.job.executor.handler.ExecutorServiceHandlerRegistryTest.assertGetExecutorServiceHandlerForConcurrent, com.dangdang.ddframe.job.executor.JobExecutorFactoryTest.assertGetJobExecutorTwice, com.dangdang.ddframe.job.util.json.GsonFactoryTest.assertGetGson, com.dangdang.ddframe.job.util.json.GsonFactoryTest.assertRegisterTypeAdapter, com.dangdang.ddframe.job.util.json.JobConfigurationGsonTypeAdapterTest.assertFromDataflowJobJson, com.dangdang.ddframe.job.reg.zookeeper.ZookeeperRegistryCenterQueryWithCacheTest.assertGetWithoutValue, com.dangdang.ddframe.job.reg.zookeeper.ZookeeperRegistryCenterQueryWithCacheTest.assertGetFromCache, com.dangdang.ddframe.job.reg.exception.RegExceptionHandlerTest.assertHandleExceptionWithNoNodeExistsException, com.dangdang.ddframe.job.statistics.rdb.StatisticRdbRepositoryTest.assertFindTaskRunningStatisticsWithDifferentFromDate, com.dangdang.ddframe.job.event.rdb.JobEventRdbSearchTest.assertFindJobExecutionEventsWithTime, com.dangdang.ddframe.job.config.JobCoreConfigurationTest.assertBuildWhenOptionalParametersIsNull, com.dangdang.ddframe.job.statistics.rdb.StatisticRdbRepositoryTest.assertFindLatestJobRegisterStatisticsWhenTableIsEmpty]

Time each test takes to run in the new order:
[18841202, 8350707, 1952295, 439265999, 2256885192, 6125914, 269560010, 421688, 38302446, 1040989972, 235101, 5889968, 339865981, 6243887, 34129544]

Dependent test list:
[Test: com.dangdang.ddframe.job.event.rdb.JobEventRdbSearchTest.assertFindJobStatusTraceEventsWithTime, Intended behavior: FAILURE, when executed after: [com.dangdang.ddframe.job.event.rdb.JobEventRdbSearchTest.assertFindJobExecutionEventsWithPageSizeAndNumber], The revealed different behavior: PASS, when executed after: [], Test: com.dangdang.ddframe.job.statistics.rdb.StatisticRdbRepositoryTest.assertFindJobRegisterStatisticsWithDifferentFromDate, Intended behavior: FAILURE, when executed after: [com.dangdang.ddframe.job.statistics.rdb.StatisticRdbRepositoryTest.assertFindJobRegisterStatisticsWhenTableIsEmpty], The revealed different behavior: PASS, when executed after: [], Test: com.dangdang.ddframe.job.statistics.rdb.StatisticRdbRepositoryTest.assertFindJobRegisterStatisticsWhenTableIsEmpty, Intended behavior: FAILURE, when executed after: [com.dangdang.ddframe.job.statistics.rdb.StatisticRdbRepositoryTest.assertFindJobRunningStatisticsWithDifferentFromDate], The revealed different behavior: PASS, when executed after: [], Test: com.dangdang.ddframe.job.statistics.rdb.StatisticRdbRepositoryTest.assertFindJobRunningStatisticsWithDifferentFromDate, Intended behavior: FAILURE, when executed after: [com.dangdang.ddframe.job.statistics.rdb.StatisticRdbRepositoryTest.assertFindLatestTaskResultStatistics], The revealed different behavior: PASS, when executed after: [], Test: com.dangdang.ddframe.job.statistics.rdb.StatisticRdbRepositoryTest.assertFindLatestTaskResultStatistics, Intended behavior: FAILURE, when executed after: [com.dangdang.ddframe.job.statistics.rdb.StatisticRdbRepositoryTest.assertFindLatestTaskResultStatisticsWhenTableIsEmpty], The revealed different behavior: PASS, when executed after: [], Test: com.dangdang.ddframe.job.statistics.rdb.StatisticRdbRepositoryTest.assertFindLatestTaskResultStatisticsWhenTableIsEmpty, Intended behavior: FAILURE, when executed after: [com.dangdang.ddframe.job.statistics.rdb.StatisticRdbRepositoryTest.assertGetSummedTaskResultStatistics], The revealed different behavior: PASS, when executed after: [], Test: com.dangdang.ddframe.job.statistics.rdb.StatisticRdbRepositoryTest.assertGetSummedTaskResultStatistics, Intended behavior: FAILURE, when executed after: [com.dangdang.ddframe.job.statistics.rdb.StatisticRdbRepositoryTest.assertAddJobRunningStatistics], The revealed different behavior: PASS, when executed after: [], Test: com.dangdang.ddframe.job.statistics.rdb.StatisticRdbRepositoryTest.assertAddJobRunningStatistics, Intended behavior: FAILURE, when executed after: [com.dangdang.ddframe.job.statistics.rdb.StatisticRdbRepositoryTest.assertAddTaskResultStatistics], The revealed different behavior: PASS, when executed after: [], Test: com.dangdang.ddframe.job.event.rdb.JobEventRdbSearchTest.assertFindJobExecutionEventsWithPageSizeAndNumber, Intended behavior: FAILURE, when executed after: [com.dangdang.ddframe.job.statistics.rdb.StatisticRdbRepositoryTest.assertFindJobRegisterStatisticsWithDifferentFromDate], The revealed different behavior: PASS, when executed after: [], Test: com.dangdang.ddframe.job.event.rdb.JobEventRdbSearchTest.assertFindJobExecutionEventsWithTime, Intended behavior: FAILURE, when executed after: [com.dangdang.ddframe.job.statistics.rdb.StatisticRdbRepositoryTest.assertFindTaskRunningStatisticsWithDifferentFromDate], The revealed different behavior: PASS, when executed after: [], Test: com.dangdang.ddframe.job.reg.zookeeper.ZookeeperRegistryCenterModifyTest.assertPersistEphemeralSequential, Intended behavior: FAILURE, when executed after: [com.dangdang.ddframe.job.reg.zookeeper.ZookeeperRegistryCenterModifyTest.assertPersistSequential], The revealed different behavior: PASS, when executed after: []]
--------------------------
Execution time of TLG and its time to find/nullify any DTs for 1 machine (does not include the time to run the tests in the new order): 4.666
Number of tests selected out of total in original order: 15 / 183
Number of DTs not fixed: 0
Number of DTs fixed: 0
Execution time for executing the following testing order: 4.019

Test order list:
[com.dangdang.ddframe.job.executor.type.DataflowJobExecutorTest.assertExecuteWhenFetchDataIsNotEmptyForStreamingProcessAndMultipleShardingItems, com.dangdang.ddframe.job.executor.type.SimpleJobExecutorTest.assertExecuteWhenRunOnceSuccessForSingleShardingItems, com.dangdang.ddframe.job.util.env.TimeServiceTest.assertGetCurrentMillis, com.dangdang.ddframe.job.reg.zookeeper.ZookeeperRegistryCenterForAuthTest.assertInitWithDigestSuccess, com.dangdang.ddframe.job.reg.exception.RegExceptionHandlerTest.assertHandleExceptionWithOtherException, com.dangdang.ddframe.job.reg.exception.RegExceptionHandlerTest.assertHandleExceptionWithCausedNoNodeException, com.dangdang.ddframe.job.reg.exception.RegExceptionHandlerTest.assertHandleExceptionWithCausedNoNodeExistsException, com.dangdang.ddframe.job.event.rdb.JobEventRdbSearchTest.assertFindJobStatusTraceEventsWithErrorSort, com.dangdang.ddframe.job.event.rdb.JobEventRdbStorageTest.assertUpdateJobExecutionEventWhenSuccessAndConflict, com.dangdang.ddframe.job.event.rdb.JobEventRdbStorageTest.assertUpdateJobExecutionEventWhenFailureAndMessageExceed, com.dangdang.ddframe.job.event.JobExecutionEventTest.assertNewJobExecutionEvent, com.dangdang.ddframe.job.event.JobEventBusTest.assertPost, com.dangdang.ddframe.job.config.JobCoreConfigurationTest.assertBuildWhenTotalSHardingCountIsNegative, com.dangdang.ddframe.job.statistics.rdb.StatisticRdbRepositoryTest.assertAddJobRegisterStatistics, com.dangdang.ddframe.job.statistics.rdb.StatisticRdbRepositoryTest.assertFindTaskResultStatisticsWhenTableIsEmpty]

Time each test takes to run in the new order:
[9863722, 5430019, 625546317, 1488410, 197910, 372895, 274086432, 2720159521, 20956483, 237245, 17092580, 299612140, 246837, 39119703, 4241248]

Dependent test list:
[Test: com.dangdang.ddframe.job.event.rdb.JobEventRdbSearchTest.assertFindJobStatusTraceEventsWithTime, Intended behavior: FAILURE, when executed after: [com.dangdang.ddframe.job.event.rdb.JobEventRdbSearchTest.assertFindJobExecutionEventsWithPageSizeAndNumber], The revealed different behavior: PASS, when executed after: [], Test: com.dangdang.ddframe.job.statistics.rdb.StatisticRdbRepositoryTest.assertFindJobRegisterStatisticsWithDifferentFromDate, Intended behavior: FAILURE, when executed after: [com.dangdang.ddframe.job.statistics.rdb.StatisticRdbRepositoryTest.assertFindJobRegisterStatisticsWhenTableIsEmpty], The revealed different behavior: PASS, when executed after: [], Test: com.dangdang.ddframe.job.statistics.rdb.StatisticRdbRepositoryTest.assertFindJobRegisterStatisticsWhenTableIsEmpty, Intended behavior: FAILURE, when executed after: [com.dangdang.ddframe.job.statistics.rdb.StatisticRdbRepositoryTest.assertFindJobRunningStatisticsWithDifferentFromDate], The revealed different behavior: PASS, when executed after: [], Test: com.dangdang.ddframe.job.statistics.rdb.StatisticRdbRepositoryTest.assertFindJobRunningStatisticsWithDifferentFromDate, Intended behavior: FAILURE, when executed after: [com.dangdang.ddframe.job.statistics.rdb.StatisticRdbRepositoryTest.assertFindLatestTaskResultStatistics], The revealed different behavior: PASS, when executed after: [], Test: com.dangdang.ddframe.job.statistics.rdb.StatisticRdbRepositoryTest.assertFindLatestTaskResultStatistics, Intended behavior: FAILURE, when executed after: [com.dangdang.ddframe.job.statistics.rdb.StatisticRdbRepositoryTest.assertFindLatestTaskResultStatisticsWhenTableIsEmpty], The revealed different behavior: PASS, when executed after: [], Test: com.dangdang.ddframe.job.statistics.rdb.StatisticRdbRepositoryTest.assertFindLatestTaskResultStatisticsWhenTableIsEmpty, Intended behavior: FAILURE, when executed after: [com.dangdang.ddframe.job.statistics.rdb.StatisticRdbRepositoryTest.assertGetSummedTaskResultStatistics], The revealed different behavior: PASS, when executed after: [], Test: com.dangdang.ddframe.job.statistics.rdb.StatisticRdbRepositoryTest.assertGetSummedTaskResultStatistics, Intended behavior: FAILURE, when executed after: [com.dangdang.ddframe.job.statistics.rdb.StatisticRdbRepositoryTest.assertAddJobRunningStatistics], The revealed different behavior: PASS, when executed after: [], Test: com.dangdang.ddframe.job.statistics.rdb.StatisticRdbRepositoryTest.assertAddJobRunningStatistics, Intended behavior: FAILURE, when executed after: [com.dangdang.ddframe.job.statistics.rdb.StatisticRdbRepositoryTest.assertAddTaskResultStatistics], The revealed different behavior: PASS, when executed after: [], Test: com.dangdang.ddframe.job.event.rdb.JobEventRdbSearchTest.assertFindJobExecutionEventsWithPageSizeAndNumber, Intended behavior: FAILURE, when executed after: [com.dangdang.ddframe.job.statistics.rdb.StatisticRdbRepositoryTest.assertFindJobRegisterStatisticsWithDifferentFromDate], The revealed different behavior: PASS, when executed after: [], Test: com.dangdang.ddframe.job.event.rdb.JobEventRdbSearchTest.assertFindJobExecutionEventsWithTime, Intended behavior: FAILURE, when executed after: [com.dangdang.ddframe.job.statistics.rdb.StatisticRdbRepositoryTest.assertFindTaskRunningStatisticsWithDifferentFromDate], The revealed different behavior: PASS, when executed after: [], Test: com.dangdang.ddframe.job.reg.zookeeper.ZookeeperRegistryCenterModifyTest.assertPersistEphemeralSequential, Intended behavior: FAILURE, when executed after: [com.dangdang.ddframe.job.reg.zookeeper.ZookeeperRegistryCenterModifyTest.assertPersistSequential], The revealed different behavior: PASS, when executed after: []]
--------------------------
Execution time of TLG and its time to find/nullify any DTs for 1 machine (does not include the time to run the tests in the new order): 1.927
Number of tests selected out of total in original order: 15 / 183
Number of DTs not fixed: 0
Number of DTs fixed: 0
Execution time for executing the following testing order: 1.293

Test order list:
[com.dangdang.ddframe.job.executor.type.DataflowJobExecutorTest.assertExecuteWhenFetchDataIsNotEmptyForUnStreamingProcessAndSingleShardingItem, com.dangdang.ddframe.job.executor.type.ScriptJobExecutorTest.assertExecuteWhenExecuteFailureForMultipleShardingItems, com.dangdang.ddframe.job.executor.type.SimpleJobExecutorTest.assertNewExecutorWithDefaultHandlers, com.dangdang.ddframe.job.util.config.ShardingItemsTest.assertToItemList, com.dangdang.ddframe.job.util.config.ShardingItemsTest.assertTtoItemListWhenNull, com.dangdang.ddframe.job.util.config.ShardingItemParametersTest.assertNewWhenItemIsNotNumber, com.dangdang.ddframe.job.util.json.JobConfigurationGsonTypeAdapterTest.assertToSimpleJobJson, com.dangdang.ddframe.job.event.rdb.JobEventRdbSearchTest.assertFindJobStatusTraceEventsWithErrorPageSizeAndNumber, com.dangdang.ddframe.job.event.rdb.JobEventRdbListenerTest.assertPostJobExecutionEvent, com.dangdang.ddframe.job.config.JobCoreConfigurationTest.assertBuildWhenCronIsNull, com.dangdang.ddframe.job.statistics.rdb.StatisticRdbRepositoryTest.assertAddTaskResultStatistics, com.dangdang.ddframe.job.statistics.rdb.StatisticRdbRepositoryTest.assertAddJobRunningStatistics, com.dangdang.ddframe.job.statistics.rdb.StatisticRdbRepositoryTest.assertGetSummedTaskResultStatistics, com.dangdang.ddframe.job.statistics.rdb.StatisticRdbRepositoryTest.assertFindTaskRunningStatisticsWhenTableIsEmpty, com.dangdang.ddframe.job.context.TaskContextTest.assertMetaInfoFromWithTaskIdWithoutShardingItems]

Time each test takes to run in the new order:
[313630305, 195022, 15468073, 10689107, 2348474, 1624811, 2236843, 172271416, 12514361, 7208122, 377820, 10919498, 621465774, 29052853, 93304420]

Dependent test list:
[Test: com.dangdang.ddframe.job.event.rdb.JobEventRdbSearchTest.assertFindJobStatusTraceEventsWithTime, Intended behavior: FAILURE, when executed after: [com.dangdang.ddframe.job.event.rdb.JobEventRdbSearchTest.assertFindJobExecutionEventsWithPageSizeAndNumber], The revealed different behavior: PASS, when executed after: [], Test: com.dangdang.ddframe.job.statistics.rdb.StatisticRdbRepositoryTest.assertFindJobRegisterStatisticsWithDifferentFromDate, Intended behavior: FAILURE, when executed after: [com.dangdang.ddframe.job.statistics.rdb.StatisticRdbRepositoryTest.assertFindJobRegisterStatisticsWhenTableIsEmpty], The revealed different behavior: PASS, when executed after: [], Test: com.dangdang.ddframe.job.statistics.rdb.StatisticRdbRepositoryTest.assertFindJobRegisterStatisticsWhenTableIsEmpty, Intended behavior: FAILURE, when executed after: [com.dangdang.ddframe.job.statistics.rdb.StatisticRdbRepositoryTest.assertFindJobRunningStatisticsWithDifferentFromDate], The revealed different behavior: PASS, when executed after: [], Test: com.dangdang.ddframe.job.statistics.rdb.StatisticRdbRepositoryTest.assertFindJobRunningStatisticsWithDifferentFromDate, Intended behavior: FAILURE, when executed after: [com.dangdang.ddframe.job.statistics.rdb.StatisticRdbRepositoryTest.assertFindLatestTaskResultStatistics], The revealed different behavior: PASS, when executed after: [], Test: com.dangdang.ddframe.job.statistics.rdb.StatisticRdbRepositoryTest.assertFindLatestTaskResultStatistics, Intended behavior: FAILURE, when executed after: [com.dangdang.ddframe.job.statistics.rdb.StatisticRdbRepositoryTest.assertFindLatestTaskResultStatisticsWhenTableIsEmpty], The revealed different behavior: PASS, when executed after: [], Test: com.dangdang.ddframe.job.statistics.rdb.StatisticRdbRepositoryTest.assertFindLatestTaskResultStatisticsWhenTableIsEmpty, Intended behavior: FAILURE, when executed after: [com.dangdang.ddframe.job.statistics.rdb.StatisticRdbRepositoryTest.assertGetSummedTaskResultStatistics], The revealed different behavior: PASS, when executed after: [], Test: com.dangdang.ddframe.job.statistics.rdb.StatisticRdbRepositoryTest.assertGetSummedTaskResultStatistics, Intended behavior: FAILURE, when executed after: [com.dangdang.ddframe.job.statistics.rdb.StatisticRdbRepositoryTest.assertAddJobRunningStatistics], The revealed different behavior: PASS, when executed after: [], Test: com.dangdang.ddframe.job.statistics.rdb.StatisticRdbRepositoryTest.assertAddJobRunningStatistics, Intended behavior: FAILURE, when executed after: [com.dangdang.ddframe.job.statistics.rdb.StatisticRdbRepositoryTest.assertAddTaskResultStatistics], The revealed different behavior: PASS, when executed after: [], Test: com.dangdang.ddframe.job.event.rdb.JobEventRdbSearchTest.assertFindJobExecutionEventsWithPageSizeAndNumber, Intended behavior: FAILURE, when executed after: [com.dangdang.ddframe.job.statistics.rdb.StatisticRdbRepositoryTest.assertFindJobRegisterStatisticsWithDifferentFromDate], The revealed different behavior: PASS, when executed after: [], Test: com.dangdang.ddframe.job.event.rdb.JobEventRdbSearchTest.assertFindJobExecutionEventsWithTime, Intended behavior: FAILURE, when executed after: [com.dangdang.ddframe.job.statistics.rdb.StatisticRdbRepositoryTest.assertFindTaskRunningStatisticsWithDifferentFromDate], The revealed different behavior: PASS, when executed after: [], Test: com.dangdang.ddframe.job.reg.zookeeper.ZookeeperRegistryCenterModifyTest.assertPersistEphemeralSequential, Intended behavior: FAILURE, when executed after: [com.dangdang.ddframe.job.reg.zookeeper.ZookeeperRegistryCenterModifyTest.assertPersistSequential], The revealed different behavior: PASS, when executed after: []]
--------------------------
Execution time of TLG and its time to find/nullify any DTs for 1 machine (does not include the time to run the tests in the new order): 1.960
Number of tests selected out of total in original order: 22 / 183
Number of DTs not fixed: 0
Number of DTs fixed: 0
Execution time for executing the following testing order: 1.209

Test order list:
[com.dangdang.ddframe.job.executor.type.DataflowJobExecutorTest.assertExecuteWhenFetchDataIsNullAndEmpty, com.dangdang.ddframe.job.executor.type.SimpleJobExecutorTest.assertExecuteWhenRunOnceWithMisfireIsEmpty, com.dangdang.ddframe.job.executor.JobExecutorFactoryTest.assertGetJobExecutorForSimpleJob, com.dangdang.ddframe.job.util.config.ShardingItemsTest.assertToItemListForDuplicated, com.dangdang.ddframe.job.util.config.ShardingItemParametersTest.assertGetMap, com.dangdang.ddframe.job.util.json.JobConfigurationGsonTypeAdapterTest.assertToScriptJobJson, com.dangdang.ddframe.job.reg.zookeeper.ZookeeperConfigurationTest.assertNewZookeeperConfigurationForServerListsAndNamespace, com.dangdang.ddframe.job.event.rdb.JobEventRdbSearchTest.assertFindJobExecutionEventsWithFields, com.dangdang.ddframe.job.event.JobEventBusTest.assertRegisterFailure, com.dangdang.ddframe.job.statistics.rdb.StatisticRdbRepositoryTest.assertAddTaskResultStatistics, com.dangdang.ddframe.job.statistics.rdb.StatisticRdbRepositoryTest.assertFindTaskResultStatisticsWithDifferentFromDate, com.dangdang.ddframe.job.statistics.rdb.StatisticRdbRepositoryTest.assertAddJobRunningStatistics, com.dangdang.ddframe.job.statistics.rdb.StatisticRdbRepositoryTest.assertGetSummedTaskResultStatistics, com.dangdang.ddframe.job.statistics.rdb.StatisticRdbRepositoryTest.assertFindLatestTaskResultStatisticsWhenTableIsEmpty, com.dangdang.ddframe.job.statistics.rdb.StatisticRdbRepositoryTest.assertFindLatestTaskResultStatistics, com.dangdang.ddframe.job.statistics.rdb.StatisticRdbRepositoryTest.assertFindJobRunningStatisticsWithDifferentFromDate, com.dangdang.ddframe.job.statistics.rdb.StatisticRdbRepositoryTest.assertFindLatestJobRunningStatistics, com.dangdang.ddframe.job.statistics.rdb.StatisticRdbRepositoryTest.assertFindJobRegisterStatisticsWhenTableIsEmpty, com.dangdang.ddframe.job.statistics.rdb.StatisticRdbRepositoryTest.assertFindJobRegisterStatisticsWithDifferentFromDate, com.dangdang.ddframe.job.context.TaskContextTest.assertGetMetaInfo, com.dangdang.ddframe.job.context.TaskContextTest.assertTaskContextFrom, com.dangdang.ddframe.job.context.TaskContextTest.assertSetIdle]

Time each test takes to run in the new order:
[826591, 12226917, 20388424, 14727254, 311617052, 3625040, 59224096, 15452886, 3849269, 13567895, 15804185, 17661214, 13330112, 12948292, 5200829, 1602014, 611999320, 13600295, 164349, 8925458, 47212990, 4557298]

Dependent test list:
[Test: com.dangdang.ddframe.job.event.rdb.JobEventRdbSearchTest.assertFindJobStatusTraceEventsWithTime, Intended behavior: FAILURE, when executed after: [com.dangdang.ddframe.job.event.rdb.JobEventRdbSearchTest.assertFindJobExecutionEventsWithPageSizeAndNumber], The revealed different behavior: PASS, when executed after: [], Test: com.dangdang.ddframe.job.statistics.rdb.StatisticRdbRepositoryTest.assertFindJobRegisterStatisticsWithDifferentFromDate, Intended behavior: FAILURE, when executed after: [com.dangdang.ddframe.job.statistics.rdb.StatisticRdbRepositoryTest.assertFindJobRegisterStatisticsWhenTableIsEmpty], The revealed different behavior: PASS, when executed after: [], Test: com.dangdang.ddframe.job.statistics.rdb.StatisticRdbRepositoryTest.assertFindJobRegisterStatisticsWhenTableIsEmpty, Intended behavior: FAILURE, when executed after: [com.dangdang.ddframe.job.statistics.rdb.StatisticRdbRepositoryTest.assertFindJobRunningStatisticsWithDifferentFromDate], The revealed different behavior: PASS, when executed after: [], Test: com.dangdang.ddframe.job.statistics.rdb.StatisticRdbRepositoryTest.assertFindJobRunningStatisticsWithDifferentFromDate, Intended behavior: FAILURE, when executed after: [com.dangdang.ddframe.job.statistics.rdb.StatisticRdbRepositoryTest.assertFindLatestTaskResultStatistics], The revealed different behavior: PASS, when executed after: [], Test: com.dangdang.ddframe.job.statistics.rdb.StatisticRdbRepositoryTest.assertFindLatestTaskResultStatistics, Intended behavior: FAILURE, when executed after: [com.dangdang.ddframe.job.statistics.rdb.StatisticRdbRepositoryTest.assertFindLatestTaskResultStatisticsWhenTableIsEmpty], The revealed different behavior: PASS, when executed after: [], Test: com.dangdang.ddframe.job.statistics.rdb.StatisticRdbRepositoryTest.assertFindLatestTaskResultStatisticsWhenTableIsEmpty, Intended behavior: FAILURE, when executed after: [com.dangdang.ddframe.job.statistics.rdb.StatisticRdbRepositoryTest.assertGetSummedTaskResultStatistics], The revealed different behavior: PASS, when executed after: [], Test: com.dangdang.ddframe.job.statistics.rdb.StatisticRdbRepositoryTest.assertGetSummedTaskResultStatistics, Intended behavior: FAILURE, when executed after: [com.dangdang.ddframe.job.statistics.rdb.StatisticRdbRepositoryTest.assertAddJobRunningStatistics], The revealed different behavior: PASS, when executed after: [], Test: com.dangdang.ddframe.job.statistics.rdb.StatisticRdbRepositoryTest.assertAddJobRunningStatistics, Intended behavior: FAILURE, when executed after: [com.dangdang.ddframe.job.statistics.rdb.StatisticRdbRepositoryTest.assertAddTaskResultStatistics], The revealed different behavior: PASS, when executed after: [], Test: com.dangdang.ddframe.job.event.rdb.JobEventRdbSearchTest.assertFindJobExecutionEventsWithPageSizeAndNumber, Intended behavior: FAILURE, when executed after: [com.dangdang.ddframe.job.statistics.rdb.StatisticRdbRepositoryTest.assertFindJobRegisterStatisticsWithDifferentFromDate], The revealed different behavior: PASS, when executed after: [], Test: com.dangdang.ddframe.job.event.rdb.JobEventRdbSearchTest.assertFindJobExecutionEventsWithTime, Intended behavior: FAILURE, when executed after: [com.dangdang.ddframe.job.statistics.rdb.StatisticRdbRepositoryTest.assertFindTaskRunningStatisticsWithDifferentFromDate], The revealed different behavior: PASS, when executed after: [], Test: com.dangdang.ddframe.job.reg.zookeeper.ZookeeperRegistryCenterModifyTest.assertPersistEphemeralSequential, Intended behavior: FAILURE, when executed after: [com.dangdang.ddframe.job.reg.zookeeper.ZookeeperRegistryCenterModifyTest.assertPersistSequential], The revealed different behavior: PASS, when executed after: []]
--------------------------
Execution time of TLG and its time to find/nullify any DTs for 1 machine (does not include the time to run the tests in the new order): 5.263
Number of tests selected out of total in original order: 18 / 183
Number of DTs not fixed: 0
Number of DTs fixed: 0
Execution time for executing the following testing order: 4.609

Test order list:
[com.dangdang.ddframe.job.exception.JobSystemExceptionTest.assertGetCause, com.dangdang.ddframe.job.exception.JobSystemExceptionTest.assertGetMessage, com.dangdang.ddframe.job.executor.type.WrongJobExecutorTest.assertWrongJobExecutorWithMultipleItems, com.dangdang.ddframe.job.executor.type.ScriptJobExecutorTest.assertExecuteSuccessForSingleShardingItems, com.dangdang.ddframe.job.executor.handler.JobPropertiesTest.assertGetWhenValueIsNotEmpty, com.dangdang.ddframe.job.executor.handler.JobPropertiesTest.assertJson, com.dangdang.ddframe.job.executor.JobExecutorFactoryTest.assertGetJobExecutorForScriptJob, com.dangdang.ddframe.job.util.config.ShardingItemParametersTest.assertNewWhenPairFormatInvalid, com.dangdang.ddframe.job.util.json.JobConfigurationGsonTypeAdapterTest.assertFromSimpleJobJson, com.dangdang.ddframe.job.reg.zookeeper.ZookeeperRegistryCenterQueryWithoutCacheTest.assertIsExisted, com.dangdang.ddframe.job.reg.zookeeper.ZookeeperRegistryCenterMiscellaneousTest.assertGetZkConfig, com.dangdang.ddframe.job.reg.exception.RegExceptionHandlerTest.assertHandleExceptionWithNoNodeException, com.dangdang.ddframe.job.event.rdb.JobEventRdbStorageTest.assertAddJobStatusTraceEvent, com.dangdang.ddframe.job.statistics.rdb.StatisticRdbRepositoryTest.assertAddTaskResultStatistics, com.dangdang.ddframe.job.statistics.rdb.StatisticRdbRepositoryTest.assertAddJobRunningStatistics, com.dangdang.ddframe.job.statistics.rdb.StatisticRdbRepositoryTest.assertGetSummedTaskResultStatistics, com.dangdang.ddframe.job.statistics.rdb.StatisticRdbRepositoryTest.assertFindLatestTaskResultStatisticsWhenTableIsEmpty, com.dangdang.ddframe.job.context.TaskContextTest.assertNew]

Time each test takes to run in the new order:
[5485543, 320551363, 280461861, 47607157, 1615841, 45126939, 7666224, 1224991, 5848751, 1032812190, 2635071722, 2013254, 18454613, 577970, 16775977, 152171270, 23922939, 11976087]

Dependent test list:
[Test: com.dangdang.ddframe.job.event.rdb.JobEventRdbSearchTest.assertFindJobStatusTraceEventsWithTime, Intended behavior: FAILURE, when executed after: [com.dangdang.ddframe.job.event.rdb.JobEventRdbSearchTest.assertFindJobExecutionEventsWithPageSizeAndNumber], The revealed different behavior: PASS, when executed after: [], Test: com.dangdang.ddframe.job.statistics.rdb.StatisticRdbRepositoryTest.assertFindJobRegisterStatisticsWithDifferentFromDate, Intended behavior: FAILURE, when executed after: [com.dangdang.ddframe.job.statistics.rdb.StatisticRdbRepositoryTest.assertFindJobRegisterStatisticsWhenTableIsEmpty], The revealed different behavior: PASS, when executed after: [], Test: com.dangdang.ddframe.job.statistics.rdb.StatisticRdbRepositoryTest.assertFindJobRegisterStatisticsWhenTableIsEmpty, Intended behavior: FAILURE, when executed after: [com.dangdang.ddframe.job.statistics.rdb.StatisticRdbRepositoryTest.assertFindJobRunningStatisticsWithDifferentFromDate], The revealed different behavior: PASS, when executed after: [], Test: com.dangdang.ddframe.job.statistics.rdb.StatisticRdbRepositoryTest.assertFindJobRunningStatisticsWithDifferentFromDate, Intended behavior: FAILURE, when executed after: [com.dangdang.ddframe.job.statistics.rdb.StatisticRdbRepositoryTest.assertFindLatestTaskResultStatistics], The revealed different behavior: PASS, when executed after: [], Test: com.dangdang.ddframe.job.statistics.rdb.StatisticRdbRepositoryTest.assertFindLatestTaskResultStatistics, Intended behavior: FAILURE, when executed after: [com.dangdang.ddframe.job.statistics.rdb.StatisticRdbRepositoryTest.assertFindLatestTaskResultStatisticsWhenTableIsEmpty], The revealed different behavior: PASS, when executed after: [], Test: com.dangdang.ddframe.job.statistics.rdb.StatisticRdbRepositoryTest.assertFindLatestTaskResultStatisticsWhenTableIsEmpty, Intended behavior: FAILURE, when executed after: [com.dangdang.ddframe.job.statistics.rdb.StatisticRdbRepositoryTest.assertGetSummedTaskResultStatistics], The revealed different behavior: PASS, when executed after: [], Test: com.dangdang.ddframe.job.statistics.rdb.StatisticRdbRepositoryTest.assertGetSummedTaskResultStatistics, Intended behavior: FAILURE, when executed after: [com.dangdang.ddframe.job.statistics.rdb.StatisticRdbRepositoryTest.assertAddJobRunningStatistics], The revealed different behavior: PASS, when executed after: [], Test: com.dangdang.ddframe.job.statistics.rdb.StatisticRdbRepositoryTest.assertAddJobRunningStatistics, Intended behavior: FAILURE, when executed after: [com.dangdang.ddframe.job.statistics.rdb.StatisticRdbRepositoryTest.assertAddTaskResultStatistics], The revealed different behavior: PASS, when executed after: [], Test: com.dangdang.ddframe.job.event.rdb.JobEventRdbSearchTest.assertFindJobExecutionEventsWithPageSizeAndNumber, Intended behavior: FAILURE, when executed after: [com.dangdang.ddframe.job.statistics.rdb.StatisticRdbRepositoryTest.assertFindJobRegisterStatisticsWithDifferentFromDate], The revealed different behavior: PASS, when executed after: [], Test: com.dangdang.ddframe.job.event.rdb.JobEventRdbSearchTest.assertFindJobExecutionEventsWithTime, Intended behavior: FAILURE, when executed after: [com.dangdang.ddframe.job.statistics.rdb.StatisticRdbRepositoryTest.assertFindTaskRunningStatisticsWithDifferentFromDate], The revealed different behavior: PASS, when executed after: [], Test: com.dangdang.ddframe.job.reg.zookeeper.ZookeeperRegistryCenterModifyTest.assertPersistEphemeralSequential, Intended behavior: FAILURE, when executed after: [com.dangdang.ddframe.job.reg.zookeeper.ZookeeperRegistryCenterModifyTest.assertPersistSequential], The revealed different behavior: PASS, when executed after: []]
--------------------------
Execution time of TLG and its time to find/nullify any DTs for 1 machine (does not include the time to run the tests in the new order): 5.094
Number of tests selected out of total in original order: 21 / 183
Number of DTs not fixed: 0
Number of DTs fixed: 0
Execution time for executing the following testing order: 4.416

Test order list:
[com.dangdang.ddframe.job.exception.ExceptionUtilTest.assertTransformWithException, com.dangdang.ddframe.job.exception.JobConfigurationExceptionTest.assertGetMessage, com.dangdang.ddframe.job.executor.type.DataflowJobExecutorTest.assertExecuteWhenFetchDataIsNotEmptyForStreamingProcessAndSingleShardingItem, com.dangdang.ddframe.job.executor.type.SimpleJobExecutorTest.assertExecuteWhenCheckMaxTimeDiffSecondsIntolerable, com.dangdang.ddframe.job.executor.type.SimpleJobExecutorTest.assertExecuteWhenPreviousJobStillRunning, com.dangdang.ddframe.job.executor.handler.JobPropertiesTest.assertGetWhenValueIsEmpty, com.dangdang.ddframe.job.executor.JobExecutorFactoryTest.assertGetJobExecutorWhenJobClassWhenUnsupportedJob, com.dangdang.ddframe.job.reg.zookeeper.ZookeeperRegistryCenterModifyTest.assertPersistEphemeral, com.dangdang.ddframe.job.event.rdb.JobEventRdbSearchTest.assertFindJobExecutionEventsWithErrorFields, com.dangdang.ddframe.job.event.rdb.JobEventRdbStorageTest.assertAddJobStatusTraceEventWhenFailoverWithTaskStagingState, com.dangdang.ddframe.job.event.JobEventBusTest.assertPostWithoutListener, com.dangdang.ddframe.job.statistics.rdb.StatisticRdbRepositoryTest.assertAddTaskRunningStatistics, com.dangdang.ddframe.job.statistics.rdb.StatisticRdbRepositoryTest.assertFindLatestTaskRunningStatistics, com.dangdang.ddframe.job.statistics.rdb.StatisticRdbRepositoryTest.assertAddTaskResultStatistics, com.dangdang.ddframe.job.statistics.rdb.StatisticRdbRepositoryTest.assertAddJobRunningStatistics, com.dangdang.ddframe.job.statistics.rdb.StatisticRdbRepositoryTest.assertGetSummedTaskResultStatistics, com.dangdang.ddframe.job.statistics.rdb.StatisticRdbRepositoryTest.assertFindLatestTaskResultStatisticsWhenTableIsEmpty, com.dangdang.ddframe.job.statistics.rdb.StatisticRdbRepositoryTest.assertFindLatestTaskResultStatistics, com.dangdang.ddframe.job.statistics.rdb.StatisticRdbRepositoryTest.assertFindJobRunningStatisticsWithDifferentFromDate, com.dangdang.ddframe.job.statistics.rdb.StatisticRdbRepositoryTest.assertFindJobRegisterStatisticsWhenTableIsEmpty, com.dangdang.ddframe.job.context.TaskContextTest.assertMetaInfoFromWithMetaInfoWithoutShardingItems]

Time each test takes to run in the new order:
[125840731, 1351568, 634232067, 5446252, 17687050, 8093484, 18516163, 195246, 6963824, 2177428, 15125318, 14243382, 26155107, 14393109, 10315301, 36046587, 3183626892, 275730647, 1057579, 1791171, 16863676]

Dependent test list:
[Test: com.dangdang.ddframe.job.event.rdb.JobEventRdbSearchTest.assertFindJobStatusTraceEventsWithTime, Intended behavior: FAILURE, when executed after: [com.dangdang.ddframe.job.event.rdb.JobEventRdbSearchTest.assertFindJobExecutionEventsWithPageSizeAndNumber], The revealed different behavior: PASS, when executed after: [], Test: com.dangdang.ddframe.job.statistics.rdb.StatisticRdbRepositoryTest.assertFindJobRegisterStatisticsWithDifferentFromDate, Intended behavior: FAILURE, when executed after: [com.dangdang.ddframe.job.statistics.rdb.StatisticRdbRepositoryTest.assertFindJobRegisterStatisticsWhenTableIsEmpty], The revealed different behavior: PASS, when executed after: [], Test: com.dangdang.ddframe.job.statistics.rdb.StatisticRdbRepositoryTest.assertFindJobRegisterStatisticsWhenTableIsEmpty, Intended behavior: FAILURE, when executed after: [com.dangdang.ddframe.job.statistics.rdb.StatisticRdbRepositoryTest.assertFindJobRunningStatisticsWithDifferentFromDate], The revealed different behavior: PASS, when executed after: [], Test: com.dangdang.ddframe.job.statistics.rdb.StatisticRdbRepositoryTest.assertFindJobRunningStatisticsWithDifferentFromDate, Intended behavior: FAILURE, when executed after: [com.dangdang.ddframe.job.statistics.rdb.StatisticRdbRepositoryTest.assertFindLatestTaskResultStatistics], The revealed different behavior: PASS, when executed after: [], Test: com.dangdang.ddframe.job.statistics.rdb.StatisticRdbRepositoryTest.assertFindLatestTaskResultStatistics, Intended behavior: FAILURE, when executed after: [com.dangdang.ddframe.job.statistics.rdb.StatisticRdbRepositoryTest.assertFindLatestTaskResultStatisticsWhenTableIsEmpty], The revealed different behavior: PASS, when executed after: [], Test: com.dangdang.ddframe.job.statistics.rdb.StatisticRdbRepositoryTest.assertFindLatestTaskResultStatisticsWhenTableIsEmpty, Intended behavior: FAILURE, when executed after: [com.dangdang.ddframe.job.statistics.rdb.StatisticRdbRepositoryTest.assertGetSummedTaskResultStatistics], The revealed different behavior: PASS, when executed after: [], Test: com.dangdang.ddframe.job.statistics.rdb.StatisticRdbRepositoryTest.assertGetSummedTaskResultStatistics, Intended behavior: FAILURE, when executed after: [com.dangdang.ddframe.job.statistics.rdb.StatisticRdbRepositoryTest.assertAddJobRunningStatistics], The revealed different behavior: PASS, when executed after: [], Test: com.dangdang.ddframe.job.statistics.rdb.StatisticRdbRepositoryTest.assertAddJobRunningStatistics, Intended behavior: FAILURE, when executed after: [com.dangdang.ddframe.job.statistics.rdb.StatisticRdbRepositoryTest.assertAddTaskResultStatistics], The revealed different behavior: PASS, when executed after: [], Test: com.dangdang.ddframe.job.event.rdb.JobEventRdbSearchTest.assertFindJobExecutionEventsWithPageSizeAndNumber, Intended behavior: FAILURE, when executed after: [com.dangdang.ddframe.job.statistics.rdb.StatisticRdbRepositoryTest.assertFindJobRegisterStatisticsWithDifferentFromDate], The revealed different behavior: PASS, when executed after: [], Test: com.dangdang.ddframe.job.event.rdb.JobEventRdbSearchTest.assertFindJobExecutionEventsWithTime, Intended behavior: FAILURE, when executed after: [com.dangdang.ddframe.job.statistics.rdb.StatisticRdbRepositoryTest.assertFindTaskRunningStatisticsWithDifferentFromDate], The revealed different behavior: PASS, when executed after: [], Test: com.dangdang.ddframe.job.reg.zookeeper.ZookeeperRegistryCenterModifyTest.assertPersistEphemeralSequential, Intended behavior: FAILURE, when executed after: [com.dangdang.ddframe.job.reg.zookeeper.ZookeeperRegistryCenterModifyTest.assertPersistSequential], The revealed different behavior: PASS, when executed after: []]
--------------------------
Execution time of TLG and its time to find/nullify any DTs for 1 machine (does not include the time to run the tests in the new order): 5.761
Number of tests selected out of total in original order: 20 / 183
Number of DTs not fixed: 0
Number of DTs fixed: 0
Execution time for executing the following testing order: 5.026

Test order list:
[com.dangdang.ddframe.job.exception.JobConfigurationExceptionTest.assertGetCause, com.dangdang.ddframe.job.executor.type.DataflowJobExecutorTest.assertExecuteWhenFetchDataIsNotEmptyAndIsEligibleForJobRunningForStreamingProcess, com.dangdang.ddframe.job.executor.type.ScriptJobExecutorTest.assertExecuteSuccessForMultipleShardingItems, com.dangdang.ddframe.job.executor.type.ScriptJobExecutorTest.assertExecuteWhenExecuteFailureForSingleShardingItems, com.dangdang.ddframe.job.executor.handler.JobPropertiesTest.assertJobPropertiesEnumFromValidValue, com.dangdang.ddframe.job.util.config.ShardingItemsTest.assertToItemsStringWhenEmpty, com.dangdang.ddframe.job.reg.zookeeper.ZookeeperRegistryCenterQueryWithoutCacheTest.assertGetRegistryCenterTime, com.dangdang.ddframe.job.reg.zookeeper.ZookeeperRegistryCenterModifyTest.assertUpdate, com.dangdang.ddframe.job.event.rdb.JobEventRdbSearchTest.assertFindJobExecutionEventsWithErrorSort, com.dangdang.ddframe.job.event.rdb.JobEventRdbSearchTest.assertFindJobStatusTraceEventsWithPageSizeAndNumber, com.dangdang.ddframe.job.event.rdb.JobEventRdbStorageTest.assertAddJobExecutionEvent, com.dangdang.ddframe.job.event.JobExecutionEventTest.assertExecutionFailure, com.dangdang.ddframe.job.config.JobCoreConfigurationTest.assertBuildAllProperties, com.dangdang.ddframe.job.config.JobCoreConfigurationTest.assertBuildWhenJobNameIsNull, com.dangdang.ddframe.job.statistics.rdb.StatisticRdbRepositoryTest.assertAddTaskResultStatistics, com.dangdang.ddframe.job.statistics.rdb.StatisticRdbRepositoryTest.assertAddJobRunningStatistics, com.dangdang.ddframe.job.statistics.rdb.StatisticRdbRepositoryTest.assertGetSummedTaskResultStatistics, com.dangdang.ddframe.job.statistics.rdb.StatisticRdbRepositoryTest.assertFindLatestTaskResultStatisticsWhenTableIsEmpty, com.dangdang.ddframe.job.statistics.rdb.StatisticRdbRepositoryTest.assertFindLatestTaskResultStatistics, com.dangdang.ddframe.job.context.TaskContextTest.assertMetaInfoFromWithTaskId]

Time each test takes to run in the new order:
[10833694, 2654643516, 11541850, 710289093, 7324643, 12782259, 1617935, 2558440, 5844883, 11955663, 16243634, 264069, 169984627, 490113, 1071955465, 2771270, 27323526, 15162163, 291877173, 131972]

Dependent test list:
[Test: com.dangdang.ddframe.job.event.rdb.JobEventRdbSearchTest.assertFindJobStatusTraceEventsWithTime, Intended behavior: FAILURE, when executed after: [com.dangdang.ddframe.job.event.rdb.JobEventRdbSearchTest.assertFindJobExecutionEventsWithPageSizeAndNumber], The revealed different behavior: PASS, when executed after: [], Test: com.dangdang.ddframe.job.statistics.rdb.StatisticRdbRepositoryTest.assertFindJobRegisterStatisticsWithDifferentFromDate, Intended behavior: FAILURE, when executed after: [com.dangdang.ddframe.job.statistics.rdb.StatisticRdbRepositoryTest.assertFindJobRegisterStatisticsWhenTableIsEmpty], The revealed different behavior: PASS, when executed after: [], Test: com.dangdang.ddframe.job.statistics.rdb.StatisticRdbRepositoryTest.assertFindJobRegisterStatisticsWhenTableIsEmpty, Intended behavior: FAILURE, when executed after: [com.dangdang.ddframe.job.statistics.rdb.StatisticRdbRepositoryTest.assertFindJobRunningStatisticsWithDifferentFromDate], The revealed different behavior: PASS, when executed after: [], Test: com.dangdang.ddframe.job.statistics.rdb.StatisticRdbRepositoryTest.assertFindJobRunningStatisticsWithDifferentFromDate, Intended behavior: FAILURE, when executed after: [com.dangdang.ddframe.job.statistics.rdb.StatisticRdbRepositoryTest.assertFindLatestTaskResultStatistics], The revealed different behavior: PASS, when executed after: [], Test: com.dangdang.ddframe.job.statistics.rdb.StatisticRdbRepositoryTest.assertFindLatestTaskResultStatistics, Intended behavior: FAILURE, when executed after: [com.dangdang.ddframe.job.statistics.rdb.StatisticRdbRepositoryTest.assertFindLatestTaskResultStatisticsWhenTableIsEmpty], The revealed different behavior: PASS, when executed after: [], Test: com.dangdang.ddframe.job.statistics.rdb.StatisticRdbRepositoryTest.assertFindLatestTaskResultStatisticsWhenTableIsEmpty, Intended behavior: FAILURE, when executed after: [com.dangdang.ddframe.job.statistics.rdb.StatisticRdbRepositoryTest.assertGetSummedTaskResultStatistics], The revealed different behavior: PASS, when executed after: [], Test: com.dangdang.ddframe.job.statistics.rdb.StatisticRdbRepositoryTest.assertGetSummedTaskResultStatistics, Intended behavior: FAILURE, when executed after: [com.dangdang.ddframe.job.statistics.rdb.StatisticRdbRepositoryTest.assertAddJobRunningStatistics], The revealed different behavior: PASS, when executed after: [], Test: com.dangdang.ddframe.job.statistics.rdb.StatisticRdbRepositoryTest.assertAddJobRunningStatistics, Intended behavior: FAILURE, when executed after: [com.dangdang.ddframe.job.statistics.rdb.StatisticRdbRepositoryTest.assertAddTaskResultStatistics], The revealed different behavior: PASS, when executed after: [], Test: com.dangdang.ddframe.job.event.rdb.JobEventRdbSearchTest.assertFindJobExecutionEventsWithPageSizeAndNumber, Intended behavior: FAILURE, when executed after: [com.dangdang.ddframe.job.statistics.rdb.StatisticRdbRepositoryTest.assertFindJobRegisterStatisticsWithDifferentFromDate], The revealed different behavior: PASS, when executed after: [], Test: com.dangdang.ddframe.job.event.rdb.JobEventRdbSearchTest.assertFindJobExecutionEventsWithTime, Intended behavior: FAILURE, when executed after: [com.dangdang.ddframe.job.statistics.rdb.StatisticRdbRepositoryTest.assertFindTaskRunningStatisticsWithDifferentFromDate], The revealed different behavior: PASS, when executed after: [], Test: com.dangdang.ddframe.job.reg.zookeeper.ZookeeperRegistryCenterModifyTest.assertPersistEphemeralSequential, Intended behavior: FAILURE, when executed after: [com.dangdang.ddframe.job.reg.zookeeper.ZookeeperRegistryCenterModifyTest.assertPersistSequential], The revealed different behavior: PASS, when executed after: []]
--------------------------
Execution time of TLG and its time to find/nullify any DTs for 1 machine (does not include the time to run the tests in the new order): 4.630
Number of tests selected out of total in original order: 15 / 183
Number of DTs not fixed: 0
Number of DTs fixed: 0
Execution time for executing the following testing order: 4.013

Test order list:
[com.dangdang.ddframe.job.executor.type.SimpleJobExecutorTest.assertExecuteWhenShardingItemsIsEmpty, com.dangdang.ddframe.job.executor.type.SimpleJobExecutorTest.assertExecuteWhenRunOnceAndThrowExceptionForSingleShardingItem, com.dangdang.ddframe.job.executor.type.SimpleJobExecutorTest.assertExecuteWhenRunOnceAndThrowExceptionForMultipleShardingItems, com.dangdang.ddframe.job.executor.handler.JobPropertiesTest.assertPutInvalidKey, com.dangdang.ddframe.job.util.concurrent.ExecutorServiceObjectTest.assertCreateExecutorService, com.dangdang.ddframe.job.reg.zookeeper.ZookeeperRegistryCenterForAuthTest.assertInitWithDigestFailure, com.dangdang.ddframe.job.reg.exception.RegExceptionHandlerTest.assertHandleExceptionWithCausedConnectionLossException, com.dangdang.ddframe.job.event.rdb.JobEventRdbConfigurationTest.assertCreateJobEventListenerSuccess, com.dangdang.ddframe.job.event.rdb.JobEventRdbConfigurationTest.assertCreateJobEventListenerFailure, com.dangdang.ddframe.job.event.rdb.JobEventRdbSearchTest.assertFindJobStatusTraceEventsWithSort, com.dangdang.ddframe.job.config.JobCoreConfigurationTest.assertBuildRequiredProperties, com.dangdang.ddframe.job.api.ShardingContextTest.assertToString, com.dangdang.ddframe.job.api.ShardingContextTest.assertNew, com.dangdang.ddframe.job.statistics.rdb.StatisticRdbRepositoryTest.assertFindLatestTaskRunningStatisticsWhenTableIsEmpty, com.dangdang.ddframe.job.statistics.rdb.StatisticRdbRepositoryTest.assertFindLatestJobRegisterStatistics]

Time each test takes to run in the new order:
[766035, 40030718, 210414060, 257763742, 2855561, 276608, 34228517, 2772618556, 259627057, 298619, 370183818, 128686, 22237889, 5935637, 35301069]

Dependent test list:
[Test: com.dangdang.ddframe.job.event.rdb.JobEventRdbSearchTest.assertFindJobStatusTraceEventsWithTime, Intended behavior: FAILURE, when executed after: [com.dangdang.ddframe.job.event.rdb.JobEventRdbSearchTest.assertFindJobExecutionEventsWithPageSizeAndNumber], The revealed different behavior: PASS, when executed after: [], Test: com.dangdang.ddframe.job.statistics.rdb.StatisticRdbRepositoryTest.assertFindJobRegisterStatisticsWithDifferentFromDate, Intended behavior: FAILURE, when executed after: [com.dangdang.ddframe.job.statistics.rdb.StatisticRdbRepositoryTest.assertFindJobRegisterStatisticsWhenTableIsEmpty], The revealed different behavior: PASS, when executed after: [], Test: com.dangdang.ddframe.job.statistics.rdb.StatisticRdbRepositoryTest.assertFindJobRegisterStatisticsWhenTableIsEmpty, Intended behavior: FAILURE, when executed after: [com.dangdang.ddframe.job.statistics.rdb.StatisticRdbRepositoryTest.assertFindJobRunningStatisticsWithDifferentFromDate], The revealed different behavior: PASS, when executed after: [], Test: com.dangdang.ddframe.job.statistics.rdb.StatisticRdbRepositoryTest.assertFindJobRunningStatisticsWithDifferentFromDate, Intended behavior: FAILURE, when executed after: [com.dangdang.ddframe.job.statistics.rdb.StatisticRdbRepositoryTest.assertFindLatestTaskResultStatistics], The revealed different behavior: PASS, when executed after: [], Test: com.dangdang.ddframe.job.statistics.rdb.StatisticRdbRepositoryTest.assertFindLatestTaskResultStatistics, Intended behavior: FAILURE, when executed after: [com.dangdang.ddframe.job.statistics.rdb.StatisticRdbRepositoryTest.assertFindLatestTaskResultStatisticsWhenTableIsEmpty], The revealed different behavior: PASS, when executed after: [], Test: com.dangdang.ddframe.job.statistics.rdb.StatisticRdbRepositoryTest.assertFindLatestTaskResultStatisticsWhenTableIsEmpty, Intended behavior: FAILURE, when executed after: [com.dangdang.ddframe.job.statistics.rdb.StatisticRdbRepositoryTest.assertGetSummedTaskResultStatistics], The revealed different behavior: PASS, when executed after: [], Test: com.dangdang.ddframe.job.statistics.rdb.StatisticRdbRepositoryTest.assertGetSummedTaskResultStatistics, Intended behavior: FAILURE, when executed after: [com.dangdang.ddframe.job.statistics.rdb.StatisticRdbRepositoryTest.assertAddJobRunningStatistics], The revealed different behavior: PASS, when executed after: [], Test: com.dangdang.ddframe.job.statistics.rdb.StatisticRdbRepositoryTest.assertAddJobRunningStatistics, Intended behavior: FAILURE, when executed after: [com.dangdang.ddframe.job.statistics.rdb.StatisticRdbRepositoryTest.assertAddTaskResultStatistics], The revealed different behavior: PASS, when executed after: [], Test: com.dangdang.ddframe.job.event.rdb.JobEventRdbSearchTest.assertFindJobExecutionEventsWithPageSizeAndNumber, Intended behavior: FAILURE, when executed after: [com.dangdang.ddframe.job.statistics.rdb.StatisticRdbRepositoryTest.assertFindJobRegisterStatisticsWithDifferentFromDate], The revealed different behavior: PASS, when executed after: [], Test: com.dangdang.ddframe.job.event.rdb.JobEventRdbSearchTest.assertFindJobExecutionEventsWithTime, Intended behavior: FAILURE, when executed after: [com.dangdang.ddframe.job.statistics.rdb.StatisticRdbRepositoryTest.assertFindTaskRunningStatisticsWithDifferentFromDate], The revealed different behavior: PASS, when executed after: [], Test: com.dangdang.ddframe.job.reg.zookeeper.ZookeeperRegistryCenterModifyTest.assertPersistEphemeralSequential, Intended behavior: FAILURE, when executed after: [com.dangdang.ddframe.job.reg.zookeeper.ZookeeperRegistryCenterModifyTest.assertPersistSequential], The revealed different behavior: PASS, when executed after: []]
--------------------------
Execution time of TLG and its time to find/nullify any DTs for 1 machine (does not include the time to run the tests in the new order): 5.788
Number of tests selected out of total in original order: 24 / 183
Number of DTs not fixed: 0
Number of DTs fixed: 0
Execution time for executing the following testing order: 5.104

Test order list:
[com.dangdang.ddframe.job.executor.type.DataflowJobExecutorTest.assertExecuteWhenFetchDataIsNotEmptyForUnStreamingProcessAndMultipleShardingItems, com.dangdang.ddframe.job.executor.type.WrongJobExecutorTest.assertWrongJobExecutorWithSingleItem, com.dangdang.ddframe.job.executor.type.SimpleJobExecutorTest.assertExecuteWhenRunOnceSuccessForMultipleShardingItems, com.dangdang.ddframe.job.executor.handler.JobPropertiesTest.assertPutNullValue, com.dangdang.ddframe.job.util.env.HostExceptionTest.assertGetCause, com.dangdang.ddframe.job.util.config.ShardingItemsTest.assertToItemsString, com.dangdang.ddframe.job.reg.zookeeper.ZookeeperRegistryCenterQueryWithoutCacheTest.assertGetNumChildren, com.dangdang.ddframe.job.reg.zookeeper.ZookeeperRegistryCenterModifyTest.assertRemove, com.dangdang.ddframe.job.event.rdb.JobEventRdbIdentityTest.assertGetIdentity, com.dangdang.ddframe.job.event.rdb.JobEventRdbConfigurationTest.assertGetDataSource, com.dangdang.ddframe.job.statistics.rdb.StatisticRdbRepositoryTest.assertAddTaskResultStatistics, com.dangdang.ddframe.job.statistics.rdb.StatisticRdbRepositoryTest.assertAddJobRunningStatistics, com.dangdang.ddframe.job.statistics.rdb.StatisticRdbRepositoryTest.assertGetSummedTaskResultStatistics, com.dangdang.ddframe.job.statistics.rdb.StatisticRdbRepositoryTest.assertFindLatestTaskResultStatisticsWhenTableIsEmpty, com.dangdang.ddframe.job.statistics.rdb.StatisticRdbRepositoryTest.assertFindLatestTaskResultStatistics, com.dangdang.ddframe.job.statistics.rdb.StatisticRdbRepositoryTest.assertFindJobRunningStatisticsWithDifferentFromDate, com.dangdang.ddframe.job.statistics.rdb.StatisticRdbRepositoryTest.assertFindJobRegisterStatisticsWhenTableIsEmpty, com.dangdang.ddframe.job.statistics.rdb.StatisticRdbRepositoryTest.assertFindJobRegisterStatisticsWithDifferentFromDate, com.dangdang.ddframe.job.event.rdb.JobEventRdbSearchTest.assertFindJobExecutionEventsWithPageSizeAndNumber, com.dangdang.ddframe.job.event.rdb.JobEventRdbSearchTest.assertFindJobStatusTraceEventsWithTime, com.dangdang.ddframe.job.event.rdb.JobEventRdbStorageTest.assertAddJobStatusTraceEventWhenFailoverWithTaskFailedState, com.dangdang.ddframe.job.event.rdb.JobEventRdbListenerTest.assertPostJobStatusTraceEvent, com.dangdang.ddframe.job.event.JobExecutionEventTest.assertExecutionSuccess, com.dangdang.ddframe.job.context.TaskContextTest.assertMetaInfoFromWithMetaInfo]

Time each test takes to run in the new order:
[20101030, 1842469, 10674656, 4254354, 25703698, 11754235, 14649823, 2777062048, 323880, 14371873, 10513039, 310156077, 402644106, 2793242, 4231990, 4226493, 16253782, 15050292, 18735005, 1091715987, 269244711, 2079443, 48755218, 27263709]

Dependent test list:
[Test: com.dangdang.ddframe.job.event.rdb.JobEventRdbSearchTest.assertFindJobStatusTraceEventsWithTime, Intended behavior: FAILURE, when executed after: [com.dangdang.ddframe.job.event.rdb.JobEventRdbSearchTest.assertFindJobExecutionEventsWithPageSizeAndNumber], The revealed different behavior: PASS, when executed after: [], Test: com.dangdang.ddframe.job.statistics.rdb.StatisticRdbRepositoryTest.assertFindJobRegisterStatisticsWithDifferentFromDate, Intended behavior: FAILURE, when executed after: [com.dangdang.ddframe.job.statistics.rdb.StatisticRdbRepositoryTest.assertFindJobRegisterStatisticsWhenTableIsEmpty], The revealed different behavior: PASS, when executed after: [], Test: com.dangdang.ddframe.job.statistics.rdb.StatisticRdbRepositoryTest.assertFindJobRegisterStatisticsWhenTableIsEmpty, Intended behavior: FAILURE, when executed after: [com.dangdang.ddframe.job.statistics.rdb.StatisticRdbRepositoryTest.assertFindJobRunningStatisticsWithDifferentFromDate], The revealed different behavior: PASS, when executed after: [], Test: com.dangdang.ddframe.job.statistics.rdb.StatisticRdbRepositoryTest.assertFindJobRunningStatisticsWithDifferentFromDate, Intended behavior: FAILURE, when executed after: [com.dangdang.ddframe.job.statistics.rdb.StatisticRdbRepositoryTest.assertFindLatestTaskResultStatistics], The revealed different behavior: PASS, when executed after: [], Test: com.dangdang.ddframe.job.statistics.rdb.StatisticRdbRepositoryTest.assertFindLatestTaskResultStatistics, Intended behavior: FAILURE, when executed after: [com.dangdang.ddframe.job.statistics.rdb.StatisticRdbRepositoryTest.assertFindLatestTaskResultStatisticsWhenTableIsEmpty], The revealed different behavior: PASS, when executed after: [], Test: com.dangdang.ddframe.job.statistics.rdb.StatisticRdbRepositoryTest.assertFindLatestTaskResultStatisticsWhenTableIsEmpty, Intended behavior: FAILURE, when executed after: [com.dangdang.ddframe.job.statistics.rdb.StatisticRdbRepositoryTest.assertGetSummedTaskResultStatistics], The revealed different behavior: PASS, when executed after: [], Test: com.dangdang.ddframe.job.statistics.rdb.StatisticRdbRepositoryTest.assertGetSummedTaskResultStatistics, Intended behavior: FAILURE, when executed after: [com.dangdang.ddframe.job.statistics.rdb.StatisticRdbRepositoryTest.assertAddJobRunningStatistics], The revealed different behavior: PASS, when executed after: [], Test: com.dangdang.ddframe.job.statistics.rdb.StatisticRdbRepositoryTest.assertAddJobRunningStatistics, Intended behavior: FAILURE, when executed after: [com.dangdang.ddframe.job.statistics.rdb.StatisticRdbRepositoryTest.assertAddTaskResultStatistics], The revealed different behavior: PASS, when executed after: [], Test: com.dangdang.ddframe.job.event.rdb.JobEventRdbSearchTest.assertFindJobExecutionEventsWithPageSizeAndNumber, Intended behavior: FAILURE, when executed after: [com.dangdang.ddframe.job.statistics.rdb.StatisticRdbRepositoryTest.assertFindJobRegisterStatisticsWithDifferentFromDate], The revealed different behavior: PASS, when executed after: [], Test: com.dangdang.ddframe.job.event.rdb.JobEventRdbSearchTest.assertFindJobExecutionEventsWithTime, Intended behavior: FAILURE, when executed after: [com.dangdang.ddframe.job.statistics.rdb.StatisticRdbRepositoryTest.assertFindTaskRunningStatisticsWithDifferentFromDate], The revealed different behavior: PASS, when executed after: [], Test: com.dangdang.ddframe.job.reg.zookeeper.ZookeeperRegistryCenterModifyTest.assertPersistEphemeralSequential, Intended behavior: FAILURE, when executed after: [com.dangdang.ddframe.job.reg.zookeeper.ZookeeperRegistryCenterModifyTest.assertPersistSequential], The revealed different behavior: PASS, when executed after: []]
--------------------------
Execution time of TLG and its time to find/nullify any DTs for 1 machine (does not include the time to run the tests in the new order): 4.812
Number of tests selected out of total in original order: 24 / 183
Number of DTs not fixed: 0
Number of DTs fixed: 0
Execution time for executing the following testing order: 4.068

Test order list:
[com.dangdang.ddframe.job.exception.ExceptionUtilTest.assertTransformWithError, com.dangdang.ddframe.job.exception.JobExecutionEnvironmentExceptionTest.assertGetMessage, com.dangdang.ddframe.job.executor.type.SimpleJobExecutorTest.assertExecuteWhenRunOnceWithMisfire, com.dangdang.ddframe.job.executor.type.SimpleJobExecutorTest.assertBeforeJobExecutedFailure, com.dangdang.ddframe.job.executor.handler.JobPropertiesTest.assertPutSuccess, com.dangdang.ddframe.job.util.config.ShardingItemParametersTest.assertGetMapWhenIsEmpty, com.dangdang.ddframe.job.util.json.JobConfigurationGsonTypeAdapterTest.assertToDataflowJobJson, com.dangdang.ddframe.job.reg.zookeeper.ZookeeperRegistryCenterModifyTest.assertPersistSequential, com.dangdang.ddframe.job.reg.zookeeper.ZookeeperRegistryCenterModifyTest.assertPersistEphemeralSequential, com.dangdang.ddframe.job.statistics.rdb.StatisticRdbRepositoryTest.assertAddTaskResultStatistics, com.dangdang.ddframe.job.statistics.rdb.StatisticRdbRepositoryTest.assertAddJobRunningStatistics, com.dangdang.ddframe.job.statistics.rdb.StatisticRdbRepositoryTest.assertGetSummedTaskResultStatistics, com.dangdang.ddframe.job.statistics.rdb.StatisticRdbRepositoryTest.assertFindLatestTaskResultStatisticsWhenTableIsEmpty, com.dangdang.ddframe.job.statistics.rdb.StatisticRdbRepositoryTest.assertFindLatestTaskResultStatistics, com.dangdang.ddframe.job.statistics.rdb.StatisticRdbRepositoryTest.assertFindJobRunningStatisticsWithDifferentFromDate, com.dangdang.ddframe.job.statistics.rdb.StatisticRdbRepositoryTest.assertFindJobRegisterStatisticsWhenTableIsEmpty, com.dangdang.ddframe.job.statistics.rdb.StatisticRdbRepositoryTest.assertFindJobRegisterStatisticsWithDifferentFromDate, com.dangdang.ddframe.job.event.rdb.JobEventRdbSearchTest.assertFindJobExecutionEventsWithPageSizeAndNumber, com.dangdang.ddframe.job.event.rdb.JobEventRdbSearchTest.assertFindJobExecutionEventsWithSort, com.dangdang.ddframe.job.event.rdb.JobEventRdbSearchTest.assertFindJobStatusTraceEventsWithErrorFields, com.dangdang.ddframe.job.event.rdb.JobEventRdbStorageTest.assertUpdateJobExecutionEventWhenSuccess, com.dangdang.ddframe.job.event.rdb.JobEventRdbStorageTest.assertUpdateJobExecutionEventWhenFailureAndConflict, com.dangdang.ddframe.job.context.TaskContextTest.assertNewWithoutSlaveId, com.dangdang.ddframe.job.context.TaskContextTest.assertGetExecutorId]

Time each test takes to run in the new order:
[2259596103, 1442354, 16534640, 300716722, 2614599, 23880181, 43814718, 17713969, 3808914, 7036394, 548096077, 19771034, 12154622, 2174805, 1810686, 443131515, 17866778, 8780384, 27349642, 7800199, 19851087, 8314704, 271394152, 2837261]

Dependent test list:
[Test: com.dangdang.ddframe.job.event.rdb.JobEventRdbSearchTest.assertFindJobStatusTraceEventsWithTime, Intended behavior: FAILURE, when executed after: [com.dangdang.ddframe.job.event.rdb.JobEventRdbSearchTest.assertFindJobExecutionEventsWithPageSizeAndNumber], The revealed different behavior: PASS, when executed after: [], Test: com.dangdang.ddframe.job.statistics.rdb.StatisticRdbRepositoryTest.assertFindJobRegisterStatisticsWithDifferentFromDate, Intended behavior: FAILURE, when executed after: [com.dangdang.ddframe.job.statistics.rdb.StatisticRdbRepositoryTest.assertFindJobRegisterStatisticsWhenTableIsEmpty], The revealed different behavior: PASS, when executed after: [], Test: com.dangdang.ddframe.job.statistics.rdb.StatisticRdbRepositoryTest.assertFindJobRegisterStatisticsWhenTableIsEmpty, Intended behavior: FAILURE, when executed after: [com.dangdang.ddframe.job.statistics.rdb.StatisticRdbRepositoryTest.assertFindJobRunningStatisticsWithDifferentFromDate], The revealed different behavior: PASS, when executed after: [], Test: com.dangdang.ddframe.job.statistics.rdb.StatisticRdbRepositoryTest.assertFindJobRunningStatisticsWithDifferentFromDate, Intended behavior: FAILURE, when executed after: [com.dangdang.ddframe.job.statistics.rdb.StatisticRdbRepositoryTest.assertFindLatestTaskResultStatistics], The revealed different behavior: PASS, when executed after: [], Test: com.dangdang.ddframe.job.statistics.rdb.StatisticRdbRepositoryTest.assertFindLatestTaskResultStatistics, Intended behavior: FAILURE, when executed after: [com.dangdang.ddframe.job.statistics.rdb.StatisticRdbRepositoryTest.assertFindLatestTaskResultStatisticsWhenTableIsEmpty], The revealed different behavior: PASS, when executed after: [], Test: com.dangdang.ddframe.job.statistics.rdb.StatisticRdbRepositoryTest.assertFindLatestTaskResultStatisticsWhenTableIsEmpty, Intended behavior: FAILURE, when executed after: [com.dangdang.ddframe.job.statistics.rdb.StatisticRdbRepositoryTest.assertGetSummedTaskResultStatistics], The revealed different behavior: PASS, when executed after: [], Test: com.dangdang.ddframe.job.statistics.rdb.StatisticRdbRepositoryTest.assertGetSummedTaskResultStatistics, Intended behavior: FAILURE, when executed after: [com.dangdang.ddframe.job.statistics.rdb.StatisticRdbRepositoryTest.assertAddJobRunningStatistics], The revealed different behavior: PASS, when executed after: [], Test: com.dangdang.ddframe.job.statistics.rdb.StatisticRdbRepositoryTest.assertAddJobRunningStatistics, Intended behavior: FAILURE, when executed after: [com.dangdang.ddframe.job.statistics.rdb.StatisticRdbRepositoryTest.assertAddTaskResultStatistics], The revealed different behavior: PASS, when executed after: [], Test: com.dangdang.ddframe.job.event.rdb.JobEventRdbSearchTest.assertFindJobExecutionEventsWithPageSizeAndNumber, Intended behavior: FAILURE, when executed after: [com.dangdang.ddframe.job.statistics.rdb.StatisticRdbRepositoryTest.assertFindJobRegisterStatisticsWithDifferentFromDate], The revealed different behavior: PASS, when executed after: [], Test: com.dangdang.ddframe.job.event.rdb.JobEventRdbSearchTest.assertFindJobExecutionEventsWithTime, Intended behavior: FAILURE, when executed after: [com.dangdang.ddframe.job.statistics.rdb.StatisticRdbRepositoryTest.assertFindTaskRunningStatisticsWithDifferentFromDate], The revealed different behavior: PASS, when executed after: [], Test: com.dangdang.ddframe.job.reg.zookeeper.ZookeeperRegistryCenterModifyTest.assertPersistEphemeralSequential, Intended behavior: FAILURE, when executed after: [com.dangdang.ddframe.job.reg.zookeeper.ZookeeperRegistryCenterModifyTest.assertPersistSequential], The revealed different behavior: PASS, when executed after: []]
--------------------------
Execution time of TLG and its time to find/nullify any DTs for 1 machine (does not include the time to run the tests in the new order): 3.279
Number of tests selected out of total in original order: 1 / 183
Number of DTs not fixed: 0
Number of DTs fixed: 0
Execution time for executing the following testing order: 2.942

Test order list:
[com.dangdang.ddframe.job.reg.zookeeper.ZookeeperRegistryCenterMiscellaneousTest.assertGetRawCache]

Time each test takes to run in the new order:
[2942417716]

Dependent test list:
[Test: com.dangdang.ddframe.job.event.rdb.JobEventRdbSearchTest.assertFindJobStatusTraceEventsWithTime, Intended behavior: FAILURE, when executed after: [com.dangdang.ddframe.job.event.rdb.JobEventRdbSearchTest.assertFindJobExecutionEventsWithPageSizeAndNumber], The revealed different behavior: PASS, when executed after: [], Test: com.dangdang.ddframe.job.statistics.rdb.StatisticRdbRepositoryTest.assertFindJobRegisterStatisticsWithDifferentFromDate, Intended behavior: FAILURE, when executed after: [com.dangdang.ddframe.job.statistics.rdb.StatisticRdbRepositoryTest.assertFindJobRegisterStatisticsWhenTableIsEmpty], The revealed different behavior: PASS, when executed after: [], Test: com.dangdang.ddframe.job.statistics.rdb.StatisticRdbRepositoryTest.assertFindJobRegisterStatisticsWhenTableIsEmpty, Intended behavior: FAILURE, when executed after: [com.dangdang.ddframe.job.statistics.rdb.StatisticRdbRepositoryTest.assertFindJobRunningStatisticsWithDifferentFromDate], The revealed different behavior: PASS, when executed after: [], Test: com.dangdang.ddframe.job.statistics.rdb.StatisticRdbRepositoryTest.assertFindJobRunningStatisticsWithDifferentFromDate, Intended behavior: FAILURE, when executed after: [com.dangdang.ddframe.job.statistics.rdb.StatisticRdbRepositoryTest.assertFindLatestTaskResultStatistics], The revealed different behavior: PASS, when executed after: [], Test: com.dangdang.ddframe.job.statistics.rdb.StatisticRdbRepositoryTest.assertFindLatestTaskResultStatistics, Intended behavior: FAILURE, when executed after: [com.dangdang.ddframe.job.statistics.rdb.StatisticRdbRepositoryTest.assertFindLatestTaskResultStatisticsWhenTableIsEmpty], The revealed different behavior: PASS, when executed after: [], Test: com.dangdang.ddframe.job.statistics.rdb.StatisticRdbRepositoryTest.assertFindLatestTaskResultStatisticsWhenTableIsEmpty, Intended behavior: FAILURE, when executed after: [com.dangdang.ddframe.job.statistics.rdb.StatisticRdbRepositoryTest.assertGetSummedTaskResultStatistics], The revealed different behavior: PASS, when executed after: [], Test: com.dangdang.ddframe.job.statistics.rdb.StatisticRdbRepositoryTest.assertGetSummedTaskResultStatistics, Intended behavior: FAILURE, when executed after: [com.dangdang.ddframe.job.statistics.rdb.StatisticRdbRepositoryTest.assertAddJobRunningStatistics], The revealed different behavior: PASS, when executed after: [], Test: com.dangdang.ddframe.job.statistics.rdb.StatisticRdbRepositoryTest.assertAddJobRunningStatistics, Intended behavior: FAILURE, when executed after: [com.dangdang.ddframe.job.statistics.rdb.StatisticRdbRepositoryTest.assertAddTaskResultStatistics], The revealed different behavior: PASS, when executed after: [], Test: com.dangdang.ddframe.job.event.rdb.JobEventRdbSearchTest.assertFindJobExecutionEventsWithPageSizeAndNumber, Intended behavior: FAILURE, when executed after: [com.dangdang.ddframe.job.statistics.rdb.StatisticRdbRepositoryTest.assertFindJobRegisterStatisticsWithDifferentFromDate], The revealed different behavior: PASS, when executed after: [], Test: com.dangdang.ddframe.job.event.rdb.JobEventRdbSearchTest.assertFindJobExecutionEventsWithTime, Intended behavior: FAILURE, when executed after: [com.dangdang.ddframe.job.statistics.rdb.StatisticRdbRepositoryTest.assertFindTaskRunningStatisticsWithDifferentFromDate], The revealed different behavior: PASS, when executed after: [], Test: com.dangdang.ddframe.job.reg.zookeeper.ZookeeperRegistryCenterModifyTest.assertPersistEphemeralSequential, Intended behavior: FAILURE, when executed after: [com.dangdang.ddframe.job.reg.zookeeper.ZookeeperRegistryCenterModifyTest.assertPersistSequential], The revealed different behavior: PASS, when executed after: []]
--------------------------
Execution time of TLG and its time to find/nullify any DTs for 1 machine (does not include the time to run the tests in the new order): 3.342
Number of tests selected out of total in original order: 1 / 183
Number of DTs not fixed: 0
Number of DTs fixed: 0
Execution time for executing the following testing order: 2.938

Test order list:
[com.dangdang.ddframe.job.reg.zookeeper.ZookeeperRegistryCenterMiscellaneousTest.assertGetRawClient]

Time each test takes to run in the new order:
[2938275216]

Dependent test list:
[Test: com.dangdang.ddframe.job.event.rdb.JobEventRdbSearchTest.assertFindJobStatusTraceEventsWithTime, Intended behavior: FAILURE, when executed after: [com.dangdang.ddframe.job.event.rdb.JobEventRdbSearchTest.assertFindJobExecutionEventsWithPageSizeAndNumber], The revealed different behavior: PASS, when executed after: [], Test: com.dangdang.ddframe.job.statistics.rdb.StatisticRdbRepositoryTest.assertFindJobRegisterStatisticsWithDifferentFromDate, Intended behavior: FAILURE, when executed after: [com.dangdang.ddframe.job.statistics.rdb.StatisticRdbRepositoryTest.assertFindJobRegisterStatisticsWhenTableIsEmpty], The revealed different behavior: PASS, when executed after: [], Test: com.dangdang.ddframe.job.statistics.rdb.StatisticRdbRepositoryTest.assertFindJobRegisterStatisticsWhenTableIsEmpty, Intended behavior: FAILURE, when executed after: [com.dangdang.ddframe.job.statistics.rdb.StatisticRdbRepositoryTest.assertFindJobRunningStatisticsWithDifferentFromDate], The revealed different behavior: PASS, when executed after: [], Test: com.dangdang.ddframe.job.statistics.rdb.StatisticRdbRepositoryTest.assertFindJobRunningStatisticsWithDifferentFromDate, Intended behavior: FAILURE, when executed after: [com.dangdang.ddframe.job.statistics.rdb.StatisticRdbRepositoryTest.assertFindLatestTaskResultStatistics], The revealed different behavior: PASS, when executed after: [], Test: com.dangdang.ddframe.job.statistics.rdb.StatisticRdbRepositoryTest.assertFindLatestTaskResultStatistics, Intended behavior: FAILURE, when executed after: [com.dangdang.ddframe.job.statistics.rdb.StatisticRdbRepositoryTest.assertFindLatestTaskResultStatisticsWhenTableIsEmpty], The revealed different behavior: PASS, when executed after: [], Test: com.dangdang.ddframe.job.statistics.rdb.StatisticRdbRepositoryTest.assertFindLatestTaskResultStatisticsWhenTableIsEmpty, Intended behavior: FAILURE, when executed after: [com.dangdang.ddframe.job.statistics.rdb.StatisticRdbRepositoryTest.assertGetSummedTaskResultStatistics], The revealed different behavior: PASS, when executed after: [], Test: com.dangdang.ddframe.job.statistics.rdb.StatisticRdbRepositoryTest.assertGetSummedTaskResultStatistics, Intended behavior: FAILURE, when executed after: [com.dangdang.ddframe.job.statistics.rdb.StatisticRdbRepositoryTest.assertAddJobRunningStatistics], The revealed different behavior: PASS, when executed after: [], Test: com.dangdang.ddframe.job.statistics.rdb.StatisticRdbRepositoryTest.assertAddJobRunningStatistics, Intended behavior: FAILURE, when executed after: [com.dangdang.ddframe.job.statistics.rdb.StatisticRdbRepositoryTest.assertAddTaskResultStatistics], The revealed different behavior: PASS, when executed after: [], Test: com.dangdang.ddframe.job.event.rdb.JobEventRdbSearchTest.assertFindJobExecutionEventsWithPageSizeAndNumber, Intended behavior: FAILURE, when executed after: [com.dangdang.ddframe.job.statistics.rdb.StatisticRdbRepositoryTest.assertFindJobRegisterStatisticsWithDifferentFromDate], The revealed different behavior: PASS, when executed after: [], Test: com.dangdang.ddframe.job.event.rdb.JobEventRdbSearchTest.assertFindJobExecutionEventsWithTime, Intended behavior: FAILURE, when executed after: [com.dangdang.ddframe.job.statistics.rdb.StatisticRdbRepositoryTest.assertFindTaskRunningStatisticsWithDifferentFromDate], The revealed different behavior: PASS, when executed after: [], Test: com.dangdang.ddframe.job.reg.zookeeper.ZookeeperRegistryCenterModifyTest.assertPersistEphemeralSequential, Intended behavior: FAILURE, when executed after: [com.dangdang.ddframe.job.reg.zookeeper.ZookeeperRegistryCenterModifyTest.assertPersistSequential], The revealed different behavior: PASS, when executed after: []]
--------------------------
Execution time of TLG and its time to find/nullify any DTs for 1 machine (does not include the time to run the tests in the new order): 3.378
Number of tests selected out of total in original order: 1 / 183
Number of DTs not fixed: 0
Number of DTs fixed: 0
Execution time for executing the following testing order: 3.006

Test order list:
[com.dangdang.ddframe.job.reg.zookeeper.ZookeeperRegistryCenterQueryWithoutCacheTest.assertGetFromServer]

Time each test takes to run in the new order:
[3006485414]

Dependent test list:
[Test: com.dangdang.ddframe.job.event.rdb.JobEventRdbSearchTest.assertFindJobStatusTraceEventsWithTime, Intended behavior: FAILURE, when executed after: [com.dangdang.ddframe.job.event.rdb.JobEventRdbSearchTest.assertFindJobExecutionEventsWithPageSizeAndNumber], The revealed different behavior: PASS, when executed after: [], Test: com.dangdang.ddframe.job.statistics.rdb.StatisticRdbRepositoryTest.assertFindJobRegisterStatisticsWithDifferentFromDate, Intended behavior: FAILURE, when executed after: [com.dangdang.ddframe.job.statistics.rdb.StatisticRdbRepositoryTest.assertFindJobRegisterStatisticsWhenTableIsEmpty], The revealed different behavior: PASS, when executed after: [], Test: com.dangdang.ddframe.job.statistics.rdb.StatisticRdbRepositoryTest.assertFindJobRegisterStatisticsWhenTableIsEmpty, Intended behavior: FAILURE, when executed after: [com.dangdang.ddframe.job.statistics.rdb.StatisticRdbRepositoryTest.assertFindJobRunningStatisticsWithDifferentFromDate], The revealed different behavior: PASS, when executed after: [], Test: com.dangdang.ddframe.job.statistics.rdb.StatisticRdbRepositoryTest.assertFindJobRunningStatisticsWithDifferentFromDate, Intended behavior: FAILURE, when executed after: [com.dangdang.ddframe.job.statistics.rdb.StatisticRdbRepositoryTest.assertFindLatestTaskResultStatistics], The revealed different behavior: PASS, when executed after: [], Test: com.dangdang.ddframe.job.statistics.rdb.StatisticRdbRepositoryTest.assertFindLatestTaskResultStatistics, Intended behavior: FAILURE, when executed after: [com.dangdang.ddframe.job.statistics.rdb.StatisticRdbRepositoryTest.assertFindLatestTaskResultStatisticsWhenTableIsEmpty], The revealed different behavior: PASS, when executed after: [], Test: com.dangdang.ddframe.job.statistics.rdb.StatisticRdbRepositoryTest.assertFindLatestTaskResultStatisticsWhenTableIsEmpty, Intended behavior: FAILURE, when executed after: [com.dangdang.ddframe.job.statistics.rdb.StatisticRdbRepositoryTest.assertGetSummedTaskResultStatistics], The revealed different behavior: PASS, when executed after: [], Test: com.dangdang.ddframe.job.statistics.rdb.StatisticRdbRepositoryTest.assertGetSummedTaskResultStatistics, Intended behavior: FAILURE, when executed after: [com.dangdang.ddframe.job.statistics.rdb.StatisticRdbRepositoryTest.assertAddJobRunningStatistics], The revealed different behavior: PASS, when executed after: [], Test: com.dangdang.ddframe.job.statistics.rdb.StatisticRdbRepositoryTest.assertAddJobRunningStatistics, Intended behavior: FAILURE, when executed after: [com.dangdang.ddframe.job.statistics.rdb.StatisticRdbRepositoryTest.assertAddTaskResultStatistics], The revealed different behavior: PASS, when executed after: [], Test: com.dangdang.ddframe.job.event.rdb.JobEventRdbSearchTest.assertFindJobExecutionEventsWithPageSizeAndNumber, Intended behavior: FAILURE, when executed after: [com.dangdang.ddframe.job.statistics.rdb.StatisticRdbRepositoryTest.assertFindJobRegisterStatisticsWithDifferentFromDate], The revealed different behavior: PASS, when executed after: [], Test: com.dangdang.ddframe.job.event.rdb.JobEventRdbSearchTest.assertFindJobExecutionEventsWithTime, Intended behavior: FAILURE, when executed after: [com.dangdang.ddframe.job.statistics.rdb.StatisticRdbRepositoryTest.assertFindTaskRunningStatisticsWithDifferentFromDate], The revealed different behavior: PASS, when executed after: [], Test: com.dangdang.ddframe.job.reg.zookeeper.ZookeeperRegistryCenterModifyTest.assertPersistEphemeralSequential, Intended behavior: FAILURE, when executed after: [com.dangdang.ddframe.job.reg.zookeeper.ZookeeperRegistryCenterModifyTest.assertPersistSequential], The revealed different behavior: PASS, when executed after: []]
--------------------------
Execution time of TLG and its time to find/nullify any DTs for 1 machine (does not include the time to run the tests in the new order): 10.597
Number of tests selected out of total in original order: 1 / 183
Number of DTs not fixed: 0
Number of DTs fixed: 0
Execution time for executing the following testing order: 10.257

Test order list:
[com.dangdang.ddframe.job.reg.zookeeper.ZookeeperRegistryCenterInitFailureTest.assertInitFailure]

Time each test takes to run in the new order:
[10256868567]

Dependent test list:
[Test: com.dangdang.ddframe.job.event.rdb.JobEventRdbSearchTest.assertFindJobStatusTraceEventsWithTime, Intended behavior: FAILURE, when executed after: [com.dangdang.ddframe.job.event.rdb.JobEventRdbSearchTest.assertFindJobExecutionEventsWithPageSizeAndNumber], The revealed different behavior: PASS, when executed after: [], Test: com.dangdang.ddframe.job.statistics.rdb.StatisticRdbRepositoryTest.assertFindJobRegisterStatisticsWithDifferentFromDate, Intended behavior: FAILURE, when executed after: [com.dangdang.ddframe.job.statistics.rdb.StatisticRdbRepositoryTest.assertFindJobRegisterStatisticsWhenTableIsEmpty], The revealed different behavior: PASS, when executed after: [], Test: com.dangdang.ddframe.job.statistics.rdb.StatisticRdbRepositoryTest.assertFindJobRegisterStatisticsWhenTableIsEmpty, Intended behavior: FAILURE, when executed after: [com.dangdang.ddframe.job.statistics.rdb.StatisticRdbRepositoryTest.assertFindJobRunningStatisticsWithDifferentFromDate], The revealed different behavior: PASS, when executed after: [], Test: com.dangdang.ddframe.job.statistics.rdb.StatisticRdbRepositoryTest.assertFindJobRunningStatisticsWithDifferentFromDate, Intended behavior: FAILURE, when executed after: [com.dangdang.ddframe.job.statistics.rdb.StatisticRdbRepositoryTest.assertFindLatestTaskResultStatistics], The revealed different behavior: PASS, when executed after: [], Test: com.dangdang.ddframe.job.statistics.rdb.StatisticRdbRepositoryTest.assertFindLatestTaskResultStatistics, Intended behavior: FAILURE, when executed after: [com.dangdang.ddframe.job.statistics.rdb.StatisticRdbRepositoryTest.assertFindLatestTaskResultStatisticsWhenTableIsEmpty], The revealed different behavior: PASS, when executed after: [], Test: com.dangdang.ddframe.job.statistics.rdb.StatisticRdbRepositoryTest.assertFindLatestTaskResultStatisticsWhenTableIsEmpty, Intended behavior: FAILURE, when executed after: [com.dangdang.ddframe.job.statistics.rdb.StatisticRdbRepositoryTest.assertGetSummedTaskResultStatistics], The revealed different behavior: PASS, when executed after: [], Test: com.dangdang.ddframe.job.statistics.rdb.StatisticRdbRepositoryTest.assertGetSummedTaskResultStatistics, Intended behavior: FAILURE, when executed after: [com.dangdang.ddframe.job.statistics.rdb.StatisticRdbRepositoryTest.assertAddJobRunningStatistics], The revealed different behavior: PASS, when executed after: [], Test: com.dangdang.ddframe.job.statistics.rdb.StatisticRdbRepositoryTest.assertAddJobRunningStatistics, Intended behavior: FAILURE, when executed after: [com.dangdang.ddframe.job.statistics.rdb.StatisticRdbRepositoryTest.assertAddTaskResultStatistics], The revealed different behavior: PASS, when executed after: [], Test: com.dangdang.ddframe.job.event.rdb.JobEventRdbSearchTest.assertFindJobExecutionEventsWithPageSizeAndNumber, Intended behavior: FAILURE, when executed after: [com.dangdang.ddframe.job.statistics.rdb.StatisticRdbRepositoryTest.assertFindJobRegisterStatisticsWithDifferentFromDate], The revealed different behavior: PASS, when executed after: [], Test: com.dangdang.ddframe.job.event.rdb.JobEventRdbSearchTest.assertFindJobExecutionEventsWithTime, Intended behavior: FAILURE, when executed after: [com.dangdang.ddframe.job.statistics.rdb.StatisticRdbRepositoryTest.assertFindTaskRunningStatisticsWithDifferentFromDate], The revealed different behavior: PASS, when executed after: [], Test: com.dangdang.ddframe.job.reg.zookeeper.ZookeeperRegistryCenterModifyTest.assertPersistEphemeralSequential, Intended behavior: FAILURE, when executed after: [com.dangdang.ddframe.job.reg.zookeeper.ZookeeperRegistryCenterModifyTest.assertPersistSequential], The revealed different behavior: PASS, when executed after: []]
--------------------------
Total time (of all machines and iterations plus initial TestListGenerator): 67.349
New order time: 10.257
Total number of tests executed in all machines out of total in original order: 222 / 183