Test: RegressionTest0.test152
Intended behavior: FAILURE
when executed after: [RegressionTest0.test117]
The revealed different behavior: PASS
when executed after: []

Test: RegressionTest0.test163
Intended behavior: FAILURE
when executed after: [RegressionTest0.test077]
The revealed different behavior: PASS
when executed after: []

Test: RegressionTest0.test281
Intended behavior: FAILURE
when executed after: [RegressionTest0.test125]
The revealed different behavior: PASS
when executed after: []

Test: RegressionTest0.test279
Intended behavior: FAILURE
when executed after: [RegressionTest0.test152]
The revealed different behavior: PASS
when executed after: []

Test: RegressionTest0.test419
Intended behavior: FAILURE
when executed after: [RegressionTest0.test359]
The revealed different behavior: PASS
when executed after: []

Test: RegressionTest0.test338
Intended behavior: FAILURE
when executed after: [RegressionTest0.test065]
The revealed different behavior: PASS
when executed after: []

Test: RegressionTest0.test345
Intended behavior: FAILURE
when executed after: [RegressionTest0.test279]
The revealed different behavior: PASS
when executed after: []

Test: RegressionTest0.test395
Intended behavior: FAILURE
when executed after: [RegressionTest0.test314]
The revealed different behavior: PASS
when executed after: []

Test: RegressionTest0.test359
Intended behavior: FAILURE
when executed after: [RegressionTest0.test281]
The revealed different behavior: PASS
when executed after: []

Test: RegressionTest0.test469
Intended behavior: FAILURE
when executed after: [RegressionTest0.test458]
The revealed different behavior: PASS
when executed after: []

Test: RegressionTest0.test458
Intended behavior: FAILURE
when executed after: [RegressionTest0.test208]
The revealed different behavior: PASS
when executed after: []

Test: RegressionTest0.test467
Intended behavior: FAILURE
when executed after: [RegressionTest0.test190]
The revealed different behavior: PASS
when executed after: []

Test: RegressionTest0.test451
Intended behavior: FAILURE
when executed after: [RegressionTest0.test338]
The revealed different behavior: PASS
when executed after: []

Test: RegressionTest1.test081
Intended behavior: FAILURE
when executed after: [RegressionTest1.test071]
The revealed different behavior: PASS
when executed after: []

Test: RegressionTest1.test182
Intended behavior: FAILURE
when executed after: [RegressionTest1.test046]
The revealed different behavior: PASS
when executed after: []

Test: RegressionTest1.test094
Intended behavior: FAILURE
when executed after: [RegressionTest0.test395]
The revealed different behavior: PASS
when executed after: []

Test: RegressionTest1.test136
Intended behavior: FAILURE
when executed after: [RegressionTest1.test064]
The revealed different behavior: PASS
when executed after: []

Test: RegressionTest1.test251
Intended behavior: FAILURE
when executed after: [RegressionTest1.test081]
The revealed different behavior: PASS
when executed after: []

Test: RegressionTest1.test014
Intended behavior: FAILURE
when executed after: [RegressionTest0.test345]
The revealed different behavior: PASS
when executed after: []

Test: RegressionTest1.test273
Intended behavior: FAILURE
when executed after: [RegressionTest1.test136]
The revealed different behavior: PASS
when executed after: []

Test: RegressionTest1.test264
Intended behavior: FAILURE
when executed after: [RegressionTest1.test171]
The revealed different behavior: PASS
when executed after: []

Test: RegressionTest1.test262
Intended behavior: FAILURE
when executed after: [RegressionTest1.test251]
The revealed different behavior: PASS
when executed after: []

Test: RegressionTest1.test268
Intended behavior: FAILURE
when executed after: [RegressionTest1.test220]
The revealed different behavior: PASS
when executed after: []

Test: RegressionTest1.test344
Intended behavior: FAILURE
when executed after: [RegressionTest1.test262]
The revealed different behavior: PASS
when executed after: []

Test: RegressionTest1.test071
Intended behavior: FAILURE
when executed after: [RegressionTest0.test498]
The revealed different behavior: PASS
when executed after: []

