Test: RegressionTest2.test019
Intended behavior: FAILURE
when executed after: [RegressionTest2.test068]
The revealed different behavior: PASS
when executed after: []

Test: RegressionTest2.test068
Intended behavior: FAILURE
when executed after: [RegressionTest2.test051]
The revealed different behavior: PASS
when executed after: []

Test: RegressionTest1.test054
Intended behavior: FAILURE
when executed after: [RegressionTest1.test053]
The revealed different behavior: PASS
when executed after: []

Test: RegressionTest1.test038
Intended behavior: FAILURE
when executed after: [RegressionTest1.test037]
The revealed different behavior: PASS
when executed after: []

Test: RegressionTest0.test306
Intended behavior: FAILURE
when executed after: [RegressionTest0.test305]
The revealed different behavior: PASS
when executed after: []

Test: RegressionTest0.test165
Intended behavior: FAILURE
when executed after: [RegressionTest0.test164]
The revealed different behavior: PASS
when executed after: []

Test: RegressionTest0.test034
Intended behavior: FAILURE
when executed after: [RegressionTest0.test008]
The revealed different behavior: PASS
when executed after: []

Test: RegressionTest0.test396
Intended behavior: FAILURE
when executed after: [RegressionTest0.test395]
The revealed different behavior: PASS
when executed after: []

Test: RegressionTest0.test364
Intended behavior: FAILURE
when executed after: [RegressionTest0.test363]
The revealed different behavior: PASS
when executed after: []

Test: RegressionTest1.test182
Intended behavior: FAILURE
when executed after: [RegressionTest1.test181]
The revealed different behavior: PASS
when executed after: []

Test: RegressionTest1.test122
Intended behavior: FAILURE
when executed after: [RegressionTest1.test124]
The revealed different behavior: PASS
when executed after: []

Test: RegressionTest1.test124
Intended behavior: FAILURE
when executed after: [RegressionTest1.test243]
The revealed different behavior: PASS
when executed after: []

Test: RegressionTest1.test243
Intended behavior: FAILURE
when executed after: [RegressionTest1.test242]
The revealed different behavior: PASS
when executed after: []

Test: RegressionTest1.test242
Intended behavior: FAILURE
when executed after: [RegressionTest1.test241]
The revealed different behavior: PASS
when executed after: []

Test: RegressionTest1.test241
Intended behavior: FAILURE
when executed after: [RegressionTest1.test240]
The revealed different behavior: PASS
when executed after: []

Test: RegressionTest1.test240
Intended behavior: FAILURE
when executed after: [RegressionTest1.test239]
The revealed different behavior: PASS
when executed after: []

Test: RegressionTest1.test239
Intended behavior: FAILURE
when executed after: [RegressionTest1.test238]
The revealed different behavior: PASS
when executed after: []

Test: RegressionTest1.test238
Intended behavior: FAILURE
when executed after: [RegressionTest1.test237]
The revealed different behavior: PASS
when executed after: []

Test: RegressionTest1.test237
Intended behavior: FAILURE
when executed after: [RegressionTest1.test236]
The revealed different behavior: PASS
when executed after: []

Test: RegressionTest1.test236
Intended behavior: FAILURE
when executed after: [RegressionTest1.test235]
The revealed different behavior: PASS
when executed after: []

Test: RegressionTest1.test235
Intended behavior: FAILURE
when executed after: [RegressionTest1.test234]
The revealed different behavior: PASS
when executed after: []

Test: RegressionTest1.test234
Intended behavior: FAILURE
when executed after: [RegressionTest1.test233]
The revealed different behavior: PASS
when executed after: []

Test: RegressionTest1.test233
Intended behavior: FAILURE
when executed after: [RegressionTest1.test232]
The revealed different behavior: PASS
when executed after: []

Test: RegressionTest1.test232
Intended behavior: FAILURE
when executed after: [RegressionTest1.test231]
The revealed different behavior: PASS
when executed after: []

Test: RegressionTest1.test231
Intended behavior: FAILURE
when executed after: [RegressionTest1.test230]
The revealed different behavior: PASS
when executed after: []

Test: RegressionTest1.test230
Intended behavior: FAILURE
when executed after: [RegressionTest1.test229]
The revealed different behavior: PASS
when executed after: []

Test: RegressionTest1.test229
Intended behavior: FAILURE
when executed after: [RegressionTest1.test228]
The revealed different behavior: PASS
when executed after: []

Test: RegressionTest1.test228
Intended behavior: FAILURE
when executed after: [RegressionTest1.test227]
The revealed different behavior: PASS
when executed after: []

Test: RegressionTest1.test227
Intended behavior: FAILURE
when executed after: [RegressionTest1.test226]
The revealed different behavior: PASS
when executed after: []

Test: RegressionTest1.test226
Intended behavior: FAILURE
when executed after: [RegressionTest1.test225]
The revealed different behavior: PASS
when executed after: []

Test: RegressionTest1.test225
Intended behavior: FAILURE
when executed after: [RegressionTest1.test224]
The revealed different behavior: PASS
when executed after: []

Test: RegressionTest1.test224
Intended behavior: FAILURE
when executed after: [RegressionTest1.test223]
The revealed different behavior: PASS
when executed after: []

Test: RegressionTest1.test223
Intended behavior: FAILURE
when executed after: [RegressionTest1.test222]
The revealed different behavior: PASS
when executed after: []

Test: RegressionTest1.test222
Intended behavior: FAILURE
when executed after: [RegressionTest1.test221]
The revealed different behavior: PASS
when executed after: []

Test: RegressionTest1.test221
Intended behavior: FAILURE
when executed after: [RegressionTest1.test220]
The revealed different behavior: PASS
when executed after: []

Test: RegressionTest1.test220
Intended behavior: FAILURE
when executed after: [RegressionTest1.test219]
The revealed different behavior: PASS
when executed after: []

Test: RegressionTest1.test219
Intended behavior: FAILURE
when executed after: [RegressionTest1.test218]
The revealed different behavior: PASS
when executed after: []

Test: RegressionTest1.test218
Intended behavior: FAILURE
when executed after: [RegressionTest1.test217]
The revealed different behavior: PASS
when executed after: []

Test: RegressionTest1.test217
Intended behavior: FAILURE
when executed after: [RegressionTest1.test216]
The revealed different behavior: PASS
when executed after: []

Test: RegressionTest1.test216
Intended behavior: FAILURE
when executed after: [RegressionTest1.test215]
The revealed different behavior: PASS
when executed after: []

Test: RegressionTest1.test215
Intended behavior: FAILURE
when executed after: [RegressionTest1.test214]
The revealed different behavior: PASS
when executed after: []

Test: RegressionTest1.test214
Intended behavior: FAILURE
when executed after: [RegressionTest1.test213]
The revealed different behavior: PASS
when executed after: []

Test: RegressionTest1.test213
Intended behavior: FAILURE
when executed after: [RegressionTest1.test212]
The revealed different behavior: PASS
when executed after: []

Test: RegressionTest1.test212
Intended behavior: FAILURE
when executed after: [RegressionTest1.test211]
The revealed different behavior: PASS
when executed after: []

Test: RegressionTest1.test211
Intended behavior: FAILURE
when executed after: [RegressionTest1.test210]
The revealed different behavior: PASS
when executed after: []

Test: RegressionTest1.test210
Intended behavior: FAILURE
when executed after: [RegressionTest1.test209]
The revealed different behavior: PASS
when executed after: []

Test: RegressionTest1.test209
Intended behavior: FAILURE
when executed after: [RegressionTest1.test208]
The revealed different behavior: PASS
when executed after: []

Test: RegressionTest1.test208
Intended behavior: FAILURE
when executed after: [RegressionTest1.test207]
The revealed different behavior: PASS
when executed after: []

Test: RegressionTest1.test207
Intended behavior: FAILURE
when executed after: [RegressionTest1.test206]
The revealed different behavior: PASS
when executed after: []

Test: RegressionTest1.test206
Intended behavior: FAILURE
when executed after: [RegressionTest1.test204]
The revealed different behavior: PASS
when executed after: []

Test: RegressionTest1.test204
Intended behavior: FAILURE
when executed after: [RegressionTest1.test203]
The revealed different behavior: PASS
when executed after: []

Test: RegressionTest1.test203
Intended behavior: FAILURE
when executed after: [RegressionTest1.test202]
The revealed different behavior: PASS
when executed after: []

Test: RegressionTest1.test202
Intended behavior: FAILURE
when executed after: [RegressionTest1.test201]
The revealed different behavior: PASS
when executed after: []

Test: RegressionTest1.test201
Intended behavior: FAILURE
when executed after: [RegressionTest1.test200]
The revealed different behavior: PASS
when executed after: []

Test: RegressionTest1.test200
Intended behavior: FAILURE
when executed after: [RegressionTest1.test199]
The revealed different behavior: PASS
when executed after: []

Test: RegressionTest1.test199
Intended behavior: FAILURE
when executed after: [RegressionTest1.test198]
The revealed different behavior: PASS
when executed after: []

Test: RegressionTest1.test198
Intended behavior: FAILURE
when executed after: [RegressionTest1.test197]
The revealed different behavior: PASS
when executed after: []

Test: RegressionTest1.test197
Intended behavior: FAILURE
when executed after: [RegressionTest1.test196]
The revealed different behavior: PASS
when executed after: []

Test: RegressionTest1.test196
Intended behavior: FAILURE
when executed after: [RegressionTest1.test195]
The revealed different behavior: PASS
when executed after: []

Test: RegressionTest1.test195
Intended behavior: FAILURE
when executed after: [RegressionTest1.test194]
The revealed different behavior: PASS
when executed after: []

Test: RegressionTest1.test194
Intended behavior: FAILURE
when executed after: [RegressionTest1.test193]
The revealed different behavior: PASS
when executed after: []

Test: RegressionTest1.test193
Intended behavior: FAILURE
when executed after: [RegressionTest1.test192]
The revealed different behavior: PASS
when executed after: []

Test: RegressionTest1.test192
Intended behavior: FAILURE
when executed after: [RegressionTest1.test191]
The revealed different behavior: PASS
when executed after: []

Test: RegressionTest1.test191
Intended behavior: FAILURE
when executed after: [RegressionTest1.test189]
The revealed different behavior: PASS
when executed after: []

Test: RegressionTest1.test189
Intended behavior: FAILURE
when executed after: [RegressionTest1.test188]
The revealed different behavior: PASS
when executed after: []

Test: RegressionTest1.test188
Intended behavior: FAILURE
when executed after: [RegressionTest1.test187]
The revealed different behavior: PASS
when executed after: []

Test: RegressionTest1.test187
Intended behavior: FAILURE
when executed after: [RegressionTest1.test186]
The revealed different behavior: PASS
when executed after: []

Test: RegressionTest1.test186
Intended behavior: FAILURE
when executed after: [RegressionTest1.test185]
The revealed different behavior: PASS
when executed after: []

Test: RegressionTest1.test185
Intended behavior: FAILURE
when executed after: [RegressionTest1.test184]
The revealed different behavior: PASS
when executed after: []

Test: RegressionTest1.test184
Intended behavior: FAILURE
when executed after: [RegressionTest1.test183]
The revealed different behavior: PASS
when executed after: []

Test: RegressionTest1.test183
Intended behavior: FAILURE
when executed after: [RegressionTest1.test182]
The revealed different behavior: PASS
when executed after: []

Test: RegressionTest1.test181
Intended behavior: FAILURE
when executed after: [RegressionTest1.test180]
The revealed different behavior: PASS
when executed after: []

Test: RegressionTest1.test180
Intended behavior: FAILURE
when executed after: [RegressionTest1.test179]
The revealed different behavior: PASS
when executed after: []

Test: RegressionTest1.test179
Intended behavior: FAILURE
when executed after: [RegressionTest1.test178]
The revealed different behavior: PASS
when executed after: []

Test: RegressionTest1.test178
Intended behavior: FAILURE
when executed after: [RegressionTest1.test177]
The revealed different behavior: PASS
when executed after: []

Test: RegressionTest1.test177
Intended behavior: FAILURE
when executed after: [RegressionTest1.test176]
The revealed different behavior: PASS
when executed after: []

Test: RegressionTest1.test176
Intended behavior: FAILURE
when executed after: [RegressionTest1.test175]
The revealed different behavior: PASS
when executed after: []

Test: RegressionTest1.test175
Intended behavior: FAILURE
when executed after: [RegressionTest1.test174]
The revealed different behavior: PASS
when executed after: []

Test: RegressionTest1.test174
Intended behavior: FAILURE
when executed after: [RegressionTest1.test173]
The revealed different behavior: PASS
when executed after: []

Test: RegressionTest1.test173
Intended behavior: FAILURE
when executed after: [RegressionTest1.test172]
The revealed different behavior: PASS
when executed after: []

Test: RegressionTest1.test172
Intended behavior: FAILURE
when executed after: [RegressionTest1.test171]
The revealed different behavior: PASS
when executed after: []

Test: RegressionTest1.test171
Intended behavior: FAILURE
when executed after: [RegressionTest1.test170]
The revealed different behavior: PASS
when executed after: []

Test: RegressionTest1.test170
Intended behavior: FAILURE
when executed after: [RegressionTest1.test169]
The revealed different behavior: PASS
when executed after: []

Test: RegressionTest1.test169
Intended behavior: FAILURE
when executed after: [RegressionTest1.test168]
The revealed different behavior: PASS
when executed after: []

Test: RegressionTest1.test168
Intended behavior: FAILURE
when executed after: [RegressionTest1.test167]
The revealed different behavior: PASS
when executed after: []

Test: RegressionTest1.test167
Intended behavior: FAILURE
when executed after: [RegressionTest1.test123]
The revealed different behavior: PASS
when executed after: []

Test: RegressionTest1.test123
Intended behavior: FAILURE
when executed after: [RegressionTest1.test136]
The revealed different behavior: PASS
when executed after: []

Test: RegressionTest1.test136
Intended behavior: FAILURE
when executed after: [RegressionTest1.test135]
The revealed different behavior: PASS
when executed after: []

Test: RegressionTest1.test135
Intended behavior: FAILURE
when executed after: [RegressionTest1.test134]
The revealed different behavior: PASS
when executed after: []

Test: RegressionTest1.test134
Intended behavior: FAILURE
when executed after: [RegressionTest1.test133]
The revealed different behavior: PASS
when executed after: []

Test: RegressionTest1.test133
Intended behavior: FAILURE
when executed after: [RegressionTest1.test132]
The revealed different behavior: PASS
when executed after: []

Test: RegressionTest1.test132
Intended behavior: FAILURE
when executed after: [RegressionTest1.test131]
The revealed different behavior: PASS
when executed after: []

Test: RegressionTest1.test131
Intended behavior: FAILURE
when executed after: [RegressionTest1.test130]
The revealed different behavior: PASS
when executed after: []

Test: RegressionTest1.test130
Intended behavior: FAILURE
when executed after: [RegressionTest1.test129]
The revealed different behavior: PASS
when executed after: []

Test: RegressionTest1.test129
Intended behavior: FAILURE
when executed after: [RegressionTest1.test128]
The revealed different behavior: PASS
when executed after: []

Test: RegressionTest1.test128
Intended behavior: FAILURE
when executed after: [RegressionTest1.test125]
The revealed different behavior: PASS
when executed after: []

Test: RegressionTest1.test125
Intended behavior: FAILURE
when executed after: [RegressionTest1.test127]
The revealed different behavior: PASS
when executed after: []

Test: RegressionTest1.test127
Intended behavior: FAILURE
when executed after: [RegressionTest1.test126]
The revealed different behavior: PASS
when executed after: []

Test: RegressionTest1.test126
Intended behavior: FAILURE
when executed after: [RegressionTest1.test044]
The revealed different behavior: PASS
when executed after: []

Test: RegressionTest1.test044
Intended behavior: FAILURE
when executed after: [RegressionTest1.test042]
The revealed different behavior: PASS
when executed after: []

Test: RegressionTest1.test042
Intended behavior: FAILURE
when executed after: [RegressionTest1.test041]
The revealed different behavior: PASS
when executed after: []

Test: RegressionTest1.test041
Intended behavior: FAILURE
when executed after: [RegressionTest1.test040]
The revealed different behavior: PASS
when executed after: []

Test: RegressionTest1.test040
Intended behavior: FAILURE
when executed after: [RegressionTest1.test039]
The revealed different behavior: PASS
when executed after: []

Test: RegressionTest1.test039
Intended behavior: FAILURE
when executed after: [RegressionTest1.test038]
The revealed different behavior: PASS
when executed after: []

Test: RegressionTest1.test037
Intended behavior: FAILURE
when executed after: [RegressionTest1.test036]
The revealed different behavior: PASS
when executed after: []

Test: RegressionTest1.test036
Intended behavior: FAILURE
when executed after: [RegressionTest1.test035]
The revealed different behavior: PASS
when executed after: []

Test: RegressionTest1.test035
Intended behavior: FAILURE
when executed after: [RegressionTest1.test034]
The revealed different behavior: PASS
when executed after: []

Test: RegressionTest1.test034
Intended behavior: FAILURE
when executed after: [RegressionTest1.test033]
The revealed different behavior: PASS
when executed after: []

Test: RegressionTest1.test033
Intended behavior: FAILURE
when executed after: [RegressionTest1.test032]
The revealed different behavior: PASS
when executed after: []

Test: RegressionTest1.test032
Intended behavior: FAILURE
when executed after: [RegressionTest1.test031]
The revealed different behavior: PASS
when executed after: []

Test: RegressionTest1.test031
Intended behavior: FAILURE
when executed after: [RegressionTest1.test030]
The revealed different behavior: PASS
when executed after: []

Test: RegressionTest1.test030
Intended behavior: FAILURE
when executed after: [RegressionTest1.test029]
The revealed different behavior: PASS
when executed after: []

Test: RegressionTest1.test029
Intended behavior: FAILURE
when executed after: [RegressionTest1.test028]
The revealed different behavior: PASS
when executed after: []

Test: RegressionTest1.test028
Intended behavior: FAILURE
when executed after: [RegressionTest1.test027]
The revealed different behavior: PASS
when executed after: []

Test: RegressionTest1.test027
Intended behavior: FAILURE
when executed after: [RegressionTest1.test026]
The revealed different behavior: PASS
when executed after: []

Test: RegressionTest1.test026
Intended behavior: FAILURE
when executed after: [RegressionTest1.test025]
The revealed different behavior: PASS
when executed after: []

Test: RegressionTest1.test025
Intended behavior: FAILURE
when executed after: [RegressionTest1.test024]
The revealed different behavior: PASS
when executed after: []

Test: RegressionTest1.test024
Intended behavior: FAILURE
when executed after: [RegressionTest1.test023]
The revealed different behavior: PASS
when executed after: []

Test: RegressionTest1.test023
Intended behavior: FAILURE
when executed after: [RegressionTest1.test022]
The revealed different behavior: PASS
when executed after: []

Test: RegressionTest1.test022
Intended behavior: FAILURE
when executed after: [RegressionTest1.test021]
The revealed different behavior: PASS
when executed after: []

Test: RegressionTest1.test021
Intended behavior: FAILURE
when executed after: [RegressionTest1.test020]
The revealed different behavior: PASS
when executed after: []

Test: RegressionTest1.test020
Intended behavior: FAILURE
when executed after: [RegressionTest1.test019]
The revealed different behavior: PASS
when executed after: []

Test: RegressionTest1.test019
Intended behavior: FAILURE
when executed after: [RegressionTest1.test018]
The revealed different behavior: PASS
when executed after: []

Test: RegressionTest1.test018
Intended behavior: FAILURE
when executed after: [RegressionTest1.test017]
The revealed different behavior: PASS
when executed after: []

Test: RegressionTest1.test017
Intended behavior: FAILURE
when executed after: [RegressionTest1.test016]
The revealed different behavior: PASS
when executed after: []

Test: RegressionTest1.test016
Intended behavior: FAILURE
when executed after: [RegressionTest1.test011]
The revealed different behavior: PASS
when executed after: []

Test: RegressionTest1.test011
Intended behavior: FAILURE
when executed after: [RegressionTest1.test010]
The revealed different behavior: PASS
when executed after: []

Test: RegressionTest1.test010
Intended behavior: FAILURE
when executed after: [RegressionTest1.test009]
The revealed different behavior: PASS
when executed after: []

Test: RegressionTest1.test009
Intended behavior: FAILURE
when executed after: [RegressionTest1.test008]
The revealed different behavior: PASS
when executed after: []

Test: RegressionTest1.test008
Intended behavior: FAILURE
when executed after: [RegressionTest1.test015]
The revealed different behavior: PASS
when executed after: []

Test: RegressionTest1.test015
Intended behavior: FAILURE
when executed after: [RegressionTest1.test014]
The revealed different behavior: PASS
when executed after: []

Test: RegressionTest1.test014
Intended behavior: FAILURE
when executed after: [RegressionTest1.test013]
The revealed different behavior: PASS
when executed after: []

Test: RegressionTest1.test013
Intended behavior: FAILURE
when executed after: [RegressionTest1.test012]
The revealed different behavior: PASS
when executed after: []

Test: RegressionTest1.test012
Intended behavior: FAILURE
when executed after: [RegressionTest1.test003]
The revealed different behavior: PASS
when executed after: []

Test: RegressionTest1.test003
Intended behavior: FAILURE
when executed after: [RegressionTest1.test004]
The revealed different behavior: PASS
when executed after: []

Test: RegressionTest1.test004
Intended behavior: FAILURE
when executed after: [RegressionTest1.test121]
The revealed different behavior: PASS
when executed after: []

Test: RegressionTest1.test121
Intended behavior: FAILURE
when executed after: [RegressionTest1.test120]
The revealed different behavior: PASS
when executed after: []

Test: RegressionTest1.test120
Intended behavior: FAILURE
when executed after: [RegressionTest1.test119]
The revealed different behavior: PASS
when executed after: []

Test: RegressionTest1.test119
Intended behavior: FAILURE
when executed after: [RegressionTest1.test118]
The revealed different behavior: PASS
when executed after: []

Test: RegressionTest1.test118
Intended behavior: FAILURE
when executed after: [RegressionTest1.test117]
The revealed different behavior: PASS
when executed after: []

Test: RegressionTest1.test117
Intended behavior: FAILURE
when executed after: [RegressionTest1.test116]
The revealed different behavior: PASS
when executed after: []

Test: RegressionTest1.test116
Intended behavior: FAILURE
when executed after: [RegressionTest1.test115]
The revealed different behavior: PASS
when executed after: []

Test: RegressionTest1.test115
Intended behavior: FAILURE
when executed after: [RegressionTest1.test114]
The revealed different behavior: PASS
when executed after: []

Test: RegressionTest1.test114
Intended behavior: FAILURE
when executed after: [RegressionTest1.test113]
The revealed different behavior: PASS
when executed after: []

Test: RegressionTest1.test113
Intended behavior: FAILURE
when executed after: [RegressionTest1.test112]
The revealed different behavior: PASS
when executed after: []

Test: RegressionTest1.test112
Intended behavior: FAILURE
when executed after: [RegressionTest1.test111]
The revealed different behavior: PASS
when executed after: []

Test: RegressionTest1.test111
Intended behavior: FAILURE
when executed after: [RegressionTest1.test110]
The revealed different behavior: PASS
when executed after: []

Test: RegressionTest1.test110
Intended behavior: FAILURE
when executed after: [RegressionTest1.test109]
The revealed different behavior: PASS
when executed after: []

Test: RegressionTest1.test109
Intended behavior: FAILURE
when executed after: [RegressionTest1.test108]
The revealed different behavior: PASS
when executed after: []

Test: RegressionTest1.test108
Intended behavior: FAILURE
when executed after: [RegressionTest1.test107]
The revealed different behavior: PASS
when executed after: []

Test: RegressionTest1.test107
Intended behavior: FAILURE
when executed after: [RegressionTest1.test106]
The revealed different behavior: PASS
when executed after: []

Test: RegressionTest1.test106
Intended behavior: FAILURE
when executed after: [RegressionTest1.test105]
The revealed different behavior: PASS
when executed after: []

Test: RegressionTest1.test105
Intended behavior: FAILURE
when executed after: [RegressionTest1.test104]
The revealed different behavior: PASS
when executed after: []

Test: RegressionTest1.test104
Intended behavior: FAILURE
when executed after: [RegressionTest1.test103]
The revealed different behavior: PASS
when executed after: []

Test: RegressionTest1.test103
Intended behavior: FAILURE
when executed after: [RegressionTest1.test102]
The revealed different behavior: PASS
when executed after: []

Test: RegressionTest1.test102
Intended behavior: FAILURE
when executed after: [RegressionTest1.test101]
The revealed different behavior: PASS
when executed after: []

Test: RegressionTest1.test101
Intended behavior: FAILURE
when executed after: [RegressionTest1.test100]
The revealed different behavior: PASS
when executed after: []

Test: RegressionTest1.test100
Intended behavior: FAILURE
when executed after: [RegressionTest1.test099]
The revealed different behavior: PASS
when executed after: []

Test: RegressionTest1.test099
Intended behavior: FAILURE
when executed after: [RegressionTest1.test098]
The revealed different behavior: PASS
when executed after: []

Test: RegressionTest1.test098
Intended behavior: FAILURE
when executed after: [RegressionTest1.test097]
The revealed different behavior: PASS
when executed after: []

Test: RegressionTest1.test097
Intended behavior: FAILURE
when executed after: [RegressionTest1.test096]
The revealed different behavior: PASS
when executed after: []

Test: RegressionTest1.test096
Intended behavior: FAILURE
when executed after: [RegressionTest1.test095]
The revealed different behavior: PASS
when executed after: []

Test: RegressionTest1.test095
Intended behavior: FAILURE
when executed after: [RegressionTest1.test094]
The revealed different behavior: PASS
when executed after: []

Test: RegressionTest1.test094
Intended behavior: FAILURE
when executed after: [RegressionTest1.test093]
The revealed different behavior: PASS
when executed after: []

Test: RegressionTest1.test093
Intended behavior: FAILURE
when executed after: [RegressionTest1.test092]
The revealed different behavior: PASS
when executed after: []

Test: RegressionTest1.test092
Intended behavior: FAILURE
when executed after: [RegressionTest1.test091]
The revealed different behavior: PASS
when executed after: []

Test: RegressionTest1.test091
Intended behavior: FAILURE
when executed after: [RegressionTest1.test090]
The revealed different behavior: PASS
when executed after: []

Test: RegressionTest1.test090
Intended behavior: FAILURE
when executed after: [RegressionTest1.test089]
The revealed different behavior: PASS
when executed after: []

Test: RegressionTest1.test089
Intended behavior: FAILURE
when executed after: [RegressionTest1.test088]
The revealed different behavior: PASS
when executed after: []

Test: RegressionTest1.test088
Intended behavior: FAILURE
when executed after: [RegressionTest1.test087]
The revealed different behavior: PASS
when executed after: []

Test: RegressionTest1.test087
Intended behavior: FAILURE
when executed after: [RegressionTest1.test086]
The revealed different behavior: PASS
when executed after: []

Test: RegressionTest1.test086
Intended behavior: FAILURE
when executed after: [RegressionTest1.test085]
The revealed different behavior: PASS
when executed after: []

Test: RegressionTest1.test085
Intended behavior: FAILURE
when executed after: [RegressionTest1.test084]
The revealed different behavior: PASS
when executed after: []

Test: RegressionTest1.test084
Intended behavior: FAILURE
when executed after: [RegressionTest1.test083]
The revealed different behavior: PASS
when executed after: []

Test: RegressionTest1.test083
Intended behavior: FAILURE
when executed after: [RegressionTest1.test082]
The revealed different behavior: PASS
when executed after: []

Test: RegressionTest1.test082
Intended behavior: FAILURE
when executed after: [RegressionTest1.test081]
The revealed different behavior: PASS
when executed after: []

Test: RegressionTest1.test081
Intended behavior: FAILURE
when executed after: [RegressionTest1.test080]
The revealed different behavior: PASS
when executed after: []

Test: RegressionTest1.test080
Intended behavior: FAILURE
when executed after: [RegressionTest1.test079]
The revealed different behavior: PASS
when executed after: []

Test: RegressionTest1.test079
Intended behavior: FAILURE
when executed after: [RegressionTest1.test078]
The revealed different behavior: PASS
when executed after: []

Test: RegressionTest1.test078
Intended behavior: FAILURE
when executed after: [RegressionTest1.test077]
The revealed different behavior: PASS
when executed after: []

Test: RegressionTest1.test077
Intended behavior: FAILURE
when executed after: [RegressionTest1.test076]
The revealed different behavior: PASS
when executed after: []

Test: RegressionTest1.test076
Intended behavior: FAILURE
when executed after: [RegressionTest1.test075]
The revealed different behavior: PASS
when executed after: []

Test: RegressionTest1.test075
Intended behavior: FAILURE
when executed after: [RegressionTest1.test074]
The revealed different behavior: PASS
when executed after: []

Test: RegressionTest1.test074
Intended behavior: FAILURE
when executed after: [RegressionTest1.test073]
The revealed different behavior: PASS
when executed after: []

Test: RegressionTest1.test073
Intended behavior: FAILURE
when executed after: [RegressionTest1.test072]
The revealed different behavior: PASS
when executed after: []

Test: RegressionTest1.test072
Intended behavior: FAILURE
when executed after: [RegressionTest1.test071]
The revealed different behavior: PASS
when executed after: []

Test: RegressionTest1.test071
Intended behavior: FAILURE
when executed after: [RegressionTest1.test070]
The revealed different behavior: PASS
when executed after: []

Test: RegressionTest1.test070
Intended behavior: FAILURE
when executed after: [RegressionTest1.test069]
The revealed different behavior: PASS
when executed after: []

Test: RegressionTest1.test069
Intended behavior: FAILURE
when executed after: [RegressionTest1.test068]
The revealed different behavior: PASS
when executed after: []

Test: RegressionTest1.test068
Intended behavior: FAILURE
when executed after: [RegressionTest1.test067]
The revealed different behavior: PASS
when executed after: []

Test: RegressionTest1.test067
Intended behavior: FAILURE
when executed after: [RegressionTest1.test066]
The revealed different behavior: PASS
when executed after: []

Test: RegressionTest1.test066
Intended behavior: FAILURE
when executed after: [RegressionTest1.test065]
The revealed different behavior: PASS
when executed after: []

Test: RegressionTest1.test065
Intended behavior: FAILURE
when executed after: [RegressionTest1.test064]
The revealed different behavior: PASS
when executed after: []

Test: RegressionTest1.test064
Intended behavior: FAILURE
when executed after: [RegressionTest1.test063]
The revealed different behavior: PASS
when executed after: []

Test: RegressionTest1.test063
Intended behavior: FAILURE
when executed after: [RegressionTest1.test062]
The revealed different behavior: PASS
when executed after: []

Test: RegressionTest1.test062
Intended behavior: FAILURE
when executed after: [RegressionTest1.test061]
The revealed different behavior: PASS
when executed after: []

Test: RegressionTest1.test061
Intended behavior: FAILURE
when executed after: [RegressionTest1.test060]
The revealed different behavior: PASS
when executed after: []

Test: RegressionTest1.test060
Intended behavior: FAILURE
when executed after: [RegressionTest1.test059]
The revealed different behavior: PASS
when executed after: []

Test: RegressionTest1.test059
Intended behavior: FAILURE
when executed after: [RegressionTest1.test058]
The revealed different behavior: PASS
when executed after: []

Test: RegressionTest1.test058
Intended behavior: FAILURE
when executed after: [RegressionTest1.test057]
The revealed different behavior: PASS
when executed after: []

Test: RegressionTest1.test057
Intended behavior: FAILURE
when executed after: [RegressionTest1.test056]
The revealed different behavior: PASS
when executed after: []

Test: RegressionTest1.test056
Intended behavior: FAILURE
when executed after: [RegressionTest1.test055]
The revealed different behavior: PASS
when executed after: []

Test: RegressionTest1.test055
Intended behavior: FAILURE
when executed after: [RegressionTest1.test054]
The revealed different behavior: PASS
when executed after: []

Test: RegressionTest0.test440
Intended behavior: FAILURE
when executed after: [RegressionTest0.test034]
The revealed different behavior: PASS
when executed after: []

Test: RegressionTest1.test053
Intended behavior: FAILURE
when executed after: [RegressionTest1.test052]
The revealed different behavior: PASS
when executed after: []

Test: RegressionTest1.test052
Intended behavior: FAILURE
when executed after: [RegressionTest1.test051]
The revealed different behavior: PASS
when executed after: []

Test: RegressionTest1.test051
Intended behavior: FAILURE
when executed after: [RegressionTest1.test050]
The revealed different behavior: PASS
when executed after: []

Test: RegressionTest1.test050
Intended behavior: FAILURE
when executed after: [RegressionTest1.test049]
The revealed different behavior: PASS
when executed after: []

Test: RegressionTest1.test049
Intended behavior: FAILURE
when executed after: [RegressionTest1.test048]
The revealed different behavior: PASS
when executed after: []

Test: RegressionTest1.test048
Intended behavior: FAILURE
when executed after: [RegressionTest1.test047]
The revealed different behavior: PASS
when executed after: []

Test: RegressionTest1.test047
Intended behavior: FAILURE
when executed after: [RegressionTest1.test046]
The revealed different behavior: PASS
when executed after: []

Test: RegressionTest1.test046
Intended behavior: FAILURE
when executed after: [RegressionTest1.test045]
The revealed different behavior: PASS
when executed after: []

Test: RegressionTest1.test045
Intended behavior: FAILURE
when executed after: [RegressionTest1.test001]
The revealed different behavior: PASS
when executed after: []

Test: RegressionTest1.test001
Intended behavior: FAILURE
when executed after: [RegressionTest1.test007]
The revealed different behavior: PASS
when executed after: []

Test: RegressionTest1.test007
Intended behavior: FAILURE
when executed after: [RegressionTest1.test006]
The revealed different behavior: PASS
when executed after: []

Test: RegressionTest1.test006
Intended behavior: FAILURE
when executed after: [RegressionTest1.test005]
The revealed different behavior: PASS
when executed after: []

Test: RegressionTest1.test005
Intended behavior: FAILURE
when executed after: [RegressionTest1.test002]
The revealed different behavior: PASS
when executed after: []

Test: RegressionTest1.test002
Intended behavior: FAILURE
when executed after: [ErrorTest0.test2]
The revealed different behavior: PASS
when executed after: []

Test: ErrorTest0.test2
Intended behavior: FAILURE
when executed after: [ErrorTest0.test1]
The revealed different behavior: PASS
when executed after: []

Test: ErrorTest0.test1
Intended behavior: FAILURE
when executed after: [ErrorTest0.test9]
The revealed different behavior: PASS
when executed after: []

Test: ErrorTest0.test9
Intended behavior: FAILURE
when executed after: [ErrorTest0.test8]
The revealed different behavior: PASS
when executed after: []

Test: ErrorTest0.test8
Intended behavior: FAILURE
when executed after: [ErrorTest0.test7]
The revealed different behavior: PASS
when executed after: []

Test: ErrorTest0.test7
Intended behavior: FAILURE
when executed after: [ErrorTest0.test6]
The revealed different behavior: PASS
when executed after: []

Test: ErrorTest0.test6
Intended behavior: FAILURE
when executed after: [ErrorTest0.test5]
The revealed different behavior: PASS
when executed after: []

Test: ErrorTest0.test5
Intended behavior: FAILURE
when executed after: [ErrorTest0.test4]
The revealed different behavior: PASS
when executed after: []

Test: ErrorTest0.test4
Intended behavior: FAILURE
when executed after: [ErrorTest0.test3]
The revealed different behavior: PASS
when executed after: []

Test: ErrorTest0.test3
Intended behavior: FAILURE
when executed after: [RegressionTest0.test166]
The revealed different behavior: PASS
when executed after: []

Test: RegressionTest0.test166
Intended behavior: FAILURE
when executed after: [RegressionTest0.test165]
The revealed different behavior: PASS
when executed after: []

Test: RegressionTest0.test164
Intended behavior: FAILURE
when executed after: [RegressionTest0.test163]
The revealed different behavior: PASS
when executed after: []

Test: RegressionTest0.test163
Intended behavior: FAILURE
when executed after: [RegressionTest0.test162]
The revealed different behavior: PASS
when executed after: []

Test: RegressionTest0.test162
Intended behavior: FAILURE
when executed after: [RegressionTest0.test161]
The revealed different behavior: PASS
when executed after: []

Test: RegressionTest0.test161
Intended behavior: FAILURE
when executed after: [RegressionTest0.test160]
The revealed different behavior: PASS
when executed after: []

Test: RegressionTest0.test160
Intended behavior: FAILURE
when executed after: [RegressionTest0.test159]
The revealed different behavior: PASS
when executed after: []

Test: RegressionTest0.test159
Intended behavior: FAILURE
when executed after: [RegressionTest0.test158]
The revealed different behavior: PASS
when executed after: []

Test: RegressionTest0.test158
Intended behavior: FAILURE
when executed after: [RegressionTest0.test157]
The revealed different behavior: PASS
when executed after: []

Test: RegressionTest0.test157
Intended behavior: FAILURE
when executed after: [RegressionTest0.test156]
The revealed different behavior: PASS
when executed after: []

Test: RegressionTest0.test156
Intended behavior: FAILURE
when executed after: [RegressionTest0.test155]
The revealed different behavior: PASS
when executed after: []

Test: RegressionTest0.test155
Intended behavior: FAILURE
when executed after: [RegressionTest0.test154]
The revealed different behavior: PASS
when executed after: []

Test: RegressionTest0.test154
Intended behavior: FAILURE
when executed after: [RegressionTest0.test153]
The revealed different behavior: PASS
when executed after: []

Test: RegressionTest0.test153
Intended behavior: FAILURE
when executed after: [RegressionTest0.test152]
The revealed different behavior: PASS
when executed after: []

Test: RegressionTest0.test152
Intended behavior: FAILURE
when executed after: [RegressionTest0.test151]
The revealed different behavior: PASS
when executed after: []

Test: RegressionTest0.test151
Intended behavior: FAILURE
when executed after: [RegressionTest0.test150]
The revealed different behavior: PASS
when executed after: []

Test: RegressionTest0.test150
Intended behavior: FAILURE
when executed after: [RegressionTest0.test149]
The revealed different behavior: PASS
when executed after: []

Test: RegressionTest0.test149
Intended behavior: FAILURE
when executed after: [RegressionTest0.test148]
The revealed different behavior: PASS
when executed after: []

Test: RegressionTest0.test148
Intended behavior: FAILURE
when executed after: [RegressionTest0.test147]
The revealed different behavior: PASS
when executed after: []

Test: RegressionTest0.test147
Intended behavior: FAILURE
when executed after: [RegressionTest0.test146]
The revealed different behavior: PASS
when executed after: []

Test: RegressionTest0.test146
Intended behavior: FAILURE
when executed after: [RegressionTest0.test145]
The revealed different behavior: PASS
when executed after: []

Test: RegressionTest0.test145
Intended behavior: FAILURE
when executed after: [RegressionTest0.test144]
The revealed different behavior: PASS
when executed after: []

Test: RegressionTest0.test144
Intended behavior: FAILURE
when executed after: [RegressionTest0.test143]
The revealed different behavior: PASS
when executed after: []

Test: RegressionTest0.test143
Intended behavior: FAILURE
when executed after: [RegressionTest0.test142]
The revealed different behavior: PASS
when executed after: []

Test: RegressionTest0.test142
Intended behavior: FAILURE
when executed after: [RegressionTest0.test141]
The revealed different behavior: PASS
when executed after: []

Test: RegressionTest0.test141
Intended behavior: FAILURE
when executed after: [RegressionTest0.test140]
The revealed different behavior: PASS
when executed after: []

Test: RegressionTest0.test140
Intended behavior: FAILURE
when executed after: [RegressionTest0.test139]
The revealed different behavior: PASS
when executed after: []

Test: RegressionTest0.test139
Intended behavior: FAILURE
when executed after: [RegressionTest0.test138]
The revealed different behavior: PASS
when executed after: []

Test: RegressionTest0.test138
Intended behavior: FAILURE
when executed after: [RegressionTest0.test137]
The revealed different behavior: PASS
when executed after: []

Test: RegressionTest0.test137
Intended behavior: FAILURE
when executed after: [RegressionTest0.test408]
The revealed different behavior: PASS
when executed after: []

Test: RegressionTest0.test408
Intended behavior: FAILURE
when executed after: [RegressionTest0.test407]
The revealed different behavior: PASS
when executed after: []

Test: RegressionTest0.test407
Intended behavior: FAILURE
when executed after: [RegressionTest0.test406]
The revealed different behavior: PASS
when executed after: []

Test: RegressionTest0.test406
Intended behavior: FAILURE
when executed after: [RegressionTest0.test405]
The revealed different behavior: PASS
when executed after: []

Test: RegressionTest0.test405
Intended behavior: FAILURE
when executed after: [RegressionTest0.test404]
The revealed different behavior: PASS
when executed after: []

Test: RegressionTest0.test404
Intended behavior: FAILURE
when executed after: [RegressionTest0.test403]
The revealed different behavior: PASS
when executed after: []

Test: RegressionTest0.test403
Intended behavior: FAILURE
when executed after: [RegressionTest0.test402]
The revealed different behavior: PASS
when executed after: []

Test: RegressionTest0.test402
Intended behavior: FAILURE
when executed after: [RegressionTest0.test401]
The revealed different behavior: PASS
when executed after: []

Test: RegressionTest0.test401
Intended behavior: FAILURE
when executed after: [RegressionTest0.test400]
The revealed different behavior: PASS
when executed after: []

Test: RegressionTest0.test400
Intended behavior: FAILURE
when executed after: [RegressionTest0.test399]
The revealed different behavior: PASS
when executed after: []

Test: RegressionTest0.test399
Intended behavior: FAILURE
when executed after: [RegressionTest0.test398]
The revealed different behavior: PASS
when executed after: []

Test: RegressionTest0.test398
Intended behavior: FAILURE
when executed after: [RegressionTest0.test397]
The revealed different behavior: PASS
when executed after: []

Test: RegressionTest0.test397
Intended behavior: FAILURE
when executed after: [RegressionTest0.test396]
The revealed different behavior: PASS
when executed after: []

Test: RegressionTest0.test395
Intended behavior: FAILURE
when executed after: [RegressionTest0.test394]
The revealed different behavior: PASS
when executed after: []

Test: RegressionTest0.test394
Intended behavior: FAILURE
when executed after: [RegressionTest0.test393]
The revealed different behavior: PASS
when executed after: []

Test: RegressionTest0.test393
Intended behavior: FAILURE
when executed after: [RegressionTest0.test392]
The revealed different behavior: PASS
when executed after: []

Test: RegressionTest0.test392
Intended behavior: FAILURE
when executed after: [RegressionTest0.test391]
The revealed different behavior: PASS
when executed after: []

Test: RegressionTest0.test391
Intended behavior: FAILURE
when executed after: [RegressionTest0.test390]
The revealed different behavior: PASS
when executed after: []

Test: RegressionTest0.test390
Intended behavior: FAILURE
when executed after: [RegressionTest0.test389]
The revealed different behavior: PASS
when executed after: []

Test: RegressionTest0.test389
Intended behavior: FAILURE
when executed after: [RegressionTest0.test388]
The revealed different behavior: PASS
when executed after: []

Test: RegressionTest0.test388
Intended behavior: FAILURE
when executed after: [RegressionTest0.test387]
The revealed different behavior: PASS
when executed after: []

Test: RegressionTest0.test387
Intended behavior: FAILURE
when executed after: [RegressionTest0.test386]
The revealed different behavior: PASS
when executed after: []

Test: RegressionTest0.test386
Intended behavior: FAILURE
when executed after: [RegressionTest0.test385]
The revealed different behavior: PASS
when executed after: []

Test: RegressionTest0.test385
Intended behavior: FAILURE
when executed after: [RegressionTest0.test384]
The revealed different behavior: PASS
when executed after: []

Test: RegressionTest0.test384
Intended behavior: FAILURE
when executed after: [RegressionTest0.test383]
The revealed different behavior: PASS
when executed after: []

Test: RegressionTest0.test383
Intended behavior: FAILURE
when executed after: [RegressionTest0.test382]
The revealed different behavior: PASS
when executed after: []

Test: RegressionTest0.test382
Intended behavior: FAILURE
when executed after: [RegressionTest0.test381]
The revealed different behavior: PASS
when executed after: []

Test: RegressionTest0.test381
Intended behavior: FAILURE
when executed after: [RegressionTest0.test380]
The revealed different behavior: PASS
when executed after: []

Test: RegressionTest0.test380
Intended behavior: FAILURE
when executed after: [RegressionTest0.test379]
The revealed different behavior: PASS
when executed after: []

Test: RegressionTest0.test379
Intended behavior: FAILURE
when executed after: [RegressionTest0.test378]
The revealed different behavior: PASS
when executed after: []

Test: RegressionTest0.test378
Intended behavior: FAILURE
when executed after: [RegressionTest0.test377]
The revealed different behavior: PASS
when executed after: []

Test: RegressionTest0.test377
Intended behavior: FAILURE
when executed after: [RegressionTest0.test376]
The revealed different behavior: PASS
when executed after: []

Test: RegressionTest0.test376
Intended behavior: FAILURE
when executed after: [RegressionTest0.test375]
The revealed different behavior: PASS
when executed after: []

Test: RegressionTest0.test375
Intended behavior: FAILURE
when executed after: [RegressionTest0.test374]
The revealed different behavior: PASS
when executed after: []

Test: RegressionTest0.test374
Intended behavior: FAILURE
when executed after: [RegressionTest0.test373]
The revealed different behavior: PASS
when executed after: []

Test: RegressionTest0.test373
Intended behavior: FAILURE
when executed after: [RegressionTest0.test372]
The revealed different behavior: PASS
when executed after: []

Test: RegressionTest0.test372
Intended behavior: FAILURE
when executed after: [RegressionTest0.test371]
The revealed different behavior: PASS
when executed after: []

Test: RegressionTest0.test371
Intended behavior: FAILURE
when executed after: [RegressionTest0.test370]
The revealed different behavior: PASS
when executed after: []

Test: RegressionTest0.test370
Intended behavior: FAILURE
when executed after: [RegressionTest0.test369]
The revealed different behavior: PASS
when executed after: []

Test: RegressionTest0.test369
Intended behavior: FAILURE
when executed after: [RegressionTest0.test368]
The revealed different behavior: PASS
when executed after: []

Test: RegressionTest0.test368
Intended behavior: FAILURE
when executed after: [RegressionTest0.test367]
The revealed different behavior: PASS
when executed after: []

Test: RegressionTest0.test367
Intended behavior: FAILURE
when executed after: [RegressionTest0.test366]
The revealed different behavior: PASS
when executed after: []

Test: RegressionTest0.test366
Intended behavior: FAILURE
when executed after: [RegressionTest0.test365]
The revealed different behavior: PASS
when executed after: []

Test: RegressionTest0.test365
Intended behavior: FAILURE
when executed after: [RegressionTest0.test364]
The revealed different behavior: PASS
when executed after: []

Test: RegressionTest0.test363
Intended behavior: FAILURE
when executed after: [RegressionTest0.test362]
The revealed different behavior: PASS
when executed after: []

Test: RegressionTest0.test362
Intended behavior: FAILURE
when executed after: [RegressionTest0.test361]
The revealed different behavior: PASS
when executed after: []

Test: RegressionTest0.test361
Intended behavior: FAILURE
when executed after: [RegressionTest0.test360]
The revealed different behavior: PASS
when executed after: []

Test: RegressionTest0.test360
Intended behavior: FAILURE
when executed after: [RegressionTest0.test359]
The revealed different behavior: PASS
when executed after: []

Test: RegressionTest0.test359
Intended behavior: FAILURE
when executed after: [RegressionTest0.test358]
The revealed different behavior: PASS
when executed after: []

Test: RegressionTest0.test358
Intended behavior: FAILURE
when executed after: [RegressionTest0.test357]
The revealed different behavior: PASS
when executed after: []

Test: RegressionTest0.test357
Intended behavior: FAILURE
when executed after: [RegressionTest0.test356]
The revealed different behavior: PASS
when executed after: []

Test: RegressionTest0.test356
Intended behavior: FAILURE
when executed after: [RegressionTest0.test355]
The revealed different behavior: PASS
when executed after: []

Test: RegressionTest0.test355
Intended behavior: FAILURE
when executed after: [RegressionTest0.test354]
The revealed different behavior: PASS
when executed after: []

Test: RegressionTest0.test354
Intended behavior: FAILURE
when executed after: [RegressionTest0.test353]
The revealed different behavior: PASS
when executed after: []

Test: RegressionTest0.test353
Intended behavior: FAILURE
when executed after: [RegressionTest0.test352]
The revealed different behavior: PASS
when executed after: []

Test: RegressionTest0.test352
Intended behavior: FAILURE
when executed after: [RegressionTest0.test351]
The revealed different behavior: PASS
when executed after: []

Test: RegressionTest0.test351
Intended behavior: FAILURE
when executed after: [RegressionTest0.test350]
The revealed different behavior: PASS
when executed after: []

Test: RegressionTest0.test350
Intended behavior: FAILURE
when executed after: [RegressionTest0.test349]
The revealed different behavior: PASS
when executed after: []

Test: RegressionTest0.test349
Intended behavior: FAILURE
when executed after: [RegressionTest0.test348]
The revealed different behavior: PASS
when executed after: []

Test: RegressionTest0.test348
Intended behavior: FAILURE
when executed after: [RegressionTest0.test347]
The revealed different behavior: PASS
when executed after: []

Test: RegressionTest0.test347
Intended behavior: FAILURE
when executed after: [RegressionTest0.test346]
The revealed different behavior: PASS
when executed after: []

Test: RegressionTest0.test346
Intended behavior: FAILURE
when executed after: [RegressionTest0.test345]
The revealed different behavior: PASS
when executed after: []

Test: RegressionTest0.test345
Intended behavior: FAILURE
when executed after: [RegressionTest0.test344]
The revealed different behavior: PASS
when executed after: []

Test: RegressionTest0.test344
Intended behavior: FAILURE
when executed after: [RegressionTest0.test343]
The revealed different behavior: PASS
when executed after: []

Test: RegressionTest0.test343
Intended behavior: FAILURE
when executed after: [RegressionTest0.test342]
The revealed different behavior: PASS
when executed after: []

Test: RegressionTest0.test342
Intended behavior: FAILURE
when executed after: [RegressionTest0.test341]
The revealed different behavior: PASS
when executed after: []

Test: RegressionTest0.test341
Intended behavior: FAILURE
when executed after: [RegressionTest0.test340]
The revealed different behavior: PASS
when executed after: []

Test: RegressionTest0.test340
Intended behavior: FAILURE
when executed after: [RegressionTest0.test339]
The revealed different behavior: PASS
when executed after: []

Test: RegressionTest0.test339
Intended behavior: FAILURE
when executed after: [RegressionTest0.test338]
The revealed different behavior: PASS
when executed after: []

Test: RegressionTest0.test338
Intended behavior: FAILURE
when executed after: [RegressionTest0.test337]
The revealed different behavior: PASS
when executed after: []

Test: RegressionTest0.test337
Intended behavior: FAILURE
when executed after: [RegressionTest0.test336]
The revealed different behavior: PASS
when executed after: []

Test: RegressionTest0.test336
Intended behavior: FAILURE
when executed after: [RegressionTest0.test335]
The revealed different behavior: PASS
when executed after: []

Test: RegressionTest0.test335
Intended behavior: FAILURE
when executed after: [RegressionTest0.test334]
The revealed different behavior: PASS
when executed after: []

Test: RegressionTest0.test334
Intended behavior: FAILURE
when executed after: [RegressionTest0.test333]
The revealed different behavior: PASS
when executed after: []

Test: RegressionTest0.test333
Intended behavior: FAILURE
when executed after: [RegressionTest0.test332]
The revealed different behavior: PASS
when executed after: []

Test: RegressionTest0.test332
Intended behavior: FAILURE
when executed after: [RegressionTest0.test331]
The revealed different behavior: PASS
when executed after: []

Test: RegressionTest0.test331
Intended behavior: FAILURE
when executed after: [RegressionTest0.test330]
The revealed different behavior: PASS
when executed after: []

Test: RegressionTest0.test330
Intended behavior: FAILURE
when executed after: [RegressionTest0.test329]
The revealed different behavior: PASS
when executed after: []

Test: RegressionTest0.test329
Intended behavior: FAILURE
when executed after: [RegressionTest0.test328]
The revealed different behavior: PASS
when executed after: []

Test: RegressionTest0.test328
Intended behavior: FAILURE
when executed after: [RegressionTest0.test327]
The revealed different behavior: PASS
when executed after: []

Test: RegressionTest0.test327
Intended behavior: FAILURE
when executed after: [RegressionTest0.test326]
The revealed different behavior: PASS
when executed after: []

Test: RegressionTest0.test326
Intended behavior: FAILURE
when executed after: [RegressionTest0.test325]
The revealed different behavior: PASS
when executed after: []

Test: RegressionTest0.test325
Intended behavior: FAILURE
when executed after: [RegressionTest0.test324]
The revealed different behavior: PASS
when executed after: []

Test: RegressionTest0.test324
Intended behavior: FAILURE
when executed after: [RegressionTest0.test323]
The revealed different behavior: PASS
when executed after: []

Test: RegressionTest0.test323
Intended behavior: FAILURE
when executed after: [RegressionTest0.test322]
The revealed different behavior: PASS
when executed after: []

Test: RegressionTest0.test322
Intended behavior: FAILURE
when executed after: [RegressionTest0.test321]
The revealed different behavior: PASS
when executed after: []

Test: RegressionTest0.test321
Intended behavior: FAILURE
when executed after: [RegressionTest0.test320]
The revealed different behavior: PASS
when executed after: []

Test: RegressionTest0.test320
Intended behavior: FAILURE
when executed after: [RegressionTest0.test319]
The revealed different behavior: PASS
when executed after: []

Test: RegressionTest0.test319
Intended behavior: FAILURE
when executed after: [RegressionTest0.test318]
The revealed different behavior: PASS
when executed after: []

Test: RegressionTest0.test318
Intended behavior: FAILURE
when executed after: [RegressionTest0.test317]
The revealed different behavior: PASS
when executed after: []

Test: RegressionTest0.test317
Intended behavior: FAILURE
when executed after: [RegressionTest0.test316]
The revealed different behavior: PASS
when executed after: []

Test: RegressionTest0.test316
Intended behavior: FAILURE
when executed after: [RegressionTest0.test315]
The revealed different behavior: PASS
when executed after: []

Test: RegressionTest0.test315
Intended behavior: FAILURE
when executed after: [RegressionTest0.test314]
The revealed different behavior: PASS
when executed after: []

Test: RegressionTest0.test314
Intended behavior: FAILURE
when executed after: [RegressionTest0.test313]
The revealed different behavior: PASS
when executed after: []

Test: RegressionTest0.test313
Intended behavior: FAILURE
when executed after: [RegressionTest0.test312]
The revealed different behavior: PASS
when executed after: []

Test: RegressionTest0.test312
Intended behavior: FAILURE
when executed after: [RegressionTest0.test311]
The revealed different behavior: PASS
when executed after: []

Test: RegressionTest0.test311
Intended behavior: FAILURE
when executed after: [RegressionTest0.test310]
The revealed different behavior: PASS
when executed after: []

Test: RegressionTest0.test310
Intended behavior: FAILURE
when executed after: [RegressionTest0.test309]
The revealed different behavior: PASS
when executed after: []

Test: RegressionTest0.test309
Intended behavior: FAILURE
when executed after: [RegressionTest0.test308]
The revealed different behavior: PASS
when executed after: []

Test: RegressionTest0.test308
Intended behavior: FAILURE
when executed after: [RegressionTest0.test307]
The revealed different behavior: PASS
when executed after: []

Test: RegressionTest0.test307
Intended behavior: FAILURE
when executed after: [RegressionTest0.test306]
The revealed different behavior: PASS
when executed after: []

Test: RegressionTest0.test305
Intended behavior: FAILURE
when executed after: [RegressionTest0.test304]
The revealed different behavior: PASS
when executed after: []

Test: RegressionTest0.test304
Intended behavior: FAILURE
when executed after: [RegressionTest0.test303]
The revealed different behavior: PASS
when executed after: []

Test: RegressionTest0.test303
Intended behavior: FAILURE
when executed after: [RegressionTest0.test302]
The revealed different behavior: PASS
when executed after: []

Test: RegressionTest0.test302
Intended behavior: FAILURE
when executed after: [RegressionTest0.test301]
The revealed different behavior: PASS
when executed after: []

Test: RegressionTest0.test301
Intended behavior: FAILURE
when executed after: [RegressionTest0.test300]
The revealed different behavior: PASS
when executed after: []

Test: RegressionTest0.test300
Intended behavior: FAILURE
when executed after: [RegressionTest0.test299]
The revealed different behavior: PASS
when executed after: []

Test: RegressionTest0.test299
Intended behavior: FAILURE
when executed after: [RegressionTest0.test298]
The revealed different behavior: PASS
when executed after: []

Test: RegressionTest0.test298
Intended behavior: FAILURE
when executed after: [RegressionTest0.test297]
The revealed different behavior: PASS
when executed after: []

Test: RegressionTest0.test297
Intended behavior: FAILURE
when executed after: [RegressionTest0.test296]
The revealed different behavior: PASS
when executed after: []

Test: RegressionTest0.test296
Intended behavior: FAILURE
when executed after: [RegressionTest0.test295]
The revealed different behavior: PASS
when executed after: []

Test: RegressionTest0.test295
Intended behavior: FAILURE
when executed after: [RegressionTest0.test294]
The revealed different behavior: PASS
when executed after: []

Test: RegressionTest0.test294
Intended behavior: FAILURE
when executed after: [RegressionTest0.test293]
The revealed different behavior: PASS
when executed after: []

Test: RegressionTest0.test293
Intended behavior: FAILURE
when executed after: [RegressionTest0.test292]
The revealed different behavior: PASS
when executed after: []

Test: RegressionTest0.test292
Intended behavior: FAILURE
when executed after: [RegressionTest0.test291]
The revealed different behavior: PASS
when executed after: []

Test: RegressionTest0.test291
Intended behavior: FAILURE
when executed after: [RegressionTest0.test290]
The revealed different behavior: PASS
when executed after: []

Test: RegressionTest0.test290
Intended behavior: FAILURE
when executed after: [RegressionTest0.test289]
The revealed different behavior: PASS
when executed after: []

Test: RegressionTest0.test289
Intended behavior: FAILURE
when executed after: [RegressionTest0.test288]
The revealed different behavior: PASS
when executed after: []

Test: RegressionTest0.test288
Intended behavior: FAILURE
when executed after: [RegressionTest0.test287]
The revealed different behavior: PASS
when executed after: []

Test: RegressionTest0.test287
Intended behavior: FAILURE
when executed after: [RegressionTest0.test286]
The revealed different behavior: PASS
when executed after: []

Test: RegressionTest0.test286
Intended behavior: FAILURE
when executed after: [RegressionTest0.test285]
The revealed different behavior: PASS
when executed after: []

Test: RegressionTest0.test285
Intended behavior: FAILURE
when executed after: [RegressionTest0.test284]
The revealed different behavior: PASS
when executed after: []

Test: RegressionTest0.test284
Intended behavior: FAILURE
when executed after: [RegressionTest0.test283]
The revealed different behavior: PASS
when executed after: []

Test: RegressionTest0.test283
Intended behavior: FAILURE
when executed after: [RegressionTest0.test282]
The revealed different behavior: PASS
when executed after: []

Test: RegressionTest0.test282
Intended behavior: FAILURE
when executed after: [RegressionTest0.test281]
The revealed different behavior: PASS
when executed after: []

Test: RegressionTest0.test281
Intended behavior: FAILURE
when executed after: [RegressionTest0.test280]
The revealed different behavior: PASS
when executed after: []

Test: RegressionTest0.test280
Intended behavior: FAILURE
when executed after: [RegressionTest0.test279]
The revealed different behavior: PASS
when executed after: []

Test: RegressionTest0.test279
Intended behavior: FAILURE
when executed after: [RegressionTest0.test278]
The revealed different behavior: PASS
when executed after: []

Test: RegressionTest0.test278
Intended behavior: FAILURE
when executed after: [RegressionTest0.test277]
The revealed different behavior: PASS
when executed after: []

Test: RegressionTest0.test277
Intended behavior: FAILURE
when executed after: [RegressionTest0.test276]
The revealed different behavior: PASS
when executed after: []

Test: RegressionTest0.test276
Intended behavior: FAILURE
when executed after: [RegressionTest0.test275]
The revealed different behavior: PASS
when executed after: []

Test: RegressionTest0.test275
Intended behavior: FAILURE
when executed after: [RegressionTest0.test274]
The revealed different behavior: PASS
when executed after: []

Test: RegressionTest0.test274
Intended behavior: FAILURE
when executed after: [RegressionTest0.test273]
The revealed different behavior: PASS
when executed after: []

Test: RegressionTest0.test273
Intended behavior: FAILURE
when executed after: [RegressionTest0.test271]
The revealed different behavior: PASS
when executed after: []

Test: RegressionTest0.test271
Intended behavior: FAILURE
when executed after: [RegressionTest0.test270]
The revealed different behavior: PASS
when executed after: []

Test: RegressionTest0.test270
Intended behavior: FAILURE
when executed after: [RegressionTest0.test269]
The revealed different behavior: PASS
when executed after: []

Test: RegressionTest0.test269
Intended behavior: FAILURE
when executed after: [RegressionTest0.test268]
The revealed different behavior: PASS
when executed after: []

Test: RegressionTest0.test268
Intended behavior: FAILURE
when executed after: [RegressionTest0.test267]
The revealed different behavior: PASS
when executed after: []

Test: RegressionTest0.test267
Intended behavior: FAILURE
when executed after: [RegressionTest0.test266]
The revealed different behavior: PASS
when executed after: []

Test: RegressionTest0.test266
Intended behavior: FAILURE
when executed after: [RegressionTest0.test265]
The revealed different behavior: PASS
when executed after: []

Test: RegressionTest0.test265
Intended behavior: FAILURE
when executed after: [RegressionTest0.test264]
The revealed different behavior: PASS
when executed after: []

Test: RegressionTest0.test264
Intended behavior: FAILURE
when executed after: [RegressionTest0.test263]
The revealed different behavior: PASS
when executed after: []

Test: RegressionTest0.test263
Intended behavior: FAILURE
when executed after: [RegressionTest0.test262]
The revealed different behavior: PASS
when executed after: []

Test: RegressionTest0.test262
Intended behavior: FAILURE
when executed after: [RegressionTest0.test261]
The revealed different behavior: PASS
when executed after: []

Test: RegressionTest0.test261
Intended behavior: FAILURE
when executed after: [RegressionTest0.test260]
The revealed different behavior: PASS
when executed after: []

Test: RegressionTest0.test260
Intended behavior: FAILURE
when executed after: [RegressionTest0.test259]
The revealed different behavior: PASS
when executed after: []

Test: RegressionTest0.test259
Intended behavior: FAILURE
when executed after: [RegressionTest0.test258]
The revealed different behavior: PASS
when executed after: []

Test: RegressionTest0.test258
Intended behavior: FAILURE
when executed after: [RegressionTest0.test257]
The revealed different behavior: PASS
when executed after: []

Test: RegressionTest0.test257
Intended behavior: FAILURE
when executed after: [RegressionTest0.test256]
The revealed different behavior: PASS
when executed after: []

Test: RegressionTest0.test256
Intended behavior: FAILURE
when executed after: [RegressionTest0.test255]
The revealed different behavior: PASS
when executed after: []

Test: RegressionTest0.test255
Intended behavior: FAILURE
when executed after: [RegressionTest0.test254]
The revealed different behavior: PASS
when executed after: []

Test: RegressionTest0.test254
Intended behavior: FAILURE
when executed after: [RegressionTest0.test253]
The revealed different behavior: PASS
when executed after: []

Test: RegressionTest0.test253
Intended behavior: FAILURE
when executed after: [RegressionTest0.test252]
The revealed different behavior: PASS
when executed after: []

Test: RegressionTest0.test252
Intended behavior: FAILURE
when executed after: [RegressionTest0.test251]
The revealed different behavior: PASS
when executed after: []

Test: RegressionTest0.test251
Intended behavior: FAILURE
when executed after: [RegressionTest0.test250]
The revealed different behavior: PASS
when executed after: []

Test: RegressionTest0.test250
Intended behavior: FAILURE
when executed after: [RegressionTest0.test249]
The revealed different behavior: PASS
when executed after: []

Test: RegressionTest0.test249
Intended behavior: FAILURE
when executed after: [RegressionTest0.test248]
The revealed different behavior: PASS
when executed after: []

Test: RegressionTest0.test248
Intended behavior: FAILURE
when executed after: [RegressionTest0.test247]
The revealed different behavior: PASS
when executed after: []

Test: RegressionTest0.test247
Intended behavior: FAILURE
when executed after: [RegressionTest0.test246]
The revealed different behavior: PASS
when executed after: []

Test: RegressionTest0.test246
Intended behavior: FAILURE
when executed after: [RegressionTest0.test245]
The revealed different behavior: PASS
when executed after: []

Test: RegressionTest0.test245
Intended behavior: FAILURE
when executed after: [RegressionTest0.test244]
The revealed different behavior: PASS
when executed after: []

Test: RegressionTest0.test244
Intended behavior: FAILURE
when executed after: [RegressionTest0.test500]
The revealed different behavior: PASS
when executed after: []

Test: RegressionTest0.test500
Intended behavior: FAILURE
when executed after: [RegressionTest0.test499]
The revealed different behavior: PASS
when executed after: []

Test: RegressionTest0.test499
Intended behavior: FAILURE
when executed after: [RegressionTest0.test498]
The revealed different behavior: PASS
when executed after: []

Test: RegressionTest0.test498
Intended behavior: FAILURE
when executed after: [RegressionTest0.test497]
The revealed different behavior: PASS
when executed after: []

Test: RegressionTest0.test497
Intended behavior: FAILURE
when executed after: [RegressionTest0.test496]
The revealed different behavior: PASS
when executed after: []

Test: RegressionTest0.test496
Intended behavior: FAILURE
when executed after: [RegressionTest0.test495]
The revealed different behavior: PASS
when executed after: []

Test: RegressionTest0.test495
Intended behavior: FAILURE
when executed after: [RegressionTest0.test440]
The revealed different behavior: PASS
when executed after: []

Test: RegressionTest0.test008
Intended behavior: FAILURE
when executed after: [RegressionTest0.test015]
The revealed different behavior: PASS
when executed after: []

Test: RegressionTest0.test015
Intended behavior: FAILURE
when executed after: [RegressionTest0.test014]
The revealed different behavior: PASS
when executed after: []

Test: RegressionTest0.test014
Intended behavior: FAILURE
when executed after: [RegressionTest0.test013]
The revealed different behavior: PASS
when executed after: []

Test: RegressionTest0.test013
Intended behavior: FAILURE
when executed after: [RegressionTest0.test012]
The revealed different behavior: PASS
when executed after: []

Test: RegressionTest0.test012
Intended behavior: FAILURE
when executed after: [RegressionTest0.test003]
The revealed different behavior: PASS
when executed after: []

Test: RegressionTest0.test003
Intended behavior: FAILURE
when executed after: [RegressionTest0.test004]
The revealed different behavior: PASS
when executed after: []

Test: RegressionTest0.test004
Intended behavior: FAILURE
when executed after: [RegressionTest0.test121]
The revealed different behavior: PASS
when executed after: []

Test: RegressionTest0.test121
Intended behavior: FAILURE
when executed after: [RegressionTest0.test120]
The revealed different behavior: PASS
when executed after: []

Test: RegressionTest0.test120
Intended behavior: FAILURE
when executed after: [RegressionTest0.test119]
The revealed different behavior: PASS
when executed after: []

Test: RegressionTest0.test119
Intended behavior: FAILURE
when executed after: [RegressionTest0.test118]
The revealed different behavior: PASS
when executed after: []

Test: RegressionTest0.test118
Intended behavior: FAILURE
when executed after: [RegressionTest0.test117]
The revealed different behavior: PASS
when executed after: []

Test: RegressionTest0.test117
Intended behavior: FAILURE
when executed after: [RegressionTest0.test116]
The revealed different behavior: PASS
when executed after: []

Test: RegressionTest0.test116
Intended behavior: FAILURE
when executed after: [RegressionTest0.test115]
The revealed different behavior: PASS
when executed after: []

Test: RegressionTest0.test115
Intended behavior: FAILURE
when executed after: [RegressionTest0.test114]
The revealed different behavior: PASS
when executed after: []

Test: RegressionTest0.test114
Intended behavior: FAILURE
when executed after: [RegressionTest0.test113]
The revealed different behavior: PASS
when executed after: []

Test: RegressionTest0.test113
Intended behavior: FAILURE
when executed after: [RegressionTest0.test112]
The revealed different behavior: PASS
when executed after: []

Test: RegressionTest0.test112
Intended behavior: FAILURE
when executed after: [RegressionTest0.test111]
The revealed different behavior: PASS
when executed after: []

Test: RegressionTest0.test111
Intended behavior: FAILURE
when executed after: [RegressionTest0.test110]
The revealed different behavior: PASS
when executed after: []

Test: RegressionTest0.test110
Intended behavior: FAILURE
when executed after: [RegressionTest0.test109]
The revealed different behavior: PASS
when executed after: []

Test: RegressionTest0.test109
Intended behavior: FAILURE
when executed after: [RegressionTest0.test108]
The revealed different behavior: PASS
when executed after: []

Test: RegressionTest0.test108
Intended behavior: FAILURE
when executed after: [RegressionTest0.test107]
The revealed different behavior: PASS
when executed after: []

Test: RegressionTest0.test107
Intended behavior: FAILURE
when executed after: [RegressionTest0.test106]
The revealed different behavior: PASS
when executed after: []

Test: RegressionTest0.test106
Intended behavior: FAILURE
when executed after: [RegressionTest0.test105]
The revealed different behavior: PASS
when executed after: []

Test: RegressionTest0.test105
Intended behavior: FAILURE
when executed after: [RegressionTest0.test104]
The revealed different behavior: PASS
when executed after: []

Test: RegressionTest0.test104
Intended behavior: FAILURE
when executed after: [RegressionTest0.test103]
The revealed different behavior: PASS
when executed after: []

Test: RegressionTest0.test103
Intended behavior: FAILURE
when executed after: [RegressionTest0.test102]
The revealed different behavior: PASS
when executed after: []

Test: RegressionTest0.test102
Intended behavior: FAILURE
when executed after: [RegressionTest0.test101]
The revealed different behavior: PASS
when executed after: []

Test: RegressionTest0.test101
Intended behavior: FAILURE
when executed after: [RegressionTest0.test100]
The revealed different behavior: PASS
when executed after: []

Test: RegressionTest0.test100
Intended behavior: FAILURE
when executed after: [RegressionTest0.test099]
The revealed different behavior: PASS
when executed after: []

Test: RegressionTest0.test099
Intended behavior: FAILURE
when executed after: [RegressionTest0.test098]
The revealed different behavior: PASS
when executed after: []

Test: RegressionTest0.test098
Intended behavior: FAILURE
when executed after: [RegressionTest0.test097]
The revealed different behavior: PASS
when executed after: []

Test: RegressionTest0.test097
Intended behavior: FAILURE
when executed after: [RegressionTest0.test096]
The revealed different behavior: PASS
when executed after: []

Test: RegressionTest0.test096
Intended behavior: FAILURE
when executed after: [RegressionTest0.test095]
The revealed different behavior: PASS
when executed after: []

Test: RegressionTest0.test095
Intended behavior: FAILURE
when executed after: [RegressionTest0.test094]
The revealed different behavior: PASS
when executed after: []

Test: RegressionTest0.test094
Intended behavior: FAILURE
when executed after: [RegressionTest0.test093]
The revealed different behavior: PASS
when executed after: []

Test: RegressionTest0.test093
Intended behavior: FAILURE
when executed after: [RegressionTest0.test092]
The revealed different behavior: PASS
when executed after: []

Test: RegressionTest0.test092
Intended behavior: FAILURE
when executed after: [RegressionTest0.test091]
The revealed different behavior: PASS
when executed after: []

Test: RegressionTest0.test091
Intended behavior: FAILURE
when executed after: [RegressionTest0.test090]
The revealed different behavior: PASS
when executed after: []

Test: RegressionTest0.test090
Intended behavior: FAILURE
when executed after: [RegressionTest0.test089]
The revealed different behavior: PASS
when executed after: []

Test: RegressionTest0.test089
Intended behavior: FAILURE
when executed after: [RegressionTest0.test088]
The revealed different behavior: PASS
when executed after: []

Test: RegressionTest0.test088
Intended behavior: FAILURE
when executed after: [RegressionTest0.test087]
The revealed different behavior: PASS
when executed after: []

Test: RegressionTest0.test087
Intended behavior: FAILURE
when executed after: [RegressionTest0.test086]
The revealed different behavior: PASS
when executed after: []

Test: RegressionTest0.test086
Intended behavior: FAILURE
when executed after: [RegressionTest0.test085]
The revealed different behavior: PASS
when executed after: []

Test: RegressionTest0.test085
Intended behavior: FAILURE
when executed after: [RegressionTest0.test084]
The revealed different behavior: PASS
when executed after: []

Test: RegressionTest0.test084
Intended behavior: FAILURE
when executed after: [RegressionTest0.test083]
The revealed different behavior: PASS
when executed after: []

Test: RegressionTest0.test083
Intended behavior: FAILURE
when executed after: [RegressionTest0.test082]
The revealed different behavior: PASS
when executed after: []

Test: RegressionTest0.test082
Intended behavior: FAILURE
when executed after: [RegressionTest0.test081]
The revealed different behavior: PASS
when executed after: []

Test: RegressionTest0.test081
Intended behavior: FAILURE
when executed after: [RegressionTest0.test080]
The revealed different behavior: PASS
when executed after: []

Test: RegressionTest0.test080
Intended behavior: FAILURE
when executed after: [RegressionTest0.test079]
The revealed different behavior: PASS
when executed after: []

Test: RegressionTest0.test079
Intended behavior: FAILURE
when executed after: [RegressionTest0.test078]
The revealed different behavior: PASS
when executed after: []

Test: RegressionTest0.test078
Intended behavior: FAILURE
when executed after: [RegressionTest0.test077]
The revealed different behavior: PASS
when executed after: []

Test: RegressionTest0.test077
Intended behavior: FAILURE
when executed after: [RegressionTest0.test076]
The revealed different behavior: PASS
when executed after: []

Test: RegressionTest0.test076
Intended behavior: FAILURE
when executed after: [RegressionTest0.test075]
The revealed different behavior: PASS
when executed after: []

Test: RegressionTest0.test075
Intended behavior: FAILURE
when executed after: [RegressionTest0.test074]
The revealed different behavior: PASS
when executed after: []

Test: RegressionTest0.test074
Intended behavior: FAILURE
when executed after: [RegressionTest0.test073]
The revealed different behavior: PASS
when executed after: []

Test: RegressionTest0.test073
Intended behavior: FAILURE
when executed after: [RegressionTest0.test072]
The revealed different behavior: PASS
when executed after: []

Test: RegressionTest0.test072
Intended behavior: FAILURE
when executed after: [RegressionTest0.test071]
The revealed different behavior: PASS
when executed after: []

Test: RegressionTest0.test071
Intended behavior: FAILURE
when executed after: [RegressionTest0.test070]
The revealed different behavior: PASS
when executed after: []

Test: RegressionTest0.test070
Intended behavior: FAILURE
when executed after: [RegressionTest0.test069]
The revealed different behavior: PASS
when executed after: []

Test: RegressionTest0.test069
Intended behavior: FAILURE
when executed after: [RegressionTest0.test068]
The revealed different behavior: PASS
when executed after: []

Test: RegressionTest0.test068
Intended behavior: FAILURE
when executed after: [RegressionTest0.test067]
The revealed different behavior: PASS
when executed after: []

Test: RegressionTest0.test067
Intended behavior: FAILURE
when executed after: [RegressionTest0.test066]
The revealed different behavior: PASS
when executed after: []

Test: RegressionTest0.test066
Intended behavior: FAILURE
when executed after: [RegressionTest0.test065]
The revealed different behavior: PASS
when executed after: []

Test: RegressionTest0.test065
Intended behavior: FAILURE
when executed after: [RegressionTest0.test064]
The revealed different behavior: PASS
when executed after: []

Test: RegressionTest0.test064
Intended behavior: FAILURE
when executed after: [RegressionTest0.test063]
The revealed different behavior: PASS
when executed after: []

Test: RegressionTest0.test063
Intended behavior: FAILURE
when executed after: [RegressionTest0.test062]
The revealed different behavior: PASS
when executed after: []

Test: RegressionTest0.test062
Intended behavior: FAILURE
when executed after: [RegressionTest0.test061]
The revealed different behavior: PASS
when executed after: []

Test: RegressionTest0.test061
Intended behavior: FAILURE
when executed after: [RegressionTest0.test060]
The revealed different behavior: PASS
when executed after: []

Test: RegressionTest0.test060
Intended behavior: FAILURE
when executed after: [RegressionTest0.test059]
The revealed different behavior: PASS
when executed after: []

Test: RegressionTest0.test059
Intended behavior: FAILURE
when executed after: [RegressionTest0.test058]
The revealed different behavior: PASS
when executed after: []

Test: RegressionTest0.test058
Intended behavior: FAILURE
when executed after: [RegressionTest0.test057]
The revealed different behavior: PASS
when executed after: []

Test: RegressionTest0.test057
Intended behavior: FAILURE
when executed after: [RegressionTest0.test056]
The revealed different behavior: PASS
when executed after: []

Test: RegressionTest0.test056
Intended behavior: FAILURE
when executed after: [RegressionTest0.test055]
The revealed different behavior: PASS
when executed after: []

Test: RegressionTest0.test055
Intended behavior: FAILURE
when executed after: [RegressionTest0.test054]
The revealed different behavior: PASS
when executed after: []

Test: RegressionTest0.test054
Intended behavior: FAILURE
when executed after: [RegressionTest0.test053]
The revealed different behavior: PASS
when executed after: []

Test: RegressionTest0.test053
Intended behavior: FAILURE
when executed after: [RegressionTest0.test052]
The revealed different behavior: PASS
when executed after: []

Test: RegressionTest0.test052
Intended behavior: FAILURE
when executed after: [RegressionTest0.test051]
The revealed different behavior: PASS
when executed after: []

Test: RegressionTest0.test051
Intended behavior: FAILURE
when executed after: [RegressionTest0.test050]
The revealed different behavior: PASS
when executed after: []

Test: RegressionTest0.test050
Intended behavior: FAILURE
when executed after: [RegressionTest0.test049]
The revealed different behavior: PASS
when executed after: []

Test: RegressionTest0.test049
Intended behavior: FAILURE
when executed after: [RegressionTest0.test048]
The revealed different behavior: PASS
when executed after: []

Test: RegressionTest0.test048
Intended behavior: FAILURE
when executed after: [RegressionTest0.test047]
The revealed different behavior: PASS
when executed after: []

Test: RegressionTest0.test047
Intended behavior: FAILURE
when executed after: [RegressionTest0.test046]
The revealed different behavior: PASS
when executed after: []

Test: RegressionTest0.test046
Intended behavior: FAILURE
when executed after: [RegressionTest0.test045]
The revealed different behavior: PASS
when executed after: []

Test: RegressionTest0.test045
Intended behavior: FAILURE
when executed after: [RegressionTest0.test001]
The revealed different behavior: PASS
when executed after: []

Test: RegressionTest0.test001
Intended behavior: FAILURE
when executed after: [RegressionTest0.test007]
The revealed different behavior: PASS
when executed after: []

Test: RegressionTest0.test007
Intended behavior: FAILURE
when executed after: [RegressionTest0.test006]
The revealed different behavior: PASS
when executed after: []

Test: RegressionTest0.test006
Intended behavior: FAILURE
when executed after: [RegressionTest0.test005]
The revealed different behavior: PASS
when executed after: []

Test: RegressionTest0.test005
Intended behavior: FAILURE
when executed after: [RegressionTest0.test002]
The revealed different behavior: PASS
when executed after: []

Test: RegressionTest0.test002
Intended behavior: FAILURE
when executed after: [RegressionTest2.test044]
The revealed different behavior: PASS
when executed after: []

Test: RegressionTest2.test044
Intended behavior: FAILURE
when executed after: [RegressionTest2.test042]
The revealed different behavior: PASS
when executed after: []

Test: RegressionTest2.test042
Intended behavior: FAILURE
when executed after: [RegressionTest2.test041]
The revealed different behavior: PASS
when executed after: []

Test: RegressionTest2.test041
Intended behavior: FAILURE
when executed after: [RegressionTest2.test040]
The revealed different behavior: PASS
when executed after: []

Test: RegressionTest2.test040
Intended behavior: FAILURE
when executed after: [RegressionTest2.test039]
The revealed different behavior: PASS
when executed after: []

Test: RegressionTest2.test039
Intended behavior: FAILURE
when executed after: [RegressionTest2.test038]
The revealed different behavior: PASS
when executed after: []

Test: RegressionTest2.test038
Intended behavior: FAILURE
when executed after: [RegressionTest2.test037]
The revealed different behavior: PASS
when executed after: []

Test: RegressionTest2.test037
Intended behavior: FAILURE
when executed after: [RegressionTest2.test036]
The revealed different behavior: PASS
when executed after: []

Test: RegressionTest2.test036
Intended behavior: FAILURE
when executed after: [RegressionTest2.test035]
The revealed different behavior: PASS
when executed after: []

Test: RegressionTest2.test035
Intended behavior: FAILURE
when executed after: [RegressionTest2.test034]
The revealed different behavior: PASS
when executed after: []

Test: RegressionTest2.test034
Intended behavior: FAILURE
when executed after: [RegressionTest2.test032]
The revealed different behavior: PASS
when executed after: []

Test: RegressionTest2.test032
Intended behavior: FAILURE
when executed after: [RegressionTest2.test031]
The revealed different behavior: PASS
when executed after: []

