Test: RegressionTest1.test005
Intended behavior: FAILURE
when executed after: [RegressionTest0.test403]
The revealed different behavior: PASS
when executed after: []

Test: RegressionTest1.test123
Intended behavior: FAILURE
when executed after: [RegressionTest1.test094]
The revealed different behavior: PASS
when executed after: []

Test: RegressionTest1.test094
Intended behavior: FAILURE
when executed after: [RegressionTest0.test442]
The revealed different behavior: PASS
when executed after: []

Test: RegressionTest1.test088
Intended behavior: FAILURE
when executed after: [RegressionTest0.test167]
The revealed different behavior: PASS
when executed after: []

Test: RegressionTest1.test098
Intended behavior: FAILURE
when executed after: [RegressionTest1.test013]
The revealed different behavior: PASS
when executed after: []

Test: RegressionTest1.test184
Intended behavior: FAILURE
when executed after: [RegressionTest1.test098]
The revealed different behavior: PASS
when executed after: []

Test: RegressionTest1.test165
Intended behavior: FAILURE
when executed after: [RegressionTest1.test123]
The revealed different behavior: PASS
when executed after: []

Test: RegressionTest1.test345
Intended behavior: FAILURE
when executed after: [RegressionTest1.test184]
The revealed different behavior: PASS
when executed after: []

Test: RegressionTest1.test013
Intended behavior: FAILURE
when executed after: [RegressionTest1.test002]
The revealed different behavior: PASS
when executed after: []

Test: RegressionTest1.test002
Intended behavior: FAILURE
when executed after: [RegressionTest1.test005]
The revealed different behavior: PASS
when executed after: []

Test: RegressionTest1.test319
Intended behavior: FAILURE
when executed after: [RegressionTest1.test165]
The revealed different behavior: PASS
when executed after: []

Test: RegressionTest1.test421
Intended behavior: FAILURE
when executed after: [RegressionTest1.test345]
The revealed different behavior: PASS
when executed after: []

Test: RegressionTest1.test465
Intended behavior: FAILURE
when executed after: [RegressionTest1.test319]
The revealed different behavior: PASS
when executed after: []

Test: RegressionTest2.test101
Intended behavior: FAILURE
when executed after: [RegressionTest1.test421]
The revealed different behavior: PASS
when executed after: []

