Test: RegressionTest0.test085
Intended behavior: FAILURE
when executed after: [RegressionTest2.test49]
The revealed different behavior: PASS
when executed after: []

Test: RegressionTest1.test057
Intended behavior: FAILURE
when executed after: [RegressionTest1.test053]
The revealed different behavior: PASS
when executed after: []

Test: RegressionTest1.test048
Intended behavior: FAILURE
when executed after: [RegressionTest0.test381]
The revealed different behavior: PASS
when executed after: []

Test: RegressionTest1.test365
Intended behavior: FAILURE
when executed after: [RegressionTest1.test057]
The revealed different behavior: PASS
when executed after: []

Test: RegressionTest1.test053
Intended behavior: FAILURE
when executed after: [RegressionTest1.test048]
The revealed different behavior: PASS
when executed after: []

