Test: randoop.jfreechart.RandoopTest1.test300
Intended behavior: FAILURE
when executed after: [randoop.jfreechart.RandoopTest1.test228]
The revealed different behavior: PASS
when executed after: []

Test: randoop.jfreechart.RandoopTest4.test270
Intended behavior: FAILURE
when executed after: [randoop.jfreechart.RandoopTest1.test300]
The revealed different behavior: PASS
when executed after: []

Test: randoop.jfreechart.RandoopTest1.test228
Intended behavior: FAILURE
when executed after: [randoop.jfreechart.RandoopTest1.test65]
The revealed different behavior: PASS
when executed after: []

