The following arguments were used to generate this output.
[-technique, parallelization, -order, original, -origOrder, /scratch/reedoei2/dt-tools/run-new-subjects/dubbo-0467e151b455/experiments/dubbo-new-7322f3ead103c4acbe2123404add364745a0a054/dubbo-config/dubbo-config-spring/target/dubbo-dubbo-config-spring-auto-order, -testInputDir, /scratch/reedoei2/dt-tools/run-new-subjects/dubbo-0467e151b455/experiments/dubbo-old-0467e151b45588f907557f2656782898b7443544/dubbo-config/dubbo-config-spring/target/sootTestOutput-auto, -filesToDelete, /scratch/reedoei2/dt-tools/run-new-subjects/dubbo-0467e151b455/experiments/dubbo-new-7322f3ead103c4acbe2123404add364745a0a054/dubbo-config/dubbo-config-spring/target/dubbo-dubbo-config-spring-env-files, -project, dubbo-dubbo-config-spring, -testType, auto, -numOfMachines, 16, -outputDir, /scratch/reedoei2/dt-tools/run-new-subjects/dubbo-0467e151b455/experiments/parallelization-results, -timesToRun, 5, -classpath, /scratch/reedoei2/dt-tools/run-new-subjects/dubbo-0467e151b455/experiments/dubbo-new-7322f3ead103c4acbe2123404add364745a0a054/dubbo-config/dubbo-config-spring/target/dependency/*:/scratch/reedoei2/dt-tools/run-new-subjects/dubbo-0467e151b455/experiments/dubbo-new-7322f3ead103c4acbe2123404add364745a0a054/dubbo-config/dubbo-config-spring/target/classes:/scratch/reedoei2/dt-tools/run-new-subjects/dubbo-0467e151b455/experiments/dubbo-new-7322f3ead103c4acbe2123404add364745a0a054/dubbo-config/dubbo-config-spring/target/randoop/bin:/scratch/reedoei2/dt-tools/run-new-subjects/dubbo-0467e151b455/experiments/dubbo-new-7322f3ead103c4acbe2123404add364745a0a054/dubbo-config/dubbo-config-spring/target/test-classes:, -dependentTestFile, /scratch/reedoei2/dt-tools/run-new-subjects/dubbo-0467e151b455/experiments/scripts/data/parallelization-dt-list/parallelization-dubbo-dubbo-config-spring-auto-16-original.txt]

Execution time of TLG and its time to find/nullify any DTs for 1 machine (does not include the time to run the tests in the new order): 5.456
Number of tests selected out of total in original order: 161 / 2562
Number of DTs not fixed: 0
Number of DTs fixed: 0
Execution time for executing the following testing order: 4.364

Test order list:
[RegressionTest0.test006, RegressionTest0.test007, RegressionTest0.test005, RegressionTest0.test004, RegressionTest0.test003, RegressionTest0.test027, RegressionTest0.test028, RegressionTest0.test029, RegressionTest0.test030, RegressionTest0.test031, RegressionTest0.test032, RegressionTest0.test033, RegressionTest0.test034, RegressionTest0.test035, RegressionTest0.test036, RegressionTest0.test037, RegressionTest0.test038, RegressionTest0.test039, RegressionTest0.test040, RegressionTest0.test041, RegressionTest0.test042, RegressionTest0.test043, RegressionTest0.test044, RegressionTest0.test045, RegressionTest0.test046, RegressionTest0.test047, RegressionTest0.test048, RegressionTest0.test049, RegressionTest0.test050, RegressionTest0.test051, RegressionTest0.test052, RegressionTest0.test053, RegressionTest0.test054, RegressionTest0.test055, RegressionTest0.test056, RegressionTest0.test057, RegressionTest0.test058, RegressionTest0.test059, RegressionTest0.test060, RegressionTest0.test061, RegressionTest0.test062, RegressionTest0.test063, RegressionTest0.test064, RegressionTest0.test065, RegressionTest0.test066, RegressionTest0.test067, RegressionTest0.test068, RegressionTest0.test069, RegressionTest0.test070, RegressionTest0.test071, RegressionTest0.test072, RegressionTest0.test073, RegressionTest0.test074, RegressionTest0.test075, RegressionTest0.test076, RegressionTest0.test077, RegressionTest0.test078, RegressionTest0.test079, RegressionTest0.test080, RegressionTest0.test081, RegressionTest0.test082, RegressionTest0.test083, RegressionTest0.test084, RegressionTest0.test085, RegressionTest0.test086, RegressionTest0.test087, RegressionTest0.test088, RegressionTest0.test089, RegressionTest0.test090, RegressionTest0.test091, RegressionTest0.test092, RegressionTest0.test093, RegressionTest0.test094, RegressionTest0.test095, RegressionTest0.test096, RegressionTest0.test097, RegressionTest0.test098, RegressionTest0.test099, RegressionTest0.test100, RegressionTest0.test101, RegressionTest0.test102, RegressionTest0.test103, RegressionTest0.test104, RegressionTest0.test105, RegressionTest0.test106, RegressionTest0.test107, RegressionTest0.test108, RegressionTest0.test109, RegressionTest0.test110, RegressionTest0.test111, RegressionTest0.test112, RegressionTest0.test113, RegressionTest0.test114, RegressionTest0.test115, RegressionTest0.test116, RegressionTest0.test117, RegressionTest0.test118, RegressionTest0.test119, RegressionTest0.test120, RegressionTest0.test121, RegressionTest0.test122, RegressionTest0.test123, RegressionTest0.test124, RegressionTest0.test125, RegressionTest0.test126, RegressionTest0.test127, RegressionTest0.test128, RegressionTest0.test129, RegressionTest0.test130, RegressionTest0.test131, RegressionTest0.test132, RegressionTest0.test133, RegressionTest0.test134, RegressionTest0.test135, RegressionTest0.test136, RegressionTest0.test137, RegressionTest0.test138, RegressionTest0.test139, RegressionTest0.test140, RegressionTest0.test141, RegressionTest0.test142, RegressionTest0.test143, RegressionTest0.test144, RegressionTest0.test145, RegressionTest0.test146, RegressionTest0.test147, RegressionTest0.test148, RegressionTest0.test149, RegressionTest0.test150, RegressionTest0.test151, RegressionTest0.test152, RegressionTest0.test153, RegressionTest0.test154, RegressionTest0.test155, RegressionTest0.test156, RegressionTest0.test157, RegressionTest0.test158, RegressionTest0.test159, RegressionTest0.test160, RegressionTest0.test161, RegressionTest0.test162, RegressionTest0.test163, RegressionTest0.test164, RegressionTest0.test165, RegressionTest0.test166, RegressionTest0.test167, RegressionTest0.test168, RegressionTest0.test169, RegressionTest0.test170, RegressionTest0.test171, RegressionTest0.test172, RegressionTest0.test173, RegressionTest0.test174, RegressionTest0.test175, RegressionTest0.test176, RegressionTest0.test177, RegressionTest0.test178, RegressionTest0.test179, RegressionTest0.test180, RegressionTest0.test181, RegressionTest0.test182]

Time each test takes to run in the new order:
[32322215, 30705287, 94945, 18961713, 30554467, 31412144, 31159685, 30572498, 23212346, 30294117, 30443057, 51027, 30817321, 31270718, 30544147, 18523292, 21434194, 30656023, 19331381, 6017544, 30564804, 16826406, 5852055, 37528381, 94449899, 18233824, 36356478, 5112018, 4391263, 31108878, 33523827, 35286987, 19753897, 4991667, 18476757, 41219524, 20730061, 19317304, 33085465, 892802, 30366455, 32382002, 53328696, 19646159, 30954763, 30685411, 31637170, 30263280, 19020247, 20314605, 4411967, 30894097, 150663, 5857490, 138806, 89891, 55434463, 47656, 6110944, 141279, 30432462, 33523049, 30354015, 18413932, 11027018, 96517, 29877159, 30838587, 3631355, 30929813, 30879486, 13407813, 30861274, 32723144, 30637099, 34150503, 20000524, 1690191, 30292809, 19348297, 19138056, 30337690, 30259711, 1917001, 32317210, 34023933, 195189, 30849379, 30482264, 2511173, 38139913, 67526, 91014, 18838231, 35990370, 48079142, 31140644, 32306812, 18902106, 110380370, 19130065, 29827941, 30634786, 18248876, 5446680, 19072078, 19561951, 34979653, 30014338, 31028775, 20024241, 30074774, 33831809, 20589636, 30816714, 164940, 19381239, 915383, 9729900, 116699, 20440226, 8092184, 31436374, 31230981, 2822805, 2696283, 33013058, 40402097, 481342, 29807498, 19694736, 31408682, 19247776, 37558827, 30888999, 30999866, 18800047, 30660555, 586782383, 4750517, 19820375, 19693228, 218779, 30437153, 4934705, 29485783, 52196177, 30578406, 30358207, 19419755, 13148982, 18950695, 19171709, 344985, 19940130, 44271999, 19363265, 30189238, 99625466, 30686451, 19551818]

Dependent test list:
[Test: RegressionTest3.test051, Intended behavior: FAILURE, when executed after: [RegressionTest2.test443], The revealed different behavior: PASS, when executed after: [], Test: RegressionTest2.test443, Intended behavior: FAILURE, when executed after: [RegressionTest0.test006], The revealed different behavior: PASS, when executed after: [], Test: RegressionTest5.test13, Intended behavior: FAILURE, when executed after: [RegressionTest4.test403], The revealed different behavior: PASS, when executed after: [], Test: RegressionTest4.test403, Intended behavior: FAILURE, when executed after: [RegressionTest3.test051], The revealed different behavior: PASS, when executed after: []]
--------------------------
Execution time of TLG and its time to find/nullify any DTs for 1 machine (does not include the time to run the tests in the new order): 5.756
Number of tests selected out of total in original order: 161 / 2562
Number of DTs not fixed: 0
Number of DTs fixed: 0
Execution time for executing the following testing order: 3.575

Test order list:
[RegressionTest0.test183, RegressionTest0.test184, RegressionTest0.test185, RegressionTest0.test186, RegressionTest0.test187, RegressionTest0.test188, RegressionTest0.test189, RegressionTest0.test190, RegressionTest0.test191, RegressionTest0.test192, RegressionTest0.test001, RegressionTest0.test002, RegressionTest0.test008, RegressionTest0.test009, RegressionTest0.test010, RegressionTest0.test011, RegressionTest0.test012, RegressionTest0.test013, RegressionTest0.test014, RegressionTest0.test015, RegressionTest0.test016, RegressionTest0.test017, RegressionTest0.test018, RegressionTest0.test019, RegressionTest0.test020, RegressionTest0.test021, RegressionTest0.test022, RegressionTest0.test023, RegressionTest0.test024, RegressionTest0.test025, RegressionTest0.test026, RegressionTest0.test193, RegressionTest0.test194, RegressionTest0.test195, RegressionTest0.test196, RegressionTest0.test197, RegressionTest0.test198, RegressionTest0.test199, RegressionTest0.test200, RegressionTest0.test201, RegressionTest0.test202, RegressionTest0.test203, RegressionTest0.test204, RegressionTest0.test205, RegressionTest0.test206, RegressionTest0.test207, RegressionTest0.test208, RegressionTest0.test209, RegressionTest0.test210, RegressionTest0.test211, RegressionTest0.test212, RegressionTest0.test213, RegressionTest0.test214, RegressionTest0.test215, RegressionTest0.test216, RegressionTest0.test217, RegressionTest0.test218, RegressionTest0.test219, RegressionTest0.test220, RegressionTest0.test221, RegressionTest0.test222, RegressionTest0.test223, RegressionTest0.test224, RegressionTest0.test225, RegressionTest0.test226, RegressionTest0.test227, RegressionTest0.test228, RegressionTest0.test229, RegressionTest0.test230, RegressionTest0.test231, RegressionTest0.test232, RegressionTest0.test233, RegressionTest0.test234, RegressionTest0.test235, RegressionTest0.test236, RegressionTest0.test237, RegressionTest0.test238, RegressionTest0.test239, RegressionTest0.test240, RegressionTest0.test241, RegressionTest0.test242, RegressionTest0.test243, RegressionTest0.test244, RegressionTest0.test245, RegressionTest0.test246, RegressionTest0.test247, RegressionTest0.test248, RegressionTest0.test249, RegressionTest0.test250, RegressionTest0.test251, RegressionTest0.test252, RegressionTest0.test253, RegressionTest0.test254, RegressionTest0.test255, RegressionTest0.test256, RegressionTest0.test257, RegressionTest0.test258, RegressionTest0.test259, RegressionTest0.test260, RegressionTest0.test261, RegressionTest0.test262, RegressionTest0.test263, RegressionTest0.test264, RegressionTest0.test265, RegressionTest0.test266, RegressionTest0.test267, RegressionTest0.test268, RegressionTest0.test269, RegressionTest0.test270, RegressionTest0.test271, RegressionTest0.test272, RegressionTest0.test273, RegressionTest0.test274, RegressionTest0.test275, RegressionTest0.test276, RegressionTest0.test277, RegressionTest0.test278, RegressionTest0.test279, RegressionTest0.test280, RegressionTest0.test281, RegressionTest0.test282, RegressionTest0.test283, RegressionTest0.test284, RegressionTest0.test285, RegressionTest0.test286, RegressionTest0.test287, RegressionTest0.test288, RegressionTest0.test289, RegressionTest0.test290, RegressionTest0.test291, RegressionTest0.test292, RegressionTest0.test293, RegressionTest0.test294, RegressionTest0.test295, RegressionTest0.test296, RegressionTest0.test297, RegressionTest0.test298, RegressionTest0.test299, RegressionTest0.test300, RegressionTest0.test301, RegressionTest0.test302, RegressionTest0.test303, RegressionTest0.test304, RegressionTest0.test305, RegressionTest0.test306, RegressionTest0.test307, RegressionTest0.test308, RegressionTest0.test309, RegressionTest0.test310, RegressionTest0.test311, RegressionTest0.test312, RegressionTest0.test313, RegressionTest0.test314, RegressionTest0.test315, RegressionTest0.test316, RegressionTest0.test317, RegressionTest0.test318, RegressionTest0.test319, RegressionTest0.test320, RegressionTest0.test321, RegressionTest0.test322]

Time each test takes to run in the new order:
[10685409, 29894063, 32024859, 43331757, 140059914, 34062169, 6040874, 7792179, 7824441, 29651935, 52475919, 6472282, 19105394, 31179064, 30337303, 71606, 4388766, 193073, 5532788, 474032, 8295036, 29829850, 4548190, 5300521, 12433146, 53759893, 4136467, 30761492, 1707311, 9644933, 19802016, 29684202, 29194359, 4466488, 54884, 5919106, 5550698, 11522741, 4515081, 30357492, 6010687, 30601550, 19232861, 57178, 30178992, 19505999, 5671436, 29629865, 19348581, 49110402, 9944018, 53762644, 6305500, 28175655, 32599691, 29764439, 4473459, 212146, 6740510, 30712124, 19451669, 19381309, 148959, 26126553, 6347121, 100608, 11300319, 7077035, 6240222, 48919291, 31745774, 5287924, 4638057, 26257134, 19062513, 30190933, 178304196, 6321341, 4170620, 18591838, 34799157, 8059018, 9151298, 19581621, 4403196, 29842905, 32947266, 5337463, 5034526, 9354776, 12888365, 7098808, 30377277, 4446510, 4200089, 5013335, 30601357, 20313736, 62379970, 30047290, 164183, 28027800, 227651, 31567256, 8617406, 11834536, 54575633, 4633632, 2721910, 4200456, 6550885, 10017507, 2575815, 29689280, 134914, 72153, 4330162, 45217775, 5831841, 20821990, 6455033, 11225248, 31201040, 4173620, 8273750, 8117751, 9362431, 4402193, 6726731, 15477696, 30281927, 30366501, 8137155, 1955294, 13915725, 96866, 4450789, 6012174, 29723768, 19048860, 3620718, 6478338, 8983912, 19488700, 152294237, 6692044, 4441979, 18795975, 7978713, 516776047, 30576329, 30078019, 6380645, 31438680, 123655, 53576753, 31674240, 29325514, 5905257, 41531680, 7319783]

Dependent test list:
[Test: RegressionTest3.test051, Intended behavior: FAILURE, when executed after: [RegressionTest2.test443], The revealed different behavior: PASS, when executed after: [], Test: RegressionTest2.test443, Intended behavior: FAILURE, when executed after: [RegressionTest0.test006], The revealed different behavior: PASS, when executed after: [], Test: RegressionTest5.test13, Intended behavior: FAILURE, when executed after: [RegressionTest4.test403], The revealed different behavior: PASS, when executed after: [], Test: RegressionTest4.test403, Intended behavior: FAILURE, when executed after: [RegressionTest3.test051], The revealed different behavior: PASS, when executed after: []]
--------------------------
Execution time of TLG and its time to find/nullify any DTs for 1 machine (does not include the time to run the tests in the new order): 6.608
Number of tests selected out of total in original order: 160 / 2562
Number of DTs not fixed: 0
Number of DTs fixed: 0
Execution time for executing the following testing order: 3.220

Test order list:
[RegressionTest0.test323, RegressionTest0.test324, RegressionTest0.test325, RegressionTest0.test326, RegressionTest0.test327, RegressionTest0.test328, RegressionTest0.test329, RegressionTest0.test330, RegressionTest0.test331, RegressionTest0.test332, RegressionTest0.test333, RegressionTest0.test334, RegressionTest0.test335, RegressionTest0.test336, RegressionTest0.test337, RegressionTest0.test338, RegressionTest0.test339, RegressionTest0.test340, RegressionTest0.test341, RegressionTest0.test342, RegressionTest0.test343, RegressionTest0.test344, RegressionTest0.test345, RegressionTest0.test346, RegressionTest0.test347, RegressionTest0.test348, RegressionTest0.test349, RegressionTest0.test350, RegressionTest0.test351, RegressionTest0.test352, RegressionTest0.test353, RegressionTest0.test354, RegressionTest0.test355, RegressionTest0.test356, RegressionTest0.test357, RegressionTest0.test358, RegressionTest0.test359, RegressionTest0.test360, RegressionTest0.test361, RegressionTest0.test362, RegressionTest0.test363, RegressionTest0.test364, RegressionTest0.test365, RegressionTest0.test366, RegressionTest0.test367, RegressionTest0.test368, RegressionTest0.test369, RegressionTest0.test370, RegressionTest0.test371, RegressionTest0.test372, RegressionTest0.test373, RegressionTest0.test374, RegressionTest0.test375, RegressionTest0.test376, RegressionTest0.test377, RegressionTest0.test378, RegressionTest0.test379, RegressionTest0.test380, RegressionTest0.test381, RegressionTest0.test382, RegressionTest0.test383, RegressionTest0.test384, RegressionTest0.test385, RegressionTest0.test386, RegressionTest0.test387, RegressionTest0.test388, RegressionTest0.test389, RegressionTest0.test390, RegressionTest0.test391, RegressionTest0.test392, RegressionTest0.test393, RegressionTest0.test394, RegressionTest0.test395, RegressionTest0.test396, RegressionTest0.test397, RegressionTest0.test398, RegressionTest0.test399, RegressionTest0.test400, RegressionTest0.test401, RegressionTest0.test402, RegressionTest0.test403, RegressionTest0.test404, RegressionTest0.test405, RegressionTest0.test406, RegressionTest0.test407, RegressionTest0.test408, RegressionTest0.test409, RegressionTest0.test410, RegressionTest0.test411, RegressionTest0.test412, RegressionTest0.test413, RegressionTest0.test414, RegressionTest0.test415, RegressionTest0.test416, RegressionTest0.test417, RegressionTest0.test418, RegressionTest0.test419, RegressionTest0.test420, RegressionTest0.test421, RegressionTest0.test422, RegressionTest0.test423, RegressionTest0.test424, RegressionTest0.test425, RegressionTest0.test426, RegressionTest0.test427, RegressionTest0.test428, RegressionTest0.test429, RegressionTest0.test430, RegressionTest0.test431, RegressionTest0.test432, RegressionTest0.test433, RegressionTest0.test434, RegressionTest0.test435, RegressionTest0.test436, RegressionTest0.test437, RegressionTest0.test438, RegressionTest0.test439, RegressionTest0.test440, RegressionTest0.test441, RegressionTest0.test442, RegressionTest0.test443, RegressionTest0.test444, RegressionTest0.test445, RegressionTest0.test446, RegressionTest0.test447, RegressionTest0.test448, RegressionTest0.test449, RegressionTest0.test450, RegressionTest0.test451, RegressionTest0.test452, RegressionTest0.test453, RegressionTest0.test454, RegressionTest0.test455, RegressionTest0.test456, RegressionTest0.test457, RegressionTest0.test458, RegressionTest0.test459, RegressionTest0.test460, RegressionTest0.test461, RegressionTest0.test462, RegressionTest0.test463, RegressionTest0.test464, RegressionTest0.test465, RegressionTest0.test466, RegressionTest0.test467, RegressionTest0.test468, RegressionTest0.test469, RegressionTest0.test470, RegressionTest0.test471, RegressionTest0.test472, RegressionTest0.test473, RegressionTest0.test474, RegressionTest0.test475, RegressionTest0.test476, RegressionTest0.test477, RegressionTest0.test478, RegressionTest0.test479, RegressionTest0.test480, RegressionTest0.test481, RegressionTest0.test482]

Time each test takes to run in the new order:
[5498093, 6197015, 4555801, 32626222, 49029487, 490280099, 32388416, 5929678, 6488717, 5451292, 1972360, 10828083, 4420305, 5542525, 6280504, 6156817, 5228792, 6281861, 5995555, 4942209, 4283152, 5152205, 6252518, 4808942, 5633847, 5300260, 4466383, 4363123, 148443, 28784822, 12549452, 5052974, 5403855, 49114639, 7635938, 48935938, 5055564, 4888982, 49677132, 49550124, 4630382, 78525, 5528181, 4959787, 5445850, 5088468, 71609, 22636730, 5253911, 32342798, 6282419, 100020885, 28384232, 6336048, 5636310, 6589471, 55483308, 5102090, 6496913, 6520129, 31715074, 48752062, 5448437, 119048, 6369038, 45631026, 5530064, 5266989, 5549310, 33981425, 131887, 5630039, 39664283, 4850046, 132679705, 10604438, 4936905, 6224594, 49976503, 32353432, 4773023, 5094168, 10396891, 145882213, 51712759, 6421100, 12285283, 225098, 4872706, 5528856, 18835219, 4865477, 6341215, 6104209, 34469082, 5032806, 2199512, 12132233, 4488932, 6324239, 6304099, 90407, 5939605, 59882362, 67669987, 26542966, 57936644, 4971299, 6255895, 48817919, 6140775, 5314206, 30657660, 31101857, 5312958, 30707555, 24664609, 28581676, 4657267, 6396397, 6410223, 21615495, 6565252, 4854154, 6404817, 16750682, 4459464, 58047424, 45503, 49481727, 5599234, 5636718, 36399460, 32419250, 35344532, 58283146, 6365402, 5371001, 6581182, 30616298, 4813685, 5568527, 135620, 6775255, 19960852, 20377097, 30348624, 6120753, 59041335, 5893169, 4870523, 5695300, 9116710, 5549456, 6653475, 5044555, 4912853, 5558822, 5218058, 13947013]

Dependent test list:
[Test: RegressionTest3.test051, Intended behavior: FAILURE, when executed after: [RegressionTest2.test443], The revealed different behavior: PASS, when executed after: [], Test: RegressionTest2.test443, Intended behavior: FAILURE, when executed after: [RegressionTest0.test006], The revealed different behavior: PASS, when executed after: [], Test: RegressionTest5.test13, Intended behavior: FAILURE, when executed after: [RegressionTest4.test403], The revealed different behavior: PASS, when executed after: [], Test: RegressionTest4.test403, Intended behavior: FAILURE, when executed after: [RegressionTest3.test051], The revealed different behavior: PASS, when executed after: []]
--------------------------
Execution time of TLG and its time to find/nullify any DTs for 1 machine (does not include the time to run the tests in the new order): 3.864
Number of tests selected out of total in original order: 160 / 2562
Number of DTs not fixed: 0
Number of DTs fixed: 0
Execution time for executing the following testing order: 2.964

Test order list:
[RegressionTest0.test483, RegressionTest0.test484, RegressionTest0.test485, RegressionTest0.test486, RegressionTest0.test487, RegressionTest0.test488, RegressionTest0.test489, RegressionTest0.test490, RegressionTest0.test491, RegressionTest0.test492, RegressionTest0.test493, RegressionTest0.test494, RegressionTest0.test495, RegressionTest0.test496, RegressionTest0.test497, RegressionTest0.test498, RegressionTest0.test499, RegressionTest0.test500, RegressionTest1.test006, RegressionTest1.test007, RegressionTest1.test005, RegressionTest1.test004, RegressionTest1.test003, RegressionTest1.test027, RegressionTest1.test028, RegressionTest1.test029, RegressionTest1.test030, RegressionTest1.test031, RegressionTest1.test032, RegressionTest1.test033, RegressionTest1.test034, RegressionTest1.test035, RegressionTest1.test036, RegressionTest1.test037, RegressionTest1.test038, RegressionTest1.test039, RegressionTest1.test040, RegressionTest1.test041, RegressionTest1.test042, RegressionTest1.test043, RegressionTest1.test044, RegressionTest1.test045, RegressionTest1.test046, RegressionTest1.test047, RegressionTest1.test048, RegressionTest1.test049, RegressionTest1.test050, RegressionTest1.test051, RegressionTest1.test052, RegressionTest1.test053, RegressionTest1.test054, RegressionTest1.test055, RegressionTest1.test056, RegressionTest1.test057, RegressionTest1.test058, RegressionTest1.test059, RegressionTest1.test060, RegressionTest1.test061, RegressionTest1.test062, RegressionTest1.test063, RegressionTest1.test064, RegressionTest1.test065, RegressionTest1.test066, RegressionTest1.test067, RegressionTest1.test068, RegressionTest1.test069, RegressionTest1.test070, RegressionTest1.test071, RegressionTest1.test072, RegressionTest1.test073, RegressionTest1.test074, RegressionTest1.test075, RegressionTest1.test076, RegressionTest1.test077, RegressionTest1.test078, RegressionTest1.test079, RegressionTest1.test080, RegressionTest1.test081, RegressionTest1.test082, RegressionTest1.test083, RegressionTest1.test084, RegressionTest1.test085, RegressionTest1.test086, RegressionTest1.test087, RegressionTest1.test088, RegressionTest1.test089, RegressionTest1.test090, RegressionTest1.test091, RegressionTest1.test092, RegressionTest1.test093, RegressionTest1.test094, RegressionTest1.test095, RegressionTest1.test096, RegressionTest1.test097, RegressionTest1.test098, RegressionTest1.test099, RegressionTest1.test100, RegressionTest1.test101, RegressionTest1.test102, RegressionTest1.test103, RegressionTest1.test104, RegressionTest1.test105, RegressionTest1.test106, RegressionTest1.test107, RegressionTest1.test108, RegressionTest1.test109, RegressionTest1.test110, RegressionTest1.test111, RegressionTest1.test112, RegressionTest1.test113, RegressionTest1.test114, RegressionTest1.test115, RegressionTest1.test116, RegressionTest1.test117, RegressionTest1.test118, RegressionTest1.test119, RegressionTest1.test120, RegressionTest1.test121, RegressionTest1.test122, RegressionTest1.test123, RegressionTest1.test124, RegressionTest1.test125, RegressionTest1.test126, RegressionTest1.test127, RegressionTest1.test128, RegressionTest1.test129, RegressionTest1.test130, RegressionTest1.test131, RegressionTest1.test132, RegressionTest1.test133, RegressionTest1.test134, RegressionTest1.test135, RegressionTest1.test136, RegressionTest1.test137, RegressionTest1.test138, RegressionTest1.test139, RegressionTest1.test140, RegressionTest1.test141, RegressionTest1.test142, RegressionTest1.test143, RegressionTest1.test144, RegressionTest1.test145, RegressionTest1.test146, RegressionTest1.test147, RegressionTest1.test148, RegressionTest1.test149, RegressionTest1.test150, RegressionTest1.test151, RegressionTest1.test152, RegressionTest1.test153, RegressionTest1.test154, RegressionTest1.test155, RegressionTest1.test156, RegressionTest1.test157, RegressionTest1.test158, RegressionTest1.test159, RegressionTest1.test160, RegressionTest1.test161, RegressionTest1.test162, RegressionTest1.test163]

Time each test takes to run in the new order:
[21389976, 6370771, 6598079, 6398215, 58751, 39205065, 31471955, 19721858, 229947, 30931459, 14798177, 6264920, 5153536, 6467973, 151494938, 6372593, 5298913, 68673773, 21158097, 5341212, 32585184, 5926112, 68011506, 6363815, 131163669, 91912, 624538, 6355470, 179203, 29167544, 83562, 30760589, 5545172, 5163824, 5949877, 5718362, 6148788, 677210, 7040649, 346987, 5222819, 12607069, 21987585, 6521323, 34327789, 117542, 19190665, 4983315, 455106651, 7125120, 4477739, 6105458, 4077149, 21782919, 6388723, 4413215, 4735135, 4487606, 4401508, 8519790, 6612716, 6419382, 30245838, 111266192, 6357110, 755298, 7565356, 5606837, 5734939, 5764342, 19346999, 1533017, 31623175, 4302066, 19392735, 4744267, 6390679, 89303043, 6418191, 7669578, 19834012, 4370883, 5573300, 11946626, 33400841, 19296372, 4879486, 11814819, 146620, 33330315, 32700824, 42701604, 5414331, 6264981, 4200717, 6868879, 5474365, 4791612, 6239290, 6871277, 6375024, 6172906, 8937922, 4175028, 5359539, 5410060, 197853, 209429, 6352476, 21389155, 31771142, 51116598, 9910163, 5053249, 5482534, 30708148, 7242671, 5776973, 5703826, 6170947, 19821529, 8651440, 19698487, 6107434, 4534249, 5003570, 4667149, 30805706, 5434781, 14518269, 31773208, 11792823, 6482915, 5480236, 202415, 4462202, 56389351, 5757629, 51013018, 5011469, 5747556, 102181, 2801035, 38057623, 8208932, 5349212, 16154721, 6301365, 11814855, 21780500, 101132823, 5326778, 5450908, 18588204, 33152232, 5231247, 31232264, 6429877, 33645805, 5418240]

Dependent test list:
[Test: RegressionTest3.test051, Intended behavior: FAILURE, when executed after: [RegressionTest2.test443], The revealed different behavior: PASS, when executed after: [], Test: RegressionTest2.test443, Intended behavior: FAILURE, when executed after: [RegressionTest0.test006], The revealed different behavior: PASS, when executed after: [], Test: RegressionTest5.test13, Intended behavior: FAILURE, when executed after: [RegressionTest4.test403], The revealed different behavior: PASS, when executed after: [], Test: RegressionTest4.test403, Intended behavior: FAILURE, when executed after: [RegressionTest3.test051], The revealed different behavior: PASS, when executed after: []]
--------------------------
Execution time of TLG and its time to find/nullify any DTs for 1 machine (does not include the time to run the tests in the new order): 5.464
Number of tests selected out of total in original order: 160 / 2562
Number of DTs not fixed: 0
Number of DTs fixed: 0
Execution time for executing the following testing order: 2.771

Test order list:
[RegressionTest1.test164, RegressionTest1.test165, RegressionTest1.test166, RegressionTest1.test167, RegressionTest1.test168, RegressionTest1.test169, RegressionTest1.test170, RegressionTest1.test171, RegressionTest1.test172, RegressionTest1.test173, RegressionTest1.test174, RegressionTest1.test175, RegressionTest1.test176, RegressionTest1.test177, RegressionTest1.test178, RegressionTest1.test179, RegressionTest1.test180, RegressionTest1.test181, RegressionTest1.test182, RegressionTest1.test183, RegressionTest1.test184, RegressionTest1.test185, RegressionTest1.test186, RegressionTest1.test187, RegressionTest1.test188, RegressionTest1.test189, RegressionTest1.test190, RegressionTest1.test191, RegressionTest1.test192, RegressionTest1.test001, RegressionTest1.test002, RegressionTest1.test008, RegressionTest1.test009, RegressionTest1.test010, RegressionTest1.test011, RegressionTest1.test012, RegressionTest1.test013, RegressionTest1.test014, RegressionTest1.test015, RegressionTest1.test016, RegressionTest1.test017, RegressionTest1.test018, RegressionTest1.test019, RegressionTest1.test020, RegressionTest1.test021, RegressionTest1.test022, RegressionTest1.test023, RegressionTest1.test024, RegressionTest1.test025, RegressionTest1.test026, RegressionTest1.test193, RegressionTest1.test194, RegressionTest1.test195, RegressionTest1.test196, RegressionTest1.test197, RegressionTest1.test198, RegressionTest1.test199, RegressionTest1.test200, RegressionTest1.test201, RegressionTest1.test202, RegressionTest1.test203, RegressionTest1.test204, RegressionTest1.test205, RegressionTest1.test206, RegressionTest1.test207, RegressionTest1.test208, RegressionTest1.test209, RegressionTest1.test210, RegressionTest1.test211, RegressionTest1.test212, RegressionTest1.test213, RegressionTest1.test214, RegressionTest1.test215, RegressionTest1.test216, RegressionTest1.test217, RegressionTest1.test218, RegressionTest1.test219, RegressionTest1.test220, RegressionTest1.test221, RegressionTest1.test222, RegressionTest1.test223, RegressionTest1.test224, RegressionTest1.test225, RegressionTest1.test226, RegressionTest1.test227, RegressionTest1.test228, RegressionTest1.test229, RegressionTest1.test230, RegressionTest1.test231, RegressionTest1.test232, RegressionTest1.test233, RegressionTest1.test234, RegressionTest1.test235, RegressionTest1.test236, RegressionTest1.test237, RegressionTest1.test238, RegressionTest1.test239, RegressionTest1.test240, RegressionTest1.test241, RegressionTest1.test242, RegressionTest1.test243, RegressionTest1.test244, RegressionTest1.test245, RegressionTest1.test246, RegressionTest1.test247, RegressionTest1.test248, RegressionTest1.test249, RegressionTest1.test250, RegressionTest1.test251, RegressionTest1.test252, RegressionTest1.test253, RegressionTest1.test254, RegressionTest1.test255, RegressionTest1.test256, RegressionTest1.test257, RegressionTest1.test258, RegressionTest1.test259, RegressionTest1.test260, RegressionTest1.test261, RegressionTest1.test262, RegressionTest1.test263, RegressionTest1.test264, RegressionTest1.test265, RegressionTest1.test266, RegressionTest1.test267, RegressionTest1.test268, RegressionTest1.test269, RegressionTest1.test270, RegressionTest1.test271, RegressionTest1.test272, RegressionTest1.test273, RegressionTest1.test274, RegressionTest1.test275, RegressionTest1.test276, RegressionTest1.test277, RegressionTest1.test278, RegressionTest1.test279, RegressionTest1.test280, RegressionTest1.test281, RegressionTest1.test282, RegressionTest1.test283, RegressionTest1.test284, RegressionTest1.test285, RegressionTest1.test286, RegressionTest1.test287, RegressionTest1.test288, RegressionTest1.test289, RegressionTest1.test290, RegressionTest1.test291, RegressionTest1.test292, RegressionTest1.test293, RegressionTest1.test294, RegressionTest1.test295, RegressionTest1.test296, RegressionTest1.test297, RegressionTest1.test298, RegressionTest1.test299, RegressionTest1.test300, RegressionTest1.test301, RegressionTest1.test302]

Time each test takes to run in the new order:
[46260, 5540348, 86670, 65233776, 4292097, 13742889, 30698454, 4354516, 4391360, 4073312, 6092147, 20427227, 41158675, 19192680, 4200004, 8841659, 4520084, 123253, 6278280, 4429259, 6460432, 31171215, 29915410, 291742, 6263092, 14772621, 9240420, 9643109, 5578202, 14803569, 4531687, 5401420, 4092599, 395961, 7756012, 31569574, 18742071, 5894105, 29681235, 9107908, 20453285, 4559865, 4325684, 36033413, 35442344, 5383780, 20563736, 5795633, 9603999, 10596120, 794071, 4316657, 32183413, 15250604, 4932962, 8196000, 29300148, 6254876, 8341489, 7517035, 5712233, 8278659, 7949497, 150124, 18654783, 14937032, 7376973, 30715331, 123740, 31088439, 466777052, 102548306, 11992482, 128174, 7120982, 7541703, 25819715, 8059081, 25476481, 52158155, 31434241, 9914916, 5186172, 4471820, 4366705, 4945806, 4414186, 4873182, 9150784, 4536462, 34047008, 218782, 4141751, 4381406, 9116719, 30322803, 117271, 100591, 4392905, 6170300, 5931983, 60389201, 149091, 5284959, 9667636, 154744, 29289632, 18237655, 19479406, 29128577, 7222329, 6916341, 4805875, 65640, 7083468, 30469863, 19726678, 31942986, 42297850, 4703151, 7526323, 1956332, 8347448, 5140590, 70181712, 20763423, 23242775, 4816542, 5259708, 34500048, 30426842, 6035336, 30561002, 10763226, 11531162, 11690433, 29769779, 20209048, 32019155, 8098278, 7586210, 32678218, 9352587, 14330650, 5944981, 7482524, 13846160, 29017020, 7667277, 12243930, 7734501, 7094379, 139028, 30538819, 20695584, 25847784, 19150115, 33899599, 4449514, 4166278]

Dependent test list:
[Test: RegressionTest3.test051, Intended behavior: FAILURE, when executed after: [RegressionTest2.test443], The revealed different behavior: PASS, when executed after: [], Test: RegressionTest2.test443, Intended behavior: FAILURE, when executed after: [RegressionTest0.test006], The revealed different behavior: PASS, when executed after: [], Test: RegressionTest5.test13, Intended behavior: FAILURE, when executed after: [RegressionTest4.test403], The revealed different behavior: PASS, when executed after: [], Test: RegressionTest4.test403, Intended behavior: FAILURE, when executed after: [RegressionTest3.test051], The revealed different behavior: PASS, when executed after: []]
--------------------------
Execution time of TLG and its time to find/nullify any DTs for 1 machine (does not include the time to run the tests in the new order): 4.240
Number of tests selected out of total in original order: 160 / 2562
Number of DTs not fixed: 0
Number of DTs fixed: 0
Execution time for executing the following testing order: 2.674

Test order list:
[RegressionTest1.test303, RegressionTest1.test304, RegressionTest1.test305, RegressionTest1.test306, RegressionTest1.test307, RegressionTest1.test308, RegressionTest1.test309, RegressionTest1.test310, RegressionTest1.test311, RegressionTest1.test312, RegressionTest1.test313, RegressionTest1.test314, RegressionTest1.test315, RegressionTest1.test316, RegressionTest1.test317, RegressionTest1.test318, RegressionTest1.test319, RegressionTest1.test320, RegressionTest1.test321, RegressionTest1.test322, RegressionTest1.test323, RegressionTest1.test324, RegressionTest1.test325, RegressionTest1.test326, RegressionTest1.test327, RegressionTest1.test328, RegressionTest1.test329, RegressionTest1.test330, RegressionTest1.test331, RegressionTest1.test332, RegressionTest1.test333, RegressionTest1.test334, RegressionTest1.test335, RegressionTest1.test336, RegressionTest1.test337, RegressionTest1.test338, RegressionTest1.test339, RegressionTest1.test340, RegressionTest1.test341, RegressionTest1.test342, RegressionTest1.test343, RegressionTest1.test344, RegressionTest1.test345, RegressionTest1.test346, RegressionTest1.test347, RegressionTest1.test348, RegressionTest1.test349, RegressionTest1.test350, RegressionTest1.test351, RegressionTest1.test352, RegressionTest1.test353, RegressionTest1.test354, RegressionTest1.test355, RegressionTest1.test356, RegressionTest1.test357, RegressionTest1.test358, RegressionTest1.test359, RegressionTest1.test360, RegressionTest1.test361, RegressionTest1.test362, RegressionTest1.test363, RegressionTest1.test364, RegressionTest1.test365, RegressionTest1.test366, RegressionTest1.test367, RegressionTest1.test368, RegressionTest1.test369, RegressionTest1.test370, RegressionTest1.test371, RegressionTest1.test372, RegressionTest1.test373, RegressionTest1.test374, RegressionTest1.test375, RegressionTest1.test376, RegressionTest1.test377, RegressionTest1.test378, RegressionTest1.test379, RegressionTest1.test380, RegressionTest1.test381, RegressionTest1.test382, RegressionTest1.test383, RegressionTest1.test384, RegressionTest1.test385, RegressionTest1.test386, RegressionTest1.test387, RegressionTest1.test388, RegressionTest1.test389, RegressionTest1.test390, RegressionTest1.test391, RegressionTest1.test392, RegressionTest1.test393, RegressionTest1.test394, RegressionTest1.test395, RegressionTest1.test396, RegressionTest1.test397, RegressionTest1.test398, RegressionTest1.test399, RegressionTest1.test400, RegressionTest1.test401, RegressionTest1.test402, RegressionTest1.test403, RegressionTest1.test404, RegressionTest1.test405, RegressionTest1.test406, RegressionTest1.test407, RegressionTest1.test408, RegressionTest1.test409, RegressionTest1.test410, RegressionTest1.test411, RegressionTest1.test412, RegressionTest1.test413, RegressionTest1.test414, RegressionTest1.test415, RegressionTest1.test416, RegressionTest1.test417, RegressionTest1.test418, RegressionTest1.test419, RegressionTest1.test420, RegressionTest1.test421, RegressionTest1.test422, RegressionTest1.test423, RegressionTest1.test424, RegressionTest1.test425, RegressionTest1.test426, RegressionTest1.test427, RegressionTest1.test428, RegressionTest1.test429, RegressionTest1.test430, RegressionTest1.test431, RegressionTest1.test432, RegressionTest1.test433, RegressionTest1.test434, RegressionTest1.test435, RegressionTest1.test436, RegressionTest1.test437, RegressionTest1.test438, RegressionTest1.test439, RegressionTest1.test440, RegressionTest1.test441, RegressionTest1.test442, RegressionTest1.test443, RegressionTest1.test444, RegressionTest1.test445, RegressionTest1.test446, RegressionTest1.test447, RegressionTest1.test448, RegressionTest1.test449, RegressionTest1.test450, RegressionTest1.test451, RegressionTest1.test452, RegressionTest1.test453, RegressionTest1.test454, RegressionTest1.test455, RegressionTest1.test456, RegressionTest1.test457, RegressionTest1.test458, RegressionTest1.test459, RegressionTest1.test460, RegressionTest1.test461, RegressionTest1.test462]

Time each test takes to run in the new order:
[177513713, 6635590, 18896842, 6133230, 24633806, 7491426, 32019054, 4503650, 8204441, 5113177, 4863653, 10592620, 4857738, 5584273, 6928617, 19862432, 6246234, 4910330, 84842, 304934488, 5272104, 8433561, 174606, 9123689, 7081524, 30935782, 7523489, 6315274, 8215100, 7637980, 5942845, 18139473, 42101619, 79458, 4933154, 19775944, 7212974, 19859186, 31156210, 14257844, 13470099, 5999674, 5032550, 20011082, 4473764, 30976727, 6841451, 7926747, 14943410, 132282421, 30611094, 4914027, 4838737, 23731689, 19395704, 6256376, 34203810, 15474773, 7961055, 99886148, 7620003, 26223664, 8044418, 186505, 7654803, 4536319, 5133687, 29903259, 23392361, 8499502, 7579078, 17721525, 14779054, 30577591, 5095973, 10090723, 6902106, 9477277, 4787154, 4866957, 5855068, 6476045, 34229765, 5595831, 4733620, 12791066, 5243686, 6930040, 15731327, 6740836, 4861020, 30657384, 3016057, 31806495, 6142385, 5650377, 4900584, 4874775, 7446300, 8100803, 31264387, 130651, 5596698, 5354098, 19494147, 6351318, 21366366, 6401197, 30463621, 22951767, 8684154, 6777320, 20702773, 6300030, 5314558, 4910019, 238658, 81742, 85026, 25573363, 8338075, 19478676, 30735697, 87462, 5088153, 6199325, 30844077, 19087363, 30915283, 32076244, 22384386, 33484560, 6530227, 4892051, 140838, 1584529, 30092328, 3257307, 34262840, 6359666, 7168173, 6136005, 4825193, 4489150, 5908743, 6639609, 15037315, 5642184, 31364358, 95012, 6066056, 4936773, 6279220, 6204466, 6806912, 31110649, 90185905, 6884586, 21000024, 4824381]

Dependent test list:
[Test: RegressionTest3.test051, Intended behavior: FAILURE, when executed after: [RegressionTest2.test443], The revealed different behavior: PASS, when executed after: [], Test: RegressionTest2.test443, Intended behavior: FAILURE, when executed after: [RegressionTest0.test006], The revealed different behavior: PASS, when executed after: [], Test: RegressionTest5.test13, Intended behavior: FAILURE, when executed after: [RegressionTest4.test403], The revealed different behavior: PASS, when executed after: [], Test: RegressionTest4.test403, Intended behavior: FAILURE, when executed after: [RegressionTest3.test051], The revealed different behavior: PASS, when executed after: []]
--------------------------
Execution time of TLG and its time to find/nullify any DTs for 1 machine (does not include the time to run the tests in the new order): 5.973
Number of tests selected out of total in original order: 160 / 2562
Number of DTs not fixed: 0
Number of DTs fixed: 0
Execution time for executing the following testing order: 2.586

Test order list:
[RegressionTest1.test463, RegressionTest1.test464, RegressionTest1.test465, RegressionTest1.test466, RegressionTest1.test467, RegressionTest1.test468, RegressionTest1.test469, RegressionTest1.test470, RegressionTest1.test471, RegressionTest1.test472, RegressionTest1.test473, RegressionTest1.test474, RegressionTest1.test475, RegressionTest1.test476, RegressionTest1.test477, RegressionTest1.test478, RegressionTest1.test479, RegressionTest1.test480, RegressionTest1.test481, RegressionTest1.test482, RegressionTest1.test483, RegressionTest1.test484, RegressionTest1.test485, RegressionTest1.test486, RegressionTest1.test487, RegressionTest1.test488, RegressionTest1.test489, RegressionTest1.test490, RegressionTest1.test491, RegressionTest1.test492, RegressionTest1.test493, RegressionTest1.test494, RegressionTest1.test495, RegressionTest1.test496, RegressionTest1.test497, RegressionTest1.test498, RegressionTest1.test499, RegressionTest1.test500, RegressionTest2.test006, RegressionTest2.test007, RegressionTest2.test005, RegressionTest2.test004, RegressionTest2.test003, RegressionTest2.test027, RegressionTest2.test028, RegressionTest2.test029, RegressionTest2.test030, RegressionTest2.test031, RegressionTest2.test032, RegressionTest2.test033, RegressionTest2.test034, RegressionTest2.test035, RegressionTest2.test036, RegressionTest2.test037, RegressionTest2.test038, RegressionTest2.test039, RegressionTest2.test040, RegressionTest2.test041, RegressionTest2.test042, RegressionTest2.test043, RegressionTest2.test044, RegressionTest2.test045, RegressionTest2.test046, RegressionTest2.test047, RegressionTest2.test048, RegressionTest2.test049, RegressionTest2.test050, RegressionTest2.test051, RegressionTest2.test052, RegressionTest2.test053, RegressionTest2.test054, RegressionTest2.test055, RegressionTest2.test056, RegressionTest2.test057, RegressionTest2.test058, RegressionTest2.test059, RegressionTest2.test060, RegressionTest2.test061, RegressionTest2.test062, RegressionTest2.test063, RegressionTest2.test064, RegressionTest2.test065, RegressionTest2.test066, RegressionTest2.test067, RegressionTest2.test068, RegressionTest2.test069, RegressionTest2.test070, RegressionTest2.test071, RegressionTest2.test072, RegressionTest2.test073, RegressionTest2.test074, RegressionTest2.test075, RegressionTest2.test076, RegressionTest2.test077, RegressionTest2.test078, RegressionTest2.test079, RegressionTest2.test080, RegressionTest2.test081, RegressionTest2.test082, RegressionTest2.test083, RegressionTest2.test084, RegressionTest2.test085, RegressionTest2.test086, RegressionTest2.test087, RegressionTest2.test088, RegressionTest2.test089, RegressionTest2.test090, RegressionTest2.test091, RegressionTest2.test092, RegressionTest2.test093, RegressionTest2.test094, RegressionTest2.test095, RegressionTest2.test096, RegressionTest2.test097, RegressionTest2.test098, RegressionTest2.test099, RegressionTest2.test100, RegressionTest2.test101, RegressionTest2.test102, RegressionTest2.test103, RegressionTest2.test104, RegressionTest2.test105, RegressionTest2.test106, RegressionTest2.test107, RegressionTest2.test108, RegressionTest2.test109, RegressionTest2.test110, RegressionTest2.test111, RegressionTest2.test112, RegressionTest2.test113, RegressionTest2.test114, RegressionTest2.test115, RegressionTest2.test116, RegressionTest2.test117, RegressionTest2.test118, RegressionTest2.test119, RegressionTest2.test120, RegressionTest2.test121, RegressionTest2.test122, RegressionTest2.test123, RegressionTest2.test124, RegressionTest2.test125, RegressionTest2.test126, RegressionTest2.test127, RegressionTest2.test128, RegressionTest2.test129, RegressionTest2.test130, RegressionTest2.test131, RegressionTest2.test132, RegressionTest2.test133, RegressionTest2.test134, RegressionTest2.test135, RegressionTest2.test136, RegressionTest2.test137, RegressionTest2.test138, RegressionTest2.test139, RegressionTest2.test140, RegressionTest2.test141, RegressionTest2.test142, RegressionTest2.test143]

Time each test takes to run in the new order:
[6898060, 120304, 4394467, 6311899, 26670624, 4229335, 29941854, 15144889, 19821851, 20401176, 6303888, 29414477, 4551401, 4445074, 5483965, 33829354, 9101645, 6109144, 6655929, 10067496, 6384543, 6383635, 31166289, 6334098, 5267293, 6333814, 96903818, 5563692, 5436150, 6016146, 6265667, 13059841, 6264391, 5860168, 8389972, 20124718, 5995947, 9163785, 6002465, 25185367, 6336004, 32523329, 94859, 6076228, 31782257, 6355806, 4643893, 8200644, 8123147, 20206536, 8074713, 6746675, 6437788, 5694366, 4791558, 28067287, 19563603, 4462047, 4911191, 17632874, 6452914, 6365286, 5429206, 4421294, 6381193, 5714924, 42785248, 118811090, 4198850, 6556432, 22483244, 6267761, 11232646, 5334791, 31503130, 52963, 8305126, 6357082, 5807644, 6512891, 5548978, 4283624, 5293029, 5935793, 6712203, 4279261, 21163929, 6649776, 7637793, 31539787, 25643425, 31683201, 4310021, 25057788, 22147038, 7673203, 31662693, 33182905, 34653217, 5009843, 7199781, 5443616, 8386593, 129794, 4423567, 5120892, 38935878, 58345513, 6235895, 10496016, 5659006, 7846810, 12190298, 553568556, 104584, 6350067, 26833073, 4678958, 7924728, 11770896, 13771560, 10175211, 5304474, 186545, 165639, 115305, 6045697, 4696365, 7289919, 27394228, 6354858, 5292677, 7390908, 10401209, 104888, 120258, 5574218, 32281206, 5492874, 18401106, 6154755, 5569570, 31174399, 18597080, 5555633, 5602385, 5020159, 17063578, 31212461, 4536279, 5988150, 12293632, 6478829, 33688118, 6238697, 25742472, 4641864, 6280250, 4812156, 7330060]

Dependent test list:
[Test: RegressionTest3.test051, Intended behavior: FAILURE, when executed after: [RegressionTest2.test443], The revealed different behavior: PASS, when executed after: [], Test: RegressionTest2.test443, Intended behavior: FAILURE, when executed after: [RegressionTest0.test006], The revealed different behavior: PASS, when executed after: [], Test: RegressionTest5.test13, Intended behavior: FAILURE, when executed after: [RegressionTest4.test403], The revealed different behavior: PASS, when executed after: [], Test: RegressionTest4.test403, Intended behavior: FAILURE, when executed after: [RegressionTest3.test051], The revealed different behavior: PASS, when executed after: []]
--------------------------
Execution time of TLG and its time to find/nullify any DTs for 1 machine (does not include the time to run the tests in the new order): 4.285
Number of tests selected out of total in original order: 160 / 2562
Number of DTs not fixed: 0
Number of DTs fixed: 0
Execution time for executing the following testing order: 3.900

Test order list:
[RegressionTest2.test144, RegressionTest2.test145, RegressionTest2.test146, RegressionTest2.test147, RegressionTest2.test148, RegressionTest2.test149, RegressionTest2.test150, RegressionTest2.test151, RegressionTest2.test152, RegressionTest2.test153, RegressionTest2.test154, RegressionTest2.test155, RegressionTest2.test156, RegressionTest2.test157, RegressionTest2.test158, RegressionTest2.test159, RegressionTest2.test160, RegressionTest2.test161, RegressionTest2.test162, RegressionTest2.test163, RegressionTest2.test164, RegressionTest2.test165, RegressionTest2.test166, RegressionTest2.test167, RegressionTest2.test168, RegressionTest2.test169, RegressionTest2.test170, RegressionTest2.test171, RegressionTest2.test172, RegressionTest2.test173, RegressionTest2.test174, RegressionTest2.test175, RegressionTest2.test176, RegressionTest2.test177, RegressionTest2.test178, RegressionTest2.test179, RegressionTest2.test180, RegressionTest2.test181, RegressionTest2.test182, RegressionTest2.test183, RegressionTest2.test184, RegressionTest2.test185, RegressionTest2.test186, RegressionTest2.test187, RegressionTest2.test188, RegressionTest2.test189, RegressionTest2.test190, RegressionTest2.test191, RegressionTest2.test192, RegressionTest2.test001, RegressionTest2.test002, RegressionTest2.test008, RegressionTest2.test009, RegressionTest2.test010, RegressionTest2.test011, RegressionTest2.test012, RegressionTest2.test013, RegressionTest2.test014, RegressionTest2.test015, RegressionTest2.test016, RegressionTest2.test017, RegressionTest2.test018, RegressionTest2.test019, RegressionTest2.test020, RegressionTest2.test021, RegressionTest2.test022, RegressionTest2.test023, RegressionTest2.test024, RegressionTest2.test025, RegressionTest2.test026, RegressionTest2.test193, RegressionTest2.test194, RegressionTest2.test195, RegressionTest2.test196, RegressionTest2.test197, RegressionTest2.test198, RegressionTest2.test199, RegressionTest2.test200, RegressionTest2.test201, RegressionTest2.test202, RegressionTest2.test203, RegressionTest2.test204, RegressionTest2.test205, RegressionTest2.test206, RegressionTest2.test207, RegressionTest2.test208, RegressionTest2.test209, RegressionTest2.test210, RegressionTest2.test211, RegressionTest2.test212, RegressionTest2.test213, RegressionTest2.test214, RegressionTest2.test215, RegressionTest2.test216, RegressionTest2.test217, RegressionTest2.test218, RegressionTest2.test219, RegressionTest2.test220, RegressionTest2.test221, RegressionTest2.test222, RegressionTest2.test223, RegressionTest2.test224, RegressionTest2.test225, RegressionTest2.test226, RegressionTest2.test227, RegressionTest2.test228, RegressionTest2.test229, RegressionTest2.test230, RegressionTest2.test231, RegressionTest2.test232, RegressionTest2.test233, RegressionTest2.test234, RegressionTest2.test235, RegressionTest2.test236, RegressionTest2.test237, RegressionTest2.test238, RegressionTest2.test239, RegressionTest2.test240, RegressionTest2.test241, RegressionTest2.test242, RegressionTest2.test243, RegressionTest2.test244, RegressionTest2.test245, RegressionTest2.test246, RegressionTest2.test247, RegressionTest2.test248, RegressionTest2.test249, RegressionTest2.test250, RegressionTest2.test251, RegressionTest2.test252, RegressionTest2.test253, RegressionTest2.test254, RegressionTest2.test255, RegressionTest2.test256, RegressionTest2.test257, RegressionTest2.test258, RegressionTest2.test259, RegressionTest2.test260, RegressionTest2.test261, RegressionTest2.test262, RegressionTest2.test263, RegressionTest2.test264, RegressionTest2.test265, RegressionTest2.test266, RegressionTest2.test267, RegressionTest2.test268, RegressionTest2.test269, RegressionTest2.test270, RegressionTest2.test271, RegressionTest2.test272, RegressionTest2.test273, RegressionTest2.test274, RegressionTest2.test275, RegressionTest2.test276, RegressionTest2.test277, RegressionTest2.test278, RegressionTest2.test279, RegressionTest2.test280, RegressionTest2.test281, RegressionTest2.test282]

Time each test takes to run in the new order:
[20763685, 8635103, 30810323, 7648271, 35455144, 5786201, 65969, 17317683, 5200994, 107786638, 66828118, 4241172, 4776479, 86785550, 32988933, 5069051, 7878321, 31644853, 31885287, 4853038, 6069857, 11301935, 53827368, 35934384, 31780054, 13318298, 8798574, 19126690, 4995597, 4888814, 33144310, 168599943, 194313, 30512542, 30893684, 5110978, 4841408, 106605289, 4180867, 8210779, 31393055, 538418176, 21348405, 20243476, 14565543, 21777406, 19110870, 33210488, 5440563, 4983736, 5591270, 31122593, 20046697, 20139417, 8134990, 101692986, 5089241, 82958156, 50906843, 18642130, 5819946, 31065397, 9252340, 6841888, 8438319, 4811364, 17819100, 31317992, 133839476, 8631682, 9607765, 7264533, 4250685, 19515449, 4851590, 5063171, 4552827, 19860210, 31298299, 33874619, 19852230, 4691897, 8192384, 20181350, 31914269, 31158435, 8804942, 19795175, 19232420, 17895692, 30856273, 4984415, 7423683, 9926801, 11252891, 19810034, 30919141, 5802087, 55046618, 5045846, 20690244, 7764664, 6395974, 147157, 6206650, 63478800, 7832203, 10411630, 30787928, 5167251, 74822, 30158497, 5217592, 5021233, 8192245, 27550552, 8316867, 5949022, 14107648, 4548033, 19581180, 30552122, 33932951, 31648159, 49449, 31333410, 72204500, 4868520, 36591509, 30944466, 5201138, 5556629, 6155582, 31184453, 9424659, 4804492, 18599844, 19151094, 31147092, 5231989, 4429826, 4773070, 81551459, 3007120, 4918291, 19086200, 4627977, 4770577, 31137906, 20053062, 19003565, 19767385, 8494192, 225878, 9343573, 30931951, 4978899, 6967057, 6658461, 5076263]

Dependent test list:
[Test: RegressionTest3.test051, Intended behavior: FAILURE, when executed after: [RegressionTest2.test443], The revealed different behavior: PASS, when executed after: [], Test: RegressionTest2.test443, Intended behavior: FAILURE, when executed after: [RegressionTest0.test006], The revealed different behavior: PASS, when executed after: [], Test: RegressionTest5.test13, Intended behavior: FAILURE, when executed after: [RegressionTest4.test403], The revealed different behavior: PASS, when executed after: [], Test: RegressionTest4.test403, Intended behavior: FAILURE, when executed after: [RegressionTest3.test051], The revealed different behavior: PASS, when executed after: []]
--------------------------
Execution time of TLG and its time to find/nullify any DTs for 1 machine (does not include the time to run the tests in the new order): 4.907
Number of tests selected out of total in original order: 160 / 2562
Number of DTs not fixed: 0
Number of DTs fixed: 0
Execution time for executing the following testing order: 3.106

Test order list:
[RegressionTest2.test283, RegressionTest2.test284, RegressionTest2.test285, RegressionTest2.test286, RegressionTest2.test287, RegressionTest2.test288, RegressionTest2.test289, RegressionTest2.test290, RegressionTest2.test291, RegressionTest2.test292, RegressionTest2.test293, RegressionTest2.test294, RegressionTest2.test295, RegressionTest2.test296, RegressionTest2.test297, RegressionTest2.test298, RegressionTest2.test299, RegressionTest2.test300, RegressionTest2.test301, RegressionTest2.test302, RegressionTest2.test303, RegressionTest2.test304, RegressionTest2.test305, RegressionTest2.test306, RegressionTest2.test307, RegressionTest2.test308, RegressionTest2.test309, RegressionTest2.test310, RegressionTest2.test311, RegressionTest2.test312, RegressionTest2.test313, RegressionTest2.test314, RegressionTest2.test315, RegressionTest2.test316, RegressionTest2.test317, RegressionTest2.test318, RegressionTest2.test319, RegressionTest2.test320, RegressionTest2.test321, RegressionTest2.test322, RegressionTest2.test323, RegressionTest2.test324, RegressionTest2.test325, RegressionTest2.test326, RegressionTest2.test327, RegressionTest2.test328, RegressionTest2.test329, RegressionTest2.test330, RegressionTest2.test331, RegressionTest2.test332, RegressionTest2.test333, RegressionTest2.test334, RegressionTest2.test335, RegressionTest2.test336, RegressionTest2.test337, RegressionTest2.test338, RegressionTest2.test339, RegressionTest2.test340, RegressionTest2.test341, RegressionTest2.test342, RegressionTest2.test343, RegressionTest2.test344, RegressionTest2.test345, RegressionTest2.test346, RegressionTest2.test347, RegressionTest2.test348, RegressionTest2.test349, RegressionTest2.test350, RegressionTest2.test351, RegressionTest2.test352, RegressionTest2.test353, RegressionTest2.test354, RegressionTest2.test355, RegressionTest2.test356, RegressionTest2.test357, RegressionTest2.test358, RegressionTest2.test359, RegressionTest2.test360, RegressionTest2.test361, RegressionTest2.test362, RegressionTest2.test363, RegressionTest2.test364, RegressionTest2.test365, RegressionTest2.test366, RegressionTest2.test367, RegressionTest2.test368, RegressionTest2.test369, RegressionTest2.test370, RegressionTest2.test371, RegressionTest2.test372, RegressionTest2.test373, RegressionTest2.test374, RegressionTest2.test375, RegressionTest2.test376, RegressionTest2.test377, RegressionTest2.test378, RegressionTest2.test379, RegressionTest2.test380, RegressionTest2.test381, RegressionTest2.test382, RegressionTest2.test383, RegressionTest2.test384, RegressionTest2.test385, RegressionTest2.test386, RegressionTest2.test387, RegressionTest2.test388, RegressionTest2.test389, RegressionTest2.test390, RegressionTest2.test391, RegressionTest2.test392, RegressionTest2.test393, RegressionTest2.test394, RegressionTest2.test395, RegressionTest2.test396, RegressionTest2.test397, RegressionTest2.test398, RegressionTest2.test399, RegressionTest2.test400, RegressionTest2.test401, RegressionTest2.test402, RegressionTest2.test403, RegressionTest2.test404, RegressionTest2.test405, RegressionTest2.test406, RegressionTest2.test407, RegressionTest2.test408, RegressionTest2.test409, RegressionTest2.test410, RegressionTest2.test411, RegressionTest2.test412, RegressionTest2.test413, RegressionTest2.test414, RegressionTest2.test415, RegressionTest2.test416, RegressionTest2.test417, RegressionTest2.test418, RegressionTest2.test419, RegressionTest2.test420, RegressionTest2.test421, RegressionTest2.test422, RegressionTest2.test423, RegressionTest2.test424, RegressionTest2.test425, RegressionTest2.test426, RegressionTest2.test427, RegressionTest2.test428, RegressionTest2.test429, RegressionTest2.test430, RegressionTest2.test431, RegressionTest2.test432, RegressionTest2.test433, RegressionTest2.test434, RegressionTest2.test435, RegressionTest2.test436, RegressionTest2.test437, RegressionTest2.test438, RegressionTest2.test439, RegressionTest2.test440, RegressionTest2.test441, RegressionTest2.test442]

Time each test takes to run in the new order:
[6466070, 7289524, 6519711, 10621268, 77371659, 4575606, 11659021, 32105972, 32148059, 14378477, 93281369, 8740277, 5812230, 5691083, 8676029, 5337545, 5335190, 32593761, 5236864, 21835989, 20010674, 54574, 6141950, 21977219, 30730810, 23319454, 32161032, 6302818, 35346087, 273823, 99533, 59941837, 6321217, 6299919, 13887749, 5211306, 50016764, 4610099, 9959616, 32090906, 6207562, 6621923, 5477664, 5503156, 6288814, 5700582, 6326264, 12754971, 4778875, 242907, 4857653, 31668430, 4495367, 6249367, 22506662, 4979388, 36024971, 157264, 6424492, 6360087, 6094689, 5277320, 31376961, 9099475, 865838, 23508975, 39837001, 5717964, 167577432, 8544128, 95897327, 13190509, 4558208, 31760660, 5317552, 5590480, 9920938, 8049539, 4808540, 34879058, 5466659, 5454400, 6458889, 1929498, 31171851, 4543746, 6923370, 5689952, 6428846, 5742212, 4627055, 4643679, 44878165, 34864404, 6252378, 7311717, 6514524, 74231280, 6839652, 43990233, 6699362, 4893937, 4370288, 5093891, 6470491, 15277732, 5271054, 583152075, 4566493, 6338749, 5404286, 19356897, 38874090, 31326013, 6197414, 6377045, 7379406, 4726349, 19907206, 45779625, 20033583, 5588180, 5285735, 7191442, 10375662, 34111570, 27089977, 33161034, 30938849, 6685527, 6271882, 4793026, 167663, 7002866, 6312994, 31258476, 33410640, 7489688, 5007518, 4542422, 5042016, 7210029, 6253276, 1927418, 5097032, 80003421, 5432426, 6816516, 4611969, 6572427, 5373325, 17299601, 69393, 4674431, 36362703, 4772403, 6077490, 6054819, 6282717, 5787372]

Dependent test list:
[Test: RegressionTest3.test051, Intended behavior: FAILURE, when executed after: [RegressionTest2.test443], The revealed different behavior: PASS, when executed after: [], Test: RegressionTest2.test443, Intended behavior: FAILURE, when executed after: [RegressionTest0.test006], The revealed different behavior: PASS, when executed after: [], Test: RegressionTest5.test13, Intended behavior: FAILURE, when executed after: [RegressionTest4.test403], The revealed different behavior: PASS, when executed after: [], Test: RegressionTest4.test403, Intended behavior: FAILURE, when executed after: [RegressionTest3.test051], The revealed different behavior: PASS, when executed after: []]
--------------------------
Execution time of TLG and its time to find/nullify any DTs for 1 machine (does not include the time to run the tests in the new order): 5.757
Number of tests selected out of total in original order: 161 / 2562
Number of DTs not fixed: 0
Number of DTs fixed: 0
Execution time for executing the following testing order: 2.972

Test order list:
[RegressionTest0.test006, RegressionTest2.test443, RegressionTest2.test444, RegressionTest2.test445, RegressionTest2.test446, RegressionTest2.test447, RegressionTest2.test448, RegressionTest2.test449, RegressionTest2.test450, RegressionTest2.test451, RegressionTest2.test452, RegressionTest2.test453, RegressionTest2.test454, RegressionTest2.test455, RegressionTest2.test456, RegressionTest2.test457, RegressionTest2.test458, RegressionTest2.test459, RegressionTest2.test460, RegressionTest2.test461, RegressionTest2.test462, RegressionTest2.test463, RegressionTest2.test464, RegressionTest2.test465, RegressionTest2.test466, RegressionTest2.test467, RegressionTest2.test468, RegressionTest2.test469, RegressionTest2.test470, RegressionTest2.test471, RegressionTest2.test472, RegressionTest2.test473, RegressionTest2.test474, RegressionTest2.test475, RegressionTest2.test476, RegressionTest2.test477, RegressionTest2.test478, RegressionTest2.test479, RegressionTest2.test480, RegressionTest2.test481, RegressionTest2.test482, RegressionTest2.test483, RegressionTest2.test484, RegressionTest2.test485, RegressionTest2.test486, RegressionTest2.test487, RegressionTest2.test488, RegressionTest2.test489, RegressionTest2.test490, RegressionTest2.test491, RegressionTest2.test492, RegressionTest2.test493, RegressionTest2.test494, RegressionTest2.test495, RegressionTest2.test496, RegressionTest2.test497, RegressionTest2.test498, RegressionTest2.test499, RegressionTest2.test500, RegressionTest3.test006, RegressionTest3.test007, RegressionTest3.test005, RegressionTest3.test004, RegressionTest3.test003, RegressionTest3.test027, RegressionTest3.test028, RegressionTest3.test029, RegressionTest3.test030, RegressionTest3.test031, RegressionTest3.test032, RegressionTest3.test033, RegressionTest3.test034, RegressionTest3.test035, RegressionTest3.test036, RegressionTest3.test037, RegressionTest3.test038, RegressionTest3.test039, RegressionTest3.test040, RegressionTest3.test041, RegressionTest3.test042, RegressionTest3.test043, RegressionTest3.test044, RegressionTest3.test045, RegressionTest3.test046, RegressionTest3.test047, RegressionTest3.test048, RegressionTest3.test049, RegressionTest3.test050, RegressionTest3.test051, RegressionTest3.test052, RegressionTest3.test053, RegressionTest3.test054, RegressionTest3.test055, RegressionTest3.test056, RegressionTest3.test057, RegressionTest3.test058, RegressionTest3.test059, RegressionTest3.test060, RegressionTest3.test061, RegressionTest3.test062, RegressionTest3.test063, RegressionTest3.test064, RegressionTest3.test065, RegressionTest3.test066, RegressionTest3.test067, RegressionTest3.test068, RegressionTest3.test069, RegressionTest3.test070, RegressionTest3.test071, RegressionTest3.test072, RegressionTest3.test073, RegressionTest3.test074, RegressionTest3.test075, RegressionTest3.test076, RegressionTest3.test077, RegressionTest3.test078, RegressionTest3.test079, RegressionTest3.test080, RegressionTest3.test081, RegressionTest3.test082, RegressionTest3.test083, RegressionTest3.test084, RegressionTest3.test085, RegressionTest3.test086, RegressionTest3.test087, RegressionTest3.test088, RegressionTest3.test089, RegressionTest3.test090, RegressionTest3.test091, RegressionTest3.test092, RegressionTest3.test093, RegressionTest3.test094, RegressionTest3.test095, RegressionTest3.test096, RegressionTest3.test097, RegressionTest3.test098, RegressionTest3.test099, RegressionTest3.test100, RegressionTest3.test101, RegressionTest3.test102, RegressionTest3.test103, RegressionTest3.test104, RegressionTest3.test105, RegressionTest3.test106, RegressionTest3.test107, RegressionTest3.test108, RegressionTest3.test109, RegressionTest3.test110, RegressionTest3.test111, RegressionTest3.test112, RegressionTest3.test113, RegressionTest3.test114, RegressionTest3.test115, RegressionTest3.test116, RegressionTest3.test117, RegressionTest3.test118, RegressionTest3.test119, RegressionTest3.test120, RegressionTest3.test121, RegressionTest3.test122, RegressionTest3.test123]

Time each test takes to run in the new order:
[5643471, 30617711, 8956941, 5961959, 5358185, 7459639, 5621517, 19545990, 39497268, 32525198, 142284, 30134678, 18830787, 10656137, 5667608, 2342368, 5560332, 6101065, 502724488, 34430840, 98214, 6296257, 5596875, 5126900, 6240067, 6472708, 5766987, 24494676, 14511658, 6250671, 5996104, 6559533, 126703514, 6641987, 6433818, 48954011, 6622593, 5660202, 30314660, 6276647, 40278087, 30317710, 5505699, 6302004, 29747800, 32509873, 4946246, 6748516, 8352054, 139555, 6521601, 19503619, 5843926, 34013775, 17978866, 5982990, 19980215, 31401592, 36424440, 19374665, 21321322, 9413061, 14900104, 78069737, 5189731, 166534, 7344355, 30019038, 6163997, 5704784, 34307872, 19413668, 6883979, 6104574, 4682434, 6247020, 41621808, 11736313, 33543599, 12160556, 6180386, 6315462, 6201688, 29740547, 19512137, 5802423, 6513210, 265532, 12395407, 30306930, 32755768, 9511261, 10921821, 19036386, 4468900, 5454807, 5315705, 6231819, 30178697, 5579206, 7153174, 30159439, 5962340, 77370571, 6173441, 6470871, 5408032, 18165710, 6322020, 6758357, 20227967, 34779772, 13426428, 35263826, 51298406, 7574129, 30711996, 20832942, 5659073, 5552014, 29955385, 87555, 5230436, 46109278, 6976290, 32418724, 5189349, 5305912, 6119597, 6737412, 6408668, 5458257, 37578806, 8801451, 21812249, 5172046, 29803308, 5062828, 6177030, 23067157, 5369116, 5825739, 6734017, 5157338, 5372405, 5279315, 55218612, 5481034, 16040201, 6652067, 5180066, 9306615, 4467887, 5774445, 6678152, 5065701, 5037479, 39833129, 79308, 4794918, 1132346]

Dependent test list:
[Test: RegressionTest3.test051, Intended behavior: FAILURE, when executed after: [RegressionTest2.test443], The revealed different behavior: PASS, when executed after: [], Test: RegressionTest2.test443, Intended behavior: FAILURE, when executed after: [RegressionTest0.test006], The revealed different behavior: PASS, when executed after: [], Test: RegressionTest5.test13, Intended behavior: FAILURE, when executed after: [RegressionTest4.test403], The revealed different behavior: PASS, when executed after: [], Test: RegressionTest4.test403, Intended behavior: FAILURE, when executed after: [RegressionTest3.test051], The revealed different behavior: PASS, when executed after: []]
--------------------------
Execution time of TLG and its time to find/nullify any DTs for 1 machine (does not include the time to run the tests in the new order): 3.041
Number of tests selected out of total in original order: 160 / 2562
Number of DTs not fixed: 0
Number of DTs fixed: 0
Execution time for executing the following testing order: 4.238

Test order list:
[RegressionTest3.test124, RegressionTest3.test125, RegressionTest3.test126, RegressionTest3.test127, RegressionTest3.test128, RegressionTest3.test129, RegressionTest3.test130, RegressionTest3.test131, RegressionTest3.test132, RegressionTest3.test133, RegressionTest3.test134, RegressionTest3.test135, RegressionTest3.test136, RegressionTest3.test137, RegressionTest3.test138, RegressionTest3.test139, RegressionTest3.test140, RegressionTest3.test141, RegressionTest3.test142, RegressionTest3.test143, RegressionTest3.test144, RegressionTest3.test145, RegressionTest3.test146, RegressionTest3.test147, RegressionTest3.test148, RegressionTest3.test149, RegressionTest3.test150, RegressionTest3.test151, RegressionTest3.test152, RegressionTest3.test153, RegressionTest3.test154, RegressionTest3.test155, RegressionTest3.test156, RegressionTest3.test157, RegressionTest3.test158, RegressionTest3.test159, RegressionTest3.test160, RegressionTest3.test161, RegressionTest3.test162, RegressionTest3.test163, RegressionTest3.test164, RegressionTest3.test165, RegressionTest3.test166, RegressionTest3.test167, RegressionTest3.test168, RegressionTest3.test169, RegressionTest3.test170, RegressionTest3.test171, RegressionTest3.test172, RegressionTest3.test173, RegressionTest3.test174, RegressionTest3.test175, RegressionTest3.test176, RegressionTest3.test177, RegressionTest3.test178, RegressionTest3.test179, RegressionTest3.test180, RegressionTest3.test181, RegressionTest3.test182, RegressionTest3.test183, RegressionTest3.test184, RegressionTest3.test185, RegressionTest3.test186, RegressionTest3.test187, RegressionTest3.test188, RegressionTest3.test189, RegressionTest3.test190, RegressionTest3.test191, RegressionTest3.test192, RegressionTest3.test001, RegressionTest3.test002, RegressionTest3.test008, RegressionTest3.test009, RegressionTest3.test010, RegressionTest3.test011, RegressionTest3.test012, RegressionTest3.test013, RegressionTest3.test014, RegressionTest3.test015, RegressionTest3.test016, RegressionTest3.test017, RegressionTest3.test018, RegressionTest3.test019, RegressionTest3.test020, RegressionTest3.test021, RegressionTest3.test022, RegressionTest3.test023, RegressionTest3.test024, RegressionTest3.test025, RegressionTest3.test026, RegressionTest3.test193, RegressionTest3.test194, RegressionTest3.test195, RegressionTest3.test196, RegressionTest3.test197, RegressionTest3.test198, RegressionTest3.test199, RegressionTest3.test200, RegressionTest3.test201, RegressionTest3.test202, RegressionTest3.test203, RegressionTest3.test204, RegressionTest3.test205, RegressionTest3.test206, RegressionTest3.test207, RegressionTest3.test208, RegressionTest3.test209, RegressionTest3.test210, RegressionTest3.test211, RegressionTest3.test212, RegressionTest3.test213, RegressionTest3.test214, RegressionTest3.test215, RegressionTest3.test216, RegressionTest3.test217, RegressionTest3.test218, RegressionTest3.test219, RegressionTest3.test220, RegressionTest3.test221, RegressionTest3.test222, RegressionTest3.test223, RegressionTest3.test224, RegressionTest3.test225, RegressionTest3.test226, RegressionTest3.test227, RegressionTest3.test228, RegressionTest3.test229, RegressionTest3.test230, RegressionTest3.test231, RegressionTest3.test232, RegressionTest3.test233, RegressionTest3.test234, RegressionTest3.test235, RegressionTest3.test236, RegressionTest3.test237, RegressionTest3.test238, RegressionTest3.test239, RegressionTest3.test240, RegressionTest3.test241, RegressionTest3.test242, RegressionTest3.test243, RegressionTest3.test244, RegressionTest3.test245, RegressionTest3.test246, RegressionTest3.test247, RegressionTest3.test248, RegressionTest3.test249, RegressionTest3.test250, RegressionTest3.test251, RegressionTest3.test252, RegressionTest3.test253, RegressionTest3.test254, RegressionTest3.test255, RegressionTest3.test256, RegressionTest3.test257, RegressionTest3.test258, RegressionTest3.test259, RegressionTest3.test260, RegressionTest3.test261, RegressionTest3.test262]

Time each test takes to run in the new order:
[17311831, 109800, 4443230, 28836438, 3919726, 100117, 4363270, 4167002, 16208696, 3969241, 4127996, 28223485, 27977524, 28400948, 27942299, 27583775, 18994722, 27917813, 27712489, 4133776, 28502710, 34324708, 28269323, 27878595, 27967142, 159701, 27185238, 9595996, 3730192, 73347, 17186209, 17923581, 6391426, 40150361, 4363795, 3768584, 27940072, 27603704, 27799963, 27581368, 17191157, 73930452, 3966431, 27759227, 5922595, 28131866, 3927691, 33339416, 28656142, 174514377, 33809473, 4239139, 27963997, 27740698, 28610324, 146222824, 3610899, 17653642, 149415672, 4180776, 74672484, 3984220, 9731489, 16580894, 17666308, 18372405, 31386641, 3807691, 36121508, 209705, 16886439, 17358507, 4151284, 27408026, 27638137, 90045, 17637670, 17678374, 4221042, 142935, 6086294, 17516310, 39487522, 130864465, 17383330, 16884367, 5236098, 16582120, 4904379, 4046013, 772459, 5728474, 512459170, 87942959, 19236909, 32681500, 27967546, 18196098, 30577135, 17365208, 4443822, 5348732, 28141020, 18042041, 8025055, 17059139, 4145645, 28208813, 6026827, 104239603, 17745724, 3846953, 31660921, 65232, 5834972, 29459212, 19227402, 18215201, 158981, 28206104, 28470554, 31325606, 109076201, 4192913, 62806500, 27489761, 4120032, 3956481, 7975092, 72951898, 27084166, 30711765, 4078422, 8095011, 164894, 27694481, 3732275, 27224703, 30088142, 4182884, 3987489, 18455719, 3835453, 27653461, 107671811, 21257182, 8479465, 19350883, 28748996, 36311271, 4034543, 28495069, 28791491, 16871018, 34921859, 28141900, 5880622, 4172327, 6054798, 18075024]

Dependent test list:
[Test: RegressionTest3.test051, Intended behavior: FAILURE, when executed after: [RegressionTest2.test443], The revealed different behavior: PASS, when executed after: [], Test: RegressionTest2.test443, Intended behavior: FAILURE, when executed after: [RegressionTest0.test006], The revealed different behavior: PASS, when executed after: [], Test: RegressionTest5.test13, Intended behavior: FAILURE, when executed after: [RegressionTest4.test403], The revealed different behavior: PASS, when executed after: [], Test: RegressionTest4.test403, Intended behavior: FAILURE, when executed after: [RegressionTest3.test051], The revealed different behavior: PASS, when executed after: []]
--------------------------
Execution time of TLG and its time to find/nullify any DTs for 1 machine (does not include the time to run the tests in the new order): 4.844
Number of tests selected out of total in original order: 160 / 2562
Number of DTs not fixed: 0
Number of DTs fixed: 0
Execution time for executing the following testing order: 2.693

Test order list:
[RegressionTest3.test263, RegressionTest3.test264, RegressionTest3.test265, RegressionTest3.test266, RegressionTest3.test267, RegressionTest3.test268, RegressionTest3.test269, RegressionTest3.test270, RegressionTest3.test271, RegressionTest3.test272, RegressionTest3.test273, RegressionTest3.test274, RegressionTest3.test275, RegressionTest3.test276, RegressionTest3.test277, RegressionTest3.test278, RegressionTest3.test279, RegressionTest3.test280, RegressionTest3.test281, RegressionTest3.test282, RegressionTest3.test283, RegressionTest3.test284, RegressionTest3.test285, RegressionTest3.test286, RegressionTest3.test287, RegressionTest3.test288, RegressionTest3.test289, RegressionTest3.test290, RegressionTest3.test291, RegressionTest3.test292, RegressionTest3.test293, RegressionTest3.test294, RegressionTest3.test295, RegressionTest3.test296, RegressionTest3.test297, RegressionTest3.test298, RegressionTest3.test299, RegressionTest3.test300, RegressionTest3.test301, RegressionTest3.test302, RegressionTest3.test303, RegressionTest3.test304, RegressionTest3.test305, RegressionTest3.test306, RegressionTest3.test307, RegressionTest3.test308, RegressionTest3.test309, RegressionTest3.test310, RegressionTest3.test311, RegressionTest3.test312, RegressionTest3.test313, RegressionTest3.test314, RegressionTest3.test315, RegressionTest3.test316, RegressionTest3.test317, RegressionTest3.test318, RegressionTest3.test319, RegressionTest3.test320, RegressionTest3.test321, RegressionTest3.test322, RegressionTest3.test323, RegressionTest3.test324, RegressionTest3.test325, RegressionTest3.test326, RegressionTest3.test327, RegressionTest3.test328, RegressionTest3.test329, RegressionTest3.test330, RegressionTest3.test331, RegressionTest3.test332, RegressionTest3.test333, RegressionTest3.test334, RegressionTest3.test335, RegressionTest3.test336, RegressionTest3.test337, RegressionTest3.test338, RegressionTest3.test339, RegressionTest3.test340, RegressionTest3.test341, RegressionTest3.test342, RegressionTest3.test343, RegressionTest3.test344, RegressionTest3.test345, RegressionTest3.test346, RegressionTest3.test347, RegressionTest3.test348, RegressionTest3.test349, RegressionTest3.test350, RegressionTest3.test351, RegressionTest3.test352, RegressionTest3.test353, RegressionTest3.test354, RegressionTest3.test355, RegressionTest3.test356, RegressionTest3.test357, RegressionTest3.test358, RegressionTest3.test359, RegressionTest3.test360, RegressionTest3.test361, RegressionTest3.test362, RegressionTest3.test363, RegressionTest3.test364, RegressionTest3.test365, RegressionTest3.test366, RegressionTest3.test367, RegressionTest3.test368, RegressionTest3.test369, RegressionTest3.test370, RegressionTest3.test371, RegressionTest3.test372, RegressionTest3.test373, RegressionTest3.test374, RegressionTest3.test375, RegressionTest3.test376, RegressionTest3.test377, RegressionTest3.test378, RegressionTest3.test379, RegressionTest3.test380, RegressionTest3.test381, RegressionTest3.test382, RegressionTest3.test383, RegressionTest3.test384, RegressionTest3.test385, RegressionTest3.test386, RegressionTest3.test387, RegressionTest3.test388, RegressionTest3.test389, RegressionTest3.test390, RegressionTest3.test391, RegressionTest3.test392, RegressionTest3.test393, RegressionTest3.test394, RegressionTest3.test395, RegressionTest3.test396, RegressionTest3.test397, RegressionTest3.test398, RegressionTest3.test399, RegressionTest3.test400, RegressionTest3.test401, RegressionTest3.test402, RegressionTest3.test403, RegressionTest3.test404, RegressionTest3.test405, RegressionTest3.test406, RegressionTest3.test407, RegressionTest3.test408, RegressionTest3.test409, RegressionTest3.test410, RegressionTest3.test411, RegressionTest3.test412, RegressionTest3.test413, RegressionTest3.test414, RegressionTest3.test415, RegressionTest3.test416, RegressionTest3.test417, RegressionTest3.test418, RegressionTest3.test419, RegressionTest3.test420, RegressionTest3.test421, RegressionTest3.test422]

Time each test takes to run in the new order:
[4890449, 5847539, 5116090, 7110526, 8942207, 15121659, 9087292, 19874304, 65954847, 103921, 6379617, 6348179, 5212772, 4434881, 244474, 6432340, 6366571, 8724298, 57412829, 984572313, 7716530, 6123845, 4565533, 19977832, 19157366, 12336847, 19188217, 136753, 9464916, 12230736, 6008363, 7094081, 7498985, 6142860, 6928110, 6503301, 4891445, 6579178, 9016037, 5369753, 6389292, 19868596, 8973162, 4417327, 4826402, 5490798, 6865146, 7628314, 6130712, 6086228, 5675081, 5012280, 10137626, 20755515, 13448558, 137224, 6410177, 9394959, 11231351, 6343596, 7777537, 6665767, 4634133, 4928302, 6552522, 4995085, 20527561, 5955368, 7520254, 8169054, 8958766, 5089207, 4452518, 5617251, 6793923, 5745708, 13562910, 4684498, 4745700, 12446975, 6232444, 7149026, 4366964, 7037826, 6948452, 5456515, 26375175, 6115666, 4642905, 105739, 6040482, 8074915, 18392853, 6965335, 8366014, 7923269, 679280, 7473340, 6337212, 30562777, 18407569, 141527, 10727325, 5998871, 9017117, 11419306, 7205646, 5393683, 5498507, 7383640, 5997994, 14687211, 5850383, 4690348, 14158483, 7055095, 39105457, 13276848, 6686032, 6631126, 9848768, 7152960, 8730557, 4860303, 5732986, 76283081, 54128, 5839387, 5023577, 11768505, 30368875, 5879811, 5923097, 9010772, 6250874, 6291571, 61607963, 7316142, 4611323, 6369025, 63062522, 4920796, 6462006, 7198110, 30499619, 6237601, 105000, 6205519, 4928956, 121867611, 4449630, 6978537, 9352241, 5421069, 7691095, 7151241, 8836601, 6426203, 5483607, 6429040]

Dependent test list:
[Test: RegressionTest3.test051, Intended behavior: FAILURE, when executed after: [RegressionTest2.test443], The revealed different behavior: PASS, when executed after: [], Test: RegressionTest2.test443, Intended behavior: FAILURE, when executed after: [RegressionTest0.test006], The revealed different behavior: PASS, when executed after: [], Test: RegressionTest5.test13, Intended behavior: FAILURE, when executed after: [RegressionTest4.test403], The revealed different behavior: PASS, when executed after: [], Test: RegressionTest4.test403, Intended behavior: FAILURE, when executed after: [RegressionTest3.test051], The revealed different behavior: PASS, when executed after: []]
--------------------------
Execution time of TLG and its time to find/nullify any DTs for 1 machine (does not include the time to run the tests in the new order): 3.285
Number of tests selected out of total in original order: 160 / 2562
Number of DTs not fixed: 0
Number of DTs fixed: 0
Execution time for executing the following testing order: 2.763

Test order list:
[RegressionTest3.test423, RegressionTest3.test424, RegressionTest3.test425, RegressionTest3.test426, RegressionTest3.test427, RegressionTest3.test428, RegressionTest3.test429, RegressionTest3.test430, RegressionTest3.test431, RegressionTest3.test432, RegressionTest3.test433, RegressionTest3.test434, RegressionTest3.test435, RegressionTest3.test436, RegressionTest3.test437, RegressionTest3.test438, RegressionTest3.test439, RegressionTest3.test440, RegressionTest3.test441, RegressionTest3.test442, RegressionTest3.test443, RegressionTest3.test444, RegressionTest3.test445, RegressionTest3.test446, RegressionTest3.test447, RegressionTest3.test448, RegressionTest3.test449, RegressionTest3.test450, RegressionTest3.test451, RegressionTest3.test452, RegressionTest3.test453, RegressionTest3.test454, RegressionTest3.test455, RegressionTest3.test456, RegressionTest3.test457, RegressionTest3.test458, RegressionTest3.test459, RegressionTest3.test460, RegressionTest3.test461, RegressionTest3.test462, RegressionTest3.test463, RegressionTest3.test464, RegressionTest3.test465, RegressionTest3.test466, RegressionTest3.test467, RegressionTest3.test468, RegressionTest3.test469, RegressionTest3.test470, RegressionTest3.test471, RegressionTest3.test472, RegressionTest3.test473, RegressionTest3.test474, RegressionTest3.test475, RegressionTest3.test476, RegressionTest3.test477, RegressionTest3.test478, RegressionTest3.test479, RegressionTest3.test480, RegressionTest3.test481, RegressionTest3.test482, RegressionTest3.test483, RegressionTest3.test484, RegressionTest3.test485, RegressionTest3.test486, RegressionTest3.test487, RegressionTest3.test488, RegressionTest3.test489, RegressionTest3.test490, RegressionTest3.test491, RegressionTest3.test492, RegressionTest3.test493, RegressionTest3.test494, RegressionTest3.test495, RegressionTest3.test496, RegressionTest3.test497, RegressionTest3.test498, RegressionTest3.test499, RegressionTest3.test500, RegressionTest4.test006, RegressionTest4.test007, RegressionTest4.test005, RegressionTest4.test004, RegressionTest4.test003, RegressionTest4.test027, RegressionTest4.test028, RegressionTest4.test029, RegressionTest4.test030, RegressionTest4.test031, RegressionTest4.test032, RegressionTest4.test033, RegressionTest4.test034, RegressionTest4.test035, RegressionTest4.test036, RegressionTest4.test037, RegressionTest4.test038, RegressionTest4.test039, RegressionTest4.test040, RegressionTest4.test041, RegressionTest4.test042, RegressionTest4.test043, RegressionTest4.test044, RegressionTest4.test045, RegressionTest4.test046, RegressionTest4.test047, RegressionTest4.test048, RegressionTest4.test049, RegressionTest4.test050, RegressionTest4.test051, RegressionTest4.test052, RegressionTest4.test053, RegressionTest4.test054, RegressionTest4.test055, RegressionTest4.test056, RegressionTest4.test057, RegressionTest4.test058, RegressionTest4.test059, RegressionTest4.test060, RegressionTest4.test061, RegressionTest4.test062, RegressionTest4.test063, RegressionTest4.test064, RegressionTest4.test065, RegressionTest4.test066, RegressionTest4.test067, RegressionTest4.test068, RegressionTest4.test069, RegressionTest4.test070, RegressionTest4.test071, RegressionTest4.test072, RegressionTest4.test073, RegressionTest4.test074, RegressionTest4.test075, RegressionTest4.test076, RegressionTest4.test077, RegressionTest4.test078, RegressionTest4.test079, RegressionTest4.test080, RegressionTest4.test081, RegressionTest4.test082, RegressionTest4.test083, RegressionTest4.test084, RegressionTest4.test085, RegressionTest4.test086, RegressionTest4.test087, RegressionTest4.test088, RegressionTest4.test089, RegressionTest4.test090, RegressionTest4.test091, RegressionTest4.test092, RegressionTest4.test093, RegressionTest4.test094, RegressionTest4.test095, RegressionTest4.test096, RegressionTest4.test097, RegressionTest4.test098, RegressionTest4.test099, RegressionTest4.test100, RegressionTest4.test101, RegressionTest4.test102, RegressionTest4.test103]

Time each test takes to run in the new order:
[28531581, 6752889, 18762711, 18480782, 5547896, 6069714, 82896, 26826853, 1331352, 4343867, 4741885, 80838258, 113670, 5851313, 549105729, 5756555, 24850341, 6936252, 4707583, 4551466, 12076398, 59887641, 6982242, 5937573, 6985621, 4256281, 4528827, 6100365, 70367685, 8710643, 4578120, 30734184, 262743, 5540743, 62968, 5923723, 6371370, 29974325, 8636028, 4850724, 22697650, 6437304, 19007848, 6704259, 4667393, 4740356, 6176567, 4574257, 6672545, 18863946, 5985608, 48650133, 5410223, 32899657, 18404034, 30497861, 7716199, 20210804, 5569993, 18532054, 8364673, 19843417, 19830420, 19897420, 4466255, 7125051, 8392385, 8582967, 30445441, 14585488, 2192558, 6035564, 29094087, 28989279, 30387014, 5503876, 6425748, 5750590, 39338379, 48422196, 4308614, 5785723, 38876578, 5042708, 8097308, 18509972, 64235, 5016078, 19071509, 4377583, 7334364, 6410817, 9365272, 5760850, 7072099, 6685691, 5969293, 4415139, 6336036, 99346023, 30255340, 1630130, 17606090, 19174164, 5798004, 8391223, 5987448, 19228151, 5038014, 5562975, 5780694, 6053186, 5645551, 6066278, 34938096, 4727726, 30491002, 6741937, 19654010, 7167585, 6473086, 31094823, 5504146, 20756293, 5758737, 142524765, 8800115, 100420, 7138634, 4893281, 5206884, 4696337, 4693765, 6232680, 5410917, 338199, 6698632, 13489475, 7955288, 29527250, 15631890, 6671653, 7070567, 4759911, 4817550, 4774024, 18418839, 6894288, 8866818, 17176406, 6571816, 29659045, 15591748, 6824106, 12399371, 2720005, 17910426, 4831291, 6717199, 8590575]

Dependent test list:
[Test: RegressionTest3.test051, Intended behavior: FAILURE, when executed after: [RegressionTest2.test443], The revealed different behavior: PASS, when executed after: [], Test: RegressionTest2.test443, Intended behavior: FAILURE, when executed after: [RegressionTest0.test006], The revealed different behavior: PASS, when executed after: [], Test: RegressionTest5.test13, Intended behavior: FAILURE, when executed after: [RegressionTest4.test403], The revealed different behavior: PASS, when executed after: [], Test: RegressionTest4.test403, Intended behavior: FAILURE, when executed after: [RegressionTest3.test051], The revealed different behavior: PASS, when executed after: []]
--------------------------
Execution time of TLG and its time to find/nullify any DTs for 1 machine (does not include the time to run the tests in the new order): 5.959
Number of tests selected out of total in original order: 160 / 2562
Number of DTs not fixed: 0
Number of DTs fixed: 0
Execution time for executing the following testing order: 3.603

Test order list:
[RegressionTest4.test104, RegressionTest4.test105, RegressionTest4.test106, RegressionTest4.test107, RegressionTest4.test108, RegressionTest4.test109, RegressionTest4.test110, RegressionTest4.test111, RegressionTest4.test112, RegressionTest4.test113, RegressionTest4.test114, RegressionTest4.test115, RegressionTest4.test116, RegressionTest4.test117, RegressionTest4.test118, RegressionTest4.test119, RegressionTest4.test120, RegressionTest4.test121, RegressionTest4.test122, RegressionTest4.test123, RegressionTest4.test124, RegressionTest4.test125, RegressionTest4.test126, RegressionTest4.test127, RegressionTest4.test128, RegressionTest4.test129, RegressionTest4.test130, RegressionTest4.test131, RegressionTest4.test132, RegressionTest4.test133, RegressionTest4.test134, RegressionTest4.test135, RegressionTest4.test136, RegressionTest4.test137, RegressionTest4.test138, RegressionTest4.test139, RegressionTest4.test140, RegressionTest4.test141, RegressionTest4.test142, RegressionTest4.test143, RegressionTest4.test144, RegressionTest4.test145, RegressionTest4.test146, RegressionTest4.test147, RegressionTest4.test148, RegressionTest4.test149, RegressionTest4.test150, RegressionTest4.test151, RegressionTest4.test152, RegressionTest4.test153, RegressionTest4.test154, RegressionTest4.test155, RegressionTest4.test156, RegressionTest4.test157, RegressionTest4.test158, RegressionTest4.test159, RegressionTest4.test160, RegressionTest4.test161, RegressionTest4.test162, RegressionTest4.test163, RegressionTest4.test164, RegressionTest4.test165, RegressionTest4.test166, RegressionTest4.test167, RegressionTest4.test168, RegressionTest4.test169, RegressionTest4.test170, RegressionTest4.test171, RegressionTest4.test172, RegressionTest4.test173, RegressionTest4.test174, RegressionTest4.test175, RegressionTest4.test176, RegressionTest4.test177, RegressionTest4.test178, RegressionTest4.test179, RegressionTest4.test180, RegressionTest4.test181, RegressionTest4.test182, RegressionTest4.test183, RegressionTest4.test184, RegressionTest4.test185, RegressionTest4.test186, RegressionTest4.test187, RegressionTest4.test188, RegressionTest4.test189, RegressionTest4.test190, RegressionTest4.test191, RegressionTest4.test192, RegressionTest4.test001, RegressionTest4.test002, RegressionTest4.test008, RegressionTest4.test009, RegressionTest4.test010, RegressionTest4.test011, RegressionTest4.test012, RegressionTest4.test013, RegressionTest4.test014, RegressionTest4.test015, RegressionTest4.test016, RegressionTest4.test017, RegressionTest4.test018, RegressionTest4.test019, RegressionTest4.test020, RegressionTest4.test021, RegressionTest4.test022, RegressionTest4.test023, RegressionTest4.test024, RegressionTest4.test025, RegressionTest4.test026, RegressionTest4.test193, RegressionTest4.test194, RegressionTest4.test195, RegressionTest4.test196, RegressionTest4.test197, RegressionTest4.test198, RegressionTest4.test199, RegressionTest4.test200, RegressionTest4.test201, RegressionTest4.test202, RegressionTest4.test203, RegressionTest4.test204, RegressionTest4.test205, RegressionTest4.test206, RegressionTest4.test207, RegressionTest4.test208, RegressionTest4.test209, RegressionTest4.test210, RegressionTest4.test211, RegressionTest4.test212, RegressionTest4.test213, RegressionTest4.test214, RegressionTest4.test215, RegressionTest4.test216, RegressionTest4.test217, RegressionTest4.test218, RegressionTest4.test219, RegressionTest4.test220, RegressionTest4.test221, RegressionTest4.test222, RegressionTest4.test223, RegressionTest4.test224, RegressionTest4.test225, RegressionTest4.test226, RegressionTest4.test227, RegressionTest4.test228, RegressionTest4.test229, RegressionTest4.test230, RegressionTest4.test231, RegressionTest4.test232, RegressionTest4.test233, RegressionTest4.test234, RegressionTest4.test235, RegressionTest4.test236, RegressionTest4.test237, RegressionTest4.test238, RegressionTest4.test239, RegressionTest4.test240, RegressionTest4.test241, RegressionTest4.test242]

Time each test takes to run in the new order:
[30039421, 20962790, 7103944, 31683474, 12888699, 30646593, 30140771, 89080861, 31131514, 6395164, 18738338, 17853208, 5717565, 6909428, 44029100, 18852139, 5187753, 4803762, 30155809, 33924767, 6042802, 18151474, 35223055, 126008912, 18729320, 20922749, 8214740, 100445, 112725291, 4902907, 4393419, 85218632, 68324, 5289331, 29463317, 19843832, 77521582, 5038581, 30386524, 29722225, 31507592, 9926389, 80565, 4370156, 22305212, 6595159, 18247391, 4841421, 29787315, 4957942, 8800443, 30444790, 44228089, 5366439, 23524032, 29349693, 20331209, 30977021, 4440853, 14511123, 9489236, 29535806, 6568587, 6811890, 4173056, 30481886, 19577306, 30351096, 7669397, 78478393, 11970286, 6084957, 5808037, 31812588, 29189807, 4956641, 19443693, 19017545, 5937844, 7064432, 6807080, 8068914, 76209, 17415218, 12325051, 5541767, 18150452, 31153917, 29759120, 19842131, 5173193, 20726147, 18536898, 4746613, 30693977, 9490250, 31109839, 18085927, 30273723, 536818270, 19804550, 5016489, 29737153, 23448492, 5972549, 9729427, 76001, 4436114, 20027040, 7243324, 32990467, 14147456, 4291098, 4194984, 19467823, 17276350, 4978954, 23485969, 29930666, 8474958, 30130461, 19364385, 30603217, 50070553, 19422742, 11620010, 4887550, 31149526, 12581283, 17803266, 5682905, 37116382, 5009696, 16827189, 5143649, 7226289, 19458147, 116721, 4194675, 6821659, 28793840, 86614, 5235043, 6395620, 19045900, 18796634, 30006069, 4533342, 18905472, 29727016, 22842402, 6823244, 7205323, 158053, 24601820, 4449678, 10778732, 31526696, 5022171, 29951223]

Dependent test list:
[Test: RegressionTest3.test051, Intended behavior: FAILURE, when executed after: [RegressionTest2.test443], The revealed different behavior: PASS, when executed after: [], Test: RegressionTest2.test443, Intended behavior: FAILURE, when executed after: [RegressionTest0.test006], The revealed different behavior: PASS, when executed after: [], Test: RegressionTest5.test13, Intended behavior: FAILURE, when executed after: [RegressionTest4.test403], The revealed different behavior: PASS, when executed after: [], Test: RegressionTest4.test403, Intended behavior: FAILURE, when executed after: [RegressionTest3.test051], The revealed different behavior: PASS, when executed after: []]
--------------------------
Execution time of TLG and its time to find/nullify any DTs for 1 machine (does not include the time to run the tests in the new order): 7.888
Number of tests selected out of total in original order: 160 / 2562
Number of DTs not fixed: 0
Number of DTs fixed: 0
Execution time for executing the following testing order: 4.728

Test order list:
[RegressionTest4.test243, RegressionTest4.test244, RegressionTest4.test245, RegressionTest4.test246, RegressionTest4.test247, RegressionTest4.test248, RegressionTest4.test249, RegressionTest4.test250, RegressionTest4.test251, RegressionTest4.test252, RegressionTest4.test253, RegressionTest4.test254, RegressionTest4.test255, RegressionTest4.test256, RegressionTest4.test257, RegressionTest4.test258, RegressionTest4.test259, RegressionTest4.test260, RegressionTest4.test261, RegressionTest4.test262, RegressionTest4.test263, RegressionTest4.test264, RegressionTest4.test265, RegressionTest4.test266, RegressionTest4.test267, RegressionTest4.test268, RegressionTest4.test269, RegressionTest4.test270, RegressionTest4.test271, RegressionTest4.test272, RegressionTest4.test273, RegressionTest4.test274, RegressionTest4.test275, RegressionTest4.test276, RegressionTest4.test277, RegressionTest4.test278, RegressionTest4.test279, RegressionTest4.test280, RegressionTest4.test281, RegressionTest4.test282, RegressionTest4.test283, RegressionTest4.test284, RegressionTest4.test285, RegressionTest4.test286, RegressionTest4.test287, RegressionTest4.test288, RegressionTest4.test289, RegressionTest4.test290, RegressionTest4.test291, RegressionTest4.test292, RegressionTest4.test293, RegressionTest4.test294, RegressionTest4.test295, RegressionTest4.test296, RegressionTest4.test297, RegressionTest4.test298, RegressionTest4.test299, RegressionTest4.test300, RegressionTest4.test301, RegressionTest4.test302, RegressionTest4.test303, RegressionTest4.test304, RegressionTest4.test305, RegressionTest4.test306, RegressionTest4.test307, RegressionTest4.test308, RegressionTest4.test309, RegressionTest4.test310, RegressionTest4.test311, RegressionTest4.test312, RegressionTest4.test313, RegressionTest4.test314, RegressionTest4.test315, RegressionTest4.test316, RegressionTest4.test317, RegressionTest4.test318, RegressionTest4.test319, RegressionTest4.test320, RegressionTest4.test321, RegressionTest4.test322, RegressionTest4.test323, RegressionTest4.test324, RegressionTest4.test325, RegressionTest4.test326, RegressionTest4.test327, RegressionTest4.test328, RegressionTest4.test329, RegressionTest4.test330, RegressionTest4.test331, RegressionTest4.test332, RegressionTest4.test333, RegressionTest4.test334, RegressionTest4.test335, RegressionTest4.test336, RegressionTest4.test337, RegressionTest4.test338, RegressionTest4.test339, RegressionTest4.test340, RegressionTest4.test341, RegressionTest4.test342, RegressionTest4.test343, RegressionTest4.test344, RegressionTest4.test345, RegressionTest4.test346, RegressionTest4.test347, RegressionTest4.test348, RegressionTest4.test349, RegressionTest4.test350, RegressionTest4.test351, RegressionTest4.test352, RegressionTest4.test353, RegressionTest4.test354, RegressionTest4.test355, RegressionTest4.test356, RegressionTest4.test357, RegressionTest4.test358, RegressionTest4.test359, RegressionTest4.test360, RegressionTest4.test361, RegressionTest4.test362, RegressionTest4.test363, RegressionTest4.test364, RegressionTest4.test365, RegressionTest4.test366, RegressionTest4.test367, RegressionTest4.test368, RegressionTest4.test369, RegressionTest4.test370, RegressionTest4.test371, RegressionTest4.test372, RegressionTest4.test373, RegressionTest4.test374, RegressionTest4.test375, RegressionTest4.test376, RegressionTest4.test377, RegressionTest4.test378, RegressionTest4.test379, RegressionTest4.test380, RegressionTest4.test381, RegressionTest4.test382, RegressionTest4.test383, RegressionTest4.test384, RegressionTest4.test385, RegressionTest4.test386, RegressionTest4.test387, RegressionTest4.test388, RegressionTest4.test389, RegressionTest4.test390, RegressionTest4.test391, RegressionTest4.test392, RegressionTest4.test393, RegressionTest4.test394, RegressionTest4.test395, RegressionTest4.test396, RegressionTest4.test397, RegressionTest4.test398, RegressionTest4.test399, RegressionTest4.test400, RegressionTest4.test401, RegressionTest4.test402]

Time each test takes to run in the new order:
[30599565, 5009905, 4210367, 31075431, 87818, 4202050, 20566022, 43269053, 31716924, 21531306, 8542223, 6155665, 30735417, 63191551, 5402024, 107354584, 6739923, 194285, 30402475, 25193431, 96522770, 66785065, 111275299, 30551994, 32386241, 95344, 77789388, 110418172, 124420832, 31687947, 7115677, 33747266, 4476577, 30667069, 18750730, 4149531, 19641309, 5925997, 30129536, 4428670, 75042192, 30864023, 5241786, 30916658, 4191706, 17920474, 6193511, 5378530, 30666860, 22491446, 112908589, 20469243, 4331818, 18972509, 31571587, 31369923, 4509750, 5540259, 25572527, 4983015, 29913966, 8536776, 8992286, 5167335, 30085586, 6231711, 60922353, 17673126, 16512748, 4117337, 558194120, 111787, 112650033, 4779699, 9437536, 18041753, 233834587, 19829016, 6179422, 5124779, 31766054, 134324, 13827374, 31751798, 31144644, 18526988, 18909964, 4449945, 4766713, 19386682, 4145624, 5005476, 7036513, 20321613, 4301445, 5031936, 18981664, 13402559, 6567701, 27932780, 26717212, 16177772, 4959578, 36742703, 18263350, 4465690, 5506647, 32235697, 6191260, 4484502, 106849, 30448399, 4948439, 5048591, 63855005, 7732547, 19841320, 5233502, 19692179, 328058628, 4325457, 8032363, 912402, 5016437, 5214341, 19449206, 7404707, 30295912, 14376786, 18702754, 5275260, 4488124, 8869451, 5307960, 19994754, 19474801, 4383160, 6947275, 5219598, 4609415, 5104758, 31736901, 19746775, 36563058, 141794, 10713959, 68482154, 4503716, 117954670, 4653823, 33153369, 4477023, 5595800, 57060186, 18823966, 199037991, 4191256, 8410840, 119590, 8118788]

Dependent test list:
[Test: RegressionTest3.test051, Intended behavior: FAILURE, when executed after: [RegressionTest2.test443], The revealed different behavior: PASS, when executed after: [], Test: RegressionTest2.test443, Intended behavior: FAILURE, when executed after: [RegressionTest0.test006], The revealed different behavior: PASS, when executed after: [], Test: RegressionTest5.test13, Intended behavior: FAILURE, when executed after: [RegressionTest4.test403], The revealed different behavior: PASS, when executed after: [], Test: RegressionTest4.test403, Intended behavior: FAILURE, when executed after: [RegressionTest3.test051], The revealed different behavior: PASS, when executed after: []]
--------------------------
Execution time of TLG and its time to find/nullify any DTs for 1 machine (does not include the time to run the tests in the new order): 4.308
Number of tests selected out of total in original order: 163 / 2562
Number of DTs not fixed: 0
Number of DTs fixed: 0
Execution time for executing the following testing order: 2.451

Test order list:
[RegressionTest0.test006, RegressionTest2.test443, RegressionTest3.test051, RegressionTest4.test403, RegressionTest4.test404, RegressionTest4.test405, RegressionTest4.test406, RegressionTest4.test407, RegressionTest4.test408, RegressionTest4.test409, RegressionTest4.test410, RegressionTest4.test411, RegressionTest4.test412, RegressionTest4.test413, RegressionTest4.test414, RegressionTest4.test415, RegressionTest4.test416, RegressionTest4.test417, RegressionTest4.test418, RegressionTest4.test419, RegressionTest4.test420, RegressionTest4.test421, RegressionTest4.test422, RegressionTest4.test423, RegressionTest4.test424, RegressionTest4.test425, RegressionTest4.test426, RegressionTest4.test427, RegressionTest4.test428, RegressionTest4.test429, RegressionTest4.test430, RegressionTest4.test431, RegressionTest4.test432, RegressionTest4.test433, RegressionTest4.test434, RegressionTest4.test435, RegressionTest4.test436, RegressionTest4.test437, RegressionTest4.test438, RegressionTest4.test439, RegressionTest4.test440, RegressionTest4.test441, RegressionTest4.test442, RegressionTest4.test443, RegressionTest4.test444, RegressionTest4.test445, RegressionTest4.test446, RegressionTest4.test447, RegressionTest4.test448, RegressionTest4.test449, RegressionTest4.test450, RegressionTest4.test451, RegressionTest4.test452, RegressionTest4.test453, RegressionTest4.test454, RegressionTest4.test455, RegressionTest4.test456, RegressionTest4.test457, RegressionTest4.test458, RegressionTest4.test459, RegressionTest4.test460, RegressionTest4.test461, RegressionTest4.test462, RegressionTest4.test463, RegressionTest4.test464, RegressionTest4.test465, RegressionTest4.test466, RegressionTest4.test467, RegressionTest4.test468, RegressionTest4.test469, RegressionTest4.test470, RegressionTest4.test471, RegressionTest4.test472, RegressionTest4.test473, RegressionTest4.test474, RegressionTest4.test475, RegressionTest4.test476, RegressionTest4.test477, RegressionTest4.test478, RegressionTest4.test479, RegressionTest4.test480, RegressionTest4.test481, RegressionTest4.test482, RegressionTest4.test483, RegressionTest4.test484, RegressionTest4.test485, RegressionTest4.test486, RegressionTest4.test487, RegressionTest4.test488, RegressionTest4.test489, RegressionTest4.test490, RegressionTest4.test491, RegressionTest4.test492, RegressionTest4.test493, RegressionTest4.test494, RegressionTest4.test495, RegressionTest4.test496, RegressionTest4.test497, RegressionTest4.test498, RegressionTest4.test499, RegressionTest4.test500, RegressionTest5.test01, RegressionTest5.test02, RegressionTest5.test03, RegressionTest5.test04, RegressionTest5.test05, RegressionTest5.test06, RegressionTest5.test07, RegressionTest5.test08, RegressionTest5.test09, RegressionTest5.test10, RegressionTest5.test11, RegressionTest5.test12, RegressionTest5.test13, RegressionTest5.test14, RegressionTest5.test15, RegressionTest5.test16, RegressionTest5.test17, RegressionTest5.test18, RegressionTest5.test19, RegressionTest5.test20, RegressionTest5.test21, RegressionTest5.test22, RegressionTest5.test23, RegressionTest5.test24, RegressionTest5.test25, RegressionTest5.test26, RegressionTest5.test27, RegressionTest5.test28, RegressionTest5.test29, RegressionTest5.test30, RegressionTest5.test31, RegressionTest5.test32, RegressionTest5.test33, RegressionTest5.test34, RegressionTest5.test35, RegressionTest5.test36, RegressionTest5.test37, RegressionTest5.test38, RegressionTest5.test39, RegressionTest5.test40, RegressionTest5.test41, RegressionTest5.test42, RegressionTest5.test43, RegressionTest5.test44, RegressionTest5.test45, RegressionTest5.test46, RegressionTest5.test47, RegressionTest5.test48, RegressionTest5.test49, RegressionTest5.test50, RegressionTest5.test51, RegressionTest5.test52, RegressionTest5.test53, RegressionTest5.test54, RegressionTest5.test55, RegressionTest5.test56, RegressionTest5.test57, RegressionTest5.test58, RegressionTest5.test59, RegressionTest5.test60, RegressionTest5.test61, RegressionTest5.test62]

Time each test takes to run in the new order:
[6961631, 6378181, 9356948, 6026938, 5608559, 6401442, 6543189, 13166552, 4374771, 11060947, 4426076, 5670341, 4808036, 9406653, 6534501, 12565430, 6769434, 117852, 75899951, 8452844, 6421526, 6886809, 9696366, 6937328, 5364072, 5825441, 7911639, 4386030, 8008253, 6687413, 6194234, 6068255, 7827679, 4189705, 7082981, 4448450, 6629516, 5658592, 230010122, 4225502, 6352588, 4812514, 4404472, 725067737, 134151, 6282410, 6469509, 4318243, 4103972, 10736965, 6580657, 10474916, 7422982, 6183029, 6394754, 4435291, 5405381, 32299495, 4394560, 7525074, 15211465, 133131, 177121740, 6527325, 7477327, 4508704, 6169475, 8045708, 6546753, 6590919, 5849198, 358742, 4620797, 18057652, 5935166, 6970004, 5922104, 7537933, 5500037, 5520605, 5585275, 68156994, 4777238, 6717158, 6769039, 5757281, 1983144, 4762586, 6999946, 17776385, 4634017, 10533710, 93680, 6936453, 4126285, 5502823, 4533479, 5571671, 6190455, 4246015, 6380105, 6312973, 4324151, 5342144, 6195838, 6272297, 6336254, 5754015, 14602184, 6494677, 76857, 6405297, 6386340, 15179752, 5262047, 9378180, 6952861, 7647363, 4909895, 8606640, 5545174, 7785582, 6699508, 9773309, 7133138, 5142484, 7439416, 6471252, 7916707, 6312776, 4914234, 4310957, 7060729, 11768821, 9416367, 58120133, 4707217, 9386698, 6417410, 5872117, 4358202, 6783032, 4325950, 5456848, 49412444, 4181533, 5964390, 18441339, 6792310, 6849243, 6774376, 4071909, 2915490, 5851554, 7923326, 22604549, 4764847, 6172711, 6005857, 5930906, 7681641, 5938868, 10031962]

Dependent test list:
[Test: RegressionTest3.test051, Intended behavior: FAILURE, when executed after: [RegressionTest2.test443], The revealed different behavior: PASS, when executed after: [], Test: RegressionTest2.test443, Intended behavior: FAILURE, when executed after: [RegressionTest0.test006], The revealed different behavior: PASS, when executed after: [], Test: RegressionTest5.test13, Intended behavior: FAILURE, when executed after: [RegressionTest4.test403], The revealed different behavior: PASS, when executed after: [], Test: RegressionTest4.test403, Intended behavior: FAILURE, when executed after: [RegressionTest3.test051], The revealed different behavior: PASS, when executed after: []]
--------------------------
Total time (of all machines and iterations plus initial TestListGenerator): 52.827
New order time: 4.728
Total number of tests executed in all machines out of total in original order: 2566 / 2562