Test: RegressionTest3.test051
Intended behavior: FAILURE
when executed after: [RegressionTest2.test443]
The revealed different behavior: PASS
when executed after: []

Test: RegressionTest2.test443
Intended behavior: FAILURE
when executed after: [RegressionTest0.test012]
The revealed different behavior: PASS
when executed after: []

Test: RegressionTest5.test13
Intended behavior: FAILURE
when executed after: [RegressionTest4.test403]
The revealed different behavior: PASS
when executed after: []

Test: RegressionTest4.test403
Intended behavior: FAILURE
when executed after: [RegressionTest3.test051]
The revealed different behavior: PASS
when executed after: []

