Test: com.dangdang.ddframe.job.event.rdb.JobEventRdbSearchTest.assertFindJobStatusTraceEventsWithTime
Intended behavior: FAILURE
when executed after: [com.dangdang.ddframe.job.event.rdb.JobEventRdbSearchTest.assertFindJobExecutionEventsWithErrorPageSizeAndNumber]
The revealed different behavior: PASS
when executed after: []

Test: com.dangdang.ddframe.job.event.rdb.JobEventRdbSearchTest.assertFindJobExecutionEventsWithErrorPageSizeAndNumber
Intended behavior: FAILURE
when executed after: [com.dangdang.ddframe.job.context.TaskContextTest.assertGetTaskName]
The revealed different behavior: PASS
when executed after: []

Test: com.dangdang.ddframe.job.context.TaskContextTest.assertGetTaskName
Intended behavior: FAILURE
when executed after: [com.dangdang.ddframe.job.context.TaskContextTest.assertGetIdForUnassignedSlave]
The revealed different behavior: PASS
when executed after: []

Test: com.dangdang.ddframe.job.context.TaskContextTest.assertGetIdForUnassignedSlave
Intended behavior: FAILURE
when executed after: [com.dangdang.ddframe.job.context.TaskContextTest.assertMetaInfoFromWithTaskIdWithoutShardingItems]
The revealed different behavior: PASS
when executed after: []

Test: com.dangdang.ddframe.job.context.TaskContextTest.assertMetaInfoFromWithTaskIdWithoutShardingItems
Intended behavior: FAILURE
when executed after: [com.dangdang.ddframe.job.context.TaskContextTest.assertMetaInfoFromWithMetaInfoWithoutShardingItems]
The revealed different behavior: PASS
when executed after: []

Test: com.dangdang.ddframe.job.context.TaskContextTest.assertMetaInfoFromWithMetaInfoWithoutShardingItems
Intended behavior: FAILURE
when executed after: [com.dangdang.ddframe.job.context.TaskContextTest.assertMetaInfoFromWithTaskId]
The revealed different behavior: PASS
when executed after: []

Test: com.dangdang.ddframe.job.context.TaskContextTest.assertMetaInfoFromWithTaskId
Intended behavior: FAILURE
when executed after: [com.dangdang.ddframe.job.context.TaskContextTest.assertMetaInfoFromWithMetaInfo]
The revealed different behavior: PASS
when executed after: []

Test: com.dangdang.ddframe.job.context.TaskContextTest.assertMetaInfoFromWithMetaInfo
Intended behavior: FAILURE
when executed after: [com.dangdang.ddframe.job.context.TaskContextTest.assertTaskContextFrom]
The revealed different behavior: PASS
when executed after: []

Test: com.dangdang.ddframe.job.context.TaskContextTest.assertTaskContextFrom
Intended behavior: FAILURE
when executed after: [com.dangdang.ddframe.job.context.TaskContextTest.assertGetMetaInfo]
The revealed different behavior: PASS
when executed after: []

Test: com.dangdang.ddframe.job.context.TaskContextTest.assertGetMetaInfo
Intended behavior: FAILURE
when executed after: [com.dangdang.ddframe.job.context.TaskContextTest.assertNewWithoutSlaveId]
The revealed different behavior: PASS
when executed after: []

Test: com.dangdang.ddframe.job.context.TaskContextTest.assertNewWithoutSlaveId
Intended behavior: FAILURE
when executed after: [com.dangdang.ddframe.job.config.JobCoreConfigurationTest.assertBuildWhenOptionalParametersIsNull]
The revealed different behavior: PASS
when executed after: []

Test: com.dangdang.ddframe.job.config.JobCoreConfigurationTest.assertBuildWhenOptionalParametersIsNull
Intended behavior: FAILURE
when executed after: [com.dangdang.ddframe.job.api.ShardingContextTest.assertNew]
The revealed different behavior: PASS
when executed after: []

