The following arguments were used to generate this output.
[-technique, prioritization, -coverage, statement, -order, relative, -origOrder, /boom/scratch/reedoei2/dt-tools/run-new-subjects/Photoplatform_Angular_Spring-3a7d9e7/experiments/Photoplatform_Angular_Spring-old-83d49399648b81fbc134fd4d329d575907ffc788/target/Photoplatform_Angular_Spring-orig-order, -testInputDir, /boom/scratch/reedoei2/dt-tools/run-new-subjects/Photoplatform_Angular_Spring-3a7d9e7/experiments/Photoplatform_Angular_Spring-old-83d49399648b81fbc134fd4d329d575907ffc788/target/sootTestOutput-orig, -filesToDelete, /boom/scratch/reedoei2/dt-tools/run-new-subjects/Photoplatform_Angular_Spring-3a7d9e7/experiments/Photoplatform_Angular_Spring-old-83d49399648b81fbc134fd4d329d575907ffc788/target/Photoplatform_Angular_Spring-env-files, -getCoverage, -project, Photoplatform_Angular_Spring, -testType, orig, -outputDir, /scratch/reedoei2/dt-tools/run-new-subjects/Photoplatform_Angular_Spring-3a7d9e7/experiments/prioritization-results, -timesToRun, 5, -classpath, /boom/scratch/reedoei2/dt-tools/run-new-subjects/Photoplatform_Angular_Spring-3a7d9e7/experiments/Photoplatform_Angular_Spring-old-83d49399648b81fbc134fd4d329d575907ffc788/target/dependency/*:/boom/scratch/reedoei2/dt-tools/run-new-subjects/Photoplatform_Angular_Spring-3a7d9e7/experiments/Photoplatform_Angular_Spring-old-83d49399648b81fbc134fd4d329d575907ffc788/target/classes:/boom/scratch/reedoei2/dt-tools/run-new-subjects/Photoplatform_Angular_Spring-3a7d9e7/experiments/Photoplatform_Angular_Spring-old-83d49399648b81fbc134fd4d329d575907ffc788/target/randoop/bin:/boom/scratch/reedoei2/dt-tools/run-new-subjects/Photoplatform_Angular_Spring-3a7d9e7/experiments/Photoplatform_Angular_Spring-old-83d49399648b81fbc134fd4d329d575907ffc788/target/test-classes:, -resolveDependences, /scratch/reedoei2/dt-tools/run-new-subjects/Photoplatform_Angular_Spring-3a7d9e7/experiments/scripts/data/prioritization-dt-list/prioritization-Photoplatform_Angular_Spring-orig-statement-relative.txt]

Execution time of TLG and its time to find/nullify any DTs for 1 machine (does not include the time to run the tests in the new order): 1082.788
Number of tests selected out of total in original order: 15 / 15
Number of DTs not fixed: 0
Number of DTs fixed: 8

Average time to find one dependency: 116.5850160925
APFD value: 0.9794439082984323
Execution time for executing the following testing order: 17.067

Test order list:
[de.htw.sdf.photoplatform.repository.CategoryDAOTest.testBasic, de.htw.sdf.photoplatform.repository.CollectionDAOTest.testGetByUser, de.htw.sdf.photoplatform.repository.CollectionDAOTest.testBasic, de.htw.sdf.photoplatform.repository.CollectionDAOTest.testGetCategories, de.htw.sdf.photoplatform.repository.CollectionDAOTest.testGetImages, de.htw.sdf.photoplatform.repository.UserImageDAOTest.testGetUserImagesBy, de.htw.sdf.photoplatform.repository.CollectionCategoryDAOTest.testGetCollectionCategoryBy, de.htw.sdf.photoplatform.webservice.PhotographerControllerTest.testCreateCollection, de.htw.sdf.photoplatform.webservice.PhotographerControllerTest.testBasicCollectionsServices, de.htw.sdf.photoplatform.repository.ImageDAOTest.testGetPublicImages, de.htw.sdf.photoplatform.common.ImportSQLTester.test1InitSqlData, de.htw.sdf.photoplatform.repository.ImageDAOTest.testBasic, de.htw.sdf.photoplatform.webservice.PhotographerControllerTest.testGetPhotographersImages, de.htw.sdf.photoplatform.repository.RoleDAOTest.findTest, de.htw.sdf.photoplatform.webservice.util.UserUtilityTest.testValidateProfileData]

Time each test takes to run in the new order:
[25816379, 99187613, 21849273, 2752347, 360127469, 15010197, 31912953, 19940519, 13776596, 15934086336, 124954247, 12817842, 170753835, 28661436, 204882920]

Dependent test list:
[Test: de.htw.sdf.photoplatform.webservice.PhotographerControllerTest.testCreateCollection, Intended behavior: FAILURE, when executed after: [de.htw.sdf.photoplatform.repository.CollectionCategoryDAOTest.testGetCollectionCategoryBy], The revealed different behavior: PASS, when executed after: [], Test: de.htw.sdf.photoplatform.repository.UserImageDAOTest.testGetUserImagesBy, Intended behavior: FAILURE, when executed after: [de.htw.sdf.photoplatform.repository.CollectionDAOTest.testGetImages], The revealed different behavior: PASS, when executed after: [], Test: de.htw.sdf.photoplatform.repository.CollectionCategoryDAOTest.testGetCollectionCategoryBy, Intended behavior: FAILURE, when executed after: [de.htw.sdf.photoplatform.repository.UserImageDAOTest.testGetUserImagesBy], The revealed different behavior: PASS, when executed after: [], Test: de.htw.sdf.photoplatform.repository.CollectionDAOTest.testBasic, Intended behavior: FAILURE, when executed after: [de.htw.sdf.photoplatform.repository.CollectionDAOTest.testGetByUser], The revealed different behavior: PASS, when executed after: [], Test: de.htw.sdf.photoplatform.webservice.PhotographerControllerTest.testBasicCollectionsServices, Intended behavior: FAILURE, when executed after: [de.htw.sdf.photoplatform.webservice.PhotographerControllerTest.testCreateCollection], The revealed different behavior: PASS, when executed after: [], Test: de.htw.sdf.photoplatform.repository.CollectionDAOTest.testGetByUser, Intended behavior: FAILURE, when executed after: [de.htw.sdf.photoplatform.repository.CategoryDAOTest.testBasic], The revealed different behavior: PASS, when executed after: [], Test: de.htw.sdf.photoplatform.repository.CollectionDAOTest.testGetImages, Intended behavior: FAILURE, when executed after: [de.htw.sdf.photoplatform.repository.CollectionDAOTest.testGetCategories], The revealed different behavior: PASS, when executed after: [], Test: de.htw.sdf.photoplatform.repository.CollectionDAOTest.testGetCategories, Intended behavior: FAILURE, when executed after: [de.htw.sdf.photoplatform.repository.CollectionDAOTest.testBasic], The revealed different behavior: PASS, when executed after: []]

Coverage test list:
[30.3, 6.6, 3.3, 1.1, 4.4, 2.2, 2.2, 30.3, 16.1, 0.0, 0.0, 0.0, 0.0, 0.0, 0.0]
--------------------------
Total time (of all machines and iterations plus initial TestListGenerator): 17.140