The following arguments were used to generate this output.
[-technique, parallelization, -order, original, -origOrder, /scratch/reedoei2/run-new-subjects/jackrabbit-oak-865c56c8f02fdfc7a76ac12c6ce207df42ee9d77-new/experiments/jackrabbit-oak-new-865c56c8f02fdfc7a76ac12c6ce207df42ee9d77/oak-blob-plugins/target/jackrabbit-oak-oak-blob-plugins-orig-order, -testInputDir, /scratch/reedoei2/run-new-subjects/jackrabbit-oak-865c56c8f02fdfc7a76ac12c6ce207df42ee9d77-new/experiments/jackrabbit-oak-old-cd3d6e5c89597ebc4d39e7ce9344eed7215559d7/oak-blob-plugins/target/sootTestOutput-orig, -filesToDelete, /scratch/reedoei2/run-new-subjects/jackrabbit-oak-865c56c8f02fdfc7a76ac12c6ce207df42ee9d77-new/experiments/jackrabbit-oak-new-865c56c8f02fdfc7a76ac12c6ce207df42ee9d77/oak-blob-plugins/target/jackrabbit-oak-oak-blob-plugins-env-files, -project, jackrabbit-oak-oak-blob-plugins, -testType, orig, -numOfMachines, 4, -outputDir, /scratch/reedoei2/run-new-subjects/jackrabbit-oak-865c56c8f02fdfc7a76ac12c6ce207df42ee9d77-new/experiments/parallelization-results, -timesToRun, 5, -classpath, /scratch/reedoei2/run-new-subjects/jackrabbit-oak-865c56c8f02fdfc7a76ac12c6ce207df42ee9d77-new/experiments/jackrabbit-oak-new-865c56c8f02fdfc7a76ac12c6ce207df42ee9d77/oak-blob-plugins/target/dependency/*:/scratch/reedoei2/run-new-subjects/jackrabbit-oak-865c56c8f02fdfc7a76ac12c6ce207df42ee9d77-new/experiments/jackrabbit-oak-new-865c56c8f02fdfc7a76ac12c6ce207df42ee9d77/oak-blob-plugins/target/classes:/scratch/reedoei2/run-new-subjects/jackrabbit-oak-865c56c8f02fdfc7a76ac12c6ce207df42ee9d77-new/experiments/jackrabbit-oak-new-865c56c8f02fdfc7a76ac12c6ce207df42ee9d77/oak-blob-plugins/target/randoop/bin:/scratch/reedoei2/run-new-subjects/jackrabbit-oak-865c56c8f02fdfc7a76ac12c6ce207df42ee9d77-new/experiments/jackrabbit-oak-new-865c56c8f02fdfc7a76ac12c6ce207df42ee9d77/oak-blob-plugins/target/test-classes:, -dependentTestFile, /scratch/reedoei2/run-new-subjects/jackrabbit-oak-865c56c8f02fdfc7a76ac12c6ce207df42ee9d77-new/experiments/scripts/data/parallelization-dt-list/parallelization-jackrabbit-oak-oak-blob-plugins-orig-4-original.txt]

Execution time of TLG and its time to find/nullify any DTs for 1 machine (does not include the time to run the tests in the new order): 51.474
Number of tests selected out of total in original order: 38 / 149
Number of DTs not fixed: 0
Number of DTs fixed: 0
Execution time for executing the following testing order: 34.257

Test order list:
[org.apache.jackrabbit.oak.plugins.blob.datastore.InMemoryDataRecordTest.testGetInstance, org.apache.jackrabbit.oak.plugins.blob.datastore.OakFileDataStoreTest.testGetAllIdentifiers, org.apache.jackrabbit.oak.plugins.blob.datastore.OakFileDataStoreTest.testGetAllIdentifiersRelative1, org.apache.jackrabbit.oak.plugins.blob.datastore.OakFileDataStoreTest.testGetAllIdentifiersRelative2, org.apache.jackrabbit.oak.plugins.blob.datastore.OakFileDataStoreTest.testNoOpMap, org.apache.jackrabbit.oak.plugins.blob.datastore.DataStoreUtils.testPropertySetup, org.apache.jackrabbit.oak.plugins.blob.datastore.BlobIdTrackerStoreTest.addSnapshot, org.apache.jackrabbit.oak.plugins.blob.datastore.BlobIdTrackerStoreTest.addSnapshotRetrieve, org.apache.jackrabbit.oak.plugins.blob.datastore.BlobIdTrackerStoreTest.addSnapshotAdd, org.apache.jackrabbit.oak.plugins.blob.datastore.BlobIdTrackerStoreTest.addSnapshotAddSnapshot, org.apache.jackrabbit.oak.plugins.blob.datastore.BlobIdTrackerStoreTest.addSnapshotRemove, org.apache.jackrabbit.oak.plugins.blob.datastore.BlobIdTrackerStoreTest.addRestart, org.apache.jackrabbit.oak.plugins.blob.datastore.BlobIdTrackerStoreTest.addCloseRestart, org.apache.jackrabbit.oak.plugins.blob.datastore.BlobIdTrackerStoreTest.addConcurrentSnapshot, org.apache.jackrabbit.oak.plugins.blob.datastore.BlobIdTrackerStoreTest.addSnapshotConcurrentRetrieve, org.apache.jackrabbit.oak.plugins.blob.datastore.BlobIdTrackerStoreTest.snapshotConcurrentRemove, org.apache.jackrabbit.oak.plugins.blob.datastore.BlobIdTrackerStoreTest.addBulkAdd, org.apache.jackrabbit.oak.plugins.blob.datastore.BlobIdTrackerStoreTest.bulkAddConcurrentCompact, org.apache.jackrabbit.oak.plugins.blob.datastore.ActiveDeletionTrackerStoreTest.addCloseRestart, org.apache.jackrabbit.oak.plugins.blob.datastore.ActiveDeletionTrackerStoreTest.filterWithNoActiveDeletion, org.apache.jackrabbit.oak.plugins.blob.datastore.ActiveDeletionTrackerStoreTest.noFilter, org.apache.jackrabbit.oak.plugins.blob.datastore.ActiveDeletionTrackerStoreTest.filterWithExtraElements, org.apache.jackrabbit.oak.plugins.blob.datastore.ActiveDeletionTrackerStoreTest.reconcileAll, org.apache.jackrabbit.oak.plugins.blob.datastore.ActiveDeletionTrackerStoreTest.reconcileNone, org.apache.jackrabbit.oak.plugins.blob.datastore.ActiveDeletionTrackerStoreTest.reconcile, org.apache.jackrabbit.oak.plugins.blob.datastore.ActiveDeletionTrackerStoreTest.reconcileExtraElements, org.apache.jackrabbit.oak.plugins.blob.datastore.ActiveDeletionTrackerStoreTest.track, org.apache.jackrabbit.oak.plugins.blob.datastore.ActiveDeletionTrackerStoreTest.filter, org.apache.jackrabbit.oak.plugins.blob.datastore.BlobIdTrackerTest.snapshotRetrieveIgnored, org.apache.jackrabbit.oak.plugins.blob.datastore.BlobIdTrackerTest.externalAddOffline, org.apache.jackrabbit.oak.plugins.blob.datastore.BlobIdTrackerTest.addSnapshot, org.apache.jackrabbit.oak.plugins.blob.datastore.BlobIdTrackerTest.addSnapshotRemove, org.apache.jackrabbit.oak.plugins.blob.datastore.BlobIdTrackerTest.snapshotIgnoreAfterRemove, org.apache.jackrabbit.oak.plugins.blob.datastore.BlobIdTrackerTest.snapshotExecuteAfterRemove, org.apache.jackrabbit.oak.plugins.blob.datastore.CachingFileDataStoreTest.assertReferenceKey, org.apache.jackrabbit.oak.plugins.blob.datastore.AbstractDataStoreTest.testGetAllIdentifiers, org.apache.jackrabbit.oak.plugins.blob.datastore.AbstractDataStoreTest.testAddRecord, org.apache.jackrabbit.oak.plugins.blob.datastore.AbstractDataStoreTest.testGetRecord]

Time each test takes to run in the new order:
[978178477, 5830696, 3667826, 5007903, 81695343, 275146, 5588780, 15235607, 11470935, 4836699899, 11888775, 13552701, 3580534, 9721389, 15481737, 662108, 45673553, 422083, 35250736, 5758630, 112307173, 6761031, 22976880, 7361164449, 13882070, 730254349, 1489949855, 3521282, 7285722157, 823548387, 7472320449, 1230913919, 241370, 1251723027, 337423807, 2826147, 15888483, 9718158]

Dependent test list:
[Test: org.apache.jackrabbit.oak.plugins.blob.datastore.BlobIdTrackerTest.snapshotExecuteAfterRemove, Intended behavior: FAILURE, when executed after: [org.apache.jackrabbit.oak.plugins.blob.datastore.BlobIdTrackerTest.addSnapshot], The revealed different behavior: PASS, when executed after: [], Test: org.apache.jackrabbit.oak.plugins.blob.datastore.BlobIdTrackerTest.addSnapshot, Intended behavior: FAILURE, when executed after: [org.apache.jackrabbit.oak.plugins.blob.datastore.DataStoreUtils.testPropertySetup], The revealed different behavior: PASS, when executed after: [], Test: org.apache.jackrabbit.oak.plugins.blob.SharedDataStoreUtilsTest.test, Intended behavior: FAILURE, when executed after: [org.apache.jackrabbit.oak.plugins.blob.SharedDataStoreUtilsTest.testAddMetadata], The revealed different behavior: PASS, when executed after: [], Test: org.apache.jackrabbit.oak.plugins.blob.SharedDataStoreUtilsTest.testAddMetadata, Intended behavior: FAILURE, when executed after: [org.apache.jackrabbit.oak.plugins.blob.datastore.BlobIdTrackerTest.snapshotExecuteAfterRemove], The revealed different behavior: PASS, when executed after: []]
--------------------------
Execution time of TLG and its time to find/nullify any DTs for 1 machine (does not include the time to run the tests in the new order): 3.950
Number of tests selected out of total in original order: 37 / 149
Number of DTs not fixed: 2
Number of DTs fixed: 0
Execution time for executing the following testing order: 2.774

Test order list:
[org.apache.jackrabbit.oak.plugins.blob.datastore.AbstractDataStoreTest.testDeleteRecord, org.apache.jackrabbit.oak.plugins.blob.datastore.AbstractDataStoreTest.testReference, org.apache.jackrabbit.oak.plugins.blob.datastore.AbstractDataStoreTest.testSingleThread, org.apache.jackrabbit.oak.plugins.blob.datastore.AbstractDataStoreTest.testMultiThreaded, org.apache.jackrabbit.oak.plugins.blob.datastore.DataStoreServiceTest.configCachingFileDataStore, org.apache.jackrabbit.oak.plugins.blob.datastore.DataStoreServiceTest.mbeanRegs, org.apache.jackrabbit.oak.plugins.blob.datastore.DataStoreServiceTest.configFileDataStore, org.apache.jackrabbit.oak.plugins.blob.datastore.DataStoreServiceTest.registerAndCheckReferenceKey, org.apache.jackrabbit.oak.plugins.blob.datastore.BlobIdTrackerClusterSharedTest.addRetrieveCluster, org.apache.jackrabbit.oak.plugins.blob.datastore.BlobIdTrackerClusterSharedTest.addRetrieveShared, org.apache.jackrabbit.oak.plugins.blob.datastore.DataStoreBlobStoreTest.testReference, org.apache.jackrabbit.oak.plugins.blob.datastore.DataStoreBlobStoreTest.testInlineBinary, org.apache.jackrabbit.oak.plugins.blob.datastore.DataStoreBlobStoreTest.testEncodedBlobId, org.apache.jackrabbit.oak.plugins.blob.datastore.DataStoreBlobStoreTest.testAddOnTrackError, org.apache.jackrabbit.oak.plugins.blob.datastore.DataStoreBlobStoreTest.testExternalBinary, org.apache.jackrabbit.oak.plugins.blob.datastore.DataStoreBlobStoreTest.testGetAllChunks, org.apache.jackrabbit.oak.plugins.blob.CachingDataStoreTest.getAllIdentifiers, org.apache.jackrabbit.oak.plugins.blob.CachingDataStoreTest.reference, org.apache.jackrabbit.oak.plugins.blob.CachingDataStoreTest.zeroCacheAddGetDelete, org.apache.jackrabbit.oak.plugins.blob.CachingDataStoreTest.zeroStagingCacheAddGetDelete, org.apache.jackrabbit.oak.plugins.blob.CachingDataStoreTest.syncAddGetDelete, org.apache.jackrabbit.oak.plugins.blob.CachingDataStoreTest.syncAddGetLoadCache, org.apache.jackrabbit.oak.plugins.blob.CachingDataStoreTest.getRecordNotAvailable, org.apache.jackrabbit.oak.plugins.blob.CachingDataStoreTest.lazyLoadStream, org.apache.jackrabbit.oak.plugins.blob.CachingDataStoreTest.addDelete, org.apache.jackrabbit.oak.plugins.blob.CachingDataStoreTest.addStagingAndDelete, org.apache.jackrabbit.oak.plugins.blob.CachingDataStoreTest.referenceNoCache, org.apache.jackrabbit.oak.plugins.blob.CachingDataStoreTest.exists, org.apache.jackrabbit.oak.plugins.blob.FileCacheTest.zeroCache, org.apache.jackrabbit.oak.plugins.blob.FileCacheTest.getIfPresentObjectNoCache, org.apache.jackrabbit.oak.plugins.blob.FileCacheTest.retrieveSameConcurrent, org.apache.jackrabbit.oak.plugins.blob.FileCacheTest.getDifferentConcurrent, org.apache.jackrabbit.oak.plugins.blob.FileCacheTest.retrievePutConcurrent, org.apache.jackrabbit.oak.plugins.blob.FileCacheTest.evictExplicit, org.apache.jackrabbit.oak.plugins.blob.FileCacheTest.evictImplicit, org.apache.jackrabbit.oak.plugins.blob.FileCacheTest.evictReplace, org.apache.jackrabbit.oak.plugins.blob.FileCacheTest.getInvalidateConcurrent]

Time each test takes to run in the new order:
[11452231, 761984, 22644067, 52873342, 734701, 8718734, 11634131, 33180115, 18451244, 6797277, 13516535, 6570302, 68685007, 141450940, 56224013, 14381137, 7618476, 21394906, 278305103, 1045262945, 611364, 19300360, 20686161, 1770600, 61869817, 21337893, 4470355, 39322292, 31685623, 406127029, 37854787, 89115424, 59279123, 54922630, 35559947, 48683265, 21200337]

DTs not fixed are:
[org.apache.jackrabbit.oak.plugins.blob.datastore.BlobIdTrackerClusterSharedTest.addRetrieveCluster, org.apache.jackrabbit.oak.plugins.blob.datastore.BlobIdTrackerClusterSharedTest.addRetrieveShared]

Dependent test list:
[Test: org.apache.jackrabbit.oak.plugins.blob.datastore.BlobIdTrackerTest.snapshotExecuteAfterRemove, Intended behavior: FAILURE, when executed after: [org.apache.jackrabbit.oak.plugins.blob.datastore.BlobIdTrackerTest.addSnapshot], The revealed different behavior: PASS, when executed after: [], Test: org.apache.jackrabbit.oak.plugins.blob.datastore.BlobIdTrackerTest.addSnapshot, Intended behavior: FAILURE, when executed after: [org.apache.jackrabbit.oak.plugins.blob.datastore.DataStoreUtils.testPropertySetup], The revealed different behavior: PASS, when executed after: [], Test: org.apache.jackrabbit.oak.plugins.blob.SharedDataStoreUtilsTest.test, Intended behavior: FAILURE, when executed after: [org.apache.jackrabbit.oak.plugins.blob.SharedDataStoreUtilsTest.testAddMetadata], The revealed different behavior: PASS, when executed after: [], Test: org.apache.jackrabbit.oak.plugins.blob.SharedDataStoreUtilsTest.testAddMetadata, Intended behavior: FAILURE, when executed after: [org.apache.jackrabbit.oak.plugins.blob.datastore.BlobIdTrackerTest.snapshotExecuteAfterRemove], The revealed different behavior: PASS, when executed after: []]
--------------------------
Execution time of TLG and its time to find/nullify any DTs for 1 machine (does not include the time to run the tests in the new order): 17.601
Number of tests selected out of total in original order: 40 / 149
Number of DTs not fixed: 0
Number of DTs fixed: 0
Execution time for executing the following testing order: 16.674

Test order list:
[org.apache.jackrabbit.oak.plugins.blob.FileCacheTest.rebuild, org.apache.jackrabbit.oak.plugins.blob.FileCacheTest.upgrade, org.apache.jackrabbit.oak.plugins.blob.FileCacheTest.add, org.apache.jackrabbit.oak.plugins.blob.FileCacheTest.put, org.apache.jackrabbit.oak.plugins.blob.BlobStoreStatsTest.upload, org.apache.jackrabbit.oak.plugins.blob.BlobStoreStatsTest.download, org.apache.jackrabbit.oak.plugins.blob.datastore.DataStoreUtils.testPropertySetup, org.apache.jackrabbit.oak.plugins.blob.datastore.BlobIdTrackerTest.addSnapshot, org.apache.jackrabbit.oak.plugins.blob.datastore.BlobIdTrackerTest.snapshotExecuteAfterRemove, org.apache.jackrabbit.oak.plugins.blob.SharedDataStoreUtilsTest.testAddMetadata, org.apache.jackrabbit.oak.plugins.blob.SharedDataStoreUtilsTest.testGetAllChunkIds, org.apache.jackrabbit.oak.plugins.blob.SharedDataStoreUtilsTest.testStreamFromGetAllRecords, org.apache.jackrabbit.oak.plugins.blob.SharedDataStoreUtilsTest.testGetRecordForId, org.apache.jackrabbit.oak.plugins.blob.SharedDataStoreUtilsTest.testGetAllRecords, org.apache.jackrabbit.oak.plugins.blob.SharedDataStoreUtilsTest.test, org.apache.jackrabbit.oak.plugins.blob.UploadStagingCacheTest.testGetAllIdentifiers, org.apache.jackrabbit.oak.plugins.blob.UploadStagingCacheTest.testAddUploadException, org.apache.jackrabbit.oak.plugins.blob.UploadStagingCacheTest.testGetAddDifferent, org.apache.jackrabbit.oak.plugins.blob.UploadStagingCacheTest.testZeroCache, org.apache.jackrabbit.oak.plugins.blob.UploadStagingCacheTest.testDefaultStatsProvider, org.apache.jackrabbit.oak.plugins.blob.UploadStagingCacheTest.testAdd, org.apache.jackrabbit.oak.plugins.blob.UploadStagingCacheTest.testGetNoAdd, org.apache.jackrabbit.oak.plugins.blob.UploadStagingCacheTest.testGetAllIdentifiersNoAdd, org.apache.jackrabbit.oak.plugins.blob.UploadStagingCacheTest.testInvalidateNoAdd, org.apache.jackrabbit.oak.plugins.blob.UploadStagingCacheTest.testPutMoveFileError, org.apache.jackrabbit.oak.plugins.blob.UploadStagingCacheTest.testCacheFullAdd, org.apache.jackrabbit.oak.plugins.blob.UploadStagingCacheTest.testInvalidate, org.apache.jackrabbit.oak.plugins.blob.UploadStagingCacheTest.testConcurrentSameAdd, org.apache.jackrabbit.oak.plugins.blob.UploadStagingCacheTest.testConcurrentDifferentAdd, org.apache.jackrabbit.oak.plugins.blob.UploadStagingCacheTest.testConcurrentGetDelete, org.apache.jackrabbit.oak.plugins.blob.UploadStagingCacheTest.testConcurrentPutDeleteSame, org.apache.jackrabbit.oak.plugins.blob.UploadStagingCacheTest.testConcurrentPutDeleteDifferent, org.apache.jackrabbit.oak.plugins.blob.UploadStagingCacheTest.testBuild, org.apache.jackrabbit.oak.plugins.blob.UploadStagingCacheTest.testBuildMoreThanCacheSize, org.apache.jackrabbit.oak.plugins.blob.UploadStagingCacheTest.testUpgrade, org.apache.jackrabbit.oak.plugins.blob.BlobGCCheckpointRefTest.gcCheckpointHeldNoAddition, org.apache.jackrabbit.oak.plugins.blob.BlobGCCheckpointRefTest.gcCheckpointHeldMaxAgeChange, org.apache.jackrabbit.oak.plugins.blob.BlobGCCheckpointRefTest.gcCheckpointHeld, org.apache.jackrabbit.oak.plugins.blob.BlobGCTest.noGc, org.apache.jackrabbit.oak.plugins.blob.BlobGCTest.gcCheckDeletedSize]

Time each test takes to run in the new order:
[23895850, 9280871, 28034474, 16950905, 4804229, 14274548, 29038411, 5167890692, 37403777, 17951617, 84598593, 4729076, 23100362, 59037802, 40085403, 34356926, 163343971, 6579548, 23468405, 34372018, 28899717, 166290938, 2187894, 26897181, 5121009961, 21676624, 21541289, 23484973, 52203134, 15672039, 2455805, 39598793, 5845876, 5027279879, 89266849, 18630820, 40516246, 40444642, 81654066, 25547706]

Dependent test list:
[Test: org.apache.jackrabbit.oak.plugins.blob.datastore.BlobIdTrackerTest.snapshotExecuteAfterRemove, Intended behavior: FAILURE, when executed after: [org.apache.jackrabbit.oak.plugins.blob.datastore.BlobIdTrackerTest.addSnapshot], The revealed different behavior: PASS, when executed after: [], Test: org.apache.jackrabbit.oak.plugins.blob.datastore.BlobIdTrackerTest.addSnapshot, Intended behavior: FAILURE, when executed after: [org.apache.jackrabbit.oak.plugins.blob.datastore.DataStoreUtils.testPropertySetup], The revealed different behavior: PASS, when executed after: [], Test: org.apache.jackrabbit.oak.plugins.blob.SharedDataStoreUtilsTest.test, Intended behavior: FAILURE, when executed after: [org.apache.jackrabbit.oak.plugins.blob.SharedDataStoreUtilsTest.testAddMetadata], The revealed different behavior: PASS, when executed after: [], Test: org.apache.jackrabbit.oak.plugins.blob.SharedDataStoreUtilsTest.testAddMetadata, Intended behavior: FAILURE, when executed after: [org.apache.jackrabbit.oak.plugins.blob.datastore.BlobIdTrackerTest.snapshotExecuteAfterRemove], The revealed different behavior: PASS, when executed after: []]
--------------------------
Execution time of TLG and its time to find/nullify any DTs for 1 machine (does not include the time to run the tests in the new order): 2.791
Number of tests selected out of total in original order: 37 / 149
Number of DTs not fixed: 0
Number of DTs fixed: 0
Execution time for executing the following testing order: 1.587

Test order list:
[org.apache.jackrabbit.oak.plugins.blob.BlobGCTest.gc, org.apache.jackrabbit.oak.plugins.blob.serializer.FSBlobSerializerTest.blobs, org.apache.jackrabbit.oak.plugins.blob.serializer.FSBlobSerializerTest.errorBlob, org.apache.jackrabbit.oak.plugins.blob.serializer.BlobIdSerializerTest.inMemoryBlob, org.apache.jackrabbit.oak.plugins.blob.serializer.BlobIdSerializerTest.blobStoreBlob, org.apache.jackrabbit.oak.plugins.blob.CompositeDataStoreCacheTest.invalidate, org.apache.jackrabbit.oak.plugins.blob.CompositeDataStoreCacheTest.zeroCache, org.apache.jackrabbit.oak.plugins.blob.CompositeDataStoreCacheTest.getIfPresentObjectNoCache, org.apache.jackrabbit.oak.plugins.blob.CompositeDataStoreCacheTest.getIfPresentNoCache, org.apache.jackrabbit.oak.plugins.blob.CompositeDataStoreCacheTest.getNoCache, org.apache.jackrabbit.oak.plugins.blob.CompositeDataStoreCacheTest.addCacheFull, org.apache.jackrabbit.oak.plugins.blob.CompositeDataStoreCacheTest.invalidateStaging, org.apache.jackrabbit.oak.plugins.blob.CompositeDataStoreCacheTest.getIfPresentStaged, org.apache.jackrabbit.oak.plugins.blob.CompositeDataStoreCacheTest.getStaged, org.apache.jackrabbit.oak.plugins.blob.CompositeDataStoreCacheTest.getLoad, org.apache.jackrabbit.oak.plugins.blob.CompositeDataStoreCacheTest.concurrentAddGet, org.apache.jackrabbit.oak.plugins.blob.CompositeDataStoreCacheTest.add, org.apache.jackrabbit.oak.plugins.blob.ConsolidatedDataStoreStatsTest.noPath, org.apache.jackrabbit.oak.plugins.blob.ConsolidatedDataStoreStatsTest.nullString, org.apache.jackrabbit.oak.plugins.blob.ConsolidatedDataStoreStatsTest.emptyString, org.apache.jackrabbit.oak.plugins.blob.ConsolidatedDataStoreStatsTest.differentPaths, org.apache.jackrabbit.oak.plugins.blob.ConsolidatedDataStoreStatsTest.multiplePropertiesAndBinarySynced, org.apache.jackrabbit.oak.plugins.blob.ConsolidatedDataStoreStatsTest.multipleBinaryPropsAllSynced, org.apache.jackrabbit.oak.plugins.blob.ConsolidatedDataStoreStatsTest.multipleBinaryPropsNotAllSynced, org.apache.jackrabbit.oak.plugins.blob.ConsolidatedDataStoreStatsTest.binaryPropSingle, org.apache.jackrabbit.oak.plugins.blob.ConsolidatedDataStoreStatsTest.binariesPropertyMultiple, org.apache.jackrabbit.oak.plugins.blob.ConsolidatedDataStoreStatsTest.binariesPropertyNotAllSynced, org.apache.jackrabbit.oak.plugins.blob.ConsolidatedDataStoreStatsTest.binarySyncedAndBinariesNotSynced, org.apache.jackrabbit.oak.plugins.blob.ConsolidatedDataStoreStatsTest.binaryNotSyncedAndBinariesSynced, org.apache.jackrabbit.oak.plugins.blob.ConsolidatedDataStoreStatsTest.binaryAndBinariesSynced, org.apache.jackrabbit.oak.plugins.blob.DataStoreCacheUpgradeUtilsTest.upgrade, org.apache.jackrabbit.oak.plugins.blob.DataStoreCacheUpgradeUtilsTest.upgradeNoDownloads, org.apache.jackrabbit.oak.plugins.blob.DataStoreCacheUpgradeUtilsTest.upgradeNoDownloadsDelPendingFileFalse, org.apache.jackrabbit.oak.plugins.blob.DataStoreCacheUpgradeUtilsTest.upgradeMoveDownloadsFalse, org.apache.jackrabbit.oak.plugins.blob.DataStoreCacheUpgradeUtilsTest.upgradeNoUploads, org.apache.jackrabbit.oak.plugins.blob.DataStoreCacheUpgradeUtilsTest.upgradeNoUploadMap, org.apache.jackrabbit.oak.plugins.blob.DataStoreCacheUpgradeUtilsTest.upgradeDelPendingFileFalse]

Time each test takes to run in the new order:
[34282735, 19921108, 35533280, 33717413, 15350361, 37780393, 36297862, 363821990, 29721249, 34218354, 10097578, 7642719, 81935795, 13751093, 11917945, 47596616, 161877683, 17216085, 23097390, 67734547, 1419856, 38865019, 15843838, 39750218, 53141704, 5566832, 29601757, 81521076, 37551505, 45848609, 4395155, 32142496, 5412537, 10025990, 28372761, 10331756, 63663896]

Dependent test list:
[Test: org.apache.jackrabbit.oak.plugins.blob.datastore.BlobIdTrackerTest.snapshotExecuteAfterRemove, Intended behavior: FAILURE, when executed after: [org.apache.jackrabbit.oak.plugins.blob.datastore.BlobIdTrackerTest.addSnapshot], The revealed different behavior: PASS, when executed after: [], Test: org.apache.jackrabbit.oak.plugins.blob.datastore.BlobIdTrackerTest.addSnapshot, Intended behavior: FAILURE, when executed after: [org.apache.jackrabbit.oak.plugins.blob.datastore.DataStoreUtils.testPropertySetup], The revealed different behavior: PASS, when executed after: [], Test: org.apache.jackrabbit.oak.plugins.blob.SharedDataStoreUtilsTest.test, Intended behavior: FAILURE, when executed after: [org.apache.jackrabbit.oak.plugins.blob.SharedDataStoreUtilsTest.testAddMetadata], The revealed different behavior: PASS, when executed after: [], Test: org.apache.jackrabbit.oak.plugins.blob.SharedDataStoreUtilsTest.testAddMetadata, Intended behavior: FAILURE, when executed after: [org.apache.jackrabbit.oak.plugins.blob.datastore.BlobIdTrackerTest.snapshotExecuteAfterRemove], The revealed different behavior: PASS, when executed after: []]
--------------------------
Total time (of all machines and iterations plus initial TestListGenerator): 55.380
New order time: 34.257
Total number of tests executed in all machines out of total in original order: 152 / 149