The following arguments were used to generate this output.
[-technique, parallelization, -order, original, -origOrder, /scratch/reedoei2/run-new-subjects/jackrabbit-oak-865c56c8f02fdfc7a76ac12c6ce207df42ee9d77-new/experiments/jackrabbit-oak-new-865c56c8f02fdfc7a76ac12c6ce207df42ee9d77/oak-blob-plugins/target/jackrabbit-oak-oak-blob-plugins-orig-order, -testInputDir, /scratch/reedoei2/run-new-subjects/jackrabbit-oak-865c56c8f02fdfc7a76ac12c6ce207df42ee9d77-new/experiments/jackrabbit-oak-old-cd3d6e5c89597ebc4d39e7ce9344eed7215559d7/oak-blob-plugins/target/sootTestOutput-orig, -filesToDelete, /scratch/reedoei2/run-new-subjects/jackrabbit-oak-865c56c8f02fdfc7a76ac12c6ce207df42ee9d77-new/experiments/jackrabbit-oak-new-865c56c8f02fdfc7a76ac12c6ce207df42ee9d77/oak-blob-plugins/target/jackrabbit-oak-oak-blob-plugins-env-files, -project, jackrabbit-oak-oak-blob-plugins, -testType, orig, -numOfMachines, 16, -outputDir, /scratch/reedoei2/run-new-subjects/jackrabbit-oak-865c56c8f02fdfc7a76ac12c6ce207df42ee9d77-new/experiments/parallelization-results, -timesToRun, 5, -classpath, /scratch/reedoei2/run-new-subjects/jackrabbit-oak-865c56c8f02fdfc7a76ac12c6ce207df42ee9d77-new/experiments/jackrabbit-oak-new-865c56c8f02fdfc7a76ac12c6ce207df42ee9d77/oak-blob-plugins/target/dependency/*:/scratch/reedoei2/run-new-subjects/jackrabbit-oak-865c56c8f02fdfc7a76ac12c6ce207df42ee9d77-new/experiments/jackrabbit-oak-new-865c56c8f02fdfc7a76ac12c6ce207df42ee9d77/oak-blob-plugins/target/classes:/scratch/reedoei2/run-new-subjects/jackrabbit-oak-865c56c8f02fdfc7a76ac12c6ce207df42ee9d77-new/experiments/jackrabbit-oak-new-865c56c8f02fdfc7a76ac12c6ce207df42ee9d77/oak-blob-plugins/target/randoop/bin:/scratch/reedoei2/run-new-subjects/jackrabbit-oak-865c56c8f02fdfc7a76ac12c6ce207df42ee9d77-new/experiments/jackrabbit-oak-new-865c56c8f02fdfc7a76ac12c6ce207df42ee9d77/oak-blob-plugins/target/test-classes:, -dependentTestFile, /scratch/reedoei2/run-new-subjects/jackrabbit-oak-865c56c8f02fdfc7a76ac12c6ce207df42ee9d77-new/experiments/scripts/data/parallelization-dt-list/parallelization-jackrabbit-oak-oak-blob-plugins-orig-16-original.txt]

Execution time of TLG and its time to find/nullify any DTs for 1 machine (does not include the time to run the tests in the new order): 4.563
Number of tests selected out of total in original order: 10 / 149
Number of DTs not fixed: 0
Number of DTs fixed: 0
Execution time for executing the following testing order: 4.008

Test order list:
[org.apache.jackrabbit.oak.plugins.blob.datastore.InMemoryDataRecordTest.testGetInstance, org.apache.jackrabbit.oak.plugins.blob.datastore.OakFileDataStoreTest.testGetAllIdentifiers, org.apache.jackrabbit.oak.plugins.blob.datastore.OakFileDataStoreTest.testGetAllIdentifiersRelative1, org.apache.jackrabbit.oak.plugins.blob.datastore.OakFileDataStoreTest.testGetAllIdentifiersRelative2, org.apache.jackrabbit.oak.plugins.blob.datastore.OakFileDataStoreTest.testNoOpMap, org.apache.jackrabbit.oak.plugins.blob.datastore.DataStoreUtils.testPropertySetup, org.apache.jackrabbit.oak.plugins.blob.datastore.BlobIdTrackerStoreTest.addSnapshot, org.apache.jackrabbit.oak.plugins.blob.datastore.BlobIdTrackerStoreTest.addSnapshotRetrieve, org.apache.jackrabbit.oak.plugins.blob.datastore.BlobIdTrackerStoreTest.addSnapshotAdd, org.apache.jackrabbit.oak.plugins.blob.datastore.BlobIdTrackerStoreTest.addSnapshotAddSnapshot]

Time each test takes to run in the new order:
[10503022, 44809760, 10001777, 882847072, 1124695842, 52338745, 10820455, 244257, 900734192, 970727300]

Dependent test list:
[Test: org.apache.jackrabbit.oak.plugins.blob.datastore.BlobIdTrackerClusterSharedTest.addRetrieveCluster, Intended behavior: FAILURE, when executed after: [org.apache.jackrabbit.oak.plugins.blob.datastore.DataStoreUtils.testPropertySetup], The revealed different behavior: PASS, when executed after: [], Test: org.apache.jackrabbit.oak.plugins.blob.datastore.BlobIdTrackerClusterSharedTest.addRetrieveShared, Intended behavior: FAILURE, when executed after: [org.apache.jackrabbit.oak.plugins.blob.datastore.BlobIdTrackerClusterSharedTest.addRetrieveCluster], The revealed different behavior: PASS, when executed after: [], Test: org.apache.jackrabbit.oak.plugins.blob.datastore.BlobIdTrackerTest.addSnapshot, Intended behavior: FAILURE, when executed after: [org.apache.jackrabbit.oak.plugins.blob.datastore.BlobIdTrackerClusterSharedTest.addRetrieveShared], The revealed different behavior: PASS, when executed after: [], Test: org.apache.jackrabbit.oak.plugins.blob.datastore.BlobIdTrackerTest.snapshotExecuteAfterRemove, Intended behavior: FAILURE, when executed after: [org.apache.jackrabbit.oak.plugins.blob.datastore.BlobIdTrackerTest.addSnapshot], The revealed different behavior: PASS, when executed after: [], Test: org.apache.jackrabbit.oak.plugins.blob.SharedDataStoreUtilsTest.test, Intended behavior: FAILURE, when executed after: [org.apache.jackrabbit.oak.plugins.blob.SharedDataStoreUtilsTest.testAddMetadata], The revealed different behavior: PASS, when executed after: [], Test: org.apache.jackrabbit.oak.plugins.blob.SharedDataStoreUtilsTest.testAddMetadata, Intended behavior: FAILURE, when executed after: [org.apache.jackrabbit.oak.plugins.blob.datastore.BlobIdTrackerTest.snapshotExecuteAfterRemove], The revealed different behavior: PASS, when executed after: []]
--------------------------
Execution time of TLG and its time to find/nullify any DTs for 1 machine (does not include the time to run the tests in the new order): 30.496
Number of tests selected out of total in original order: 10 / 149
Number of DTs not fixed: 0
Number of DTs fixed: 0
Execution time for executing the following testing order: 29.908

Test order list:
[org.apache.jackrabbit.oak.plugins.blob.datastore.BlobIdTrackerStoreTest.addSnapshotRemove, org.apache.jackrabbit.oak.plugins.blob.datastore.BlobIdTrackerStoreTest.addRestart, org.apache.jackrabbit.oak.plugins.blob.datastore.BlobIdTrackerStoreTest.addCloseRestart, org.apache.jackrabbit.oak.plugins.blob.datastore.BlobIdTrackerStoreTest.addConcurrentSnapshot, org.apache.jackrabbit.oak.plugins.blob.datastore.BlobIdTrackerStoreTest.addSnapshotConcurrentRetrieve, org.apache.jackrabbit.oak.plugins.blob.datastore.BlobIdTrackerStoreTest.snapshotConcurrentRemove, org.apache.jackrabbit.oak.plugins.blob.datastore.BlobIdTrackerStoreTest.addBulkAdd, org.apache.jackrabbit.oak.plugins.blob.datastore.BlobIdTrackerStoreTest.bulkAddConcurrentCompact, org.apache.jackrabbit.oak.plugins.blob.datastore.ActiveDeletionTrackerStoreTest.addCloseRestart, org.apache.jackrabbit.oak.plugins.blob.datastore.ActiveDeletionTrackerStoreTest.filterWithNoActiveDeletion]

Time each test takes to run in the new order:
[972602453, 18260132, 5148582498, 7687097121, 26908793, 7313638466, 1352237658, 8750018, 7195473818, 184075911]

Dependent test list:
[Test: org.apache.jackrabbit.oak.plugins.blob.datastore.BlobIdTrackerClusterSharedTest.addRetrieveCluster, Intended behavior: FAILURE, when executed after: [org.apache.jackrabbit.oak.plugins.blob.datastore.DataStoreUtils.testPropertySetup], The revealed different behavior: PASS, when executed after: [], Test: org.apache.jackrabbit.oak.plugins.blob.datastore.BlobIdTrackerClusterSharedTest.addRetrieveShared, Intended behavior: FAILURE, when executed after: [org.apache.jackrabbit.oak.plugins.blob.datastore.BlobIdTrackerClusterSharedTest.addRetrieveCluster], The revealed different behavior: PASS, when executed after: [], Test: org.apache.jackrabbit.oak.plugins.blob.datastore.BlobIdTrackerTest.addSnapshot, Intended behavior: FAILURE, when executed after: [org.apache.jackrabbit.oak.plugins.blob.datastore.BlobIdTrackerClusterSharedTest.addRetrieveShared], The revealed different behavior: PASS, when executed after: [], Test: org.apache.jackrabbit.oak.plugins.blob.datastore.BlobIdTrackerTest.snapshotExecuteAfterRemove, Intended behavior: FAILURE, when executed after: [org.apache.jackrabbit.oak.plugins.blob.datastore.BlobIdTrackerTest.addSnapshot], The revealed different behavior: PASS, when executed after: [], Test: org.apache.jackrabbit.oak.plugins.blob.SharedDataStoreUtilsTest.test, Intended behavior: FAILURE, when executed after: [org.apache.jackrabbit.oak.plugins.blob.SharedDataStoreUtilsTest.testAddMetadata], The revealed different behavior: PASS, when executed after: [], Test: org.apache.jackrabbit.oak.plugins.blob.SharedDataStoreUtilsTest.testAddMetadata, Intended behavior: FAILURE, when executed after: [org.apache.jackrabbit.oak.plugins.blob.datastore.BlobIdTrackerTest.snapshotExecuteAfterRemove], The revealed different behavior: PASS, when executed after: []]
--------------------------
Execution time of TLG and its time to find/nullify any DTs for 1 machine (does not include the time to run the tests in the new order): 1.176
Number of tests selected out of total in original order: 10 / 149
Number of DTs not fixed: 1
Number of DTs fixed: 0
Execution time for executing the following testing order: 0.460

Test order list:
[org.apache.jackrabbit.oak.plugins.blob.datastore.ActiveDeletionTrackerStoreTest.noFilter, org.apache.jackrabbit.oak.plugins.blob.datastore.ActiveDeletionTrackerStoreTest.filterWithExtraElements, org.apache.jackrabbit.oak.plugins.blob.datastore.ActiveDeletionTrackerStoreTest.reconcileAll, org.apache.jackrabbit.oak.plugins.blob.datastore.ActiveDeletionTrackerStoreTest.reconcileNone, org.apache.jackrabbit.oak.plugins.blob.datastore.ActiveDeletionTrackerStoreTest.reconcile, org.apache.jackrabbit.oak.plugins.blob.datastore.ActiveDeletionTrackerStoreTest.reconcileExtraElements, org.apache.jackrabbit.oak.plugins.blob.datastore.ActiveDeletionTrackerStoreTest.track, org.apache.jackrabbit.oak.plugins.blob.datastore.ActiveDeletionTrackerStoreTest.filter, org.apache.jackrabbit.oak.plugins.blob.datastore.BlobIdTrackerTest.snapshotRetrieveIgnored, org.apache.jackrabbit.oak.plugins.blob.datastore.BlobIdTrackerTest.externalAddOffline]

Time each test takes to run in the new order:
[7305038, 9969574, 9847548, 11563698, 7959752, 12751719, 122113681, 9719086, 56402190, 212524783]

DTs not fixed are:
[org.apache.jackrabbit.oak.plugins.blob.datastore.BlobIdTrackerTest.externalAddOffline]

Dependent test list:
[Test: org.apache.jackrabbit.oak.plugins.blob.datastore.BlobIdTrackerClusterSharedTest.addRetrieveCluster, Intended behavior: FAILURE, when executed after: [org.apache.jackrabbit.oak.plugins.blob.datastore.DataStoreUtils.testPropertySetup], The revealed different behavior: PASS, when executed after: [], Test: org.apache.jackrabbit.oak.plugins.blob.datastore.BlobIdTrackerClusterSharedTest.addRetrieveShared, Intended behavior: FAILURE, when executed after: [org.apache.jackrabbit.oak.plugins.blob.datastore.BlobIdTrackerClusterSharedTest.addRetrieveCluster], The revealed different behavior: PASS, when executed after: [], Test: org.apache.jackrabbit.oak.plugins.blob.datastore.BlobIdTrackerTest.addSnapshot, Intended behavior: FAILURE, when executed after: [org.apache.jackrabbit.oak.plugins.blob.datastore.BlobIdTrackerClusterSharedTest.addRetrieveShared], The revealed different behavior: PASS, when executed after: [], Test: org.apache.jackrabbit.oak.plugins.blob.datastore.BlobIdTrackerTest.snapshotExecuteAfterRemove, Intended behavior: FAILURE, when executed after: [org.apache.jackrabbit.oak.plugins.blob.datastore.BlobIdTrackerTest.addSnapshot], The revealed different behavior: PASS, when executed after: [], Test: org.apache.jackrabbit.oak.plugins.blob.SharedDataStoreUtilsTest.test, Intended behavior: FAILURE, when executed after: [org.apache.jackrabbit.oak.plugins.blob.SharedDataStoreUtilsTest.testAddMetadata], The revealed different behavior: PASS, when executed after: [], Test: org.apache.jackrabbit.oak.plugins.blob.SharedDataStoreUtilsTest.testAddMetadata, Intended behavior: FAILURE, when executed after: [org.apache.jackrabbit.oak.plugins.blob.datastore.BlobIdTrackerTest.snapshotExecuteAfterRemove], The revealed different behavior: PASS, when executed after: []]
--------------------------
Execution time of TLG and its time to find/nullify any DTs for 1 machine (does not include the time to run the tests in the new order): 1.540
Number of tests selected out of total in original order: 13 / 149
Number of DTs not fixed: 0
Number of DTs fixed: 0
Execution time for executing the following testing order: 0.776

Test order list:
[org.apache.jackrabbit.oak.plugins.blob.datastore.DataStoreUtils.testPropertySetup, org.apache.jackrabbit.oak.plugins.blob.datastore.BlobIdTrackerClusterSharedTest.addRetrieveCluster, org.apache.jackrabbit.oak.plugins.blob.datastore.BlobIdTrackerClusterSharedTest.addRetrieveShared, org.apache.jackrabbit.oak.plugins.blob.datastore.BlobIdTrackerTest.addSnapshot, org.apache.jackrabbit.oak.plugins.blob.datastore.BlobIdTrackerTest.addSnapshotRemove, org.apache.jackrabbit.oak.plugins.blob.datastore.BlobIdTrackerTest.snapshotIgnoreAfterRemove, org.apache.jackrabbit.oak.plugins.blob.datastore.BlobIdTrackerTest.snapshotExecuteAfterRemove, org.apache.jackrabbit.oak.plugins.blob.datastore.CachingFileDataStoreTest.assertReferenceKey, org.apache.jackrabbit.oak.plugins.blob.datastore.AbstractDataStoreTest.testGetAllIdentifiers, org.apache.jackrabbit.oak.plugins.blob.datastore.AbstractDataStoreTest.testAddRecord, org.apache.jackrabbit.oak.plugins.blob.datastore.AbstractDataStoreTest.testGetRecord, org.apache.jackrabbit.oak.plugins.blob.datastore.AbstractDataStoreTest.testDeleteRecord, org.apache.jackrabbit.oak.plugins.blob.datastore.AbstractDataStoreTest.testReference]

Time each test takes to run in the new order:
[27511107, 145165125, 24098287, 1250293, 390439972, 30605752, 344811, 62335214, 65814449, 26563619, 589689, 1058359, 278338]

Dependent test list:
[Test: org.apache.jackrabbit.oak.plugins.blob.datastore.BlobIdTrackerClusterSharedTest.addRetrieveCluster, Intended behavior: FAILURE, when executed after: [org.apache.jackrabbit.oak.plugins.blob.datastore.DataStoreUtils.testPropertySetup], The revealed different behavior: PASS, when executed after: [], Test: org.apache.jackrabbit.oak.plugins.blob.datastore.BlobIdTrackerClusterSharedTest.addRetrieveShared, Intended behavior: FAILURE, when executed after: [org.apache.jackrabbit.oak.plugins.blob.datastore.BlobIdTrackerClusterSharedTest.addRetrieveCluster], The revealed different behavior: PASS, when executed after: [], Test: org.apache.jackrabbit.oak.plugins.blob.datastore.BlobIdTrackerTest.addSnapshot, Intended behavior: FAILURE, when executed after: [org.apache.jackrabbit.oak.plugins.blob.datastore.BlobIdTrackerClusterSharedTest.addRetrieveShared], The revealed different behavior: PASS, when executed after: [], Test: org.apache.jackrabbit.oak.plugins.blob.datastore.BlobIdTrackerTest.snapshotExecuteAfterRemove, Intended behavior: FAILURE, when executed after: [org.apache.jackrabbit.oak.plugins.blob.datastore.BlobIdTrackerTest.addSnapshot], The revealed different behavior: PASS, when executed after: [], Test: org.apache.jackrabbit.oak.plugins.blob.SharedDataStoreUtilsTest.test, Intended behavior: FAILURE, when executed after: [org.apache.jackrabbit.oak.plugins.blob.SharedDataStoreUtilsTest.testAddMetadata], The revealed different behavior: PASS, when executed after: [], Test: org.apache.jackrabbit.oak.plugins.blob.SharedDataStoreUtilsTest.testAddMetadata, Intended behavior: FAILURE, when executed after: [org.apache.jackrabbit.oak.plugins.blob.datastore.BlobIdTrackerTest.snapshotExecuteAfterRemove], The revealed different behavior: PASS, when executed after: []]
--------------------------
Execution time of TLG and its time to find/nullify any DTs for 1 machine (does not include the time to run the tests in the new order): 1.479
Number of tests selected out of total in original order: 11 / 149
Number of DTs not fixed: 0
Number of DTs fixed: 0
Execution time for executing the following testing order: 0.739

Test order list:
[org.apache.jackrabbit.oak.plugins.blob.datastore.AbstractDataStoreTest.testSingleThread, org.apache.jackrabbit.oak.plugins.blob.datastore.AbstractDataStoreTest.testMultiThreaded, org.apache.jackrabbit.oak.plugins.blob.datastore.DataStoreServiceTest.configCachingFileDataStore, org.apache.jackrabbit.oak.plugins.blob.datastore.DataStoreServiceTest.mbeanRegs, org.apache.jackrabbit.oak.plugins.blob.datastore.DataStoreServiceTest.configFileDataStore, org.apache.jackrabbit.oak.plugins.blob.datastore.DataStoreServiceTest.registerAndCheckReferenceKey, org.apache.jackrabbit.oak.plugins.blob.datastore.DataStoreUtils.testPropertySetup, org.apache.jackrabbit.oak.plugins.blob.datastore.BlobIdTrackerClusterSharedTest.addRetrieveCluster, org.apache.jackrabbit.oak.plugins.blob.datastore.BlobIdTrackerClusterSharedTest.addRetrieveShared, org.apache.jackrabbit.oak.plugins.blob.datastore.DataStoreBlobStoreTest.testReference, org.apache.jackrabbit.oak.plugins.blob.datastore.DataStoreBlobStoreTest.testInlineBinary]

Time each test takes to run in the new order:
[4596470, 293677634, 3743787, 52442960, 10730762, 741224, 32908484, 56089276, 153987567, 10939133, 119304666]

Dependent test list:
[Test: org.apache.jackrabbit.oak.plugins.blob.datastore.BlobIdTrackerClusterSharedTest.addRetrieveCluster, Intended behavior: FAILURE, when executed after: [org.apache.jackrabbit.oak.plugins.blob.datastore.DataStoreUtils.testPropertySetup], The revealed different behavior: PASS, when executed after: [], Test: org.apache.jackrabbit.oak.plugins.blob.datastore.BlobIdTrackerClusterSharedTest.addRetrieveShared, Intended behavior: FAILURE, when executed after: [org.apache.jackrabbit.oak.plugins.blob.datastore.BlobIdTrackerClusterSharedTest.addRetrieveCluster], The revealed different behavior: PASS, when executed after: [], Test: org.apache.jackrabbit.oak.plugins.blob.datastore.BlobIdTrackerTest.addSnapshot, Intended behavior: FAILURE, when executed after: [org.apache.jackrabbit.oak.plugins.blob.datastore.BlobIdTrackerClusterSharedTest.addRetrieveShared], The revealed different behavior: PASS, when executed after: [], Test: org.apache.jackrabbit.oak.plugins.blob.datastore.BlobIdTrackerTest.snapshotExecuteAfterRemove, Intended behavior: FAILURE, when executed after: [org.apache.jackrabbit.oak.plugins.blob.datastore.BlobIdTrackerTest.addSnapshot], The revealed different behavior: PASS, when executed after: [], Test: org.apache.jackrabbit.oak.plugins.blob.SharedDataStoreUtilsTest.test, Intended behavior: FAILURE, when executed after: [org.apache.jackrabbit.oak.plugins.blob.SharedDataStoreUtilsTest.testAddMetadata], The revealed different behavior: PASS, when executed after: [], Test: org.apache.jackrabbit.oak.plugins.blob.SharedDataStoreUtilsTest.testAddMetadata, Intended behavior: FAILURE, when executed after: [org.apache.jackrabbit.oak.plugins.blob.datastore.BlobIdTrackerTest.snapshotExecuteAfterRemove], The revealed different behavior: PASS, when executed after: []]
--------------------------
Execution time of TLG and its time to find/nullify any DTs for 1 machine (does not include the time to run the tests in the new order): 1.466
Number of tests selected out of total in original order: 9 / 149
Number of DTs not fixed: 0
Number of DTs fixed: 0
Execution time for executing the following testing order: 0.755

Test order list:
[org.apache.jackrabbit.oak.plugins.blob.datastore.DataStoreBlobStoreTest.testEncodedBlobId, org.apache.jackrabbit.oak.plugins.blob.datastore.DataStoreBlobStoreTest.testAddOnTrackError, org.apache.jackrabbit.oak.plugins.blob.datastore.DataStoreBlobStoreTest.testExternalBinary, org.apache.jackrabbit.oak.plugins.blob.datastore.DataStoreBlobStoreTest.testGetAllChunks, org.apache.jackrabbit.oak.plugins.blob.CachingDataStoreTest.getAllIdentifiers, org.apache.jackrabbit.oak.plugins.blob.CachingDataStoreTest.reference, org.apache.jackrabbit.oak.plugins.blob.CachingDataStoreTest.zeroCacheAddGetDelete, org.apache.jackrabbit.oak.plugins.blob.CachingDataStoreTest.zeroStagingCacheAddGetDelete, org.apache.jackrabbit.oak.plugins.blob.CachingDataStoreTest.syncAddGetDelete]

Time each test takes to run in the new order:
[53541869, 96343611, 13932886, 32914100, 160223318, 189952350, 126649105, 40886087, 41032492]

Dependent test list:
[Test: org.apache.jackrabbit.oak.plugins.blob.datastore.BlobIdTrackerClusterSharedTest.addRetrieveCluster, Intended behavior: FAILURE, when executed after: [org.apache.jackrabbit.oak.plugins.blob.datastore.DataStoreUtils.testPropertySetup], The revealed different behavior: PASS, when executed after: [], Test: org.apache.jackrabbit.oak.plugins.blob.datastore.BlobIdTrackerClusterSharedTest.addRetrieveShared, Intended behavior: FAILURE, when executed after: [org.apache.jackrabbit.oak.plugins.blob.datastore.BlobIdTrackerClusterSharedTest.addRetrieveCluster], The revealed different behavior: PASS, when executed after: [], Test: org.apache.jackrabbit.oak.plugins.blob.datastore.BlobIdTrackerTest.addSnapshot, Intended behavior: FAILURE, when executed after: [org.apache.jackrabbit.oak.plugins.blob.datastore.BlobIdTrackerClusterSharedTest.addRetrieveShared], The revealed different behavior: PASS, when executed after: [], Test: org.apache.jackrabbit.oak.plugins.blob.datastore.BlobIdTrackerTest.snapshotExecuteAfterRemove, Intended behavior: FAILURE, when executed after: [org.apache.jackrabbit.oak.plugins.blob.datastore.BlobIdTrackerTest.addSnapshot], The revealed different behavior: PASS, when executed after: [], Test: org.apache.jackrabbit.oak.plugins.blob.SharedDataStoreUtilsTest.test, Intended behavior: FAILURE, when executed after: [org.apache.jackrabbit.oak.plugins.blob.SharedDataStoreUtilsTest.testAddMetadata], The revealed different behavior: PASS, when executed after: [], Test: org.apache.jackrabbit.oak.plugins.blob.SharedDataStoreUtilsTest.testAddMetadata, Intended behavior: FAILURE, when executed after: [org.apache.jackrabbit.oak.plugins.blob.datastore.BlobIdTrackerTest.snapshotExecuteAfterRemove], The revealed different behavior: PASS, when executed after: []]
--------------------------
Execution time of TLG and its time to find/nullify any DTs for 1 machine (does not include the time to run the tests in the new order): 2.194
Number of tests selected out of total in original order: 9 / 149
Number of DTs not fixed: 0
Number of DTs fixed: 0
Execution time for executing the following testing order: 1.630

Test order list:
[org.apache.jackrabbit.oak.plugins.blob.CachingDataStoreTest.syncAddGetLoadCache, org.apache.jackrabbit.oak.plugins.blob.CachingDataStoreTest.getRecordNotAvailable, org.apache.jackrabbit.oak.plugins.blob.CachingDataStoreTest.lazyLoadStream, org.apache.jackrabbit.oak.plugins.blob.CachingDataStoreTest.addDelete, org.apache.jackrabbit.oak.plugins.blob.CachingDataStoreTest.addStagingAndDelete, org.apache.jackrabbit.oak.plugins.blob.CachingDataStoreTest.referenceNoCache, org.apache.jackrabbit.oak.plugins.blob.CachingDataStoreTest.exists, org.apache.jackrabbit.oak.plugins.blob.FileCacheTest.zeroCache, org.apache.jackrabbit.oak.plugins.blob.FileCacheTest.getIfPresentObjectNoCache]

Time each test takes to run in the new order:
[16690211, 8388143, 82680727, 31943508, 1068192986, 19719417, 49667403, 233006003, 119848319]

Dependent test list:
[Test: org.apache.jackrabbit.oak.plugins.blob.datastore.BlobIdTrackerClusterSharedTest.addRetrieveCluster, Intended behavior: FAILURE, when executed after: [org.apache.jackrabbit.oak.plugins.blob.datastore.DataStoreUtils.testPropertySetup], The revealed different behavior: PASS, when executed after: [], Test: org.apache.jackrabbit.oak.plugins.blob.datastore.BlobIdTrackerClusterSharedTest.addRetrieveShared, Intended behavior: FAILURE, when executed after: [org.apache.jackrabbit.oak.plugins.blob.datastore.BlobIdTrackerClusterSharedTest.addRetrieveCluster], The revealed different behavior: PASS, when executed after: [], Test: org.apache.jackrabbit.oak.plugins.blob.datastore.BlobIdTrackerTest.addSnapshot, Intended behavior: FAILURE, when executed after: [org.apache.jackrabbit.oak.plugins.blob.datastore.BlobIdTrackerClusterSharedTest.addRetrieveShared], The revealed different behavior: PASS, when executed after: [], Test: org.apache.jackrabbit.oak.plugins.blob.datastore.BlobIdTrackerTest.snapshotExecuteAfterRemove, Intended behavior: FAILURE, when executed after: [org.apache.jackrabbit.oak.plugins.blob.datastore.BlobIdTrackerTest.addSnapshot], The revealed different behavior: PASS, when executed after: [], Test: org.apache.jackrabbit.oak.plugins.blob.SharedDataStoreUtilsTest.test, Intended behavior: FAILURE, when executed after: [org.apache.jackrabbit.oak.plugins.blob.SharedDataStoreUtilsTest.testAddMetadata], The revealed different behavior: PASS, when executed after: [], Test: org.apache.jackrabbit.oak.plugins.blob.SharedDataStoreUtilsTest.testAddMetadata, Intended behavior: FAILURE, when executed after: [org.apache.jackrabbit.oak.plugins.blob.datastore.BlobIdTrackerTest.snapshotExecuteAfterRemove], The revealed different behavior: PASS, when executed after: []]
--------------------------
Execution time of TLG and its time to find/nullify any DTs for 1 machine (does not include the time to run the tests in the new order): 1.305
Number of tests selected out of total in original order: 9 / 149
Number of DTs not fixed: 0
Number of DTs fixed: 0
Execution time for executing the following testing order: 0.552

Test order list:
[org.apache.jackrabbit.oak.plugins.blob.FileCacheTest.retrieveSameConcurrent, org.apache.jackrabbit.oak.plugins.blob.FileCacheTest.getDifferentConcurrent, org.apache.jackrabbit.oak.plugins.blob.FileCacheTest.retrievePutConcurrent, org.apache.jackrabbit.oak.plugins.blob.FileCacheTest.evictExplicit, org.apache.jackrabbit.oak.plugins.blob.FileCacheTest.evictImplicit, org.apache.jackrabbit.oak.plugins.blob.FileCacheTest.evictReplace, org.apache.jackrabbit.oak.plugins.blob.FileCacheTest.getInvalidateConcurrent, org.apache.jackrabbit.oak.plugins.blob.FileCacheTest.rebuild, org.apache.jackrabbit.oak.plugins.blob.FileCacheTest.upgrade]

Time each test takes to run in the new order:
[43783971, 171695055, 27886310, 21845584, 48163181, 31433296, 51593347, 24707261, 130545172]

Dependent test list:
[Test: org.apache.jackrabbit.oak.plugins.blob.datastore.BlobIdTrackerClusterSharedTest.addRetrieveCluster, Intended behavior: FAILURE, when executed after: [org.apache.jackrabbit.oak.plugins.blob.datastore.DataStoreUtils.testPropertySetup], The revealed different behavior: PASS, when executed after: [], Test: org.apache.jackrabbit.oak.plugins.blob.datastore.BlobIdTrackerClusterSharedTest.addRetrieveShared, Intended behavior: FAILURE, when executed after: [org.apache.jackrabbit.oak.plugins.blob.datastore.BlobIdTrackerClusterSharedTest.addRetrieveCluster], The revealed different behavior: PASS, when executed after: [], Test: org.apache.jackrabbit.oak.plugins.blob.datastore.BlobIdTrackerTest.addSnapshot, Intended behavior: FAILURE, when executed after: [org.apache.jackrabbit.oak.plugins.blob.datastore.BlobIdTrackerClusterSharedTest.addRetrieveShared], The revealed different behavior: PASS, when executed after: [], Test: org.apache.jackrabbit.oak.plugins.blob.datastore.BlobIdTrackerTest.snapshotExecuteAfterRemove, Intended behavior: FAILURE, when executed after: [org.apache.jackrabbit.oak.plugins.blob.datastore.BlobIdTrackerTest.addSnapshot], The revealed different behavior: PASS, when executed after: [], Test: org.apache.jackrabbit.oak.plugins.blob.SharedDataStoreUtilsTest.test, Intended behavior: FAILURE, when executed after: [org.apache.jackrabbit.oak.plugins.blob.SharedDataStoreUtilsTest.testAddMetadata], The revealed different behavior: PASS, when executed after: [], Test: org.apache.jackrabbit.oak.plugins.blob.SharedDataStoreUtilsTest.testAddMetadata, Intended behavior: FAILURE, when executed after: [org.apache.jackrabbit.oak.plugins.blob.datastore.BlobIdTrackerTest.snapshotExecuteAfterRemove], The revealed different behavior: PASS, when executed after: []]
--------------------------
Execution time of TLG and its time to find/nullify any DTs for 1 machine (does not include the time to run the tests in the new order): 1.417
Number of tests selected out of total in original order: 14 / 149
Number of DTs not fixed: 0
Number of DTs fixed: 0
Execution time for executing the following testing order: 0.688

Test order list:
[org.apache.jackrabbit.oak.plugins.blob.FileCacheTest.add, org.apache.jackrabbit.oak.plugins.blob.FileCacheTest.put, org.apache.jackrabbit.oak.plugins.blob.BlobStoreStatsTest.upload, org.apache.jackrabbit.oak.plugins.blob.BlobStoreStatsTest.download, org.apache.jackrabbit.oak.plugins.blob.datastore.DataStoreUtils.testPropertySetup, org.apache.jackrabbit.oak.plugins.blob.datastore.BlobIdTrackerClusterSharedTest.addRetrieveCluster, org.apache.jackrabbit.oak.plugins.blob.datastore.BlobIdTrackerClusterSharedTest.addRetrieveShared, org.apache.jackrabbit.oak.plugins.blob.datastore.BlobIdTrackerTest.addSnapshot, org.apache.jackrabbit.oak.plugins.blob.datastore.BlobIdTrackerTest.snapshotExecuteAfterRemove, org.apache.jackrabbit.oak.plugins.blob.SharedDataStoreUtilsTest.testAddMetadata, org.apache.jackrabbit.oak.plugins.blob.SharedDataStoreUtilsTest.testGetAllChunkIds, org.apache.jackrabbit.oak.plugins.blob.SharedDataStoreUtilsTest.testStreamFromGetAllRecords, org.apache.jackrabbit.oak.plugins.blob.SharedDataStoreUtilsTest.testGetRecordForId, org.apache.jackrabbit.oak.plugins.blob.SharedDataStoreUtilsTest.testGetAllRecords]

Time each test takes to run in the new order:
[87908772, 2229428, 30599062, 54245624, 31699315, 151108267, 58996832, 9834627, 78943316, 2163293, 76389819, 55700521, 22596661, 26057140]

Dependent test list:
[Test: org.apache.jackrabbit.oak.plugins.blob.datastore.BlobIdTrackerClusterSharedTest.addRetrieveCluster, Intended behavior: FAILURE, when executed after: [org.apache.jackrabbit.oak.plugins.blob.datastore.DataStoreUtils.testPropertySetup], The revealed different behavior: PASS, when executed after: [], Test: org.apache.jackrabbit.oak.plugins.blob.datastore.BlobIdTrackerClusterSharedTest.addRetrieveShared, Intended behavior: FAILURE, when executed after: [org.apache.jackrabbit.oak.plugins.blob.datastore.BlobIdTrackerClusterSharedTest.addRetrieveCluster], The revealed different behavior: PASS, when executed after: [], Test: org.apache.jackrabbit.oak.plugins.blob.datastore.BlobIdTrackerTest.addSnapshot, Intended behavior: FAILURE, when executed after: [org.apache.jackrabbit.oak.plugins.blob.datastore.BlobIdTrackerClusterSharedTest.addRetrieveShared], The revealed different behavior: PASS, when executed after: [], Test: org.apache.jackrabbit.oak.plugins.blob.datastore.BlobIdTrackerTest.snapshotExecuteAfterRemove, Intended behavior: FAILURE, when executed after: [org.apache.jackrabbit.oak.plugins.blob.datastore.BlobIdTrackerTest.addSnapshot], The revealed different behavior: PASS, when executed after: [], Test: org.apache.jackrabbit.oak.plugins.blob.SharedDataStoreUtilsTest.test, Intended behavior: FAILURE, when executed after: [org.apache.jackrabbit.oak.plugins.blob.SharedDataStoreUtilsTest.testAddMetadata], The revealed different behavior: PASS, when executed after: [], Test: org.apache.jackrabbit.oak.plugins.blob.SharedDataStoreUtilsTest.testAddMetadata, Intended behavior: FAILURE, when executed after: [org.apache.jackrabbit.oak.plugins.blob.datastore.BlobIdTrackerTest.snapshotExecuteAfterRemove], The revealed different behavior: PASS, when executed after: []]
--------------------------
Execution time of TLG and its time to find/nullify any DTs for 1 machine (does not include the time to run the tests in the new order): 6.476
Number of tests selected out of total in original order: 15 / 149
Number of DTs not fixed: 0
Number of DTs fixed: 0
Execution time for executing the following testing order: 5.636

Test order list:
[org.apache.jackrabbit.oak.plugins.blob.datastore.DataStoreUtils.testPropertySetup, org.apache.jackrabbit.oak.plugins.blob.datastore.BlobIdTrackerClusterSharedTest.addRetrieveCluster, org.apache.jackrabbit.oak.plugins.blob.datastore.BlobIdTrackerClusterSharedTest.addRetrieveShared, org.apache.jackrabbit.oak.plugins.blob.datastore.BlobIdTrackerTest.addSnapshot, org.apache.jackrabbit.oak.plugins.blob.datastore.BlobIdTrackerTest.snapshotExecuteAfterRemove, org.apache.jackrabbit.oak.plugins.blob.SharedDataStoreUtilsTest.testAddMetadata, org.apache.jackrabbit.oak.plugins.blob.SharedDataStoreUtilsTest.test, org.apache.jackrabbit.oak.plugins.blob.UploadStagingCacheTest.testGetAllIdentifiers, org.apache.jackrabbit.oak.plugins.blob.UploadStagingCacheTest.testAddUploadException, org.apache.jackrabbit.oak.plugins.blob.UploadStagingCacheTest.testGetAddDifferent, org.apache.jackrabbit.oak.plugins.blob.UploadStagingCacheTest.testZeroCache, org.apache.jackrabbit.oak.plugins.blob.UploadStagingCacheTest.testDefaultStatsProvider, org.apache.jackrabbit.oak.plugins.blob.UploadStagingCacheTest.testAdd, org.apache.jackrabbit.oak.plugins.blob.UploadStagingCacheTest.testGetNoAdd, org.apache.jackrabbit.oak.plugins.blob.UploadStagingCacheTest.testGetAllIdentifiersNoAdd]

Time each test takes to run in the new order:
[6339124, 5074413, 41332415, 38536570, 23913398, 36630370, 9498431, 71940755, 60632236, 27528697, 38454484, 148143719, 11855967, 57949736, 5057739050]

Dependent test list:
[Test: org.apache.jackrabbit.oak.plugins.blob.datastore.BlobIdTrackerClusterSharedTest.addRetrieveCluster, Intended behavior: FAILURE, when executed after: [org.apache.jackrabbit.oak.plugins.blob.datastore.DataStoreUtils.testPropertySetup], The revealed different behavior: PASS, when executed after: [], Test: org.apache.jackrabbit.oak.plugins.blob.datastore.BlobIdTrackerClusterSharedTest.addRetrieveShared, Intended behavior: FAILURE, when executed after: [org.apache.jackrabbit.oak.plugins.blob.datastore.BlobIdTrackerClusterSharedTest.addRetrieveCluster], The revealed different behavior: PASS, when executed after: [], Test: org.apache.jackrabbit.oak.plugins.blob.datastore.BlobIdTrackerTest.addSnapshot, Intended behavior: FAILURE, when executed after: [org.apache.jackrabbit.oak.plugins.blob.datastore.BlobIdTrackerClusterSharedTest.addRetrieveShared], The revealed different behavior: PASS, when executed after: [], Test: org.apache.jackrabbit.oak.plugins.blob.datastore.BlobIdTrackerTest.snapshotExecuteAfterRemove, Intended behavior: FAILURE, when executed after: [org.apache.jackrabbit.oak.plugins.blob.datastore.BlobIdTrackerTest.addSnapshot], The revealed different behavior: PASS, when executed after: [], Test: org.apache.jackrabbit.oak.plugins.blob.SharedDataStoreUtilsTest.test, Intended behavior: FAILURE, when executed after: [org.apache.jackrabbit.oak.plugins.blob.SharedDataStoreUtilsTest.testAddMetadata], The revealed different behavior: PASS, when executed after: [], Test: org.apache.jackrabbit.oak.plugins.blob.SharedDataStoreUtilsTest.testAddMetadata, Intended behavior: FAILURE, when executed after: [org.apache.jackrabbit.oak.plugins.blob.datastore.BlobIdTrackerTest.snapshotExecuteAfterRemove], The revealed different behavior: PASS, when executed after: []]
--------------------------
Execution time of TLG and its time to find/nullify any DTs for 1 machine (does not include the time to run the tests in the new order): 1.174
Number of tests selected out of total in original order: 9 / 149
Number of DTs not fixed: 0
Number of DTs fixed: 0
Execution time for executing the following testing order: 0.488

Test order list:
[org.apache.jackrabbit.oak.plugins.blob.UploadStagingCacheTest.testInvalidateNoAdd, org.apache.jackrabbit.oak.plugins.blob.UploadStagingCacheTest.testPutMoveFileError, org.apache.jackrabbit.oak.plugins.blob.UploadStagingCacheTest.testCacheFullAdd, org.apache.jackrabbit.oak.plugins.blob.UploadStagingCacheTest.testInvalidate, org.apache.jackrabbit.oak.plugins.blob.UploadStagingCacheTest.testConcurrentSameAdd, org.apache.jackrabbit.oak.plugins.blob.UploadStagingCacheTest.testConcurrentDifferentAdd, org.apache.jackrabbit.oak.plugins.blob.UploadStagingCacheTest.testConcurrentGetDelete, org.apache.jackrabbit.oak.plugins.blob.UploadStagingCacheTest.testConcurrentPutDeleteSame, org.apache.jackrabbit.oak.plugins.blob.UploadStagingCacheTest.testConcurrentPutDeleteDifferent]

Time each test takes to run in the new order:
[43003621, 101444916, 30435714, 38224237, 115276583, 34884042, 43629575, 49224621, 32001691]

Dependent test list:
[Test: org.apache.jackrabbit.oak.plugins.blob.datastore.BlobIdTrackerClusterSharedTest.addRetrieveCluster, Intended behavior: FAILURE, when executed after: [org.apache.jackrabbit.oak.plugins.blob.datastore.DataStoreUtils.testPropertySetup], The revealed different behavior: PASS, when executed after: [], Test: org.apache.jackrabbit.oak.plugins.blob.datastore.BlobIdTrackerClusterSharedTest.addRetrieveShared, Intended behavior: FAILURE, when executed after: [org.apache.jackrabbit.oak.plugins.blob.datastore.BlobIdTrackerClusterSharedTest.addRetrieveCluster], The revealed different behavior: PASS, when executed after: [], Test: org.apache.jackrabbit.oak.plugins.blob.datastore.BlobIdTrackerTest.addSnapshot, Intended behavior: FAILURE, when executed after: [org.apache.jackrabbit.oak.plugins.blob.datastore.BlobIdTrackerClusterSharedTest.addRetrieveShared], The revealed different behavior: PASS, when executed after: [], Test: org.apache.jackrabbit.oak.plugins.blob.datastore.BlobIdTrackerTest.snapshotExecuteAfterRemove, Intended behavior: FAILURE, when executed after: [org.apache.jackrabbit.oak.plugins.blob.datastore.BlobIdTrackerTest.addSnapshot], The revealed different behavior: PASS, when executed after: [], Test: org.apache.jackrabbit.oak.plugins.blob.SharedDataStoreUtilsTest.test, Intended behavior: FAILURE, when executed after: [org.apache.jackrabbit.oak.plugins.blob.SharedDataStoreUtilsTest.testAddMetadata], The revealed different behavior: PASS, when executed after: [], Test: org.apache.jackrabbit.oak.plugins.blob.SharedDataStoreUtilsTest.testAddMetadata, Intended behavior: FAILURE, when executed after: [org.apache.jackrabbit.oak.plugins.blob.datastore.BlobIdTrackerTest.snapshotExecuteAfterRemove], The revealed different behavior: PASS, when executed after: []]
--------------------------
Execution time of TLG and its time to find/nullify any DTs for 1 machine (does not include the time to run the tests in the new order): 11.486
Number of tests selected out of total in original order: 9 / 149
Number of DTs not fixed: 0
Number of DTs fixed: 0
Execution time for executing the following testing order: 10.854

Test order list:
[org.apache.jackrabbit.oak.plugins.blob.UploadStagingCacheTest.testBuild, org.apache.jackrabbit.oak.plugins.blob.UploadStagingCacheTest.testBuildMoreThanCacheSize, org.apache.jackrabbit.oak.plugins.blob.UploadStagingCacheTest.testUpgrade, org.apache.jackrabbit.oak.plugins.blob.BlobGCCheckpointRefTest.gcCheckpointHeldNoAddition, org.apache.jackrabbit.oak.plugins.blob.BlobGCCheckpointRefTest.gcCheckpointHeldMaxAgeChange, org.apache.jackrabbit.oak.plugins.blob.BlobGCCheckpointRefTest.gcCheckpointHeld, org.apache.jackrabbit.oak.plugins.blob.BlobGCTest.noGc, org.apache.jackrabbit.oak.plugins.blob.BlobGCTest.gcCheckDeletedSize, org.apache.jackrabbit.oak.plugins.blob.BlobGCTest.gc]

Time each test takes to run in the new order:
[5338470753, 5199788574, 24645517, 138775874, 68012665, 19630615, 25740069, 18628229, 20472037]

Dependent test list:
[Test: org.apache.jackrabbit.oak.plugins.blob.datastore.BlobIdTrackerClusterSharedTest.addRetrieveCluster, Intended behavior: FAILURE, when executed after: [org.apache.jackrabbit.oak.plugins.blob.datastore.DataStoreUtils.testPropertySetup], The revealed different behavior: PASS, when executed after: [], Test: org.apache.jackrabbit.oak.plugins.blob.datastore.BlobIdTrackerClusterSharedTest.addRetrieveShared, Intended behavior: FAILURE, when executed after: [org.apache.jackrabbit.oak.plugins.blob.datastore.BlobIdTrackerClusterSharedTest.addRetrieveCluster], The revealed different behavior: PASS, when executed after: [], Test: org.apache.jackrabbit.oak.plugins.blob.datastore.BlobIdTrackerTest.addSnapshot, Intended behavior: FAILURE, when executed after: [org.apache.jackrabbit.oak.plugins.blob.datastore.BlobIdTrackerClusterSharedTest.addRetrieveShared], The revealed different behavior: PASS, when executed after: [], Test: org.apache.jackrabbit.oak.plugins.blob.datastore.BlobIdTrackerTest.snapshotExecuteAfterRemove, Intended behavior: FAILURE, when executed after: [org.apache.jackrabbit.oak.plugins.blob.datastore.BlobIdTrackerTest.addSnapshot], The revealed different behavior: PASS, when executed after: [], Test: org.apache.jackrabbit.oak.plugins.blob.SharedDataStoreUtilsTest.test, Intended behavior: FAILURE, when executed after: [org.apache.jackrabbit.oak.plugins.blob.SharedDataStoreUtilsTest.testAddMetadata], The revealed different behavior: PASS, when executed after: [], Test: org.apache.jackrabbit.oak.plugins.blob.SharedDataStoreUtilsTest.testAddMetadata, Intended behavior: FAILURE, when executed after: [org.apache.jackrabbit.oak.plugins.blob.datastore.BlobIdTrackerTest.snapshotExecuteAfterRemove], The revealed different behavior: PASS, when executed after: []]
--------------------------
Execution time of TLG and its time to find/nullify any DTs for 1 machine (does not include the time to run the tests in the new order): 1.021
Number of tests selected out of total in original order: 9 / 149
Number of DTs not fixed: 0
Number of DTs fixed: 0
Execution time for executing the following testing order: 0.297

Test order list:
[org.apache.jackrabbit.oak.plugins.blob.serializer.FSBlobSerializerTest.blobs, org.apache.jackrabbit.oak.plugins.blob.serializer.FSBlobSerializerTest.errorBlob, org.apache.jackrabbit.oak.plugins.blob.serializer.BlobIdSerializerTest.inMemoryBlob, org.apache.jackrabbit.oak.plugins.blob.serializer.BlobIdSerializerTest.blobStoreBlob, org.apache.jackrabbit.oak.plugins.blob.CompositeDataStoreCacheTest.invalidate, org.apache.jackrabbit.oak.plugins.blob.CompositeDataStoreCacheTest.zeroCache, org.apache.jackrabbit.oak.plugins.blob.CompositeDataStoreCacheTest.getIfPresentObjectNoCache, org.apache.jackrabbit.oak.plugins.blob.CompositeDataStoreCacheTest.getIfPresentNoCache, org.apache.jackrabbit.oak.plugins.blob.CompositeDataStoreCacheTest.getNoCache]

Time each test takes to run in the new order:
[116428458, 2085492, 8256218, 13885906, 20275480, 22511564, 30650410, 2090674, 80555171]

Dependent test list:
[Test: org.apache.jackrabbit.oak.plugins.blob.datastore.BlobIdTrackerClusterSharedTest.addRetrieveCluster, Intended behavior: FAILURE, when executed after: [org.apache.jackrabbit.oak.plugins.blob.datastore.DataStoreUtils.testPropertySetup], The revealed different behavior: PASS, when executed after: [], Test: org.apache.jackrabbit.oak.plugins.blob.datastore.BlobIdTrackerClusterSharedTest.addRetrieveShared, Intended behavior: FAILURE, when executed after: [org.apache.jackrabbit.oak.plugins.blob.datastore.BlobIdTrackerClusterSharedTest.addRetrieveCluster], The revealed different behavior: PASS, when executed after: [], Test: org.apache.jackrabbit.oak.plugins.blob.datastore.BlobIdTrackerTest.addSnapshot, Intended behavior: FAILURE, when executed after: [org.apache.jackrabbit.oak.plugins.blob.datastore.BlobIdTrackerClusterSharedTest.addRetrieveShared], The revealed different behavior: PASS, when executed after: [], Test: org.apache.jackrabbit.oak.plugins.blob.datastore.BlobIdTrackerTest.snapshotExecuteAfterRemove, Intended behavior: FAILURE, when executed after: [org.apache.jackrabbit.oak.plugins.blob.datastore.BlobIdTrackerTest.addSnapshot], The revealed different behavior: PASS, when executed after: [], Test: org.apache.jackrabbit.oak.plugins.blob.SharedDataStoreUtilsTest.test, Intended behavior: FAILURE, when executed after: [org.apache.jackrabbit.oak.plugins.blob.SharedDataStoreUtilsTest.testAddMetadata], The revealed different behavior: PASS, when executed after: [], Test: org.apache.jackrabbit.oak.plugins.blob.SharedDataStoreUtilsTest.testAddMetadata, Intended behavior: FAILURE, when executed after: [org.apache.jackrabbit.oak.plugins.blob.datastore.BlobIdTrackerTest.snapshotExecuteAfterRemove], The revealed different behavior: PASS, when executed after: []]
--------------------------
Execution time of TLG and its time to find/nullify any DTs for 1 machine (does not include the time to run the tests in the new order): 1.440
Number of tests selected out of total in original order: 9 / 149
Number of DTs not fixed: 0
Number of DTs fixed: 0
Execution time for executing the following testing order: 0.775

Test order list:
[org.apache.jackrabbit.oak.plugins.blob.CompositeDataStoreCacheTest.addCacheFull, org.apache.jackrabbit.oak.plugins.blob.CompositeDataStoreCacheTest.invalidateStaging, org.apache.jackrabbit.oak.plugins.blob.CompositeDataStoreCacheTest.getIfPresentStaged, org.apache.jackrabbit.oak.plugins.blob.CompositeDataStoreCacheTest.getStaged, org.apache.jackrabbit.oak.plugins.blob.CompositeDataStoreCacheTest.getLoad, org.apache.jackrabbit.oak.plugins.blob.CompositeDataStoreCacheTest.concurrentAddGet, org.apache.jackrabbit.oak.plugins.blob.CompositeDataStoreCacheTest.add, org.apache.jackrabbit.oak.plugins.blob.ConsolidatedDataStoreStatsTest.noPath, org.apache.jackrabbit.oak.plugins.blob.ConsolidatedDataStoreStatsTest.nullString]

Time each test takes to run in the new order:
[244623529, 28585929, 21766896, 34221444, 253473394, 55958340, 40396776, 46113911, 49992464]

Dependent test list:
[Test: org.apache.jackrabbit.oak.plugins.blob.datastore.BlobIdTrackerClusterSharedTest.addRetrieveCluster, Intended behavior: FAILURE, when executed after: [org.apache.jackrabbit.oak.plugins.blob.datastore.DataStoreUtils.testPropertySetup], The revealed different behavior: PASS, when executed after: [], Test: org.apache.jackrabbit.oak.plugins.blob.datastore.BlobIdTrackerClusterSharedTest.addRetrieveShared, Intended behavior: FAILURE, when executed after: [org.apache.jackrabbit.oak.plugins.blob.datastore.BlobIdTrackerClusterSharedTest.addRetrieveCluster], The revealed different behavior: PASS, when executed after: [], Test: org.apache.jackrabbit.oak.plugins.blob.datastore.BlobIdTrackerTest.addSnapshot, Intended behavior: FAILURE, when executed after: [org.apache.jackrabbit.oak.plugins.blob.datastore.BlobIdTrackerClusterSharedTest.addRetrieveShared], The revealed different behavior: PASS, when executed after: [], Test: org.apache.jackrabbit.oak.plugins.blob.datastore.BlobIdTrackerTest.snapshotExecuteAfterRemove, Intended behavior: FAILURE, when executed after: [org.apache.jackrabbit.oak.plugins.blob.datastore.BlobIdTrackerTest.addSnapshot], The revealed different behavior: PASS, when executed after: [], Test: org.apache.jackrabbit.oak.plugins.blob.SharedDataStoreUtilsTest.test, Intended behavior: FAILURE, when executed after: [org.apache.jackrabbit.oak.plugins.blob.SharedDataStoreUtilsTest.testAddMetadata], The revealed different behavior: PASS, when executed after: [], Test: org.apache.jackrabbit.oak.plugins.blob.SharedDataStoreUtilsTest.testAddMetadata, Intended behavior: FAILURE, when executed after: [org.apache.jackrabbit.oak.plugins.blob.datastore.BlobIdTrackerTest.snapshotExecuteAfterRemove], The revealed different behavior: PASS, when executed after: []]
--------------------------
Execution time of TLG and its time to find/nullify any DTs for 1 machine (does not include the time to run the tests in the new order): 1.583
Number of tests selected out of total in original order: 9 / 149
Number of DTs not fixed: 0
Number of DTs fixed: 0
Execution time for executing the following testing order: 0.944

Test order list:
[org.apache.jackrabbit.oak.plugins.blob.ConsolidatedDataStoreStatsTest.emptyString, org.apache.jackrabbit.oak.plugins.blob.ConsolidatedDataStoreStatsTest.differentPaths, org.apache.jackrabbit.oak.plugins.blob.ConsolidatedDataStoreStatsTest.multiplePropertiesAndBinarySynced, org.apache.jackrabbit.oak.plugins.blob.ConsolidatedDataStoreStatsTest.multipleBinaryPropsAllSynced, org.apache.jackrabbit.oak.plugins.blob.ConsolidatedDataStoreStatsTest.multipleBinaryPropsNotAllSynced, org.apache.jackrabbit.oak.plugins.blob.ConsolidatedDataStoreStatsTest.binaryPropSingle, org.apache.jackrabbit.oak.plugins.blob.ConsolidatedDataStoreStatsTest.binariesPropertyMultiple, org.apache.jackrabbit.oak.plugins.blob.ConsolidatedDataStoreStatsTest.binariesPropertyNotAllSynced, org.apache.jackrabbit.oak.plugins.blob.ConsolidatedDataStoreStatsTest.binarySyncedAndBinariesNotSynced]

Time each test takes to run in the new order:
[51691396, 314184171, 58005209, 49654464, 54770824, 177452352, 126356489, 48376005, 63329635]

Dependent test list:
[Test: org.apache.jackrabbit.oak.plugins.blob.datastore.BlobIdTrackerClusterSharedTest.addRetrieveCluster, Intended behavior: FAILURE, when executed after: [org.apache.jackrabbit.oak.plugins.blob.datastore.DataStoreUtils.testPropertySetup], The revealed different behavior: PASS, when executed after: [], Test: org.apache.jackrabbit.oak.plugins.blob.datastore.BlobIdTrackerClusterSharedTest.addRetrieveShared, Intended behavior: FAILURE, when executed after: [org.apache.jackrabbit.oak.plugins.blob.datastore.BlobIdTrackerClusterSharedTest.addRetrieveCluster], The revealed different behavior: PASS, when executed after: [], Test: org.apache.jackrabbit.oak.plugins.blob.datastore.BlobIdTrackerTest.addSnapshot, Intended behavior: FAILURE, when executed after: [org.apache.jackrabbit.oak.plugins.blob.datastore.BlobIdTrackerClusterSharedTest.addRetrieveShared], The revealed different behavior: PASS, when executed after: [], Test: org.apache.jackrabbit.oak.plugins.blob.datastore.BlobIdTrackerTest.snapshotExecuteAfterRemove, Intended behavior: FAILURE, when executed after: [org.apache.jackrabbit.oak.plugins.blob.datastore.BlobIdTrackerTest.addSnapshot], The revealed different behavior: PASS, when executed after: [], Test: org.apache.jackrabbit.oak.plugins.blob.SharedDataStoreUtilsTest.test, Intended behavior: FAILURE, when executed after: [org.apache.jackrabbit.oak.plugins.blob.SharedDataStoreUtilsTest.testAddMetadata], The revealed different behavior: PASS, when executed after: [], Test: org.apache.jackrabbit.oak.plugins.blob.SharedDataStoreUtilsTest.testAddMetadata, Intended behavior: FAILURE, when executed after: [org.apache.jackrabbit.oak.plugins.blob.datastore.BlobIdTrackerTest.snapshotExecuteAfterRemove], The revealed different behavior: PASS, when executed after: []]
--------------------------
Execution time of TLG and its time to find/nullify any DTs for 1 machine (does not include the time to run the tests in the new order): 1.503
Number of tests selected out of total in original order: 9 / 149
Number of DTs not fixed: 0
Number of DTs fixed: 0
Execution time for executing the following testing order: 0.795

Test order list:
[org.apache.jackrabbit.oak.plugins.blob.ConsolidatedDataStoreStatsTest.binaryNotSyncedAndBinariesSynced, org.apache.jackrabbit.oak.plugins.blob.ConsolidatedDataStoreStatsTest.binaryAndBinariesSynced, org.apache.jackrabbit.oak.plugins.blob.DataStoreCacheUpgradeUtilsTest.upgrade, org.apache.jackrabbit.oak.plugins.blob.DataStoreCacheUpgradeUtilsTest.upgradeNoDownloads, org.apache.jackrabbit.oak.plugins.blob.DataStoreCacheUpgradeUtilsTest.upgradeNoDownloadsDelPendingFileFalse, org.apache.jackrabbit.oak.plugins.blob.DataStoreCacheUpgradeUtilsTest.upgradeMoveDownloadsFalse, org.apache.jackrabbit.oak.plugins.blob.DataStoreCacheUpgradeUtilsTest.upgradeNoUploads, org.apache.jackrabbit.oak.plugins.blob.DataStoreCacheUpgradeUtilsTest.upgradeNoUploadMap, org.apache.jackrabbit.oak.plugins.blob.DataStoreCacheUpgradeUtilsTest.upgradeDelPendingFileFalse]

Time each test takes to run in the new order:
[16099291, 33986103, 73072277, 32998131, 138193182, 23428074, 24482733, 436832834, 15859945]

Dependent test list:
[Test: org.apache.jackrabbit.oak.plugins.blob.datastore.BlobIdTrackerClusterSharedTest.addRetrieveCluster, Intended behavior: FAILURE, when executed after: [org.apache.jackrabbit.oak.plugins.blob.datastore.DataStoreUtils.testPropertySetup], The revealed different behavior: PASS, when executed after: [], Test: org.apache.jackrabbit.oak.plugins.blob.datastore.BlobIdTrackerClusterSharedTest.addRetrieveShared, Intended behavior: FAILURE, when executed after: [org.apache.jackrabbit.oak.plugins.blob.datastore.BlobIdTrackerClusterSharedTest.addRetrieveCluster], The revealed different behavior: PASS, when executed after: [], Test: org.apache.jackrabbit.oak.plugins.blob.datastore.BlobIdTrackerTest.addSnapshot, Intended behavior: FAILURE, when executed after: [org.apache.jackrabbit.oak.plugins.blob.datastore.BlobIdTrackerClusterSharedTest.addRetrieveShared], The revealed different behavior: PASS, when executed after: [], Test: org.apache.jackrabbit.oak.plugins.blob.datastore.BlobIdTrackerTest.snapshotExecuteAfterRemove, Intended behavior: FAILURE, when executed after: [org.apache.jackrabbit.oak.plugins.blob.datastore.BlobIdTrackerTest.addSnapshot], The revealed different behavior: PASS, when executed after: [], Test: org.apache.jackrabbit.oak.plugins.blob.SharedDataStoreUtilsTest.test, Intended behavior: FAILURE, when executed after: [org.apache.jackrabbit.oak.plugins.blob.SharedDataStoreUtilsTest.testAddMetadata], The revealed different behavior: PASS, when executed after: [], Test: org.apache.jackrabbit.oak.plugins.blob.SharedDataStoreUtilsTest.testAddMetadata, Intended behavior: FAILURE, when executed after: [org.apache.jackrabbit.oak.plugins.blob.datastore.BlobIdTrackerTest.snapshotExecuteAfterRemove], The revealed different behavior: PASS, when executed after: []]
--------------------------
Total time (of all machines and iterations plus initial TestListGenerator): 59.369
New order time: 29.908
Total number of tests executed in all machines out of total in original order: 164 / 149