The following arguments were used to generate this output.
[-technique, parallelization, -order, original, -origOrder, /scratch/reedoei2/run-new-subjects/jackrabbit-oak-865c56c8f02fdfc7a76ac12c6ce207df42ee9d77-new/experiments/jackrabbit-oak-new-865c56c8f02fdfc7a76ac12c6ce207df42ee9d77/oak-blob-plugins/target/jackrabbit-oak-oak-blob-plugins-orig-order, -testInputDir, /scratch/reedoei2/run-new-subjects/jackrabbit-oak-865c56c8f02fdfc7a76ac12c6ce207df42ee9d77-new/experiments/jackrabbit-oak-old-cd3d6e5c89597ebc4d39e7ce9344eed7215559d7/oak-blob-plugins/target/sootTestOutput-orig, -filesToDelete, /scratch/reedoei2/run-new-subjects/jackrabbit-oak-865c56c8f02fdfc7a76ac12c6ce207df42ee9d77-new/experiments/jackrabbit-oak-new-865c56c8f02fdfc7a76ac12c6ce207df42ee9d77/oak-blob-plugins/target/jackrabbit-oak-oak-blob-plugins-env-files, -project, jackrabbit-oak-oak-blob-plugins, -testType, orig, -numOfMachines, 8, -outputDir, /scratch/reedoei2/run-new-subjects/jackrabbit-oak-865c56c8f02fdfc7a76ac12c6ce207df42ee9d77-new/experiments/parallelization-results, -timesToRun, 5, -classpath, /scratch/reedoei2/run-new-subjects/jackrabbit-oak-865c56c8f02fdfc7a76ac12c6ce207df42ee9d77-new/experiments/jackrabbit-oak-new-865c56c8f02fdfc7a76ac12c6ce207df42ee9d77/oak-blob-plugins/target/dependency/*:/scratch/reedoei2/run-new-subjects/jackrabbit-oak-865c56c8f02fdfc7a76ac12c6ce207df42ee9d77-new/experiments/jackrabbit-oak-new-865c56c8f02fdfc7a76ac12c6ce207df42ee9d77/oak-blob-plugins/target/classes:/scratch/reedoei2/run-new-subjects/jackrabbit-oak-865c56c8f02fdfc7a76ac12c6ce207df42ee9d77-new/experiments/jackrabbit-oak-new-865c56c8f02fdfc7a76ac12c6ce207df42ee9d77/oak-blob-plugins/target/randoop/bin:/scratch/reedoei2/run-new-subjects/jackrabbit-oak-865c56c8f02fdfc7a76ac12c6ce207df42ee9d77-new/experiments/jackrabbit-oak-new-865c56c8f02fdfc7a76ac12c6ce207df42ee9d77/oak-blob-plugins/target/test-classes:, -dependentTestFile, /scratch/reedoei2/run-new-subjects/jackrabbit-oak-865c56c8f02fdfc7a76ac12c6ce207df42ee9d77-new/experiments/scripts/data/parallelization-dt-list/parallelization-jackrabbit-oak-oak-blob-plugins-orig-8-original.txt]

Execution time of TLG and its time to find/nullify any DTs for 1 machine (does not include the time to run the tests in the new order): 50.303
Number of tests selected out of total in original order: 19 / 149
Number of DTs not fixed: 0
Number of DTs fixed: 0
Execution time for executing the following testing order: 51.227

Test order list:
[org.apache.jackrabbit.oak.plugins.blob.datastore.InMemoryDataRecordTest.testGetInstance, org.apache.jackrabbit.oak.plugins.blob.datastore.OakFileDataStoreTest.testGetAllIdentifiers, org.apache.jackrabbit.oak.plugins.blob.datastore.OakFileDataStoreTest.testGetAllIdentifiersRelative1, org.apache.jackrabbit.oak.plugins.blob.datastore.OakFileDataStoreTest.testGetAllIdentifiersRelative2, org.apache.jackrabbit.oak.plugins.blob.datastore.OakFileDataStoreTest.testNoOpMap, org.apache.jackrabbit.oak.plugins.blob.datastore.DataStoreUtils.testPropertySetup, org.apache.jackrabbit.oak.plugins.blob.datastore.BlobIdTrackerStoreTest.addSnapshot, org.apache.jackrabbit.oak.plugins.blob.datastore.BlobIdTrackerStoreTest.addSnapshotRetrieve, org.apache.jackrabbit.oak.plugins.blob.datastore.BlobIdTrackerStoreTest.addSnapshotAdd, org.apache.jackrabbit.oak.plugins.blob.datastore.BlobIdTrackerStoreTest.addSnapshotAddSnapshot, org.apache.jackrabbit.oak.plugins.blob.datastore.BlobIdTrackerStoreTest.addSnapshotRemove, org.apache.jackrabbit.oak.plugins.blob.datastore.BlobIdTrackerStoreTest.addRestart, org.apache.jackrabbit.oak.plugins.blob.datastore.BlobIdTrackerStoreTest.addCloseRestart, org.apache.jackrabbit.oak.plugins.blob.datastore.BlobIdTrackerStoreTest.addConcurrentSnapshot, org.apache.jackrabbit.oak.plugins.blob.datastore.BlobIdTrackerStoreTest.addSnapshotConcurrentRetrieve, org.apache.jackrabbit.oak.plugins.blob.datastore.BlobIdTrackerStoreTest.snapshotConcurrentRemove, org.apache.jackrabbit.oak.plugins.blob.datastore.BlobIdTrackerStoreTest.addBulkAdd, org.apache.jackrabbit.oak.plugins.blob.datastore.BlobIdTrackerStoreTest.bulkAddConcurrentCompact, org.apache.jackrabbit.oak.plugins.blob.datastore.ActiveDeletionTrackerStoreTest.addCloseRestart]

Time each test takes to run in the new order:
[11881635589, 136599782, 18260188, 329089, 7529013330, 1641240891, 18169095, 1412649240, 1250716911, 15555248, 18134354, 72930083, 1201866077, 11708270906, 1136449989, 1284909276, 11834411180, 53813850, 12478359]

Dependent test list:
[Test: org.apache.jackrabbit.oak.plugins.blob.datastore.BlobIdTrackerClusterSharedTest.addRetrieveCluster, Intended behavior: FAILURE, when executed after: [org.apache.jackrabbit.oak.plugins.blob.datastore.DataStoreUtils.testPropertySetup], The revealed different behavior: PASS, when executed after: [], Test: org.apache.jackrabbit.oak.plugins.blob.datastore.BlobIdTrackerTest.snapshotExecuteAfterRemove, Intended behavior: FAILURE, when executed after: [org.apache.jackrabbit.oak.plugins.blob.datastore.BlobIdTrackerTest.addSnapshot], The revealed different behavior: PASS, when executed after: [], Test: org.apache.jackrabbit.oak.plugins.blob.datastore.BlobIdTrackerTest.addSnapshot, Intended behavior: FAILURE, when executed after: [org.apache.jackrabbit.oak.plugins.blob.datastore.BlobIdTrackerClusterSharedTest.addRetrieveCluster], The revealed different behavior: PASS, when executed after: [], Test: org.apache.jackrabbit.oak.plugins.blob.SharedDataStoreUtilsTest.test, Intended behavior: FAILURE, when executed after: [org.apache.jackrabbit.oak.plugins.blob.SharedDataStoreUtilsTest.testAddMetadata], The revealed different behavior: PASS, when executed after: [], Test: org.apache.jackrabbit.oak.plugins.blob.SharedDataStoreUtilsTest.testAddMetadata, Intended behavior: FAILURE, when executed after: [org.apache.jackrabbit.oak.plugins.blob.datastore.BlobIdTrackerTest.snapshotExecuteAfterRemove], The revealed different behavior: PASS, when executed after: []]
--------------------------
Execution time of TLG and its time to find/nullify any DTs for 1 machine (does not include the time to run the tests in the new order): 2.780
Number of tests selected out of total in original order: 21 / 149
Number of DTs not fixed: 1
Number of DTs fixed: 0
Execution time for executing the following testing order: 1.374

Test order list:
[org.apache.jackrabbit.oak.plugins.blob.datastore.ActiveDeletionTrackerStoreTest.filterWithNoActiveDeletion, org.apache.jackrabbit.oak.plugins.blob.datastore.ActiveDeletionTrackerStoreTest.noFilter, org.apache.jackrabbit.oak.plugins.blob.datastore.ActiveDeletionTrackerStoreTest.filterWithExtraElements, org.apache.jackrabbit.oak.plugins.blob.datastore.ActiveDeletionTrackerStoreTest.reconcileAll, org.apache.jackrabbit.oak.plugins.blob.datastore.ActiveDeletionTrackerStoreTest.reconcileNone, org.apache.jackrabbit.oak.plugins.blob.datastore.ActiveDeletionTrackerStoreTest.reconcile, org.apache.jackrabbit.oak.plugins.blob.datastore.ActiveDeletionTrackerStoreTest.reconcileExtraElements, org.apache.jackrabbit.oak.plugins.blob.datastore.ActiveDeletionTrackerStoreTest.track, org.apache.jackrabbit.oak.plugins.blob.datastore.ActiveDeletionTrackerStoreTest.filter, org.apache.jackrabbit.oak.plugins.blob.datastore.BlobIdTrackerTest.snapshotRetrieveIgnored, org.apache.jackrabbit.oak.plugins.blob.datastore.BlobIdTrackerTest.externalAddOffline, org.apache.jackrabbit.oak.plugins.blob.datastore.DataStoreUtils.testPropertySetup, org.apache.jackrabbit.oak.plugins.blob.datastore.BlobIdTrackerClusterSharedTest.addRetrieveCluster, org.apache.jackrabbit.oak.plugins.blob.datastore.BlobIdTrackerTest.addSnapshot, org.apache.jackrabbit.oak.plugins.blob.datastore.BlobIdTrackerTest.addSnapshotRemove, org.apache.jackrabbit.oak.plugins.blob.datastore.BlobIdTrackerTest.snapshotIgnoreAfterRemove, org.apache.jackrabbit.oak.plugins.blob.datastore.BlobIdTrackerTest.snapshotExecuteAfterRemove, org.apache.jackrabbit.oak.plugins.blob.datastore.CachingFileDataStoreTest.assertReferenceKey, org.apache.jackrabbit.oak.plugins.blob.datastore.AbstractDataStoreTest.testGetAllIdentifiers, org.apache.jackrabbit.oak.plugins.blob.datastore.AbstractDataStoreTest.testAddRecord, org.apache.jackrabbit.oak.plugins.blob.datastore.AbstractDataStoreTest.testGetRecord]

Time each test takes to run in the new order:
[699198, 462900, 42199084, 2089222, 74537251, 11180030, 22766013, 137759762, 7454409, 146924779, 480489100, 85158774, 7974108, 19129267, 83542295, 10166782, 8841353, 302048, 160219246, 12273492, 59472503]

DTs not fixed are:
[org.apache.jackrabbit.oak.plugins.blob.datastore.BlobIdTrackerTest.externalAddOffline]

Dependent test list:
[Test: org.apache.jackrabbit.oak.plugins.blob.datastore.BlobIdTrackerClusterSharedTest.addRetrieveCluster, Intended behavior: FAILURE, when executed after: [org.apache.jackrabbit.oak.plugins.blob.datastore.DataStoreUtils.testPropertySetup], The revealed different behavior: PASS, when executed after: [], Test: org.apache.jackrabbit.oak.plugins.blob.datastore.BlobIdTrackerTest.snapshotExecuteAfterRemove, Intended behavior: FAILURE, when executed after: [org.apache.jackrabbit.oak.plugins.blob.datastore.BlobIdTrackerTest.addSnapshot], The revealed different behavior: PASS, when executed after: [], Test: org.apache.jackrabbit.oak.plugins.blob.datastore.BlobIdTrackerTest.addSnapshot, Intended behavior: FAILURE, when executed after: [org.apache.jackrabbit.oak.plugins.blob.datastore.BlobIdTrackerClusterSharedTest.addRetrieveCluster], The revealed different behavior: PASS, when executed after: [], Test: org.apache.jackrabbit.oak.plugins.blob.SharedDataStoreUtilsTest.test, Intended behavior: FAILURE, when executed after: [org.apache.jackrabbit.oak.plugins.blob.SharedDataStoreUtilsTest.testAddMetadata], The revealed different behavior: PASS, when executed after: [], Test: org.apache.jackrabbit.oak.plugins.blob.SharedDataStoreUtilsTest.testAddMetadata, Intended behavior: FAILURE, when executed after: [org.apache.jackrabbit.oak.plugins.blob.datastore.BlobIdTrackerTest.snapshotExecuteAfterRemove], The revealed different behavior: PASS, when executed after: []]
--------------------------
Execution time of TLG and its time to find/nullify any DTs for 1 machine (does not include the time to run the tests in the new order): 2.656
Number of tests selected out of total in original order: 20 / 149
Number of DTs not fixed: 0
Number of DTs fixed: 0
Execution time for executing the following testing order: 1.396

Test order list:
[org.apache.jackrabbit.oak.plugins.blob.datastore.AbstractDataStoreTest.testDeleteRecord, org.apache.jackrabbit.oak.plugins.blob.datastore.AbstractDataStoreTest.testReference, org.apache.jackrabbit.oak.plugins.blob.datastore.AbstractDataStoreTest.testSingleThread, org.apache.jackrabbit.oak.plugins.blob.datastore.AbstractDataStoreTest.testMultiThreaded, org.apache.jackrabbit.oak.plugins.blob.datastore.DataStoreServiceTest.configCachingFileDataStore, org.apache.jackrabbit.oak.plugins.blob.datastore.DataStoreServiceTest.mbeanRegs, org.apache.jackrabbit.oak.plugins.blob.datastore.DataStoreServiceTest.configFileDataStore, org.apache.jackrabbit.oak.plugins.blob.datastore.DataStoreServiceTest.registerAndCheckReferenceKey, org.apache.jackrabbit.oak.plugins.blob.datastore.DataStoreUtils.testPropertySetup, org.apache.jackrabbit.oak.plugins.blob.datastore.BlobIdTrackerClusterSharedTest.addRetrieveCluster, org.apache.jackrabbit.oak.plugins.blob.datastore.BlobIdTrackerClusterSharedTest.addRetrieveShared, org.apache.jackrabbit.oak.plugins.blob.datastore.DataStoreBlobStoreTest.testReference, org.apache.jackrabbit.oak.plugins.blob.datastore.DataStoreBlobStoreTest.testInlineBinary, org.apache.jackrabbit.oak.plugins.blob.datastore.DataStoreBlobStoreTest.testEncodedBlobId, org.apache.jackrabbit.oak.plugins.blob.datastore.DataStoreBlobStoreTest.testAddOnTrackError, org.apache.jackrabbit.oak.plugins.blob.datastore.DataStoreBlobStoreTest.testExternalBinary, org.apache.jackrabbit.oak.plugins.blob.datastore.DataStoreBlobStoreTest.testGetAllChunks, org.apache.jackrabbit.oak.plugins.blob.CachingDataStoreTest.getAllIdentifiers, org.apache.jackrabbit.oak.plugins.blob.CachingDataStoreTest.reference, org.apache.jackrabbit.oak.plugins.blob.CachingDataStoreTest.zeroCacheAddGetDelete]

Time each test takes to run in the new order:
[33125511, 11807740, 117268456, 205771354, 68840531, 44969761, 87527198, 25480729, 18722930, 468896561, 2957348, 7683197, 6918212, 101124776, 1142257, 13928272, 173703415, 1266843, 1129315, 3641682]

Dependent test list:
[Test: org.apache.jackrabbit.oak.plugins.blob.datastore.BlobIdTrackerClusterSharedTest.addRetrieveCluster, Intended behavior: FAILURE, when executed after: [org.apache.jackrabbit.oak.plugins.blob.datastore.DataStoreUtils.testPropertySetup], The revealed different behavior: PASS, when executed after: [], Test: org.apache.jackrabbit.oak.plugins.blob.datastore.BlobIdTrackerTest.snapshotExecuteAfterRemove, Intended behavior: FAILURE, when executed after: [org.apache.jackrabbit.oak.plugins.blob.datastore.BlobIdTrackerTest.addSnapshot], The revealed different behavior: PASS, when executed after: [], Test: org.apache.jackrabbit.oak.plugins.blob.datastore.BlobIdTrackerTest.addSnapshot, Intended behavior: FAILURE, when executed after: [org.apache.jackrabbit.oak.plugins.blob.datastore.BlobIdTrackerClusterSharedTest.addRetrieveCluster], The revealed different behavior: PASS, when executed after: [], Test: org.apache.jackrabbit.oak.plugins.blob.SharedDataStoreUtilsTest.test, Intended behavior: FAILURE, when executed after: [org.apache.jackrabbit.oak.plugins.blob.SharedDataStoreUtilsTest.testAddMetadata], The revealed different behavior: PASS, when executed after: [], Test: org.apache.jackrabbit.oak.plugins.blob.SharedDataStoreUtilsTest.testAddMetadata, Intended behavior: FAILURE, when executed after: [org.apache.jackrabbit.oak.plugins.blob.datastore.BlobIdTrackerTest.snapshotExecuteAfterRemove], The revealed different behavior: PASS, when executed after: []]
--------------------------
Execution time of TLG and its time to find/nullify any DTs for 1 machine (does not include the time to run the tests in the new order): 3.160
Number of tests selected out of total in original order: 19 / 149
Number of DTs not fixed: 0
Number of DTs fixed: 0
Execution time for executing the following testing order: 2.224

Test order list:
[org.apache.jackrabbit.oak.plugins.blob.CachingDataStoreTest.zeroStagingCacheAddGetDelete, org.apache.jackrabbit.oak.plugins.blob.CachingDataStoreTest.syncAddGetDelete, org.apache.jackrabbit.oak.plugins.blob.CachingDataStoreTest.syncAddGetLoadCache, org.apache.jackrabbit.oak.plugins.blob.CachingDataStoreTest.getRecordNotAvailable, org.apache.jackrabbit.oak.plugins.blob.CachingDataStoreTest.lazyLoadStream, org.apache.jackrabbit.oak.plugins.blob.CachingDataStoreTest.addDelete, org.apache.jackrabbit.oak.plugins.blob.CachingDataStoreTest.addStagingAndDelete, org.apache.jackrabbit.oak.plugins.blob.CachingDataStoreTest.referenceNoCache, org.apache.jackrabbit.oak.plugins.blob.CachingDataStoreTest.exists, org.apache.jackrabbit.oak.plugins.blob.FileCacheTest.zeroCache, org.apache.jackrabbit.oak.plugins.blob.FileCacheTest.getIfPresentObjectNoCache, org.apache.jackrabbit.oak.plugins.blob.FileCacheTest.retrieveSameConcurrent, org.apache.jackrabbit.oak.plugins.blob.FileCacheTest.getDifferentConcurrent, org.apache.jackrabbit.oak.plugins.blob.FileCacheTest.retrievePutConcurrent, org.apache.jackrabbit.oak.plugins.blob.FileCacheTest.evictExplicit, org.apache.jackrabbit.oak.plugins.blob.FileCacheTest.evictImplicit, org.apache.jackrabbit.oak.plugins.blob.FileCacheTest.evictReplace, org.apache.jackrabbit.oak.plugins.blob.FileCacheTest.getInvalidateConcurrent, org.apache.jackrabbit.oak.plugins.blob.FileCacheTest.rebuild]

Time each test takes to run in the new order:
[25849221, 13173984, 21528696, 64226869, 7170435, 101553418, 27717459, 288544507, 27567209, 1058482119, 136101101, 73651395, 13400929, 14854603, 64120328, 105868362, 116349453, 16770670, 47465032]

Dependent test list:
[Test: org.apache.jackrabbit.oak.plugins.blob.datastore.BlobIdTrackerClusterSharedTest.addRetrieveCluster, Intended behavior: FAILURE, when executed after: [org.apache.jackrabbit.oak.plugins.blob.datastore.DataStoreUtils.testPropertySetup], The revealed different behavior: PASS, when executed after: [], Test: org.apache.jackrabbit.oak.plugins.blob.datastore.BlobIdTrackerTest.snapshotExecuteAfterRemove, Intended behavior: FAILURE, when executed after: [org.apache.jackrabbit.oak.plugins.blob.datastore.BlobIdTrackerTest.addSnapshot], The revealed different behavior: PASS, when executed after: [], Test: org.apache.jackrabbit.oak.plugins.blob.datastore.BlobIdTrackerTest.addSnapshot, Intended behavior: FAILURE, when executed after: [org.apache.jackrabbit.oak.plugins.blob.datastore.BlobIdTrackerClusterSharedTest.addRetrieveCluster], The revealed different behavior: PASS, when executed after: [], Test: org.apache.jackrabbit.oak.plugins.blob.SharedDataStoreUtilsTest.test, Intended behavior: FAILURE, when executed after: [org.apache.jackrabbit.oak.plugins.blob.SharedDataStoreUtilsTest.testAddMetadata], The revealed different behavior: PASS, when executed after: [], Test: org.apache.jackrabbit.oak.plugins.blob.SharedDataStoreUtilsTest.testAddMetadata, Intended behavior: FAILURE, when executed after: [org.apache.jackrabbit.oak.plugins.blob.datastore.BlobIdTrackerTest.snapshotExecuteAfterRemove], The revealed different behavior: PASS, when executed after: []]
--------------------------
Execution time of TLG and its time to find/nullify any DTs for 1 machine (does not include the time to run the tests in the new order): 7.320
Number of tests selected out of total in original order: 23 / 149
Number of DTs not fixed: 0
Number of DTs fixed: 0
Execution time for executing the following testing order: 6.264

Test order list:
[org.apache.jackrabbit.oak.plugins.blob.FileCacheTest.upgrade, org.apache.jackrabbit.oak.plugins.blob.FileCacheTest.add, org.apache.jackrabbit.oak.plugins.blob.FileCacheTest.put, org.apache.jackrabbit.oak.plugins.blob.BlobStoreStatsTest.upload, org.apache.jackrabbit.oak.plugins.blob.BlobStoreStatsTest.download, org.apache.jackrabbit.oak.plugins.blob.datastore.DataStoreUtils.testPropertySetup, org.apache.jackrabbit.oak.plugins.blob.datastore.BlobIdTrackerClusterSharedTest.addRetrieveCluster, org.apache.jackrabbit.oak.plugins.blob.datastore.BlobIdTrackerTest.addSnapshot, org.apache.jackrabbit.oak.plugins.blob.datastore.BlobIdTrackerTest.snapshotExecuteAfterRemove, org.apache.jackrabbit.oak.plugins.blob.SharedDataStoreUtilsTest.testAddMetadata, org.apache.jackrabbit.oak.plugins.blob.SharedDataStoreUtilsTest.testGetAllChunkIds, org.apache.jackrabbit.oak.plugins.blob.SharedDataStoreUtilsTest.testStreamFromGetAllRecords, org.apache.jackrabbit.oak.plugins.blob.SharedDataStoreUtilsTest.testGetRecordForId, org.apache.jackrabbit.oak.plugins.blob.SharedDataStoreUtilsTest.testGetAllRecords, org.apache.jackrabbit.oak.plugins.blob.SharedDataStoreUtilsTest.test, org.apache.jackrabbit.oak.plugins.blob.UploadStagingCacheTest.testGetAllIdentifiers, org.apache.jackrabbit.oak.plugins.blob.UploadStagingCacheTest.testAddUploadException, org.apache.jackrabbit.oak.plugins.blob.UploadStagingCacheTest.testGetAddDifferent, org.apache.jackrabbit.oak.plugins.blob.UploadStagingCacheTest.testZeroCache, org.apache.jackrabbit.oak.plugins.blob.UploadStagingCacheTest.testDefaultStatsProvider, org.apache.jackrabbit.oak.plugins.blob.UploadStagingCacheTest.testAdd, org.apache.jackrabbit.oak.plugins.blob.UploadStagingCacheTest.testGetNoAdd, org.apache.jackrabbit.oak.plugins.blob.UploadStagingCacheTest.testGetAllIdentifiersNoAdd]

Time each test takes to run in the new order:
[150636926, 84291037, 2156705, 35068068, 99865635, 56233037, 22328834, 39662037, 20709080, 26622999, 1766068, 19388717, 14589946, 38452218, 52824557, 16205492, 40764071, 127373476, 205043421, 13496248, 5084618100, 52968010, 58553964]

Dependent test list:
[Test: org.apache.jackrabbit.oak.plugins.blob.datastore.BlobIdTrackerClusterSharedTest.addRetrieveCluster, Intended behavior: FAILURE, when executed after: [org.apache.jackrabbit.oak.plugins.blob.datastore.DataStoreUtils.testPropertySetup], The revealed different behavior: PASS, when executed after: [], Test: org.apache.jackrabbit.oak.plugins.blob.datastore.BlobIdTrackerTest.snapshotExecuteAfterRemove, Intended behavior: FAILURE, when executed after: [org.apache.jackrabbit.oak.plugins.blob.datastore.BlobIdTrackerTest.addSnapshot], The revealed different behavior: PASS, when executed after: [], Test: org.apache.jackrabbit.oak.plugins.blob.datastore.BlobIdTrackerTest.addSnapshot, Intended behavior: FAILURE, when executed after: [org.apache.jackrabbit.oak.plugins.blob.datastore.BlobIdTrackerClusterSharedTest.addRetrieveCluster], The revealed different behavior: PASS, when executed after: [], Test: org.apache.jackrabbit.oak.plugins.blob.SharedDataStoreUtilsTest.test, Intended behavior: FAILURE, when executed after: [org.apache.jackrabbit.oak.plugins.blob.SharedDataStoreUtilsTest.testAddMetadata], The revealed different behavior: PASS, when executed after: [], Test: org.apache.jackrabbit.oak.plugins.blob.SharedDataStoreUtilsTest.testAddMetadata, Intended behavior: FAILURE, when executed after: [org.apache.jackrabbit.oak.plugins.blob.datastore.BlobIdTrackerTest.snapshotExecuteAfterRemove], The revealed different behavior: PASS, when executed after: []]
--------------------------
Execution time of TLG and its time to find/nullify any DTs for 1 machine (does not include the time to run the tests in the new order): 11.842
Number of tests selected out of total in original order: 18 / 149
Number of DTs not fixed: 0
Number of DTs fixed: 0
Execution time for executing the following testing order: 11.067

Test order list:
[org.apache.jackrabbit.oak.plugins.blob.UploadStagingCacheTest.testInvalidateNoAdd, org.apache.jackrabbit.oak.plugins.blob.UploadStagingCacheTest.testPutMoveFileError, org.apache.jackrabbit.oak.plugins.blob.UploadStagingCacheTest.testCacheFullAdd, org.apache.jackrabbit.oak.plugins.blob.UploadStagingCacheTest.testInvalidate, org.apache.jackrabbit.oak.plugins.blob.UploadStagingCacheTest.testConcurrentSameAdd, org.apache.jackrabbit.oak.plugins.blob.UploadStagingCacheTest.testConcurrentDifferentAdd, org.apache.jackrabbit.oak.plugins.blob.UploadStagingCacheTest.testConcurrentGetDelete, org.apache.jackrabbit.oak.plugins.blob.UploadStagingCacheTest.testConcurrentPutDeleteSame, org.apache.jackrabbit.oak.plugins.blob.UploadStagingCacheTest.testConcurrentPutDeleteDifferent, org.apache.jackrabbit.oak.plugins.blob.UploadStagingCacheTest.testBuild, org.apache.jackrabbit.oak.plugins.blob.UploadStagingCacheTest.testBuildMoreThanCacheSize, org.apache.jackrabbit.oak.plugins.blob.UploadStagingCacheTest.testUpgrade, org.apache.jackrabbit.oak.plugins.blob.BlobGCCheckpointRefTest.gcCheckpointHeldNoAddition, org.apache.jackrabbit.oak.plugins.blob.BlobGCCheckpointRefTest.gcCheckpointHeldMaxAgeChange, org.apache.jackrabbit.oak.plugins.blob.BlobGCCheckpointRefTest.gcCheckpointHeld, org.apache.jackrabbit.oak.plugins.blob.BlobGCTest.noGc, org.apache.jackrabbit.oak.plugins.blob.BlobGCTest.gcCheckDeletedSize, org.apache.jackrabbit.oak.plugins.blob.BlobGCTest.gc]

Time each test takes to run in the new order:
[38286018, 124662031, 21376972, 24966314, 24778747, 37324605, 16758721, 5169875427, 19967972, 121705461, 97164076, 58858915, 31643524, 21681926, 46463190, 35375505, 46655486, 5129472944]

Dependent test list:
[Test: org.apache.jackrabbit.oak.plugins.blob.datastore.BlobIdTrackerClusterSharedTest.addRetrieveCluster, Intended behavior: FAILURE, when executed after: [org.apache.jackrabbit.oak.plugins.blob.datastore.DataStoreUtils.testPropertySetup], The revealed different behavior: PASS, when executed after: [], Test: org.apache.jackrabbit.oak.plugins.blob.datastore.BlobIdTrackerTest.snapshotExecuteAfterRemove, Intended behavior: FAILURE, when executed after: [org.apache.jackrabbit.oak.plugins.blob.datastore.BlobIdTrackerTest.addSnapshot], The revealed different behavior: PASS, when executed after: [], Test: org.apache.jackrabbit.oak.plugins.blob.datastore.BlobIdTrackerTest.addSnapshot, Intended behavior: FAILURE, when executed after: [org.apache.jackrabbit.oak.plugins.blob.datastore.BlobIdTrackerClusterSharedTest.addRetrieveCluster], The revealed different behavior: PASS, when executed after: [], Test: org.apache.jackrabbit.oak.plugins.blob.SharedDataStoreUtilsTest.test, Intended behavior: FAILURE, when executed after: [org.apache.jackrabbit.oak.plugins.blob.SharedDataStoreUtilsTest.testAddMetadata], The revealed different behavior: PASS, when executed after: [], Test: org.apache.jackrabbit.oak.plugins.blob.SharedDataStoreUtilsTest.testAddMetadata, Intended behavior: FAILURE, when executed after: [org.apache.jackrabbit.oak.plugins.blob.datastore.BlobIdTrackerTest.snapshotExecuteAfterRemove], The revealed different behavior: PASS, when executed after: []]
--------------------------
Execution time of TLG and its time to find/nullify any DTs for 1 machine (does not include the time to run the tests in the new order): 1.600
Number of tests selected out of total in original order: 18 / 149
Number of DTs not fixed: 0
Number of DTs fixed: 0
Execution time for executing the following testing order: 1.244

Test order list:
[org.apache.jackrabbit.oak.plugins.blob.serializer.FSBlobSerializerTest.blobs, org.apache.jackrabbit.oak.plugins.blob.serializer.FSBlobSerializerTest.errorBlob, org.apache.jackrabbit.oak.plugins.blob.serializer.BlobIdSerializerTest.inMemoryBlob, org.apache.jackrabbit.oak.plugins.blob.serializer.BlobIdSerializerTest.blobStoreBlob, org.apache.jackrabbit.oak.plugins.blob.CompositeDataStoreCacheTest.invalidate, org.apache.jackrabbit.oak.plugins.blob.CompositeDataStoreCacheTest.zeroCache, org.apache.jackrabbit.oak.plugins.blob.CompositeDataStoreCacheTest.getIfPresentObjectNoCache, org.apache.jackrabbit.oak.plugins.blob.CompositeDataStoreCacheTest.getIfPresentNoCache, org.apache.jackrabbit.oak.plugins.blob.CompositeDataStoreCacheTest.getNoCache, org.apache.jackrabbit.oak.plugins.blob.CompositeDataStoreCacheTest.addCacheFull, org.apache.jackrabbit.oak.plugins.blob.CompositeDataStoreCacheTest.invalidateStaging, org.apache.jackrabbit.oak.plugins.blob.CompositeDataStoreCacheTest.getIfPresentStaged, org.apache.jackrabbit.oak.plugins.blob.CompositeDataStoreCacheTest.getStaged, org.apache.jackrabbit.oak.plugins.blob.CompositeDataStoreCacheTest.getLoad, org.apache.jackrabbit.oak.plugins.blob.CompositeDataStoreCacheTest.concurrentAddGet, org.apache.jackrabbit.oak.plugins.blob.CompositeDataStoreCacheTest.add, org.apache.jackrabbit.oak.plugins.blob.ConsolidatedDataStoreStatsTest.noPath, org.apache.jackrabbit.oak.plugins.blob.ConsolidatedDataStoreStatsTest.nullString]

Time each test takes to run in the new order:
[34949786, 111581585, 1850331, 9872236, 4919458, 47833417, 57411746, 21756353, 16387762, 64295118, 16039402, 45502881, 123349635, 47990075, 259940604, 275245845, 43628904, 61153579]

Dependent test list:
[Test: org.apache.jackrabbit.oak.plugins.blob.datastore.BlobIdTrackerClusterSharedTest.addRetrieveCluster, Intended behavior: FAILURE, when executed after: [org.apache.jackrabbit.oak.plugins.blob.datastore.DataStoreUtils.testPropertySetup], The revealed different behavior: PASS, when executed after: [], Test: org.apache.jackrabbit.oak.plugins.blob.datastore.BlobIdTrackerTest.snapshotExecuteAfterRemove, Intended behavior: FAILURE, when executed after: [org.apache.jackrabbit.oak.plugins.blob.datastore.BlobIdTrackerTest.addSnapshot], The revealed different behavior: PASS, when executed after: [], Test: org.apache.jackrabbit.oak.plugins.blob.datastore.BlobIdTrackerTest.addSnapshot, Intended behavior: FAILURE, when executed after: [org.apache.jackrabbit.oak.plugins.blob.datastore.BlobIdTrackerClusterSharedTest.addRetrieveCluster], The revealed different behavior: PASS, when executed after: [], Test: org.apache.jackrabbit.oak.plugins.blob.SharedDataStoreUtilsTest.test, Intended behavior: FAILURE, when executed after: [org.apache.jackrabbit.oak.plugins.blob.SharedDataStoreUtilsTest.testAddMetadata], The revealed different behavior: PASS, when executed after: [], Test: org.apache.jackrabbit.oak.plugins.blob.SharedDataStoreUtilsTest.testAddMetadata, Intended behavior: FAILURE, when executed after: [org.apache.jackrabbit.oak.plugins.blob.datastore.BlobIdTrackerTest.snapshotExecuteAfterRemove], The revealed different behavior: PASS, when executed after: []]
--------------------------
Execution time of TLG and its time to find/nullify any DTs for 1 machine (does not include the time to run the tests in the new order): 2.021
Number of tests selected out of total in original order: 18 / 149
Number of DTs not fixed: 0
Number of DTs fixed: 0
Execution time for executing the following testing order: 1.577

Test order list:
[org.apache.jackrabbit.oak.plugins.blob.ConsolidatedDataStoreStatsTest.emptyString, org.apache.jackrabbit.oak.plugins.blob.ConsolidatedDataStoreStatsTest.differentPaths, org.apache.jackrabbit.oak.plugins.blob.ConsolidatedDataStoreStatsTest.multiplePropertiesAndBinarySynced, org.apache.jackrabbit.oak.plugins.blob.ConsolidatedDataStoreStatsTest.multipleBinaryPropsAllSynced, org.apache.jackrabbit.oak.plugins.blob.ConsolidatedDataStoreStatsTest.multipleBinaryPropsNotAllSynced, org.apache.jackrabbit.oak.plugins.blob.ConsolidatedDataStoreStatsTest.binaryPropSingle, org.apache.jackrabbit.oak.plugins.blob.ConsolidatedDataStoreStatsTest.binariesPropertyMultiple, org.apache.jackrabbit.oak.plugins.blob.ConsolidatedDataStoreStatsTest.binariesPropertyNotAllSynced, org.apache.jackrabbit.oak.plugins.blob.ConsolidatedDataStoreStatsTest.binarySyncedAndBinariesNotSynced, org.apache.jackrabbit.oak.plugins.blob.ConsolidatedDataStoreStatsTest.binaryNotSyncedAndBinariesSynced, org.apache.jackrabbit.oak.plugins.blob.ConsolidatedDataStoreStatsTest.binaryAndBinariesSynced, org.apache.jackrabbit.oak.plugins.blob.DataStoreCacheUpgradeUtilsTest.upgrade, org.apache.jackrabbit.oak.plugins.blob.DataStoreCacheUpgradeUtilsTest.upgradeNoDownloads, org.apache.jackrabbit.oak.plugins.blob.DataStoreCacheUpgradeUtilsTest.upgradeNoDownloadsDelPendingFileFalse, org.apache.jackrabbit.oak.plugins.blob.DataStoreCacheUpgradeUtilsTest.upgradeMoveDownloadsFalse, org.apache.jackrabbit.oak.plugins.blob.DataStoreCacheUpgradeUtilsTest.upgradeNoUploads, org.apache.jackrabbit.oak.plugins.blob.DataStoreCacheUpgradeUtilsTest.upgradeNoUploadMap, org.apache.jackrabbit.oak.plugins.blob.DataStoreCacheUpgradeUtilsTest.upgradeDelPendingFileFalse]

Time each test takes to run in the new order:
[58131496, 24291554, 36474009, 38791717, 43846727, 44869693, 51979244, 18233168, 55251177, 239147909, 390597884, 17519811, 202254026, 92573681, 59896920, 95243598, 83958712, 23870148]

Dependent test list:
[Test: org.apache.jackrabbit.oak.plugins.blob.datastore.BlobIdTrackerClusterSharedTest.addRetrieveCluster, Intended behavior: FAILURE, when executed after: [org.apache.jackrabbit.oak.plugins.blob.datastore.DataStoreUtils.testPropertySetup], The revealed different behavior: PASS, when executed after: [], Test: org.apache.jackrabbit.oak.plugins.blob.datastore.BlobIdTrackerTest.snapshotExecuteAfterRemove, Intended behavior: FAILURE, when executed after: [org.apache.jackrabbit.oak.plugins.blob.datastore.BlobIdTrackerTest.addSnapshot], The revealed different behavior: PASS, when executed after: [], Test: org.apache.jackrabbit.oak.plugins.blob.datastore.BlobIdTrackerTest.addSnapshot, Intended behavior: FAILURE, when executed after: [org.apache.jackrabbit.oak.plugins.blob.datastore.BlobIdTrackerClusterSharedTest.addRetrieveCluster], The revealed different behavior: PASS, when executed after: [], Test: org.apache.jackrabbit.oak.plugins.blob.SharedDataStoreUtilsTest.test, Intended behavior: FAILURE, when executed after: [org.apache.jackrabbit.oak.plugins.blob.SharedDataStoreUtilsTest.testAddMetadata], The revealed different behavior: PASS, when executed after: [], Test: org.apache.jackrabbit.oak.plugins.blob.SharedDataStoreUtilsTest.testAddMetadata, Intended behavior: FAILURE, when executed after: [org.apache.jackrabbit.oak.plugins.blob.datastore.BlobIdTrackerTest.snapshotExecuteAfterRemove], The revealed different behavior: PASS, when executed after: []]
--------------------------
Total time (of all machines and iterations plus initial TestListGenerator): 76.437
New order time: 51.227
Total number of tests executed in all machines out of total in original order: 156 / 149