The following arguments were used to generate this output.
[-technique, parallelization, -order, time, -timeOrder, /scratch/reedoei2/run-new-subjects/jackrabbit-oak-865c56c8f02fdfc7a76ac12c6ce207df42ee9d77-new/experiments/jackrabbit-oak-old-cd3d6e5c89597ebc4d39e7ce9344eed7215559d7/oak-blob-plugins/target/jackrabbit-oak-oak-blob-plugins-orig-time.txt, -origOrder, /scratch/reedoei2/run-new-subjects/jackrabbit-oak-865c56c8f02fdfc7a76ac12c6ce207df42ee9d77-new/experiments/jackrabbit-oak-new-865c56c8f02fdfc7a76ac12c6ce207df42ee9d77/oak-blob-plugins/target/jackrabbit-oak-oak-blob-plugins-orig-order, -testInputDir, /scratch/reedoei2/run-new-subjects/jackrabbit-oak-865c56c8f02fdfc7a76ac12c6ce207df42ee9d77-new/experiments/jackrabbit-oak-old-cd3d6e5c89597ebc4d39e7ce9344eed7215559d7/oak-blob-plugins/target/sootTestOutput-orig, -filesToDelete, /scratch/reedoei2/run-new-subjects/jackrabbit-oak-865c56c8f02fdfc7a76ac12c6ce207df42ee9d77-new/experiments/jackrabbit-oak-new-865c56c8f02fdfc7a76ac12c6ce207df42ee9d77/oak-blob-plugins/target/jackrabbit-oak-oak-blob-plugins-env-files, -numOfMachines, 16, -project, jackrabbit-oak-oak-blob-plugins, -testType, orig, -timesToRun, 5, -outputDir, /scratch/reedoei2/run-new-subjects/jackrabbit-oak-865c56c8f02fdfc7a76ac12c6ce207df42ee9d77-new/experiments/parallelization-results, -classpath, /scratch/reedoei2/run-new-subjects/jackrabbit-oak-865c56c8f02fdfc7a76ac12c6ce207df42ee9d77-new/experiments/jackrabbit-oak-new-865c56c8f02fdfc7a76ac12c6ce207df42ee9d77/oak-blob-plugins/target/dependency/*:/scratch/reedoei2/run-new-subjects/jackrabbit-oak-865c56c8f02fdfc7a76ac12c6ce207df42ee9d77-new/experiments/jackrabbit-oak-new-865c56c8f02fdfc7a76ac12c6ce207df42ee9d77/oak-blob-plugins/target/classes:/scratch/reedoei2/run-new-subjects/jackrabbit-oak-865c56c8f02fdfc7a76ac12c6ce207df42ee9d77-new/experiments/jackrabbit-oak-new-865c56c8f02fdfc7a76ac12c6ce207df42ee9d77/oak-blob-plugins/target/randoop/bin:/scratch/reedoei2/run-new-subjects/jackrabbit-oak-865c56c8f02fdfc7a76ac12c6ce207df42ee9d77-new/experiments/jackrabbit-oak-new-865c56c8f02fdfc7a76ac12c6ce207df42ee9d77/oak-blob-plugins/target/test-classes:, -dependentTestFile, /scratch/reedoei2/run-new-subjects/jackrabbit-oak-865c56c8f02fdfc7a76ac12c6ce207df42ee9d77-new/experiments/scripts/data/parallelization-dt-list/parallelization-jackrabbit-oak-oak-blob-plugins-orig-16-time.txt]

Execution time of TLG and its time to find/nullify any DTs for 1 machine (does not include the time to run the tests in the new order): 3.122
Number of tests selected out of total in original order: 24 / 149
Number of DTs not fixed: 0
Number of DTs fixed: 0
Execution time for executing the following testing order: 2.131

Test order list:
[org.apache.jackrabbit.oak.plugins.blob.datastore.BlobIdTrackerStoreTest.addSnapshotRetrieve, org.apache.jackrabbit.oak.plugins.blob.datastore.ActiveDeletionTrackerStoreTest.filterWithExtraElements, org.apache.jackrabbit.oak.plugins.blob.datastore.ActiveDeletionTrackerStoreTest.filter, org.apache.jackrabbit.oak.plugins.blob.datastore.AbstractDataStoreTest.testGetAllIdentifiers, org.apache.jackrabbit.oak.plugins.blob.datastore.AbstractDataStoreTest.testAddRecord, org.apache.jackrabbit.oak.plugins.blob.datastore.AbstractDataStoreTest.testReference, org.apache.jackrabbit.oak.plugins.blob.datastore.DataStoreUtils.testPropertySetup, org.apache.jackrabbit.oak.plugins.blob.datastore.BlobIdTrackerClusterSharedTest.addRetrieveCluster, org.apache.jackrabbit.oak.plugins.blob.datastore.DataStoreBlobStoreTest.testExternalBinary, org.apache.jackrabbit.oak.plugins.blob.CachingDataStoreTest.syncAddGetDelete, org.apache.jackrabbit.oak.plugins.blob.CachingDataStoreTest.exists, org.apache.jackrabbit.oak.plugins.blob.FileCacheTest.getIfPresentObjectNoCache, org.apache.jackrabbit.oak.plugins.blob.FileCacheTest.retrievePutConcurrent, org.apache.jackrabbit.oak.plugins.blob.FileCacheTest.evictReplace, org.apache.jackrabbit.oak.plugins.blob.FileCacheTest.rebuild, org.apache.jackrabbit.oak.plugins.blob.FileCacheTest.put, org.apache.jackrabbit.oak.plugins.blob.BlobStoreStatsTest.download, org.apache.jackrabbit.oak.plugins.blob.SharedDataStoreUtilsTest.testGetRecordForId, org.apache.jackrabbit.oak.plugins.blob.UploadStagingCacheTest.testGetAllIdentifiers, org.apache.jackrabbit.oak.plugins.blob.UploadStagingCacheTest.testPutMoveFileError, org.apache.jackrabbit.oak.plugins.blob.UploadStagingCacheTest.testConcurrentGetDelete, org.apache.jackrabbit.oak.plugins.blob.CompositeDataStoreCacheTest.invalidate, org.apache.jackrabbit.oak.plugins.blob.CompositeDataStoreCacheTest.concurrentAddGet, org.apache.jackrabbit.oak.plugins.blob.DataStoreCacheUpgradeUtilsTest.upgradeDelPendingFileFalse]

Time each test takes to run in the new order:
[22306999, 9741783, 23050314, 453526, 2272227, 1204535419, 20739210, 30828540, 31583585, 18605909, 107328906, 75718180, 30044998, 161376462, 24096643, 47850033, 70968187, 33039113, 31883740, 80241962, 1826769, 99289046, 3040158, 448420]

Dependent test list:
[Test: org.apache.jackrabbit.oak.plugins.blob.datastore.BlobIdTrackerClusterSharedTest.addRetrieveCluster, Intended behavior: FAILURE, when executed after: [org.apache.jackrabbit.oak.plugins.blob.datastore.DataStoreUtils.testPropertySetup], The revealed different behavior: PASS, when executed after: [], Test: org.apache.jackrabbit.oak.plugins.blob.datastore.BlobIdTrackerTest.snapshotExecuteAfterRemove, Intended behavior: FAILURE, when executed after: [org.apache.jackrabbit.oak.plugins.blob.datastore.BlobIdTrackerTest.snapshotIgnoreAfterRemove], The revealed different behavior: PASS, when executed after: [], Test: org.apache.jackrabbit.oak.plugins.blob.SharedDataStoreUtilsTest.testAddMetadata, Intended behavior: FAILURE, when executed after: [org.apache.jackrabbit.oak.plugins.blob.datastore.BlobIdTrackerTest.externalAddOffline], The revealed different behavior: PASS, when executed after: [], Test: org.apache.jackrabbit.oak.plugins.blob.datastore.BlobIdTrackerClusterSharedTest.addRetrieveShared, Intended behavior: FAILURE, when executed after: [org.apache.jackrabbit.oak.plugins.blob.datastore.BlobIdTrackerClusterSharedTest.addRetrieveCluster], The revealed different behavior: PASS, when executed after: [], Test: org.apache.jackrabbit.oak.plugins.blob.SharedDataStoreUtilsTest.test, Intended behavior: FAILURE, when executed after: [org.apache.jackrabbit.oak.plugins.blob.SharedDataStoreUtilsTest.testAddMetadata], The revealed different behavior: PASS, when executed after: [], Test: org.apache.jackrabbit.oak.plugins.blob.datastore.BlobIdTrackerTest.externalAddOffline, Intended behavior: FAILURE, when executed after: [org.apache.jackrabbit.oak.plugins.blob.datastore.BlobIdTrackerTest.snapshotExecuteAfterRemove], The revealed different behavior: PASS, when executed after: [], Test: org.apache.jackrabbit.oak.plugins.blob.datastore.BlobIdTrackerTest.snapshotIgnoreAfterRemove, Intended behavior: FAILURE, when executed after: [org.apache.jackrabbit.oak.plugins.blob.datastore.BlobIdTrackerClusterSharedTest.addRetrieveShared], The revealed different behavior: PASS, when executed after: []]
--------------------------
Execution time of TLG and its time to find/nullify any DTs for 1 machine (does not include the time to run the tests in the new order): 1.866
Number of tests selected out of total in original order: 3 / 149
Number of DTs not fixed: 0
Number of DTs fixed: 0
Execution time for executing the following testing order: 1.175

Test order list:
[org.apache.jackrabbit.oak.plugins.blob.datastore.InMemoryDataRecordTest.testGetInstance, org.apache.jackrabbit.oak.plugins.blob.datastore.OakFileDataStoreTest.testNoOpMap, org.apache.jackrabbit.oak.plugins.blob.datastore.BlobIdTrackerStoreTest.addSnapshotAddSnapshot]

Time each test takes to run in the new order:
[9277038, 1165532098, 670028]

Dependent test list:
[Test: org.apache.jackrabbit.oak.plugins.blob.datastore.BlobIdTrackerClusterSharedTest.addRetrieveCluster, Intended behavior: FAILURE, when executed after: [org.apache.jackrabbit.oak.plugins.blob.datastore.DataStoreUtils.testPropertySetup], The revealed different behavior: PASS, when executed after: [], Test: org.apache.jackrabbit.oak.plugins.blob.datastore.BlobIdTrackerTest.snapshotExecuteAfterRemove, Intended behavior: FAILURE, when executed after: [org.apache.jackrabbit.oak.plugins.blob.datastore.BlobIdTrackerTest.snapshotIgnoreAfterRemove], The revealed different behavior: PASS, when executed after: [], Test: org.apache.jackrabbit.oak.plugins.blob.SharedDataStoreUtilsTest.testAddMetadata, Intended behavior: FAILURE, when executed after: [org.apache.jackrabbit.oak.plugins.blob.datastore.BlobIdTrackerTest.externalAddOffline], The revealed different behavior: PASS, when executed after: [], Test: org.apache.jackrabbit.oak.plugins.blob.datastore.BlobIdTrackerClusterSharedTest.addRetrieveShared, Intended behavior: FAILURE, when executed after: [org.apache.jackrabbit.oak.plugins.blob.datastore.BlobIdTrackerClusterSharedTest.addRetrieveCluster], The revealed different behavior: PASS, when executed after: [], Test: org.apache.jackrabbit.oak.plugins.blob.SharedDataStoreUtilsTest.test, Intended behavior: FAILURE, when executed after: [org.apache.jackrabbit.oak.plugins.blob.SharedDataStoreUtilsTest.testAddMetadata], The revealed different behavior: PASS, when executed after: [], Test: org.apache.jackrabbit.oak.plugins.blob.datastore.BlobIdTrackerTest.externalAddOffline, Intended behavior: FAILURE, when executed after: [org.apache.jackrabbit.oak.plugins.blob.datastore.BlobIdTrackerTest.snapshotExecuteAfterRemove], The revealed different behavior: PASS, when executed after: [], Test: org.apache.jackrabbit.oak.plugins.blob.datastore.BlobIdTrackerTest.snapshotIgnoreAfterRemove, Intended behavior: FAILURE, when executed after: [org.apache.jackrabbit.oak.plugins.blob.datastore.BlobIdTrackerClusterSharedTest.addRetrieveShared], The revealed different behavior: PASS, when executed after: []]
--------------------------
Execution time of TLG and its time to find/nullify any DTs for 1 machine (does not include the time to run the tests in the new order): 3.244
Number of tests selected out of total in original order: 27 / 149
Number of DTs not fixed: 0
Number of DTs fixed: 0
Execution time for executing the following testing order: 2.405

Test order list:
[org.apache.jackrabbit.oak.plugins.blob.datastore.OakFileDataStoreTest.testGetAllIdentifiers, org.apache.jackrabbit.oak.plugins.blob.datastore.OakFileDataStoreTest.testGetAllIdentifiersRelative2, org.apache.jackrabbit.oak.plugins.blob.datastore.BlobIdTrackerStoreTest.addSnapshotAdd, org.apache.jackrabbit.oak.plugins.blob.datastore.BlobIdTrackerStoreTest.addBulkAdd, org.apache.jackrabbit.oak.plugins.blob.datastore.ActiveDeletionTrackerStoreTest.reconcile, org.apache.jackrabbit.oak.plugins.blob.datastore.DataStoreUtils.testPropertySetup, org.apache.jackrabbit.oak.plugins.blob.datastore.BlobIdTrackerClusterSharedTest.addRetrieveCluster, org.apache.jackrabbit.oak.plugins.blob.datastore.BlobIdTrackerClusterSharedTest.addRetrieveShared, org.apache.jackrabbit.oak.plugins.blob.datastore.BlobIdTrackerTest.snapshotIgnoreAfterRemove, org.apache.jackrabbit.oak.plugins.blob.datastore.BlobIdTrackerTest.snapshotExecuteAfterRemove, org.apache.jackrabbit.oak.plugins.blob.datastore.AbstractDataStoreTest.testDeleteRecord, org.apache.jackrabbit.oak.plugins.blob.datastore.AbstractDataStoreTest.testSingleThread, org.apache.jackrabbit.oak.plugins.blob.datastore.DataStoreBlobStoreTest.testReference, org.apache.jackrabbit.oak.plugins.blob.datastore.DataStoreBlobStoreTest.testEncodedBlobId, org.apache.jackrabbit.oak.plugins.blob.CachingDataStoreTest.zeroStagingCacheAddGetDelete, org.apache.jackrabbit.oak.plugins.blob.FileCacheTest.evictExplicit, org.apache.jackrabbit.oak.plugins.blob.BlobStoreStatsTest.upload, org.apache.jackrabbit.oak.plugins.blob.SharedDataStoreUtilsTest.testStreamFromGetAllRecords, org.apache.jackrabbit.oak.plugins.blob.SharedDataStoreUtilsTest.testGetAllRecords, org.apache.jackrabbit.oak.plugins.blob.UploadStagingCacheTest.testConcurrentSameAdd, org.apache.jackrabbit.oak.plugins.blob.UploadStagingCacheTest.testConcurrentDifferentAdd, org.apache.jackrabbit.oak.plugins.blob.CompositeDataStoreCacheTest.getIfPresentObjectNoCache, org.apache.jackrabbit.oak.plugins.blob.CompositeDataStoreCacheTest.getNoCache, org.apache.jackrabbit.oak.plugins.blob.CompositeDataStoreCacheTest.add, org.apache.jackrabbit.oak.plugins.blob.ConsolidatedDataStoreStatsTest.multipleBinaryPropsAllSynced, org.apache.jackrabbit.oak.plugins.blob.ConsolidatedDataStoreStatsTest.binaryNotSyncedAndBinariesSynced, org.apache.jackrabbit.oak.plugins.blob.ConsolidatedDataStoreStatsTest.binaryAndBinariesSynced]

Time each test takes to run in the new order:
[3842934, 63083312, 35119142, 1148922801, 266916, 21904929, 93623011, 620006, 33135401, 167065968, 61332347, 14571322, 61266517, 10451202, 127710856, 15494188, 63560137, 107978242, 39502866, 42159415, 22873927, 128623514, 44894554, 55356342, 1805439, 35614946, 4222744]

Dependent test list:
[Test: org.apache.jackrabbit.oak.plugins.blob.datastore.BlobIdTrackerClusterSharedTest.addRetrieveCluster, Intended behavior: FAILURE, when executed after: [org.apache.jackrabbit.oak.plugins.blob.datastore.DataStoreUtils.testPropertySetup], The revealed different behavior: PASS, when executed after: [], Test: org.apache.jackrabbit.oak.plugins.blob.datastore.BlobIdTrackerTest.snapshotExecuteAfterRemove, Intended behavior: FAILURE, when executed after: [org.apache.jackrabbit.oak.plugins.blob.datastore.BlobIdTrackerTest.snapshotIgnoreAfterRemove], The revealed different behavior: PASS, when executed after: [], Test: org.apache.jackrabbit.oak.plugins.blob.SharedDataStoreUtilsTest.testAddMetadata, Intended behavior: FAILURE, when executed after: [org.apache.jackrabbit.oak.plugins.blob.datastore.BlobIdTrackerTest.externalAddOffline], The revealed different behavior: PASS, when executed after: [], Test: org.apache.jackrabbit.oak.plugins.blob.datastore.BlobIdTrackerClusterSharedTest.addRetrieveShared, Intended behavior: FAILURE, when executed after: [org.apache.jackrabbit.oak.plugins.blob.datastore.BlobIdTrackerClusterSharedTest.addRetrieveCluster], The revealed different behavior: PASS, when executed after: [], Test: org.apache.jackrabbit.oak.plugins.blob.SharedDataStoreUtilsTest.test, Intended behavior: FAILURE, when executed after: [org.apache.jackrabbit.oak.plugins.blob.SharedDataStoreUtilsTest.testAddMetadata], The revealed different behavior: PASS, when executed after: [], Test: org.apache.jackrabbit.oak.plugins.blob.datastore.BlobIdTrackerTest.externalAddOffline, Intended behavior: FAILURE, when executed after: [org.apache.jackrabbit.oak.plugins.blob.datastore.BlobIdTrackerTest.snapshotExecuteAfterRemove], The revealed different behavior: PASS, when executed after: [], Test: org.apache.jackrabbit.oak.plugins.blob.datastore.BlobIdTrackerTest.snapshotIgnoreAfterRemove, Intended behavior: FAILURE, when executed after: [org.apache.jackrabbit.oak.plugins.blob.datastore.BlobIdTrackerClusterSharedTest.addRetrieveShared], The revealed different behavior: PASS, when executed after: []]
--------------------------
Execution time of TLG and its time to find/nullify any DTs for 1 machine (does not include the time to run the tests in the new order): 2.861
Number of tests selected out of total in original order: 35 / 149
Number of DTs not fixed: 0
Number of DTs fixed: 0
Execution time for executing the following testing order: 2.069

Test order list:
[org.apache.jackrabbit.oak.plugins.blob.datastore.BlobIdTrackerStoreTest.bulkAddConcurrentCompact, org.apache.jackrabbit.oak.plugins.blob.datastore.ActiveDeletionTrackerStoreTest.reconcileNone, org.apache.jackrabbit.oak.plugins.blob.datastore.ActiveDeletionTrackerStoreTest.reconcileExtraElements, org.apache.jackrabbit.oak.plugins.blob.datastore.BlobIdTrackerTest.snapshotRetrieveIgnored, org.apache.jackrabbit.oak.plugins.blob.datastore.AbstractDataStoreTest.testGetRecord, org.apache.jackrabbit.oak.plugins.blob.datastore.AbstractDataStoreTest.testMultiThreaded, org.apache.jackrabbit.oak.plugins.blob.datastore.DataStoreServiceTest.mbeanRegs, org.apache.jackrabbit.oak.plugins.blob.datastore.DataStoreBlobStoreTest.testAddOnTrackError, org.apache.jackrabbit.oak.plugins.blob.CachingDataStoreTest.reference, org.apache.jackrabbit.oak.plugins.blob.CachingDataStoreTest.syncAddGetLoadCache, org.apache.jackrabbit.oak.plugins.blob.CachingDataStoreTest.getRecordNotAvailable, org.apache.jackrabbit.oak.plugins.blob.CachingDataStoreTest.referenceNoCache, org.apache.jackrabbit.oak.plugins.blob.FileCacheTest.zeroCache, org.apache.jackrabbit.oak.plugins.blob.datastore.DataStoreUtils.testPropertySetup, org.apache.jackrabbit.oak.plugins.blob.datastore.BlobIdTrackerClusterSharedTest.addRetrieveCluster, org.apache.jackrabbit.oak.plugins.blob.datastore.BlobIdTrackerClusterSharedTest.addRetrieveShared, org.apache.jackrabbit.oak.plugins.blob.datastore.BlobIdTrackerTest.snapshotIgnoreAfterRemove, org.apache.jackrabbit.oak.plugins.blob.datastore.BlobIdTrackerTest.snapshotExecuteAfterRemove, org.apache.jackrabbit.oak.plugins.blob.datastore.BlobIdTrackerTest.externalAddOffline, org.apache.jackrabbit.oak.plugins.blob.SharedDataStoreUtilsTest.testAddMetadata, org.apache.jackrabbit.oak.plugins.blob.UploadStagingCacheTest.testGetAllIdentifiersNoAdd, org.apache.jackrabbit.oak.plugins.blob.UploadStagingCacheTest.testCacheFullAdd, org.apache.jackrabbit.oak.plugins.blob.UploadStagingCacheTest.testInvalidate, org.apache.jackrabbit.oak.plugins.blob.UploadStagingCacheTest.testBuildMoreThanCacheSize, org.apache.jackrabbit.oak.plugins.blob.BlobGCTest.gcCheckDeletedSize, org.apache.jackrabbit.oak.plugins.blob.serializer.BlobIdSerializerTest.blobStoreBlob, org.apache.jackrabbit.oak.plugins.blob.CompositeDataStoreCacheTest.getStaged, org.apache.jackrabbit.oak.plugins.blob.CompositeDataStoreCacheTest.getLoad, org.apache.jackrabbit.oak.plugins.blob.ConsolidatedDataStoreStatsTest.noPath, org.apache.jackrabbit.oak.plugins.blob.ConsolidatedDataStoreStatsTest.emptyString, org.apache.jackrabbit.oak.plugins.blob.ConsolidatedDataStoreStatsTest.differentPaths, org.apache.jackrabbit.oak.plugins.blob.ConsolidatedDataStoreStatsTest.multiplePropertiesAndBinarySynced, org.apache.jackrabbit.oak.plugins.blob.ConsolidatedDataStoreStatsTest.binariesPropertyMultiple, org.apache.jackrabbit.oak.plugins.blob.DataStoreCacheUpgradeUtilsTest.upgrade, org.apache.jackrabbit.oak.plugins.blob.DataStoreCacheUpgradeUtilsTest.upgradeNoUploadMap]

Time each test takes to run in the new order:
[35642756, 9729660, 55915523, 15088519, 82929344, 36789801, 19137620, 59130969, 46907473, 10801576, 4745532, 104524994, 194785001, 237527937, 10935598, 18252755, 4251811, 22254905, 37831215, 21800803, 67284360, 53479447, 152349113, 24397113, 26590679, 976903, 33619532, 23447382, 47233144, 1846123, 327524831, 47339577, 43008566, 142305068, 48750813]

Dependent test list:
[Test: org.apache.jackrabbit.oak.plugins.blob.datastore.BlobIdTrackerClusterSharedTest.addRetrieveCluster, Intended behavior: FAILURE, when executed after: [org.apache.jackrabbit.oak.plugins.blob.datastore.DataStoreUtils.testPropertySetup], The revealed different behavior: PASS, when executed after: [], Test: org.apache.jackrabbit.oak.plugins.blob.datastore.BlobIdTrackerTest.snapshotExecuteAfterRemove, Intended behavior: FAILURE, when executed after: [org.apache.jackrabbit.oak.plugins.blob.datastore.BlobIdTrackerTest.snapshotIgnoreAfterRemove], The revealed different behavior: PASS, when executed after: [], Test: org.apache.jackrabbit.oak.plugins.blob.SharedDataStoreUtilsTest.testAddMetadata, Intended behavior: FAILURE, when executed after: [org.apache.jackrabbit.oak.plugins.blob.datastore.BlobIdTrackerTest.externalAddOffline], The revealed different behavior: PASS, when executed after: [], Test: org.apache.jackrabbit.oak.plugins.blob.datastore.BlobIdTrackerClusterSharedTest.addRetrieveShared, Intended behavior: FAILURE, when executed after: [org.apache.jackrabbit.oak.plugins.blob.datastore.BlobIdTrackerClusterSharedTest.addRetrieveCluster], The revealed different behavior: PASS, when executed after: [], Test: org.apache.jackrabbit.oak.plugins.blob.SharedDataStoreUtilsTest.test, Intended behavior: FAILURE, when executed after: [org.apache.jackrabbit.oak.plugins.blob.SharedDataStoreUtilsTest.testAddMetadata], The revealed different behavior: PASS, when executed after: [], Test: org.apache.jackrabbit.oak.plugins.blob.datastore.BlobIdTrackerTest.externalAddOffline, Intended behavior: FAILURE, when executed after: [org.apache.jackrabbit.oak.plugins.blob.datastore.BlobIdTrackerTest.snapshotExecuteAfterRemove], The revealed different behavior: PASS, when executed after: [], Test: org.apache.jackrabbit.oak.plugins.blob.datastore.BlobIdTrackerTest.snapshotIgnoreAfterRemove, Intended behavior: FAILURE, when executed after: [org.apache.jackrabbit.oak.plugins.blob.datastore.BlobIdTrackerClusterSharedTest.addRetrieveShared], The revealed different behavior: PASS, when executed after: []]
--------------------------
Execution time of TLG and its time to find/nullify any DTs for 1 machine (does not include the time to run the tests in the new order): 2.612
Number of tests selected out of total in original order: 27 / 149
Number of DTs not fixed: 0
Number of DTs fixed: 0
Execution time for executing the following testing order: 1.829

Test order list:
[org.apache.jackrabbit.oak.plugins.blob.datastore.DataStoreUtils.testPropertySetup, org.apache.jackrabbit.oak.plugins.blob.datastore.ActiveDeletionTrackerStoreTest.filterWithNoActiveDeletion, org.apache.jackrabbit.oak.plugins.blob.datastore.ActiveDeletionTrackerStoreTest.reconcileAll, org.apache.jackrabbit.oak.plugins.blob.datastore.BlobIdTrackerTest.addSnapshot, org.apache.jackrabbit.oak.plugins.blob.datastore.BlobIdTrackerTest.addSnapshotRemove, org.apache.jackrabbit.oak.plugins.blob.datastore.CachingFileDataStoreTest.assertReferenceKey, org.apache.jackrabbit.oak.plugins.blob.datastore.DataStoreServiceTest.configFileDataStore, org.apache.jackrabbit.oak.plugins.blob.datastore.DataStoreBlobStoreTest.testInlineBinary, org.apache.jackrabbit.oak.plugins.blob.CachingDataStoreTest.getAllIdentifiers, org.apache.jackrabbit.oak.plugins.blob.CachingDataStoreTest.zeroCacheAddGetDelete, org.apache.jackrabbit.oak.plugins.blob.CachingDataStoreTest.lazyLoadStream, org.apache.jackrabbit.oak.plugins.blob.CachingDataStoreTest.addDelete, org.apache.jackrabbit.oak.plugins.blob.FileCacheTest.retrieveSameConcurrent, org.apache.jackrabbit.oak.plugins.blob.FileCacheTest.getInvalidateConcurrent, org.apache.jackrabbit.oak.plugins.blob.FileCacheTest.add, org.apache.jackrabbit.oak.plugins.blob.SharedDataStoreUtilsTest.testGetAllChunkIds, org.apache.jackrabbit.oak.plugins.blob.UploadStagingCacheTest.testZeroCache, org.apache.jackrabbit.oak.plugins.blob.BlobGCCheckpointRefTest.gcCheckpointHeldNoAddition, org.apache.jackrabbit.oak.plugins.blob.BlobGCTest.noGc, org.apache.jackrabbit.oak.plugins.blob.BlobGCTest.gc, org.apache.jackrabbit.oak.plugins.blob.serializer.FSBlobSerializerTest.blobs, org.apache.jackrabbit.oak.plugins.blob.CompositeDataStoreCacheTest.invalidateStaging, org.apache.jackrabbit.oak.plugins.blob.ConsolidatedDataStoreStatsTest.multipleBinaryPropsNotAllSynced, org.apache.jackrabbit.oak.plugins.blob.DataStoreCacheUpgradeUtilsTest.upgradeNoDownloads, org.apache.jackrabbit.oak.plugins.blob.DataStoreCacheUpgradeUtilsTest.upgradeNoDownloadsDelPendingFileFalse, org.apache.jackrabbit.oak.plugins.blob.DataStoreCacheUpgradeUtilsTest.upgradeMoveDownloadsFalse, org.apache.jackrabbit.oak.plugins.blob.DataStoreCacheUpgradeUtilsTest.upgradeNoUploads]

Time each test takes to run in the new order:
[99438558, 24312792, 53762781, 89753197, 397307208, 24865382, 65891683, 116775015, 61773918, 6971191, 28848910, 21572305, 61934446, 16145382, 57866559, 46617833, 133973279, 19424501, 28049046, 46915380, 15563333, 68829639, 52872461, 46368927, 18946969, 28080192, 196586613]

Dependent test list:
[Test: org.apache.jackrabbit.oak.plugins.blob.datastore.BlobIdTrackerClusterSharedTest.addRetrieveCluster, Intended behavior: FAILURE, when executed after: [org.apache.jackrabbit.oak.plugins.blob.datastore.DataStoreUtils.testPropertySetup], The revealed different behavior: PASS, when executed after: [], Test: org.apache.jackrabbit.oak.plugins.blob.datastore.BlobIdTrackerTest.snapshotExecuteAfterRemove, Intended behavior: FAILURE, when executed after: [org.apache.jackrabbit.oak.plugins.blob.datastore.BlobIdTrackerTest.snapshotIgnoreAfterRemove], The revealed different behavior: PASS, when executed after: [], Test: org.apache.jackrabbit.oak.plugins.blob.SharedDataStoreUtilsTest.testAddMetadata, Intended behavior: FAILURE, when executed after: [org.apache.jackrabbit.oak.plugins.blob.datastore.BlobIdTrackerTest.externalAddOffline], The revealed different behavior: PASS, when executed after: [], Test: org.apache.jackrabbit.oak.plugins.blob.datastore.BlobIdTrackerClusterSharedTest.addRetrieveShared, Intended behavior: FAILURE, when executed after: [org.apache.jackrabbit.oak.plugins.blob.datastore.BlobIdTrackerClusterSharedTest.addRetrieveCluster], The revealed different behavior: PASS, when executed after: [], Test: org.apache.jackrabbit.oak.plugins.blob.SharedDataStoreUtilsTest.test, Intended behavior: FAILURE, when executed after: [org.apache.jackrabbit.oak.plugins.blob.SharedDataStoreUtilsTest.testAddMetadata], The revealed different behavior: PASS, when executed after: [], Test: org.apache.jackrabbit.oak.plugins.blob.datastore.BlobIdTrackerTest.externalAddOffline, Intended behavior: FAILURE, when executed after: [org.apache.jackrabbit.oak.plugins.blob.datastore.BlobIdTrackerTest.snapshotExecuteAfterRemove], The revealed different behavior: PASS, when executed after: [], Test: org.apache.jackrabbit.oak.plugins.blob.datastore.BlobIdTrackerTest.snapshotIgnoreAfterRemove, Intended behavior: FAILURE, when executed after: [org.apache.jackrabbit.oak.plugins.blob.datastore.BlobIdTrackerClusterSharedTest.addRetrieveShared], The revealed different behavior: PASS, when executed after: []]
--------------------------
Execution time of TLG and its time to find/nullify any DTs for 1 machine (does not include the time to run the tests in the new order): 3.264
Number of tests selected out of total in original order: 22 / 149
Number of DTs not fixed: 0
Number of DTs fixed: 0
Execution time for executing the following testing order: 2.552

Test order list:
[org.apache.jackrabbit.oak.plugins.blob.datastore.OakFileDataStoreTest.testGetAllIdentifiersRelative1, org.apache.jackrabbit.oak.plugins.blob.datastore.BlobIdTrackerStoreTest.addCloseRestart, org.apache.jackrabbit.oak.plugins.blob.datastore.ActiveDeletionTrackerStoreTest.noFilter, org.apache.jackrabbit.oak.plugins.blob.datastore.DataStoreServiceTest.configCachingFileDataStore, org.apache.jackrabbit.oak.plugins.blob.datastore.DataStoreUtils.testPropertySetup, org.apache.jackrabbit.oak.plugins.blob.datastore.BlobIdTrackerClusterSharedTest.addRetrieveCluster, org.apache.jackrabbit.oak.plugins.blob.datastore.BlobIdTrackerClusterSharedTest.addRetrieveShared, org.apache.jackrabbit.oak.plugins.blob.datastore.DataStoreBlobStoreTest.testGetAllChunks, org.apache.jackrabbit.oak.plugins.blob.FileCacheTest.getDifferentConcurrent, org.apache.jackrabbit.oak.plugins.blob.FileCacheTest.evictImplicit, org.apache.jackrabbit.oak.plugins.blob.UploadStagingCacheTest.testAddUploadException, org.apache.jackrabbit.oak.plugins.blob.UploadStagingCacheTest.testAdd, org.apache.jackrabbit.oak.plugins.blob.UploadStagingCacheTest.testInvalidateNoAdd, org.apache.jackrabbit.oak.plugins.blob.UploadStagingCacheTest.testConcurrentPutDeleteSame, org.apache.jackrabbit.oak.plugins.blob.BlobGCCheckpointRefTest.gcCheckpointHeldMaxAgeChange, org.apache.jackrabbit.oak.plugins.blob.BlobGCCheckpointRefTest.gcCheckpointHeld, org.apache.jackrabbit.oak.plugins.blob.serializer.BlobIdSerializerTest.inMemoryBlob, org.apache.jackrabbit.oak.plugins.blob.CompositeDataStoreCacheTest.zeroCache, org.apache.jackrabbit.oak.plugins.blob.CompositeDataStoreCacheTest.getIfPresentNoCache, org.apache.jackrabbit.oak.plugins.blob.CompositeDataStoreCacheTest.addCacheFull, org.apache.jackrabbit.oak.plugins.blob.ConsolidatedDataStoreStatsTest.binaryPropSingle, org.apache.jackrabbit.oak.plugins.blob.ConsolidatedDataStoreStatsTest.binarySyncedAndBinariesNotSynced]

Time each test takes to run in the new order:
[51708057, 13594023, 63943336, 99485056, 19995361, 23771634, 70735488, 184083775, 5825214, 54844155, 1145925686, 1585879, 231868976, 25597066, 87666692, 13225309, 59846244, 77197535, 63781744, 135454705, 52497001, 69304960]

Dependent test list:
[Test: org.apache.jackrabbit.oak.plugins.blob.datastore.BlobIdTrackerClusterSharedTest.addRetrieveCluster, Intended behavior: FAILURE, when executed after: [org.apache.jackrabbit.oak.plugins.blob.datastore.DataStoreUtils.testPropertySetup], The revealed different behavior: PASS, when executed after: [], Test: org.apache.jackrabbit.oak.plugins.blob.datastore.BlobIdTrackerTest.snapshotExecuteAfterRemove, Intended behavior: FAILURE, when executed after: [org.apache.jackrabbit.oak.plugins.blob.datastore.BlobIdTrackerTest.snapshotIgnoreAfterRemove], The revealed different behavior: PASS, when executed after: [], Test: org.apache.jackrabbit.oak.plugins.blob.SharedDataStoreUtilsTest.testAddMetadata, Intended behavior: FAILURE, when executed after: [org.apache.jackrabbit.oak.plugins.blob.datastore.BlobIdTrackerTest.externalAddOffline], The revealed different behavior: PASS, when executed after: [], Test: org.apache.jackrabbit.oak.plugins.blob.datastore.BlobIdTrackerClusterSharedTest.addRetrieveShared, Intended behavior: FAILURE, when executed after: [org.apache.jackrabbit.oak.plugins.blob.datastore.BlobIdTrackerClusterSharedTest.addRetrieveCluster], The revealed different behavior: PASS, when executed after: [], Test: org.apache.jackrabbit.oak.plugins.blob.SharedDataStoreUtilsTest.test, Intended behavior: FAILURE, when executed after: [org.apache.jackrabbit.oak.plugins.blob.SharedDataStoreUtilsTest.testAddMetadata], The revealed different behavior: PASS, when executed after: [], Test: org.apache.jackrabbit.oak.plugins.blob.datastore.BlobIdTrackerTest.externalAddOffline, Intended behavior: FAILURE, when executed after: [org.apache.jackrabbit.oak.plugins.blob.datastore.BlobIdTrackerTest.snapshotExecuteAfterRemove], The revealed different behavior: PASS, when executed after: [], Test: org.apache.jackrabbit.oak.plugins.blob.datastore.BlobIdTrackerTest.snapshotIgnoreAfterRemove, Intended behavior: FAILURE, when executed after: [org.apache.jackrabbit.oak.plugins.blob.datastore.BlobIdTrackerClusterSharedTest.addRetrieveShared], The revealed different behavior: PASS, when executed after: []]
--------------------------
Execution time of TLG and its time to find/nullify any DTs for 1 machine (does not include the time to run the tests in the new order): 3.237
Number of tests selected out of total in original order: 20 / 149
Number of DTs not fixed: 0
Number of DTs fixed: 0
Execution time for executing the following testing order: 2.357

Test order list:
[org.apache.jackrabbit.oak.plugins.blob.datastore.BlobIdTrackerStoreTest.addSnapshotRemove, org.apache.jackrabbit.oak.plugins.blob.datastore.ActiveDeletionTrackerStoreTest.addCloseRestart, org.apache.jackrabbit.oak.plugins.blob.datastore.ActiveDeletionTrackerStoreTest.track, org.apache.jackrabbit.oak.plugins.blob.datastore.DataStoreUtils.testPropertySetup, org.apache.jackrabbit.oak.plugins.blob.datastore.BlobIdTrackerClusterSharedTest.addRetrieveCluster, org.apache.jackrabbit.oak.plugins.blob.datastore.BlobIdTrackerClusterSharedTest.addRetrieveShared, org.apache.jackrabbit.oak.plugins.blob.datastore.BlobIdTrackerTest.snapshotIgnoreAfterRemove, org.apache.jackrabbit.oak.plugins.blob.datastore.BlobIdTrackerTest.snapshotExecuteAfterRemove, org.apache.jackrabbit.oak.plugins.blob.datastore.BlobIdTrackerTest.externalAddOffline, org.apache.jackrabbit.oak.plugins.blob.datastore.DataStoreServiceTest.registerAndCheckReferenceKey, org.apache.jackrabbit.oak.plugins.blob.FileCacheTest.upgrade, org.apache.jackrabbit.oak.plugins.blob.SharedDataStoreUtilsTest.testAddMetadata, org.apache.jackrabbit.oak.plugins.blob.SharedDataStoreUtilsTest.test, org.apache.jackrabbit.oak.plugins.blob.UploadStagingCacheTest.testGetAddDifferent, org.apache.jackrabbit.oak.plugins.blob.UploadStagingCacheTest.testGetNoAdd, org.apache.jackrabbit.oak.plugins.blob.UploadStagingCacheTest.testConcurrentPutDeleteDifferent, org.apache.jackrabbit.oak.plugins.blob.serializer.FSBlobSerializerTest.errorBlob, org.apache.jackrabbit.oak.plugins.blob.CompositeDataStoreCacheTest.getIfPresentStaged, org.apache.jackrabbit.oak.plugins.blob.ConsolidatedDataStoreStatsTest.nullString, org.apache.jackrabbit.oak.plugins.blob.ConsolidatedDataStoreStatsTest.binariesPropertyNotAllSynced]

Time each test takes to run in the new order:
[17519883, 232039011, 1348055343, 6241450, 15468272, 17356365, 210630694, 59716992, 22821645, 48816624, 26020191, 10931628, 24525775, 65827379, 2997108, 57250552, 70705707, 13014390, 38162101, 68496195]

Dependent test list:
[Test: org.apache.jackrabbit.oak.plugins.blob.datastore.BlobIdTrackerClusterSharedTest.addRetrieveCluster, Intended behavior: FAILURE, when executed after: [org.apache.jackrabbit.oak.plugins.blob.datastore.DataStoreUtils.testPropertySetup], The revealed different behavior: PASS, when executed after: [], Test: org.apache.jackrabbit.oak.plugins.blob.datastore.BlobIdTrackerTest.snapshotExecuteAfterRemove, Intended behavior: FAILURE, when executed after: [org.apache.jackrabbit.oak.plugins.blob.datastore.BlobIdTrackerTest.snapshotIgnoreAfterRemove], The revealed different behavior: PASS, when executed after: [], Test: org.apache.jackrabbit.oak.plugins.blob.SharedDataStoreUtilsTest.testAddMetadata, Intended behavior: FAILURE, when executed after: [org.apache.jackrabbit.oak.plugins.blob.datastore.BlobIdTrackerTest.externalAddOffline], The revealed different behavior: PASS, when executed after: [], Test: org.apache.jackrabbit.oak.plugins.blob.datastore.BlobIdTrackerClusterSharedTest.addRetrieveShared, Intended behavior: FAILURE, when executed after: [org.apache.jackrabbit.oak.plugins.blob.datastore.BlobIdTrackerClusterSharedTest.addRetrieveCluster], The revealed different behavior: PASS, when executed after: [], Test: org.apache.jackrabbit.oak.plugins.blob.SharedDataStoreUtilsTest.test, Intended behavior: FAILURE, when executed after: [org.apache.jackrabbit.oak.plugins.blob.SharedDataStoreUtilsTest.testAddMetadata], The revealed different behavior: PASS, when executed after: [], Test: org.apache.jackrabbit.oak.plugins.blob.datastore.BlobIdTrackerTest.externalAddOffline, Intended behavior: FAILURE, when executed after: [org.apache.jackrabbit.oak.plugins.blob.datastore.BlobIdTrackerTest.snapshotExecuteAfterRemove], The revealed different behavior: PASS, when executed after: [], Test: org.apache.jackrabbit.oak.plugins.blob.datastore.BlobIdTrackerTest.snapshotIgnoreAfterRemove, Intended behavior: FAILURE, when executed after: [org.apache.jackrabbit.oak.plugins.blob.datastore.BlobIdTrackerClusterSharedTest.addRetrieveShared], The revealed different behavior: PASS, when executed after: []]
--------------------------
Execution time of TLG and its time to find/nullify any DTs for 1 machine (does not include the time to run the tests in the new order): 1.970
Number of tests selected out of total in original order: 1 / 149
Number of DTs not fixed: 0
Number of DTs fixed: 0
Execution time for executing the following testing order: 1.262

Test order list:
[org.apache.jackrabbit.oak.plugins.blob.CachingDataStoreTest.addStagingAndDelete]

Time each test takes to run in the new order:
[1261720618]

Dependent test list:
[Test: org.apache.jackrabbit.oak.plugins.blob.datastore.BlobIdTrackerClusterSharedTest.addRetrieveCluster, Intended behavior: FAILURE, when executed after: [org.apache.jackrabbit.oak.plugins.blob.datastore.DataStoreUtils.testPropertySetup], The revealed different behavior: PASS, when executed after: [], Test: org.apache.jackrabbit.oak.plugins.blob.datastore.BlobIdTrackerTest.snapshotExecuteAfterRemove, Intended behavior: FAILURE, when executed after: [org.apache.jackrabbit.oak.plugins.blob.datastore.BlobIdTrackerTest.snapshotIgnoreAfterRemove], The revealed different behavior: PASS, when executed after: [], Test: org.apache.jackrabbit.oak.plugins.blob.SharedDataStoreUtilsTest.testAddMetadata, Intended behavior: FAILURE, when executed after: [org.apache.jackrabbit.oak.plugins.blob.datastore.BlobIdTrackerTest.externalAddOffline], The revealed different behavior: PASS, when executed after: [], Test: org.apache.jackrabbit.oak.plugins.blob.datastore.BlobIdTrackerClusterSharedTest.addRetrieveShared, Intended behavior: FAILURE, when executed after: [org.apache.jackrabbit.oak.plugins.blob.datastore.BlobIdTrackerClusterSharedTest.addRetrieveCluster], The revealed different behavior: PASS, when executed after: [], Test: org.apache.jackrabbit.oak.plugins.blob.SharedDataStoreUtilsTest.test, Intended behavior: FAILURE, when executed after: [org.apache.jackrabbit.oak.plugins.blob.SharedDataStoreUtilsTest.testAddMetadata], The revealed different behavior: PASS, when executed after: [], Test: org.apache.jackrabbit.oak.plugins.blob.datastore.BlobIdTrackerTest.externalAddOffline, Intended behavior: FAILURE, when executed after: [org.apache.jackrabbit.oak.plugins.blob.datastore.BlobIdTrackerTest.snapshotExecuteAfterRemove], The revealed different behavior: PASS, when executed after: [], Test: org.apache.jackrabbit.oak.plugins.blob.datastore.BlobIdTrackerTest.snapshotIgnoreAfterRemove, Intended behavior: FAILURE, when executed after: [org.apache.jackrabbit.oak.plugins.blob.datastore.BlobIdTrackerClusterSharedTest.addRetrieveShared], The revealed different behavior: PASS, when executed after: []]
--------------------------
Execution time of TLG and its time to find/nullify any DTs for 1 machine (does not include the time to run the tests in the new order): 1.876
Number of tests selected out of total in original order: 1 / 149
Number of DTs not fixed: 0
Number of DTs fixed: 0
Execution time for executing the following testing order: 1.227

Test order list:
[org.apache.jackrabbit.oak.plugins.blob.datastore.BlobIdTrackerStoreTest.addSnapshot]

Time each test takes to run in the new order:
[1227039868]

Dependent test list:
[Test: org.apache.jackrabbit.oak.plugins.blob.datastore.BlobIdTrackerClusterSharedTest.addRetrieveCluster, Intended behavior: FAILURE, when executed after: [org.apache.jackrabbit.oak.plugins.blob.datastore.DataStoreUtils.testPropertySetup], The revealed different behavior: PASS, when executed after: [], Test: org.apache.jackrabbit.oak.plugins.blob.datastore.BlobIdTrackerTest.snapshotExecuteAfterRemove, Intended behavior: FAILURE, when executed after: [org.apache.jackrabbit.oak.plugins.blob.datastore.BlobIdTrackerTest.snapshotIgnoreAfterRemove], The revealed different behavior: PASS, when executed after: [], Test: org.apache.jackrabbit.oak.plugins.blob.SharedDataStoreUtilsTest.testAddMetadata, Intended behavior: FAILURE, when executed after: [org.apache.jackrabbit.oak.plugins.blob.datastore.BlobIdTrackerTest.externalAddOffline], The revealed different behavior: PASS, when executed after: [], Test: org.apache.jackrabbit.oak.plugins.blob.datastore.BlobIdTrackerClusterSharedTest.addRetrieveShared, Intended behavior: FAILURE, when executed after: [org.apache.jackrabbit.oak.plugins.blob.datastore.BlobIdTrackerClusterSharedTest.addRetrieveCluster], The revealed different behavior: PASS, when executed after: [], Test: org.apache.jackrabbit.oak.plugins.blob.SharedDataStoreUtilsTest.test, Intended behavior: FAILURE, when executed after: [org.apache.jackrabbit.oak.plugins.blob.SharedDataStoreUtilsTest.testAddMetadata], The revealed different behavior: PASS, when executed after: [], Test: org.apache.jackrabbit.oak.plugins.blob.datastore.BlobIdTrackerTest.externalAddOffline, Intended behavior: FAILURE, when executed after: [org.apache.jackrabbit.oak.plugins.blob.datastore.BlobIdTrackerTest.snapshotExecuteAfterRemove], The revealed different behavior: PASS, when executed after: [], Test: org.apache.jackrabbit.oak.plugins.blob.datastore.BlobIdTrackerTest.snapshotIgnoreAfterRemove, Intended behavior: FAILURE, when executed after: [org.apache.jackrabbit.oak.plugins.blob.datastore.BlobIdTrackerClusterSharedTest.addRetrieveShared], The revealed different behavior: PASS, when executed after: []]
--------------------------
Execution time of TLG and its time to find/nullify any DTs for 1 machine (does not include the time to run the tests in the new order): 5.815
Number of tests selected out of total in original order: 1 / 149
Number of DTs not fixed: 0
Number of DTs fixed: 0
Execution time for executing the following testing order: 5.179

Test order list:
[org.apache.jackrabbit.oak.plugins.blob.UploadStagingCacheTest.testDefaultStatsProvider]

Time each test takes to run in the new order:
[5179267522]

Dependent test list:
[Test: org.apache.jackrabbit.oak.plugins.blob.datastore.BlobIdTrackerClusterSharedTest.addRetrieveCluster, Intended behavior: FAILURE, when executed after: [org.apache.jackrabbit.oak.plugins.blob.datastore.DataStoreUtils.testPropertySetup], The revealed different behavior: PASS, when executed after: [], Test: org.apache.jackrabbit.oak.plugins.blob.datastore.BlobIdTrackerTest.snapshotExecuteAfterRemove, Intended behavior: FAILURE, when executed after: [org.apache.jackrabbit.oak.plugins.blob.datastore.BlobIdTrackerTest.snapshotIgnoreAfterRemove], The revealed different behavior: PASS, when executed after: [], Test: org.apache.jackrabbit.oak.plugins.blob.SharedDataStoreUtilsTest.testAddMetadata, Intended behavior: FAILURE, when executed after: [org.apache.jackrabbit.oak.plugins.blob.datastore.BlobIdTrackerTest.externalAddOffline], The revealed different behavior: PASS, when executed after: [], Test: org.apache.jackrabbit.oak.plugins.blob.datastore.BlobIdTrackerClusterSharedTest.addRetrieveShared, Intended behavior: FAILURE, when executed after: [org.apache.jackrabbit.oak.plugins.blob.datastore.BlobIdTrackerClusterSharedTest.addRetrieveCluster], The revealed different behavior: PASS, when executed after: [], Test: org.apache.jackrabbit.oak.plugins.blob.SharedDataStoreUtilsTest.test, Intended behavior: FAILURE, when executed after: [org.apache.jackrabbit.oak.plugins.blob.SharedDataStoreUtilsTest.testAddMetadata], The revealed different behavior: PASS, when executed after: [], Test: org.apache.jackrabbit.oak.plugins.blob.datastore.BlobIdTrackerTest.externalAddOffline, Intended behavior: FAILURE, when executed after: [org.apache.jackrabbit.oak.plugins.blob.datastore.BlobIdTrackerTest.snapshotExecuteAfterRemove], The revealed different behavior: PASS, when executed after: [], Test: org.apache.jackrabbit.oak.plugins.blob.datastore.BlobIdTrackerTest.snapshotIgnoreAfterRemove, Intended behavior: FAILURE, when executed after: [org.apache.jackrabbit.oak.plugins.blob.datastore.BlobIdTrackerClusterSharedTest.addRetrieveShared], The revealed different behavior: PASS, when executed after: []]
--------------------------
Execution time of TLG and its time to find/nullify any DTs for 1 machine (does not include the time to run the tests in the new order): 6.012
Number of tests selected out of total in original order: 1 / 149
Number of DTs not fixed: 0
Number of DTs fixed: 0
Execution time for executing the following testing order: 5.351

Test order list:
[org.apache.jackrabbit.oak.plugins.blob.UploadStagingCacheTest.testUpgrade]

Time each test takes to run in the new order:
[5350783917]

Dependent test list:
[Test: org.apache.jackrabbit.oak.plugins.blob.datastore.BlobIdTrackerClusterSharedTest.addRetrieveCluster, Intended behavior: FAILURE, when executed after: [org.apache.jackrabbit.oak.plugins.blob.datastore.DataStoreUtils.testPropertySetup], The revealed different behavior: PASS, when executed after: [], Test: org.apache.jackrabbit.oak.plugins.blob.datastore.BlobIdTrackerTest.snapshotExecuteAfterRemove, Intended behavior: FAILURE, when executed after: [org.apache.jackrabbit.oak.plugins.blob.datastore.BlobIdTrackerTest.snapshotIgnoreAfterRemove], The revealed different behavior: PASS, when executed after: [], Test: org.apache.jackrabbit.oak.plugins.blob.SharedDataStoreUtilsTest.testAddMetadata, Intended behavior: FAILURE, when executed after: [org.apache.jackrabbit.oak.plugins.blob.datastore.BlobIdTrackerTest.externalAddOffline], The revealed different behavior: PASS, when executed after: [], Test: org.apache.jackrabbit.oak.plugins.blob.datastore.BlobIdTrackerClusterSharedTest.addRetrieveShared, Intended behavior: FAILURE, when executed after: [org.apache.jackrabbit.oak.plugins.blob.datastore.BlobIdTrackerClusterSharedTest.addRetrieveCluster], The revealed different behavior: PASS, when executed after: [], Test: org.apache.jackrabbit.oak.plugins.blob.SharedDataStoreUtilsTest.test, Intended behavior: FAILURE, when executed after: [org.apache.jackrabbit.oak.plugins.blob.SharedDataStoreUtilsTest.testAddMetadata], The revealed different behavior: PASS, when executed after: [], Test: org.apache.jackrabbit.oak.plugins.blob.datastore.BlobIdTrackerTest.externalAddOffline, Intended behavior: FAILURE, when executed after: [org.apache.jackrabbit.oak.plugins.blob.datastore.BlobIdTrackerTest.snapshotExecuteAfterRemove], The revealed different behavior: PASS, when executed after: [], Test: org.apache.jackrabbit.oak.plugins.blob.datastore.BlobIdTrackerTest.snapshotIgnoreAfterRemove, Intended behavior: FAILURE, when executed after: [org.apache.jackrabbit.oak.plugins.blob.datastore.BlobIdTrackerClusterSharedTest.addRetrieveShared], The revealed different behavior: PASS, when executed after: []]
--------------------------
Execution time of TLG and its time to find/nullify any DTs for 1 machine (does not include the time to run the tests in the new order): 5.982
Number of tests selected out of total in original order: 1 / 149
Number of DTs not fixed: 0
Number of DTs fixed: 0
Execution time for executing the following testing order: 5.320

Test order list:
[org.apache.jackrabbit.oak.plugins.blob.UploadStagingCacheTest.testBuild]

Time each test takes to run in the new order:
[5319908105]

Dependent test list:
[Test: org.apache.jackrabbit.oak.plugins.blob.datastore.BlobIdTrackerClusterSharedTest.addRetrieveCluster, Intended behavior: FAILURE, when executed after: [org.apache.jackrabbit.oak.plugins.blob.datastore.DataStoreUtils.testPropertySetup], The revealed different behavior: PASS, when executed after: [], Test: org.apache.jackrabbit.oak.plugins.blob.datastore.BlobIdTrackerTest.snapshotExecuteAfterRemove, Intended behavior: FAILURE, when executed after: [org.apache.jackrabbit.oak.plugins.blob.datastore.BlobIdTrackerTest.snapshotIgnoreAfterRemove], The revealed different behavior: PASS, when executed after: [], Test: org.apache.jackrabbit.oak.plugins.blob.SharedDataStoreUtilsTest.testAddMetadata, Intended behavior: FAILURE, when executed after: [org.apache.jackrabbit.oak.plugins.blob.datastore.BlobIdTrackerTest.externalAddOffline], The revealed different behavior: PASS, when executed after: [], Test: org.apache.jackrabbit.oak.plugins.blob.datastore.BlobIdTrackerClusterSharedTest.addRetrieveShared, Intended behavior: FAILURE, when executed after: [org.apache.jackrabbit.oak.plugins.blob.datastore.BlobIdTrackerClusterSharedTest.addRetrieveCluster], The revealed different behavior: PASS, when executed after: [], Test: org.apache.jackrabbit.oak.plugins.blob.SharedDataStoreUtilsTest.test, Intended behavior: FAILURE, when executed after: [org.apache.jackrabbit.oak.plugins.blob.SharedDataStoreUtilsTest.testAddMetadata], The revealed different behavior: PASS, when executed after: [], Test: org.apache.jackrabbit.oak.plugins.blob.datastore.BlobIdTrackerTest.externalAddOffline, Intended behavior: FAILURE, when executed after: [org.apache.jackrabbit.oak.plugins.blob.datastore.BlobIdTrackerTest.snapshotExecuteAfterRemove], The revealed different behavior: PASS, when executed after: [], Test: org.apache.jackrabbit.oak.plugins.blob.datastore.BlobIdTrackerTest.snapshotIgnoreAfterRemove, Intended behavior: FAILURE, when executed after: [org.apache.jackrabbit.oak.plugins.blob.datastore.BlobIdTrackerClusterSharedTest.addRetrieveShared], The revealed different behavior: PASS, when executed after: []]
--------------------------
Execution time of TLG and its time to find/nullify any DTs for 1 machine (does not include the time to run the tests in the new order): 6.527
Number of tests selected out of total in original order: 1 / 149
Number of DTs not fixed: 0
Number of DTs fixed: 0
Execution time for executing the following testing order: 5.093

Test order list:
[org.apache.jackrabbit.oak.plugins.blob.datastore.BlobIdTrackerStoreTest.addConcurrentSnapshot]

Time each test takes to run in the new order:
[5092891593]

Dependent test list:
[Test: org.apache.jackrabbit.oak.plugins.blob.datastore.BlobIdTrackerClusterSharedTest.addRetrieveCluster, Intended behavior: FAILURE, when executed after: [org.apache.jackrabbit.oak.plugins.blob.datastore.DataStoreUtils.testPropertySetup], The revealed different behavior: PASS, when executed after: [], Test: org.apache.jackrabbit.oak.plugins.blob.datastore.BlobIdTrackerTest.snapshotExecuteAfterRemove, Intended behavior: FAILURE, when executed after: [org.apache.jackrabbit.oak.plugins.blob.datastore.BlobIdTrackerTest.snapshotIgnoreAfterRemove], The revealed different behavior: PASS, when executed after: [], Test: org.apache.jackrabbit.oak.plugins.blob.SharedDataStoreUtilsTest.testAddMetadata, Intended behavior: FAILURE, when executed after: [org.apache.jackrabbit.oak.plugins.blob.datastore.BlobIdTrackerTest.externalAddOffline], The revealed different behavior: PASS, when executed after: [], Test: org.apache.jackrabbit.oak.plugins.blob.datastore.BlobIdTrackerClusterSharedTest.addRetrieveShared, Intended behavior: FAILURE, when executed after: [org.apache.jackrabbit.oak.plugins.blob.datastore.BlobIdTrackerClusterSharedTest.addRetrieveCluster], The revealed different behavior: PASS, when executed after: [], Test: org.apache.jackrabbit.oak.plugins.blob.SharedDataStoreUtilsTest.test, Intended behavior: FAILURE, when executed after: [org.apache.jackrabbit.oak.plugins.blob.SharedDataStoreUtilsTest.testAddMetadata], The revealed different behavior: PASS, when executed after: [], Test: org.apache.jackrabbit.oak.plugins.blob.datastore.BlobIdTrackerTest.externalAddOffline, Intended behavior: FAILURE, when executed after: [org.apache.jackrabbit.oak.plugins.blob.datastore.BlobIdTrackerTest.snapshotExecuteAfterRemove], The revealed different behavior: PASS, when executed after: [], Test: org.apache.jackrabbit.oak.plugins.blob.datastore.BlobIdTrackerTest.snapshotIgnoreAfterRemove, Intended behavior: FAILURE, when executed after: [org.apache.jackrabbit.oak.plugins.blob.datastore.BlobIdTrackerClusterSharedTest.addRetrieveShared], The revealed different behavior: PASS, when executed after: []]
--------------------------
Execution time of TLG and its time to find/nullify any DTs for 1 machine (does not include the time to run the tests in the new order): 8.935
Number of tests selected out of total in original order: 1 / 149
Number of DTs not fixed: 0
Number of DTs fixed: 0
Execution time for executing the following testing order: 8.167

Test order list:
[org.apache.jackrabbit.oak.plugins.blob.datastore.BlobIdTrackerStoreTest.addSnapshotConcurrentRetrieve]

Time each test takes to run in the new order:
[8167167198]

Dependent test list:
[Test: org.apache.jackrabbit.oak.plugins.blob.datastore.BlobIdTrackerClusterSharedTest.addRetrieveCluster, Intended behavior: FAILURE, when executed after: [org.apache.jackrabbit.oak.plugins.blob.datastore.DataStoreUtils.testPropertySetup], The revealed different behavior: PASS, when executed after: [], Test: org.apache.jackrabbit.oak.plugins.blob.datastore.BlobIdTrackerTest.snapshotExecuteAfterRemove, Intended behavior: FAILURE, when executed after: [org.apache.jackrabbit.oak.plugins.blob.datastore.BlobIdTrackerTest.snapshotIgnoreAfterRemove], The revealed different behavior: PASS, when executed after: [], Test: org.apache.jackrabbit.oak.plugins.blob.SharedDataStoreUtilsTest.testAddMetadata, Intended behavior: FAILURE, when executed after: [org.apache.jackrabbit.oak.plugins.blob.datastore.BlobIdTrackerTest.externalAddOffline], The revealed different behavior: PASS, when executed after: [], Test: org.apache.jackrabbit.oak.plugins.blob.datastore.BlobIdTrackerClusterSharedTest.addRetrieveShared, Intended behavior: FAILURE, when executed after: [org.apache.jackrabbit.oak.plugins.blob.datastore.BlobIdTrackerClusterSharedTest.addRetrieveCluster], The revealed different behavior: PASS, when executed after: [], Test: org.apache.jackrabbit.oak.plugins.blob.SharedDataStoreUtilsTest.test, Intended behavior: FAILURE, when executed after: [org.apache.jackrabbit.oak.plugins.blob.SharedDataStoreUtilsTest.testAddMetadata], The revealed different behavior: PASS, when executed after: [], Test: org.apache.jackrabbit.oak.plugins.blob.datastore.BlobIdTrackerTest.externalAddOffline, Intended behavior: FAILURE, when executed after: [org.apache.jackrabbit.oak.plugins.blob.datastore.BlobIdTrackerTest.snapshotExecuteAfterRemove], The revealed different behavior: PASS, when executed after: [], Test: org.apache.jackrabbit.oak.plugins.blob.datastore.BlobIdTrackerTest.snapshotIgnoreAfterRemove, Intended behavior: FAILURE, when executed after: [org.apache.jackrabbit.oak.plugins.blob.datastore.BlobIdTrackerClusterSharedTest.addRetrieveShared], The revealed different behavior: PASS, when executed after: []]
--------------------------
Execution time of TLG and its time to find/nullify any DTs for 1 machine (does not include the time to run the tests in the new order): 9.195
Number of tests selected out of total in original order: 1 / 149
Number of DTs not fixed: 0
Number of DTs fixed: 0
Execution time for executing the following testing order: 8.218

Test order list:
[org.apache.jackrabbit.oak.plugins.blob.datastore.BlobIdTrackerStoreTest.addRestart]

Time each test takes to run in the new order:
[8217749133]

Dependent test list:
[Test: org.apache.jackrabbit.oak.plugins.blob.datastore.BlobIdTrackerClusterSharedTest.addRetrieveCluster, Intended behavior: FAILURE, when executed after: [org.apache.jackrabbit.oak.plugins.blob.datastore.DataStoreUtils.testPropertySetup], The revealed different behavior: PASS, when executed after: [], Test: org.apache.jackrabbit.oak.plugins.blob.datastore.BlobIdTrackerTest.snapshotExecuteAfterRemove, Intended behavior: FAILURE, when executed after: [org.apache.jackrabbit.oak.plugins.blob.datastore.BlobIdTrackerTest.snapshotIgnoreAfterRemove], The revealed different behavior: PASS, when executed after: [], Test: org.apache.jackrabbit.oak.plugins.blob.SharedDataStoreUtilsTest.testAddMetadata, Intended behavior: FAILURE, when executed after: [org.apache.jackrabbit.oak.plugins.blob.datastore.BlobIdTrackerTest.externalAddOffline], The revealed different behavior: PASS, when executed after: [], Test: org.apache.jackrabbit.oak.plugins.blob.datastore.BlobIdTrackerClusterSharedTest.addRetrieveShared, Intended behavior: FAILURE, when executed after: [org.apache.jackrabbit.oak.plugins.blob.datastore.BlobIdTrackerClusterSharedTest.addRetrieveCluster], The revealed different behavior: PASS, when executed after: [], Test: org.apache.jackrabbit.oak.plugins.blob.SharedDataStoreUtilsTest.test, Intended behavior: FAILURE, when executed after: [org.apache.jackrabbit.oak.plugins.blob.SharedDataStoreUtilsTest.testAddMetadata], The revealed different behavior: PASS, when executed after: [], Test: org.apache.jackrabbit.oak.plugins.blob.datastore.BlobIdTrackerTest.externalAddOffline, Intended behavior: FAILURE, when executed after: [org.apache.jackrabbit.oak.plugins.blob.datastore.BlobIdTrackerTest.snapshotExecuteAfterRemove], The revealed different behavior: PASS, when executed after: [], Test: org.apache.jackrabbit.oak.plugins.blob.datastore.BlobIdTrackerTest.snapshotIgnoreAfterRemove, Intended behavior: FAILURE, when executed after: [org.apache.jackrabbit.oak.plugins.blob.datastore.BlobIdTrackerClusterSharedTest.addRetrieveShared], The revealed different behavior: PASS, when executed after: []]
--------------------------
Execution time of TLG and its time to find/nullify any DTs for 1 machine (does not include the time to run the tests in the new order): 9.435
Number of tests selected out of total in original order: 1 / 149
Number of DTs not fixed: 0
Number of DTs fixed: 0
Execution time for executing the following testing order: 8.568

Test order list:
[org.apache.jackrabbit.oak.plugins.blob.datastore.BlobIdTrackerStoreTest.snapshotConcurrentRemove]

Time each test takes to run in the new order:
[8567580618]

Dependent test list:
[Test: org.apache.jackrabbit.oak.plugins.blob.datastore.BlobIdTrackerClusterSharedTest.addRetrieveCluster, Intended behavior: FAILURE, when executed after: [org.apache.jackrabbit.oak.plugins.blob.datastore.DataStoreUtils.testPropertySetup], The revealed different behavior: PASS, when executed after: [], Test: org.apache.jackrabbit.oak.plugins.blob.datastore.BlobIdTrackerTest.snapshotExecuteAfterRemove, Intended behavior: FAILURE, when executed after: [org.apache.jackrabbit.oak.plugins.blob.datastore.BlobIdTrackerTest.snapshotIgnoreAfterRemove], The revealed different behavior: PASS, when executed after: [], Test: org.apache.jackrabbit.oak.plugins.blob.SharedDataStoreUtilsTest.testAddMetadata, Intended behavior: FAILURE, when executed after: [org.apache.jackrabbit.oak.plugins.blob.datastore.BlobIdTrackerTest.externalAddOffline], The revealed different behavior: PASS, when executed after: [], Test: org.apache.jackrabbit.oak.plugins.blob.datastore.BlobIdTrackerClusterSharedTest.addRetrieveShared, Intended behavior: FAILURE, when executed after: [org.apache.jackrabbit.oak.plugins.blob.datastore.BlobIdTrackerClusterSharedTest.addRetrieveCluster], The revealed different behavior: PASS, when executed after: [], Test: org.apache.jackrabbit.oak.plugins.blob.SharedDataStoreUtilsTest.test, Intended behavior: FAILURE, when executed after: [org.apache.jackrabbit.oak.plugins.blob.SharedDataStoreUtilsTest.testAddMetadata], The revealed different behavior: PASS, when executed after: [], Test: org.apache.jackrabbit.oak.plugins.blob.datastore.BlobIdTrackerTest.externalAddOffline, Intended behavior: FAILURE, when executed after: [org.apache.jackrabbit.oak.plugins.blob.datastore.BlobIdTrackerTest.snapshotExecuteAfterRemove], The revealed different behavior: PASS, when executed after: [], Test: org.apache.jackrabbit.oak.plugins.blob.datastore.BlobIdTrackerTest.snapshotIgnoreAfterRemove, Intended behavior: FAILURE, when executed after: [org.apache.jackrabbit.oak.plugins.blob.datastore.BlobIdTrackerClusterSharedTest.addRetrieveShared], The revealed different behavior: PASS, when executed after: []]
--------------------------
Total time (of all machines and iterations plus initial TestListGenerator): 63.012
New order time: 8.568
Total number of tests executed in all machines out of total in original order: 167 / 149