The following arguments were used to generate this output.
[-technique, parallelization, -order, original, -origOrder, /boom/scratch/reedoei2/dt-tools/run-new-subjects/Photoplatform_Angular_Spring-3a7d9e7/experiments/Photoplatform_Angular_Spring-new-3a7d9e76d9b741895c9b4c2cbaccbf6f5edf541f/target/Photoplatform_Angular_Spring-orig-order, -testInputDir, /boom/scratch/reedoei2/dt-tools/run-new-subjects/Photoplatform_Angular_Spring-3a7d9e7/experiments/Photoplatform_Angular_Spring-old-83d49399648b81fbc134fd4d329d575907ffc788/target/sootTestOutput-orig, -filesToDelete, /boom/scratch/reedoei2/dt-tools/run-new-subjects/Photoplatform_Angular_Spring-3a7d9e7/experiments/Photoplatform_Angular_Spring-new-3a7d9e76d9b741895c9b4c2cbaccbf6f5edf541f/target/Photoplatform_Angular_Spring-env-files, -project, Photoplatform_Angular_Spring, -testType, orig, -numOfMachines, 2, -outputDir, /scratch/reedoei2/dt-tools/run-new-subjects/Photoplatform_Angular_Spring-3a7d9e7/experiments/parallelization-results, -timesToRun, 5, -classpath, /boom/scratch/reedoei2/dt-tools/run-new-subjects/Photoplatform_Angular_Spring-3a7d9e7/experiments/Photoplatform_Angular_Spring-new-3a7d9e76d9b741895c9b4c2cbaccbf6f5edf541f/target/dependency/*:/boom/scratch/reedoei2/dt-tools/run-new-subjects/Photoplatform_Angular_Spring-3a7d9e7/experiments/Photoplatform_Angular_Spring-new-3a7d9e76d9b741895c9b4c2cbaccbf6f5edf541f/target/classes:/boom/scratch/reedoei2/dt-tools/run-new-subjects/Photoplatform_Angular_Spring-3a7d9e7/experiments/Photoplatform_Angular_Spring-new-3a7d9e76d9b741895c9b4c2cbaccbf6f5edf541f/target/randoop/bin:/boom/scratch/reedoei2/dt-tools/run-new-subjects/Photoplatform_Angular_Spring-3a7d9e7/experiments/Photoplatform_Angular_Spring-new-3a7d9e76d9b741895c9b4c2cbaccbf6f5edf541f/target/test-classes:, -dependentTestFile, /scratch/reedoei2/dt-tools/run-new-subjects/Photoplatform_Angular_Spring-3a7d9e7/experiments/scripts/data/parallelization-dt-list/parallelization-Photoplatform_Angular_Spring-orig-2-original.txt]

Execution time of TLG and its time to find/nullify any DTs for 1 machine (does not include the time to run the tests in the new order): 9.640
Number of tests selected out of total in original order: 8 / 15
Number of DTs not fixed: 0
Number of DTs fixed: 0
Execution time for executing the following testing order: 0.452

Test order list:
[de.htw.sdf.photoplatform.repository.CategoryDAOTest.testBasic, de.htw.sdf.photoplatform.repository.CollectionDAOTest.testGetCategories, de.htw.sdf.photoplatform.repository.CollectionDAOTest.testBasic, de.htw.sdf.photoplatform.repository.CollectionDAOTest.testGetByUser, de.htw.sdf.photoplatform.repository.CollectionDAOTest.testGetImages, de.htw.sdf.photoplatform.repository.UserImageDAOTest.testGetUserImagesBy, de.htw.sdf.photoplatform.repository.ImageDAOTest.testBasic, de.htw.sdf.photoplatform.repository.ImageDAOTest.testGetPublicImages]

Time each test takes to run in the new order:
[33026533, 28549355, 16650918, 26529844, 23829567, 27524583, 17894482, 277593455]

Dependent test list:
[Test: de.htw.sdf.photoplatform.webservice.PhotographerControllerTest.testCreateCollection, Intended behavior: FAILURE, when executed after: [de.htw.sdf.photoplatform.repository.RoleDAOTest.findTest], The revealed different behavior: PASS, when executed after: [], Test: de.htw.sdf.photoplatform.repository.RoleDAOTest.findTest, Intended behavior: FAILURE, when executed after: [de.htw.sdf.photoplatform.repository.UserImageDAOTest.testGetUserImagesBy], The revealed different behavior: PASS, when executed after: []]
--------------------------
Execution time of TLG and its time to find/nullify any DTs for 1 machine (does not include the time to run the tests in the new order): 10.081
Number of tests selected out of total in original order: 8 / 15
Number of DTs not fixed: 0
Number of DTs fixed: 0
Execution time for executing the following testing order: 0.428

Test order list:
[de.htw.sdf.photoplatform.repository.UserImageDAOTest.testGetUserImagesBy, de.htw.sdf.photoplatform.repository.RoleDAOTest.findTest, de.htw.sdf.photoplatform.repository.CollectionCategoryDAOTest.testGetCollectionCategoryBy, de.htw.sdf.photoplatform.common.ImportSQLTester.test1InitSqlData, de.htw.sdf.photoplatform.webservice.PhotographerControllerTest.testGetPhotographersImages, de.htw.sdf.photoplatform.webservice.PhotographerControllerTest.testCreateCollection, de.htw.sdf.photoplatform.webservice.PhotographerControllerTest.testBasicCollectionsServices, de.htw.sdf.photoplatform.webservice.util.UserUtilityTest.testValidateProfileData]

Time each test takes to run in the new order:
[23612102, 34078476, 17503134, 563710, 43300121, 17389344, 29487888, 261675023]

Dependent test list:
[Test: de.htw.sdf.photoplatform.webservice.PhotographerControllerTest.testCreateCollection, Intended behavior: FAILURE, when executed after: [de.htw.sdf.photoplatform.repository.RoleDAOTest.findTest], The revealed different behavior: PASS, when executed after: [], Test: de.htw.sdf.photoplatform.repository.RoleDAOTest.findTest, Intended behavior: FAILURE, when executed after: [de.htw.sdf.photoplatform.repository.UserImageDAOTest.testGetUserImagesBy], The revealed different behavior: PASS, when executed after: []]
--------------------------
Total time (of all machines and iterations plus initial TestListGenerator): 0.894
New order time: 0.452
Total number of tests executed in all machines out of total in original order: 16 / 15