The following arguments were used to generate this output.
[-technique, parallelization, -order, original, -origOrder, /boom/scratch/reedoei2/dt-tools/run-new-subjects/Photoplatform_Angular_Spring-3a7d9e7/experiments/Photoplatform_Angular_Spring-new-3a7d9e76d9b741895c9b4c2cbaccbf6f5edf541f/target/Photoplatform_Angular_Spring-orig-order, -testInputDir, /boom/scratch/reedoei2/dt-tools/run-new-subjects/Photoplatform_Angular_Spring-3a7d9e7/experiments/Photoplatform_Angular_Spring-old-83d49399648b81fbc134fd4d329d575907ffc788/target/sootTestOutput-orig, -filesToDelete, /boom/scratch/reedoei2/dt-tools/run-new-subjects/Photoplatform_Angular_Spring-3a7d9e7/experiments/Photoplatform_Angular_Spring-new-3a7d9e76d9b741895c9b4c2cbaccbf6f5edf541f/target/Photoplatform_Angular_Spring-env-files, -project, Photoplatform_Angular_Spring, -testType, orig, -numOfMachines, 4, -outputDir, /scratch/reedoei2/dt-tools/run-new-subjects/Photoplatform_Angular_Spring-3a7d9e7/experiments/parallelization-results, -timesToRun, 5, -classpath, /boom/scratch/reedoei2/dt-tools/run-new-subjects/Photoplatform_Angular_Spring-3a7d9e7/experiments/Photoplatform_Angular_Spring-new-3a7d9e76d9b741895c9b4c2cbaccbf6f5edf541f/target/dependency/*:/boom/scratch/reedoei2/dt-tools/run-new-subjects/Photoplatform_Angular_Spring-3a7d9e7/experiments/Photoplatform_Angular_Spring-new-3a7d9e76d9b741895c9b4c2cbaccbf6f5edf541f/target/classes:/boom/scratch/reedoei2/dt-tools/run-new-subjects/Photoplatform_Angular_Spring-3a7d9e7/experiments/Photoplatform_Angular_Spring-new-3a7d9e76d9b741895c9b4c2cbaccbf6f5edf541f/target/randoop/bin:/boom/scratch/reedoei2/dt-tools/run-new-subjects/Photoplatform_Angular_Spring-3a7d9e7/experiments/Photoplatform_Angular_Spring-new-3a7d9e76d9b741895c9b4c2cbaccbf6f5edf541f/target/test-classes:, -dependentTestFile, /scratch/reedoei2/dt-tools/run-new-subjects/Photoplatform_Angular_Spring-3a7d9e7/experiments/scripts/data/parallelization-dt-list/parallelization-Photoplatform_Angular_Spring-orig-4-original.txt]

Execution time of TLG and its time to find/nullify any DTs for 1 machine (does not include the time to run the tests in the new order): 9.871
Number of tests selected out of total in original order: 4 / 15
Number of DTs not fixed: 0
Number of DTs fixed: 0
Execution time for executing the following testing order: 0.341

Test order list:
[de.htw.sdf.photoplatform.repository.CategoryDAOTest.testBasic, de.htw.sdf.photoplatform.repository.CollectionDAOTest.testGetCategories, de.htw.sdf.photoplatform.repository.CollectionDAOTest.testBasic, de.htw.sdf.photoplatform.repository.CollectionDAOTest.testGetByUser]

Time each test takes to run in the new order:
[30300578, 258722622, 27125691, 24405197]

Dependent test list:
[Test: de.htw.sdf.photoplatform.repository.RoleDAOTest.findTest, Intended behavior: FAILURE, when executed after: [de.htw.sdf.photoplatform.repository.UserImageDAOTest.testGetUserImagesBy], The revealed different behavior: PASS, when executed after: [], Test: de.htw.sdf.photoplatform.webservice.PhotographerControllerTest.testCreateCollection, Intended behavior: FAILURE, when executed after: [de.htw.sdf.photoplatform.repository.RoleDAOTest.findTest], The revealed different behavior: PASS, when executed after: []]
--------------------------
Execution time of TLG and its time to find/nullify any DTs for 1 machine (does not include the time to run the tests in the new order): 10.261
Number of tests selected out of total in original order: 4 / 15
Number of DTs not fixed: 0
Number of DTs fixed: 0
Execution time for executing the following testing order: 0.355

Test order list:
[de.htw.sdf.photoplatform.repository.CollectionDAOTest.testGetImages, de.htw.sdf.photoplatform.repository.UserImageDAOTest.testGetUserImagesBy, de.htw.sdf.photoplatform.repository.ImageDAOTest.testBasic, de.htw.sdf.photoplatform.repository.ImageDAOTest.testGetPublicImages]

Time each test takes to run in the new order:
[28247576, 274088442, 28715470, 23790754]

Dependent test list:
[Test: de.htw.sdf.photoplatform.repository.RoleDAOTest.findTest, Intended behavior: FAILURE, when executed after: [de.htw.sdf.photoplatform.repository.UserImageDAOTest.testGetUserImagesBy], The revealed different behavior: PASS, when executed after: [], Test: de.htw.sdf.photoplatform.webservice.PhotographerControllerTest.testCreateCollection, Intended behavior: FAILURE, when executed after: [de.htw.sdf.photoplatform.repository.RoleDAOTest.findTest], The revealed different behavior: PASS, when executed after: []]
--------------------------
Execution time of TLG and its time to find/nullify any DTs for 1 machine (does not include the time to run the tests in the new order): 10.374
Number of tests selected out of total in original order: 5 / 15
Number of DTs not fixed: 0
Number of DTs fixed: 0
Execution time for executing the following testing order: 0.392

Test order list:
[de.htw.sdf.photoplatform.repository.UserImageDAOTest.testGetUserImagesBy, de.htw.sdf.photoplatform.repository.RoleDAOTest.findTest, de.htw.sdf.photoplatform.repository.CollectionCategoryDAOTest.testGetCollectionCategoryBy, de.htw.sdf.photoplatform.common.ImportSQLTester.test1InitSqlData, de.htw.sdf.photoplatform.webservice.PhotographerControllerTest.testGetPhotographersImages]

Time each test takes to run in the new order:
[28505787, 262924587, 46047247, 24320133, 30581075]

Dependent test list:
[Test: de.htw.sdf.photoplatform.repository.RoleDAOTest.findTest, Intended behavior: FAILURE, when executed after: [de.htw.sdf.photoplatform.repository.UserImageDAOTest.testGetUserImagesBy], The revealed different behavior: PASS, when executed after: [], Test: de.htw.sdf.photoplatform.webservice.PhotographerControllerTest.testCreateCollection, Intended behavior: FAILURE, when executed after: [de.htw.sdf.photoplatform.repository.RoleDAOTest.findTest], The revealed different behavior: PASS, when executed after: []]
--------------------------
Execution time of TLG and its time to find/nullify any DTs for 1 machine (does not include the time to run the tests in the new order): 10.351
Number of tests selected out of total in original order: 5 / 15
Number of DTs not fixed: 0
Number of DTs fixed: 0
Execution time for executing the following testing order: 0.379

Test order list:
[de.htw.sdf.photoplatform.repository.UserImageDAOTest.testGetUserImagesBy, de.htw.sdf.photoplatform.repository.RoleDAOTest.findTest, de.htw.sdf.photoplatform.webservice.PhotographerControllerTest.testCreateCollection, de.htw.sdf.photoplatform.webservice.PhotographerControllerTest.testBasicCollectionsServices, de.htw.sdf.photoplatform.webservice.util.UserUtilityTest.testValidateProfileData]

Time each test takes to run in the new order:
[863158, 66674639, 257830602, 23978320, 29238829]

Dependent test list:
[Test: de.htw.sdf.photoplatform.repository.RoleDAOTest.findTest, Intended behavior: FAILURE, when executed after: [de.htw.sdf.photoplatform.repository.UserImageDAOTest.testGetUserImagesBy], The revealed different behavior: PASS, when executed after: [], Test: de.htw.sdf.photoplatform.webservice.PhotographerControllerTest.testCreateCollection, Intended behavior: FAILURE, when executed after: [de.htw.sdf.photoplatform.repository.RoleDAOTest.findTest], The revealed different behavior: PASS, when executed after: []]
--------------------------
Total time (of all machines and iterations plus initial TestListGenerator): 1.474
New order time: 0.392
Total number of tests executed in all machines out of total in original order: 18 / 15