The following arguments were used to generate this output.
[-technique, parallelization, -order, original, -origOrder, /boom/scratch/reedoei2/dt-tools/run-new-subjects/Photoplatform_Angular_Spring-3a7d9e7/experiments/Photoplatform_Angular_Spring-new-3a7d9e76d9b741895c9b4c2cbaccbf6f5edf541f/target/Photoplatform_Angular_Spring-orig-order, -testInputDir, /boom/scratch/reedoei2/dt-tools/run-new-subjects/Photoplatform_Angular_Spring-3a7d9e7/experiments/Photoplatform_Angular_Spring-old-83d49399648b81fbc134fd4d329d575907ffc788/target/sootTestOutput-orig, -filesToDelete, /boom/scratch/reedoei2/dt-tools/run-new-subjects/Photoplatform_Angular_Spring-3a7d9e7/experiments/Photoplatform_Angular_Spring-new-3a7d9e76d9b741895c9b4c2cbaccbf6f5edf541f/target/Photoplatform_Angular_Spring-env-files, -project, Photoplatform_Angular_Spring, -testType, orig, -numOfMachines, 8, -outputDir, /scratch/reedoei2/dt-tools/run-new-subjects/Photoplatform_Angular_Spring-3a7d9e7/experiments/parallelization-results, -timesToRun, 5, -classpath, /boom/scratch/reedoei2/dt-tools/run-new-subjects/Photoplatform_Angular_Spring-3a7d9e7/experiments/Photoplatform_Angular_Spring-new-3a7d9e76d9b741895c9b4c2cbaccbf6f5edf541f/target/dependency/*:/boom/scratch/reedoei2/dt-tools/run-new-subjects/Photoplatform_Angular_Spring-3a7d9e7/experiments/Photoplatform_Angular_Spring-new-3a7d9e76d9b741895c9b4c2cbaccbf6f5edf541f/target/classes:/boom/scratch/reedoei2/dt-tools/run-new-subjects/Photoplatform_Angular_Spring-3a7d9e7/experiments/Photoplatform_Angular_Spring-new-3a7d9e76d9b741895c9b4c2cbaccbf6f5edf541f/target/randoop/bin:/boom/scratch/reedoei2/dt-tools/run-new-subjects/Photoplatform_Angular_Spring-3a7d9e7/experiments/Photoplatform_Angular_Spring-new-3a7d9e76d9b741895c9b4c2cbaccbf6f5edf541f/target/test-classes:, -dependentTestFile, /scratch/reedoei2/dt-tools/run-new-subjects/Photoplatform_Angular_Spring-3a7d9e7/experiments/scripts/data/parallelization-dt-list/parallelization-Photoplatform_Angular_Spring-orig-8-original.txt]

Execution time of TLG and its time to find/nullify any DTs for 1 machine (does not include the time to run the tests in the new order): 9.207
Number of tests selected out of total in original order: 2 / 15
Number of DTs not fixed: 0
Number of DTs fixed: 0
Execution time for executing the following testing order: 0.284

Test order list:
[de.htw.sdf.photoplatform.repository.CategoryDAOTest.testBasic, de.htw.sdf.photoplatform.repository.CollectionDAOTest.testGetCategories]

Time each test takes to run in the new order:
[30319875, 253360285]

Dependent test list:
[Test: de.htw.sdf.photoplatform.repository.ImageDAOTest.testBasic, Intended behavior: FAILURE, when executed after: [de.htw.sdf.photoplatform.repository.UserImageDAOTest.testGetUserImagesBy], The revealed different behavior: PASS, when executed after: [], Test: de.htw.sdf.photoplatform.repository.RoleDAOTest.findTest, Intended behavior: FAILURE, when executed after: [de.htw.sdf.photoplatform.repository.ImageDAOTest.testBasic], The revealed different behavior: PASS, when executed after: [], Test: de.htw.sdf.photoplatform.webservice.PhotographerControllerTest.testGetPhotographersImages, Intended behavior: FAILURE, when executed after: [de.htw.sdf.photoplatform.common.ImportSQLTester.test1InitSqlData], The revealed different behavior: PASS, when executed after: [], Test: de.htw.sdf.photoplatform.common.ImportSQLTester.test1InitSqlData, Intended behavior: FAILURE, when executed after: [de.htw.sdf.photoplatform.repository.RoleDAOTest.findTest], The revealed different behavior: PASS, when executed after: [], Test: de.htw.sdf.photoplatform.webservice.PhotographerControllerTest.testCreateCollection, Intended behavior: FAILURE, when executed after: [de.htw.sdf.photoplatform.webservice.PhotographerControllerTest.testGetPhotographersImages], The revealed different behavior: PASS, when executed after: []]
--------------------------
Execution time of TLG and its time to find/nullify any DTs for 1 machine (does not include the time to run the tests in the new order): 9.925
Number of tests selected out of total in original order: 2 / 15
Number of DTs not fixed: 0
Number of DTs fixed: 0
Execution time for executing the following testing order: 0.321

Test order list:
[de.htw.sdf.photoplatform.repository.CollectionDAOTest.testBasic, de.htw.sdf.photoplatform.repository.CollectionDAOTest.testGetByUser]

Time each test takes to run in the new order:
[27050012, 293704662]

Dependent test list:
[Test: de.htw.sdf.photoplatform.repository.ImageDAOTest.testBasic, Intended behavior: FAILURE, when executed after: [de.htw.sdf.photoplatform.repository.UserImageDAOTest.testGetUserImagesBy], The revealed different behavior: PASS, when executed after: [], Test: de.htw.sdf.photoplatform.repository.RoleDAOTest.findTest, Intended behavior: FAILURE, when executed after: [de.htw.sdf.photoplatform.repository.ImageDAOTest.testBasic], The revealed different behavior: PASS, when executed after: [], Test: de.htw.sdf.photoplatform.webservice.PhotographerControllerTest.testGetPhotographersImages, Intended behavior: FAILURE, when executed after: [de.htw.sdf.photoplatform.common.ImportSQLTester.test1InitSqlData], The revealed different behavior: PASS, when executed after: [], Test: de.htw.sdf.photoplatform.common.ImportSQLTester.test1InitSqlData, Intended behavior: FAILURE, when executed after: [de.htw.sdf.photoplatform.repository.RoleDAOTest.findTest], The revealed different behavior: PASS, when executed after: [], Test: de.htw.sdf.photoplatform.webservice.PhotographerControllerTest.testCreateCollection, Intended behavior: FAILURE, when executed after: [de.htw.sdf.photoplatform.webservice.PhotographerControllerTest.testGetPhotographersImages], The revealed different behavior: PASS, when executed after: []]
--------------------------
Execution time of TLG and its time to find/nullify any DTs for 1 machine (does not include the time to run the tests in the new order): 10.361
Number of tests selected out of total in original order: 2 / 15
Number of DTs not fixed: 0
Number of DTs fixed: 0
Execution time for executing the following testing order: 0.309

Test order list:
[de.htw.sdf.photoplatform.repository.CollectionDAOTest.testGetImages, de.htw.sdf.photoplatform.repository.UserImageDAOTest.testGetUserImagesBy]

Time each test takes to run in the new order:
[278399038, 30156273]

Dependent test list:
[Test: de.htw.sdf.photoplatform.repository.ImageDAOTest.testBasic, Intended behavior: FAILURE, when executed after: [de.htw.sdf.photoplatform.repository.UserImageDAOTest.testGetUserImagesBy], The revealed different behavior: PASS, when executed after: [], Test: de.htw.sdf.photoplatform.repository.RoleDAOTest.findTest, Intended behavior: FAILURE, when executed after: [de.htw.sdf.photoplatform.repository.ImageDAOTest.testBasic], The revealed different behavior: PASS, when executed after: [], Test: de.htw.sdf.photoplatform.webservice.PhotographerControllerTest.testGetPhotographersImages, Intended behavior: FAILURE, when executed after: [de.htw.sdf.photoplatform.common.ImportSQLTester.test1InitSqlData], The revealed different behavior: PASS, when executed after: [], Test: de.htw.sdf.photoplatform.common.ImportSQLTester.test1InitSqlData, Intended behavior: FAILURE, when executed after: [de.htw.sdf.photoplatform.repository.RoleDAOTest.findTest], The revealed different behavior: PASS, when executed after: [], Test: de.htw.sdf.photoplatform.webservice.PhotographerControllerTest.testCreateCollection, Intended behavior: FAILURE, when executed after: [de.htw.sdf.photoplatform.webservice.PhotographerControllerTest.testGetPhotographersImages], The revealed different behavior: PASS, when executed after: []]
--------------------------
Execution time of TLG and its time to find/nullify any DTs for 1 machine (does not include the time to run the tests in the new order): 9.672
Number of tests selected out of total in original order: 3 / 15
Number of DTs not fixed: 0
Number of DTs fixed: 0
Execution time for executing the following testing order: 0.323

Test order list:
[de.htw.sdf.photoplatform.repository.UserImageDAOTest.testGetUserImagesBy, de.htw.sdf.photoplatform.repository.ImageDAOTest.testBasic, de.htw.sdf.photoplatform.repository.ImageDAOTest.testGetPublicImages]

Time each test takes to run in the new order:
[278633915, 20856987, 23983034]

Dependent test list:
[Test: de.htw.sdf.photoplatform.repository.ImageDAOTest.testBasic, Intended behavior: FAILURE, when executed after: [de.htw.sdf.photoplatform.repository.UserImageDAOTest.testGetUserImagesBy], The revealed different behavior: PASS, when executed after: [], Test: de.htw.sdf.photoplatform.repository.RoleDAOTest.findTest, Intended behavior: FAILURE, when executed after: [de.htw.sdf.photoplatform.repository.ImageDAOTest.testBasic], The revealed different behavior: PASS, when executed after: [], Test: de.htw.sdf.photoplatform.webservice.PhotographerControllerTest.testGetPhotographersImages, Intended behavior: FAILURE, when executed after: [de.htw.sdf.photoplatform.common.ImportSQLTester.test1InitSqlData], The revealed different behavior: PASS, when executed after: [], Test: de.htw.sdf.photoplatform.common.ImportSQLTester.test1InitSqlData, Intended behavior: FAILURE, when executed after: [de.htw.sdf.photoplatform.repository.RoleDAOTest.findTest], The revealed different behavior: PASS, when executed after: [], Test: de.htw.sdf.photoplatform.webservice.PhotographerControllerTest.testCreateCollection, Intended behavior: FAILURE, when executed after: [de.htw.sdf.photoplatform.webservice.PhotographerControllerTest.testGetPhotographersImages], The revealed different behavior: PASS, when executed after: []]
--------------------------
Execution time of TLG and its time to find/nullify any DTs for 1 machine (does not include the time to run the tests in the new order): 9.386
Number of tests selected out of total in original order: 4 / 15
Number of DTs not fixed: 0
Number of DTs fixed: 0
Execution time for executing the following testing order: 0.346

Test order list:
[de.htw.sdf.photoplatform.repository.UserImageDAOTest.testGetUserImagesBy, de.htw.sdf.photoplatform.repository.ImageDAOTest.testBasic, de.htw.sdf.photoplatform.repository.RoleDAOTest.findTest, de.htw.sdf.photoplatform.repository.CollectionCategoryDAOTest.testGetCollectionCategoryBy]

Time each test takes to run in the new order:
[39939722, 23567182, 24462104, 258497644]

Dependent test list:
[Test: de.htw.sdf.photoplatform.repository.ImageDAOTest.testBasic, Intended behavior: FAILURE, when executed after: [de.htw.sdf.photoplatform.repository.UserImageDAOTest.testGetUserImagesBy], The revealed different behavior: PASS, when executed after: [], Test: de.htw.sdf.photoplatform.repository.RoleDAOTest.findTest, Intended behavior: FAILURE, when executed after: [de.htw.sdf.photoplatform.repository.ImageDAOTest.testBasic], The revealed different behavior: PASS, when executed after: [], Test: de.htw.sdf.photoplatform.webservice.PhotographerControllerTest.testGetPhotographersImages, Intended behavior: FAILURE, when executed after: [de.htw.sdf.photoplatform.common.ImportSQLTester.test1InitSqlData], The revealed different behavior: PASS, when executed after: [], Test: de.htw.sdf.photoplatform.common.ImportSQLTester.test1InitSqlData, Intended behavior: FAILURE, when executed after: [de.htw.sdf.photoplatform.repository.RoleDAOTest.findTest], The revealed different behavior: PASS, when executed after: [], Test: de.htw.sdf.photoplatform.webservice.PhotographerControllerTest.testCreateCollection, Intended behavior: FAILURE, when executed after: [de.htw.sdf.photoplatform.webservice.PhotographerControllerTest.testGetPhotographersImages], The revealed different behavior: PASS, when executed after: []]
--------------------------
Execution time of TLG and its time to find/nullify any DTs for 1 machine (does not include the time to run the tests in the new order): 9.239
Number of tests selected out of total in original order: 5 / 15
Number of DTs not fixed: 0
Number of DTs fixed: 0
Execution time for executing the following testing order: 0.400

Test order list:
[de.htw.sdf.photoplatform.repository.UserImageDAOTest.testGetUserImagesBy, de.htw.sdf.photoplatform.repository.ImageDAOTest.testBasic, de.htw.sdf.photoplatform.repository.RoleDAOTest.findTest, de.htw.sdf.photoplatform.common.ImportSQLTester.test1InitSqlData, de.htw.sdf.photoplatform.webservice.PhotographerControllerTest.testGetPhotographersImages]

Time each test takes to run in the new order:
[22013291, 32395194, 288613885, 24349200, 32207907]

Dependent test list:
[Test: de.htw.sdf.photoplatform.repository.ImageDAOTest.testBasic, Intended behavior: FAILURE, when executed after: [de.htw.sdf.photoplatform.repository.UserImageDAOTest.testGetUserImagesBy], The revealed different behavior: PASS, when executed after: [], Test: de.htw.sdf.photoplatform.repository.RoleDAOTest.findTest, Intended behavior: FAILURE, when executed after: [de.htw.sdf.photoplatform.repository.ImageDAOTest.testBasic], The revealed different behavior: PASS, when executed after: [], Test: de.htw.sdf.photoplatform.webservice.PhotographerControllerTest.testGetPhotographersImages, Intended behavior: FAILURE, when executed after: [de.htw.sdf.photoplatform.common.ImportSQLTester.test1InitSqlData], The revealed different behavior: PASS, when executed after: [], Test: de.htw.sdf.photoplatform.common.ImportSQLTester.test1InitSqlData, Intended behavior: FAILURE, when executed after: [de.htw.sdf.photoplatform.repository.RoleDAOTest.findTest], The revealed different behavior: PASS, when executed after: [], Test: de.htw.sdf.photoplatform.webservice.PhotographerControllerTest.testCreateCollection, Intended behavior: FAILURE, when executed after: [de.htw.sdf.photoplatform.webservice.PhotographerControllerTest.testGetPhotographersImages], The revealed different behavior: PASS, when executed after: []]
--------------------------
Execution time of TLG and its time to find/nullify any DTs for 1 machine (does not include the time to run the tests in the new order): 9.107
Number of tests selected out of total in original order: 7 / 15
Number of DTs not fixed: 0
Number of DTs fixed: 0
Execution time for executing the following testing order: 0.442

Test order list:
[de.htw.sdf.photoplatform.repository.UserImageDAOTest.testGetUserImagesBy, de.htw.sdf.photoplatform.repository.ImageDAOTest.testBasic, de.htw.sdf.photoplatform.repository.RoleDAOTest.findTest, de.htw.sdf.photoplatform.common.ImportSQLTester.test1InitSqlData, de.htw.sdf.photoplatform.webservice.PhotographerControllerTest.testGetPhotographersImages, de.htw.sdf.photoplatform.webservice.PhotographerControllerTest.testCreateCollection, de.htw.sdf.photoplatform.webservice.PhotographerControllerTest.testBasicCollectionsServices]

Time each test takes to run in the new order:
[18786473, 26245091, 35204091, 291299460, 18918848, 23973030, 27081278]

Dependent test list:
[Test: de.htw.sdf.photoplatform.repository.ImageDAOTest.testBasic, Intended behavior: FAILURE, when executed after: [de.htw.sdf.photoplatform.repository.UserImageDAOTest.testGetUserImagesBy], The revealed different behavior: PASS, when executed after: [], Test: de.htw.sdf.photoplatform.repository.RoleDAOTest.findTest, Intended behavior: FAILURE, when executed after: [de.htw.sdf.photoplatform.repository.ImageDAOTest.testBasic], The revealed different behavior: PASS, when executed after: [], Test: de.htw.sdf.photoplatform.webservice.PhotographerControllerTest.testGetPhotographersImages, Intended behavior: FAILURE, when executed after: [de.htw.sdf.photoplatform.common.ImportSQLTester.test1InitSqlData], The revealed different behavior: PASS, when executed after: [], Test: de.htw.sdf.photoplatform.common.ImportSQLTester.test1InitSqlData, Intended behavior: FAILURE, when executed after: [de.htw.sdf.photoplatform.repository.RoleDAOTest.findTest], The revealed different behavior: PASS, when executed after: [], Test: de.htw.sdf.photoplatform.webservice.PhotographerControllerTest.testCreateCollection, Intended behavior: FAILURE, when executed after: [de.htw.sdf.photoplatform.webservice.PhotographerControllerTest.testGetPhotographersImages], The revealed different behavior: PASS, when executed after: []]
--------------------------
Execution time of TLG and its time to find/nullify any DTs for 1 machine (does not include the time to run the tests in the new order): 10.065
Number of tests selected out of total in original order: 1 / 15
Number of DTs not fixed: 0
Number of DTs fixed: 0
Execution time for executing the following testing order: 0.005

Test order list:
[de.htw.sdf.photoplatform.webservice.util.UserUtilityTest.testValidateProfileData]

Time each test takes to run in the new order:
[4568526]

Dependent test list:
[Test: de.htw.sdf.photoplatform.repository.ImageDAOTest.testBasic, Intended behavior: FAILURE, when executed after: [de.htw.sdf.photoplatform.repository.UserImageDAOTest.testGetUserImagesBy], The revealed different behavior: PASS, when executed after: [], Test: de.htw.sdf.photoplatform.repository.RoleDAOTest.findTest, Intended behavior: FAILURE, when executed after: [de.htw.sdf.photoplatform.repository.ImageDAOTest.testBasic], The revealed different behavior: PASS, when executed after: [], Test: de.htw.sdf.photoplatform.webservice.PhotographerControllerTest.testGetPhotographersImages, Intended behavior: FAILURE, when executed after: [de.htw.sdf.photoplatform.common.ImportSQLTester.test1InitSqlData], The revealed different behavior: PASS, when executed after: [], Test: de.htw.sdf.photoplatform.common.ImportSQLTester.test1InitSqlData, Intended behavior: FAILURE, when executed after: [de.htw.sdf.photoplatform.repository.RoleDAOTest.findTest], The revealed different behavior: PASS, when executed after: [], Test: de.htw.sdf.photoplatform.webservice.PhotographerControllerTest.testCreateCollection, Intended behavior: FAILURE, when executed after: [de.htw.sdf.photoplatform.webservice.PhotographerControllerTest.testGetPhotographersImages], The revealed different behavior: PASS, when executed after: []]
--------------------------
Total time (of all machines and iterations plus initial TestListGenerator): 2.440
New order time: 0.442
Total number of tests executed in all machines out of total in original order: 26 / 15