The following arguments were used to generate this output.
[-technique, selection, -coverage, function, -order, absolute, -origOrder, /boom/scratch/reedoei2/dt-tools/run-new-subjects/Photoplatform_Angular_Spring-3a7d9e7/experiments/Photoplatform_Angular_Spring-new-3a7d9e76d9b741895c9b4c2cbaccbf6f5edf541f/target/Photoplatform_Angular_Spring-orig-order, -testInputDir, /boom/scratch/reedoei2/dt-tools/run-new-subjects/Photoplatform_Angular_Spring-3a7d9e7/experiments/Photoplatform_Angular_Spring-old-83d49399648b81fbc134fd4d329d575907ffc788/target/sootTestOutput-orig-selection, -filesToDelete, /boom/scratch/reedoei2/dt-tools/run-new-subjects/Photoplatform_Angular_Spring-3a7d9e7/experiments/Photoplatform_Angular_Spring-new-3a7d9e76d9b741895c9b4c2cbaccbf6f5edf541f/target/Photoplatform_Angular_Spring-env-files, -project, Photoplatform_Angular_Spring, -testType, orig, -oldVersCFG, /boom/scratch/reedoei2/dt-tools/run-new-subjects/Photoplatform_Angular_Spring-3a7d9e7/experiments/Photoplatform_Angular_Spring-old-83d49399648b81fbc134fd4d329d575907ffc788/target/selectionOutput, -newVersCFG, /boom/scratch/reedoei2/dt-tools/run-new-subjects/Photoplatform_Angular_Spring-3a7d9e7/experiments/Photoplatform_Angular_Spring-new-3a7d9e76d9b741895c9b4c2cbaccbf6f5edf541f/target/selectionOutput, -getCoverage, -outputDir, /scratch/reedoei2/dt-tools/run-new-subjects/Photoplatform_Angular_Spring-3a7d9e7/experiments/selection-results, -timesToRun, 5, -classpath, /boom/scratch/reedoei2/dt-tools/run-new-subjects/Photoplatform_Angular_Spring-3a7d9e7/experiments/Photoplatform_Angular_Spring-new-3a7d9e76d9b741895c9b4c2cbaccbf6f5edf541f/target/dependency/*:/boom/scratch/reedoei2/dt-tools/run-new-subjects/Photoplatform_Angular_Spring-3a7d9e7/experiments/Photoplatform_Angular_Spring-new-3a7d9e76d9b741895c9b4c2cbaccbf6f5edf541f/target/classes:/boom/scratch/reedoei2/dt-tools/run-new-subjects/Photoplatform_Angular_Spring-3a7d9e7/experiments/Photoplatform_Angular_Spring-new-3a7d9e76d9b741895c9b4c2cbaccbf6f5edf541f/target/randoop/bin:/boom/scratch/reedoei2/dt-tools/run-new-subjects/Photoplatform_Angular_Spring-3a7d9e7/experiments/Photoplatform_Angular_Spring-new-3a7d9e76d9b741895c9b4c2cbaccbf6f5edf541f/target/test-classes:, -dependentTestFile, /scratch/reedoei2/dt-tools/run-new-subjects/Photoplatform_Angular_Spring-3a7d9e7/experiments/scripts/data/selection-dt-list/selection-Photoplatform_Angular_Spring-orig-function-absolute.txt]

Execution time of TLG and its time to find/nullify any DTs for 1 machine (does not include the time to run the tests in the new order): 9.593
Number of tests selected out of total in original order: 15 / 15
Number of DTs not fixed: 0
Number of DTs fixed: 0
APFD value: 0.8523783890729538
Execution time for executing the following testing order: 0.601

Test order list:
[de.htw.sdf.photoplatform.repository.CategoryDAOTest.testBasic, de.htw.sdf.photoplatform.repository.CollectionDAOTest.testGetByUser, de.htw.sdf.photoplatform.repository.CollectionDAOTest.testBasic, de.htw.sdf.photoplatform.repository.CollectionDAOTest.testGetCategories, de.htw.sdf.photoplatform.repository.CollectionDAOTest.testGetImages, de.htw.sdf.photoplatform.repository.UserImageDAOTest.testGetUserImagesBy, de.htw.sdf.photoplatform.webservice.PhotographerControllerTest.testCreateCollection, de.htw.sdf.photoplatform.webservice.PhotographerControllerTest.testBasicCollectionsServices, de.htw.sdf.photoplatform.webservice.PhotographerControllerTest.testGetPhotographersImages, de.htw.sdf.photoplatform.repository.CollectionCategoryDAOTest.testGetCollectionCategoryBy, de.htw.sdf.photoplatform.repository.ImageDAOTest.testBasic, de.htw.sdf.photoplatform.repository.ImageDAOTest.testGetPublicImages, de.htw.sdf.photoplatform.webservice.util.UserUtilityTest.testValidateProfileData, de.htw.sdf.photoplatform.common.ImportSQLTester.test1InitSqlData, de.htw.sdf.photoplatform.repository.RoleDAOTest.findTest]

Time each test takes to run in the new order:
[792908, 22503614, 16328179, 22244905, 17224428, 23988896, 25768643, 24448127, 21344207, 24336797, 27334818, 38968223, 278568900, 31811239, 24935162]

Dependent test list:
[Test: de.htw.sdf.photoplatform.webservice.PhotographerControllerTest.testCreateCollection, Intended behavior: FAILURE, when executed after: [de.htw.sdf.photoplatform.repository.UserImageDAOTest.testGetUserImagesBy], The revealed different behavior: PASS, when executed after: [], Test: de.htw.sdf.photoplatform.repository.UserImageDAOTest.testGetUserImagesBy, Intended behavior: FAILURE, when executed after: [de.htw.sdf.photoplatform.repository.CollectionDAOTest.testGetImages], The revealed different behavior: PASS, when executed after: [], Test: de.htw.sdf.photoplatform.repository.CollectionDAOTest.testGetByUser, Intended behavior: FAILURE, when executed after: [de.htw.sdf.photoplatform.repository.CategoryDAOTest.testBasic], The revealed different behavior: PASS, when executed after: [], Test: de.htw.sdf.photoplatform.repository.CollectionDAOTest.testBasic, Intended behavior: FAILURE, when executed after: [de.htw.sdf.photoplatform.repository.CollectionDAOTest.testGetByUser], The revealed different behavior: PASS, when executed after: [], Test: de.htw.sdf.photoplatform.webservice.PhotographerControllerTest.testBasicCollectionsServices, Intended behavior: FAILURE, when executed after: [de.htw.sdf.photoplatform.webservice.PhotographerControllerTest.testCreateCollection], The revealed different behavior: PASS, when executed after: [], Test: de.htw.sdf.photoplatform.repository.CollectionDAOTest.testGetImages, Intended behavior: FAILURE, when executed after: [de.htw.sdf.photoplatform.repository.CollectionDAOTest.testGetCategories], The revealed different behavior: PASS, when executed after: [], Test: de.htw.sdf.photoplatform.repository.CollectionDAOTest.testGetCategories, Intended behavior: FAILURE, when executed after: [de.htw.sdf.photoplatform.repository.CollectionDAOTest.testBasic], The revealed different behavior: PASS, when executed after: []]

Coverage test list:
[24.2, 5.5, 3.3, 2.2, 6.6, 2.2, 42.4, 9.9, 0.0, 2.2, 1.1, 0.0, 0.0, 0.0, 0.0]
--------------------------
Total time (of all machines and iterations plus initial TestListGenerator): 0.677