Test: RegressionTest1.test345
Intended behavior: FAILURE
when executed after: [RegressionTest1.test013]
The revealed different behavior: PASS
when executed after: []

Test: RegressionTest1.test013
Intended behavior: FAILURE
when executed after: [RegressionTest1.test002]
The revealed different behavior: PASS
when executed after: []

Test: RegressionTest0.test343
Intended behavior: FAILURE
when executed after: [RegressionTest0.test321]
The revealed different behavior: PASS
when executed after: []

Test: RegressionTest1.test375
Intended behavior: FAILURE
when executed after: [RegressionTest1.test248]
The revealed different behavior: PASS
when executed after: []

Test: RegressionTest1.test024
Intended behavior: FAILURE
when executed after: [RegressionTest1.test016]
The revealed different behavior: PASS
when executed after: []

Test: RegressionTest0.test464
Intended behavior: FAILURE
when executed after: [RegressionTest0.test456]
The revealed different behavior: PASS
when executed after: []

Test: RegressionTest0.test378
Intended behavior: FAILURE
when executed after: [RegressionTest0.test343]
The revealed different behavior: PASS
when executed after: []

Test: RegressionTest0.test486
Intended behavior: FAILURE
when executed after: [RegressionTest0.test483]
The revealed different behavior: PASS
when executed after: []

Test: RegressionTest0.test491
Intended behavior: FAILURE
when executed after: [RegressionTest0.test486]
The revealed different behavior: PASS
when executed after: []

Test: RegressionTest0.test307
Intended behavior: FAILURE
when executed after: [RegressionTest0.test298]
The revealed different behavior: PASS
when executed after: []

Test: RegressionTest0.test176
Intended behavior: FAILURE
when executed after: [RegressionTest0.test167]
The revealed different behavior: PASS
when executed after: []

Test: RegressionTest0.test184
Intended behavior: FAILURE
when executed after: [RegressionTest0.test181]
The revealed different behavior: PASS
when executed after: []

Test: RegressionTest0.test228
Intended behavior: FAILURE
when executed after: [RegressionTest0.test184]
The revealed different behavior: PASS
when executed after: []

Test: RegressionTest0.test230
Intended behavior: FAILURE
when executed after: [RegressionTest0.test228]
The revealed different behavior: PASS
when executed after: []

Test: RegressionTest0.test273
Intended behavior: FAILURE
when executed after: [RegressionTest0.test230]
The revealed different behavior: PASS
when executed after: []

Test: RegressionTest0.test298
Intended behavior: FAILURE
when executed after: [RegressionTest0.test273]
The revealed different behavior: PASS
when executed after: []

Test: RegressionTest0.test321
Intended behavior: FAILURE
when executed after: [RegressionTest0.test307]
The revealed different behavior: PASS
when executed after: []

Test: RegressionTest0.test379
Intended behavior: FAILURE
when executed after: [RegressionTest0.test378]
The revealed different behavior: PASS
when executed after: []

Test: RegressionTest0.test382
Intended behavior: FAILURE
when executed after: [RegressionTest0.test379]
The revealed different behavior: PASS
when executed after: []

Test: RegressionTest0.test395
Intended behavior: FAILURE
when executed after: [RegressionTest0.test382]
The revealed different behavior: PASS
when executed after: []

Test: RegressionTest0.test411
Intended behavior: FAILURE
when executed after: [RegressionTest0.test395]
The revealed different behavior: PASS
when executed after: []

Test: RegressionTest0.test413
Intended behavior: FAILURE
when executed after: [RegressionTest0.test411]
The revealed different behavior: PASS
when executed after: []

Test: RegressionTest0.test429
Intended behavior: FAILURE
when executed after: [RegressionTest0.test413]
The revealed different behavior: PASS
when executed after: []

Test: RegressionTest0.test456
Intended behavior: FAILURE
when executed after: [RegressionTest0.test429]
The revealed different behavior: PASS
when executed after: []

Test: RegressionTest1.test015
Intended behavior: FAILURE
when executed after: [RegressionTest0.test491]
The revealed different behavior: PASS
when executed after: []

Test: RegressionTest1.test016
Intended behavior: FAILURE
when executed after: [RegressionTest1.test015]
The revealed different behavior: PASS
when executed after: []

Test: RegressionTest1.test039
Intended behavior: FAILURE
when executed after: [RegressionTest1.test024]
The revealed different behavior: PASS
when executed after: []

Test: RegressionTest0.test181
Intended behavior: FAILURE
when executed after: [RegressionTest0.test176]
The revealed different behavior: PASS
when executed after: []

Test: RegressionTest2.test109
Intended behavior: FAILURE
when executed after: [RegressionTest2.test032]
The revealed different behavior: PASS
when executed after: []

Test: RegressionTest1.test466
Intended behavior: FAILURE
when executed after: [RegressionTest1.test465]
The revealed different behavior: PASS
when executed after: []

Test: RegressionTest0.test483
Intended behavior: FAILURE
when executed after: [RegressionTest0.test464]
The revealed different behavior: PASS
when executed after: []

Test: RegressionTest1.test133
Intended behavior: FAILURE
when executed after: [RegressionTest0.test442]
The revealed different behavior: PASS
when executed after: []

Test: RegressionTest1.test441
Intended behavior: FAILURE
when executed after: [RegressionTest1.test437]
The revealed different behavior: PASS
when executed after: []

Test: RegressionTest1.test437
Intended behavior: FAILURE
when executed after: [RegressionTest1.test375]
The revealed different behavior: PASS
when executed after: []

Test: RegressionTest1.test052
Intended behavior: FAILURE
when executed after: [RegressionTest1.test039]
The revealed different behavior: PASS
when executed after: []

Test: RegressionTest1.test064
Intended behavior: FAILURE
when executed after: [RegressionTest1.test052]
The revealed different behavior: PASS
when executed after: []

Test: RegressionTest1.test212
Intended behavior: FAILURE
when executed after: [RegressionTest1.test143]
The revealed different behavior: PASS
when executed after: []

Test: RegressionTest1.test240
Intended behavior: FAILURE
when executed after: [RegressionTest1.test212]
The revealed different behavior: PASS
when executed after: []

Test: RegressionTest1.test242
Intended behavior: FAILURE
when executed after: [RegressionTest1.test240]
The revealed different behavior: PASS
when executed after: []

Test: RegressionTest1.test248
Intended behavior: FAILURE
when executed after: [RegressionTest1.test242]
The revealed different behavior: PASS
when executed after: []

Test: RegressionTest1.test452
Intended behavior: FAILURE
when executed after: [RegressionTest1.test441]
The revealed different behavior: PASS
when executed after: []

Test: RegressionTest1.test465
Intended behavior: FAILURE
when executed after: [RegressionTest1.test452]
The revealed different behavior: PASS
when executed after: []

Test: RegressionTest2.test023
Intended behavior: FAILURE
when executed after: [RegressionTest1.test466]
The revealed different behavior: PASS
when executed after: []

Test: RegressionTest2.test032
Intended behavior: FAILURE
when executed after: [RegressionTest2.test023]
The revealed different behavior: PASS
when executed after: []

Test: RegressionTest1.test165
Intended behavior: FAILURE
when executed after: [RegressionTest1.test133]
The revealed different behavior: PASS
when executed after: []

Test: RegressionTest1.test143
Intended behavior: FAILURE
when executed after: [RegressionTest1.test064]
The revealed different behavior: PASS
when executed after: []

Test: RegressionTest2.test137
Intended behavior: FAILURE
when executed after: [RegressionTest1.test278]
The revealed different behavior: PASS
when executed after: []

Test: RegressionTest1.test278
Intended behavior: FAILURE
when executed after: [RegressionTest1.test198]
The revealed different behavior: PASS
when executed after: []

Test: RegressionTest0.test442
Intended behavior: FAILURE
when executed after: [RegressionTest0.test403]
The revealed different behavior: PASS
when executed after: []

Test: RegressionTest1.test246
Intended behavior: FAILURE
when executed after: [RegressionTest1.test165]
The revealed different behavior: PASS
when executed after: []

Test: RegressionTest1.test399
Intended behavior: FAILURE
when executed after: [RegressionTest1.test398]
The revealed different behavior: PASS
when executed after: []

Test: RegressionTest1.test294
Intended behavior: FAILURE
when executed after: [RegressionTest1.test246]
The revealed different behavior: PASS
when executed after: []

Test: RegressionTest1.test198
Intended behavior: FAILURE
when executed after: [RegressionTest1.test118]
The revealed different behavior: PASS
when executed after: []

Test: RegressionTest1.test351
Intended behavior: FAILURE
when executed after: [RegressionTest1.test350]
The revealed different behavior: PASS
when executed after: []

Test: RegressionTest1.test350
Intended behavior: FAILURE
when executed after: [RegressionTest1.test294]
The revealed different behavior: PASS
when executed after: []

Test: RegressionTest1.test398
Intended behavior: FAILURE
when executed after: [RegressionTest1.test351]
The revealed different behavior: PASS
when executed after: []

