Test: RegressionTest1.test345
Intended behavior: FAILURE
when executed after: [RegressionTest1.test013]
The revealed different behavior: PASS
when executed after: []

Test: RegressionTest1.test013
Intended behavior: FAILURE
when executed after: [RegressionTest1.test002]
The revealed different behavior: PASS
when executed after: []

Test: RegressionTest1.test133
Intended behavior: FAILURE
when executed after: [RegressionTest0.test442]
The revealed different behavior: PASS
when executed after: []

Test: RegressionTest0.test442
Intended behavior: FAILURE
when executed after: [RegressionTest0.test403]
The revealed different behavior: PASS
when executed after: []

